[0.193s] Invoking command in '/home/youngmo/ros2_ws/build/cpp_excalculator': CMAKE_PREFIX_PATH=/home/youngmo/ros2_ws/install/ros_study_msgs:/home/youngmo/ros2_ws/install/ros_study_cpp:/home/youngmo/ros2_ws/install/cpp_excalculator:/home/youngmo/ros2_ws/install/hangman_game_cpp:/home/youngmo/ros2_ws/install/hangman_interfaces:/home/youngmo/ros2_ws/install/ros_study_py:/home/youngmo/ros2_ws/install/ex_calculator_py:/home/youngmo/ros2_ws/install/opencv_py:/home/youngmo/ros2_ws/install/hangman_game:/opt/ros/humble LD_LIBRARY_PATH=/home/youngmo/ros2_ws/install/ros_study_msgs/lib:/home/youngmo/ros2_ws/install/hangman_interfaces/lib:/opt/ros/humble/opt/rviz_ogre_vendor/lib:/opt/ros/humble/lib/x86_64-linux-gnu:/opt/ros/humble/lib:/tmp/.mount_CursorXLnvvw/usr/lib/:/tmp/.mount_CursorXLnvvw/usr/lib32/:/tmp/.mount_CursorXLnvvw/usr/lib64/:/tmp/.mount_CursorXLnvvw/lib/:/tmp/.mount_CursorXLnvvw/lib/i386-linux-gnu/:/tmp/.mount_CursorXLnvvw/lib/x86_64-linux-gnu/:/tmp/.mount_CursorXLnvvw/lib/aarch64-linux-gnu/:/tmp/.mount_CursorXLnvvw/lib32/:/tmp/.mount_CursorXLnvvw/lib64/ /usr/bin/cmake --build /home/youngmo/ros2_ws/build/cpp_excalculator -- -j16 -l16
[0.348s] [ 20%] Built target argument
[0.348s] [ 40%] Built target operator
[0.350s] [ 70%] Built target checker
[0.361s] [100%] Built target calculator
[0.534s] Invoked command in '/home/youngmo/ros2_ws/build/cpp_excalculator' returned '0': CMAKE_PREFIX_PATH=/home/youngmo/ros2_ws/install/ros_study_msgs:/home/youngmo/ros2_ws/install/ros_study_cpp:/home/youngmo/ros2_ws/install/cpp_excalculator:/home/youngmo/ros2_ws/install/hangman_game_cpp:/home/youngmo/ros2_ws/install/hangman_interfaces:/home/youngmo/ros2_ws/install/ros_study_py:/home/youngmo/ros2_ws/install/ex_calculator_py:/home/youngmo/ros2_ws/install/opencv_py:/home/youngmo/ros2_ws/install/hangman_game:/opt/ros/humble LD_LIBRARY_PATH=/home/youngmo/ros2_ws/install/ros_study_msgs/lib:/home/youngmo/ros2_ws/install/hangman_interfaces/lib:/opt/ros/humble/opt/rviz_ogre_vendor/lib:/opt/ros/humble/lib/x86_64-linux-gnu:/opt/ros/humble/lib:/tmp/.mount_CursorXLnvvw/usr/lib/:/tmp/.mount_CursorXLnvvw/usr/lib32/:/tmp/.mount_CursorXLnvvw/usr/lib64/:/tmp/.mount_CursorXLnvvw/lib/:/tmp/.mount_CursorXLnvvw/lib/i386-linux-gnu/:/tmp/.mount_CursorXLnvvw/lib/x86_64-linux-gnu/:/tmp/.mount_CursorXLnvvw/lib/aarch64-linux-gnu/:/tmp/.mount_CursorXLnvvw/lib32/:/tmp/.mount_CursorXLnvvw/lib64/ /usr/bin/cmake --build /home/youngmo/ros2_ws/build/cpp_excalculator -- -j16 -l16
[0.534s] Invoking command in '/home/youngmo/ros2_ws/build/cpp_excalculator': CMAKE_PREFIX_PATH=/home/youngmo/ros2_ws/install/ros_study_msgs:/home/youngmo/ros2_ws/install/ros_study_cpp:/home/youngmo/ros2_ws/install/cpp_excalculator:/home/youngmo/ros2_ws/install/hangman_game_cpp:/home/youngmo/ros2_ws/install/hangman_interfaces:/home/youngmo/ros2_ws/install/ros_study_py:/home/youngmo/ros2_ws/install/ex_calculator_py:/home/youngmo/ros2_ws/install/opencv_py:/home/youngmo/ros2_ws/install/hangman_game:/opt/ros/humble LD_LIBRARY_PATH=/home/youngmo/ros2_ws/install/ros_study_msgs/lib:/home/youngmo/ros2_ws/install/hangman_interfaces/lib:/opt/ros/humble/opt/rviz_ogre_vendor/lib:/opt/ros/humble/lib/x86_64-linux-gnu:/opt/ros/humble/lib:/tmp/.mount_CursorXLnvvw/usr/lib/:/tmp/.mount_CursorXLnvvw/usr/lib32/:/tmp/.mount_CursorXLnvvw/usr/lib64/:/tmp/.mount_CursorXLnvvw/lib/:/tmp/.mount_CursorXLnvvw/lib/i386-linux-gnu/:/tmp/.mount_CursorXLnvvw/lib/x86_64-linux-gnu/:/tmp/.mount_CursorXLnvvw/lib/aarch64-linux-gnu/:/tmp/.mount_CursorXLnvvw/lib32/:/tmp/.mount_CursorXLnvvw/lib64/ /usr/bin/cmake --install /home/youngmo/ros2_ws/build/cpp_excalculator
[0.556s] -- Install configuration: ""
[0.556s] -- Up-to-date: /home/youngmo/ros2_ws/install/cpp_excalculator/lib/cpp_excalculator/argument
[0.557s] -- Up-to-date: /home/youngmo/ros2_ws/install/cpp_excalculator/lib/cpp_excalculator/operator
[0.557s] -- Up-to-date: /home/youngmo/ros2_ws/install/cpp_excalculator/lib/cpp_excalculator/calculator
[0.557s] -- Up-to-date: /home/youngmo/ros2_ws/install/cpp_excalculator/lib/cpp_excalculator/checker
[0.557s] -- Up-to-date: /home/youngmo/ros2_ws/install/cpp_excalculator/share/cpp_excalculator//launch
[0.557s] -- Up-to-date: /home/youngmo/ros2_ws/install/cpp_excalculator/share/cpp_excalculator//launch/arithmetic.launch.py
[0.557s] -- Up-to-date: /home/youngmo/ros2_ws/install/cpp_excalculator/share/ament_index/resource_index/package_run_dependencies/cpp_excalculator
[0.557s] -- Up-to-date: /home/youngmo/ros2_ws/install/cpp_excalculator/share/ament_index/resource_index/parent_prefix_path/cpp_excalculator
[0.557s] -- Up-to-date: /home/youngmo/ros2_ws/install/cpp_excalculator/share/cpp_excalculator/environment/ament_prefix_path.sh
[0.557s] -- Up-to-date: /home/youngmo/ros2_ws/install/cpp_excalculator/share/cpp_excalculator/environment/ament_prefix_path.dsv
[0.557s] -- Up-to-date: /home/youngmo/ros2_ws/install/cpp_excalculator/share/cpp_excalculator/environment/path.sh
[0.557s] -- Up-to-date: /home/youngmo/ros2_ws/install/cpp_excalculator/share/cpp_excalculator/environment/path.dsv
[0.557s] -- Up-to-date: /home/youngmo/ros2_ws/install/cpp_excalculator/share/cpp_excalculator/local_setup.bash
[0.557s] -- Up-to-date: /home/youngmo/ros2_ws/install/cpp_excalculator/share/cpp_excalculator/local_setup.sh
[0.557s] -- Up-to-date: /home/youngmo/ros2_ws/install/cpp_excalculator/share/cpp_excalculator/local_setup.zsh
[0.557s] -- Up-to-date: /home/youngmo/ros2_ws/install/cpp_excalculator/share/cpp_excalculator/local_setup.dsv
[0.557s] -- Installing: /home/youngmo/ros2_ws/install/cpp_excalculator/share/cpp_excalculator/package.dsv
[0.557s] -- Up-to-date: /home/youngmo/ros2_ws/install/cpp_excalculator/share/ament_index/resource_index/packages/cpp_excalculator
[0.557s] -- Up-to-date: /home/youngmo/ros2_ws/install/cpp_excalculator/share/cpp_excalculator/cmake/cpp_excalculatorConfig.cmake
[0.557s] -- Up-to-date: /home/youngmo/ros2_ws/install/cpp_excalculator/share/cpp_excalculator/cmake/cpp_excalculatorConfig-version.cmake
[0.557s] -- Up-to-date: /home/youngmo/ros2_ws/install/cpp_excalculator/share/cpp_excalculator/package.xml
[0.573s] Invoked command in '/home/youngmo/ros2_ws/build/cpp_excalculator' returned '0': CMAKE_PREFIX_PATH=/home/youngmo/ros2_ws/install/ros_study_msgs:/home/youngmo/ros2_ws/install/ros_study_cpp:/home/youngmo/ros2_ws/install/cpp_excalculator:/home/youngmo/ros2_ws/install/hangman_game_cpp:/home/youngmo/ros2_ws/install/hangman_interfaces:/home/youngmo/ros2_ws/install/ros_study_py:/home/youngmo/ros2_ws/install/ex_calculator_py:/home/youngmo/ros2_ws/install/opencv_py:/home/youngmo/ros2_ws/install/hangman_game:/opt/ros/humble LD_LIBRARY_PATH=/home/youngmo/ros2_ws/install/ros_study_msgs/lib:/home/youngmo/ros2_ws/install/hangman_interfaces/lib:/opt/ros/humble/opt/rviz_ogre_vendor/lib:/opt/ros/humble/lib/x86_64-linux-gnu:/opt/ros/humble/lib:/tmp/.mount_CursorXLnvvw/usr/lib/:/tmp/.mount_CursorXLnvvw/usr/lib32/:/tmp/.mount_CursorXLnvvw/usr/lib64/:/tmp/.mount_CursorXLnvvw/lib/:/tmp/.mount_CursorXLnvvw/lib/i386-linux-gnu/:/tmp/.mount_CursorXLnvvw/lib/x86_64-linux-gnu/:/tmp/.mount_CursorXLnvvw/lib/aarch64-linux-gnu/:/tmp/.mount_CursorXLnvvw/lib32/:/tmp/.mount_CursorXLnvvw/lib64/ /usr/bin/cmake --install /home/youngmo/ros2_ws/build/cpp_excalculator
