[0.007s] Invoking command in '/home/youngmo/ros2_ws/build/hangman_interfaces': CMAKE_PREFIX_PATH=${CMAKE_PREFIX_PATH}:/home/youngmo/ros2_ws/install/ros_study_py:/home/youngmo/ros2_ws/install/ex_calculator_py:/opt/ros/humble /usr/bin/cmake /home/youngmo/ros2_ws/src/hangman_interfaces -DCMAKE_INSTALL_PREFIX=/home/youngmo/ros2_ws/install/hangman_interfaces
[0.060s] -- The C compiler identification is GNU 11.4.0
[0.108s] -- The CXX compiler identification is GNU 11.4.0
[0.112s] -- Detecting C compiler ABI info
[0.171s] -- Detecting C compiler ABI info - done
[0.177s] -- Check for working C compiler: /usr/bin/cc - skipped
[0.177s] -- Detecting C compile features
[0.178s] -- Detecting C compile features - done
[0.181s] -- Detecting CXX compiler ABI info
[0.250s] -- Detecting CXX compiler ABI info - done
[0.254s] -- Check for working CXX compiler: /usr/bin/c++ - skipped
[0.254s] -- Detecting CXX compile features
[0.255s] -- Detecting CXX compile features - done
[0.257s] -- Found ament_cmake: 1.3.11 (/opt/ros/humble/share/ament_cmake/cmake)
[0.365s] -- Found Python3: /usr/bin/python3 (found version "3.10.12") found components: Interpreter 
[0.410s] -- Found builtin_interfaces: 1.2.1 (/opt/ros/humble/share/builtin_interfaces/cmake)
[0.425s] -- Found rosidl_generator_c: 3.1.6 (/opt/ros/humble/share/rosidl_generator_c/cmake)
[0.427s] -- Found rosidl_adapter: 3.1.6 (/opt/ros/humble/share/rosidl_adapter/cmake)
[0.431s] -- Found rosidl_generator_cpp: 3.1.6 (/opt/ros/humble/share/rosidl_generator_cpp/cmake)
[0.438s] -- Using all available rosidl_typesupport_c: rosidl_typesupport_fastrtps_c;rosidl_typesupport_introspection_c
[0.448s] -- Using all available rosidl_typesupport_cpp: rosidl_typesupport_fastrtps_cpp;rosidl_typesupport_introspection_cpp
[0.452s] -- Found rosidl_default_generators: 1.2.0 (/opt/ros/humble/share/rosidl_default_generators/cmake)
[0.631s] -- Found ament_cmake_ros: 0.10.0 (/opt/ros/humble/share/ament_cmake_ros/cmake)
[0.885s] -- Using all available rosidl_typesupport_c: rosidl_typesupport_fastrtps_c;rosidl_typesupport_introspection_c
[1.016s] -- Using all available rosidl_typesupport_cpp: rosidl_typesupport_fastrtps_cpp;rosidl_typesupport_introspection_cpp
[1.048s] -- Found PythonInterp: /usr/bin/python3 (found suitable version "3.10.12", minimum required is "3.6") 
[1.050s] -- Found python_cmake_module: 0.10.0 (/opt/ros/humble/share/python_cmake_module/cmake)
[1.083s] -- Found PythonLibs: /usr/lib/x86_64-linux-gnu/libpython3.10.so (found suitable version "3.10.12", minimum required is "3.5") 
[1.083s] -- Using PYTHON_EXECUTABLE: /usr/bin/python3
[1.083s] -- Using PYTHON_INCLUDE_DIRS: /usr/include/python3.10
[1.083s] -- Using PYTHON_LIBRARIES: /usr/lib/x86_64-linux-gnu/libpython3.10.so
[1.111s] -- Found PythonExtra: .so  
[1.164s] -- Found ament_lint_auto: 0.12.12 (/opt/ros/humble/share/ament_lint_auto/cmake)
[1.183s] -- Added test 'lint_cmake' to check CMake code style
[1.184s] -- Added test 'xmllint' to check XML markup files
[1.187s] -- Configuring done
[1.217s] -- Generating done
[1.228s] -- Build files have been written to: /home/youngmo/ros2_ws/build/hangman_interfaces
[1.235s] Invoked command in '/home/youngmo/ros2_ws/build/hangman_interfaces' returned '0': CMAKE_PREFIX_PATH=${CMAKE_PREFIX_PATH}:/home/youngmo/ros2_ws/install/ros_study_py:/home/youngmo/ros2_ws/install/ex_calculator_py:/opt/ros/humble /usr/bin/cmake /home/youngmo/ros2_ws/src/hangman_interfaces -DCMAKE_INSTALL_PREFIX=/home/youngmo/ros2_ws/install/hangman_interfaces
[1.236s] Invoking command in '/home/youngmo/ros2_ws/build/hangman_interfaces': CMAKE_PREFIX_PATH=${CMAKE_PREFIX_PATH}:/home/youngmo/ros2_ws/install/ros_study_py:/home/youngmo/ros2_ws/install/ex_calculator_py:/opt/ros/humble /usr/bin/cmake --build /home/youngmo/ros2_ws/build/hangman_interfaces -- -j16 -l16
[1.277s] [  2%] [34m[1mGenerating C code for ROS interfaces[0m
[1.287s] [  4%] [34m[1mGenerating C++ code for ROS interfaces[0m
[1.298s] [  4%] Built target ament_cmake_python_copy_hangman_interfaces
[1.403s] running egg_info
[1.403s] creating hangman_interfaces.egg-info
[1.403s] writing hangman_interfaces.egg-info/PKG-INFO
[1.403s] writing dependency_links to hangman_interfaces.egg-info/dependency_links.txt
[1.403s] writing top-level names to hangman_interfaces.egg-info/top_level.txt
[1.403s] writing manifest file 'hangman_interfaces.egg-info/SOURCES.txt'
[1.404s] reading manifest file 'hangman_interfaces.egg-info/SOURCES.txt'
[1.404s] writing manifest file 'hangman_interfaces.egg-info/SOURCES.txt'
[1.423s] [  4%] Built target ament_cmake_python_build_hangman_interfaces_egg
[1.656s] [  4%] Built target hangman_interfaces__cpp
[1.664s] [  6%] [34m[1mGenerating C++ introspection for ROS interfaces[0m
[1.667s] [  8%] [34m[1mGenerating C++ type support for eProsima Fast-RTPS[0m
[1.670s] [ 10%] [34m[1mGenerating C++ type support dispatch for ROS interfaces[0m
[1.697s] [ 14%] [32mBuilding C object CMakeFiles/hangman_interfaces__rosidl_generator_c.dir/rosidl_generator_c/hangman_interfaces/srv/detail/check_letter__functions.c.o[0m
[1.697s] [ 14%] [32mBuilding C object CMakeFiles/hangman_interfaces__rosidl_generator_c.dir/rosidl_generator_c/hangman_interfaces/msg/detail/progress__functions.c.o[0m
[1.701s] [ 17%] [32mBuilding C object CMakeFiles/hangman_interfaces__rosidl_generator_c.dir/rosidl_generator_c/hangman_interfaces/action/detail/game_progress__functions.c.o[0m
[1.831s] [ 19%] [32m[1mLinking C shared library libhangman_interfaces__rosidl_generator_c.so[0m
[1.879s] [ 19%] Built target hangman_interfaces__rosidl_generator_c
[1.891s] [ 21%] [34m[1mGenerating C introspection for ROS interfaces[0m
[1.892s] [ 25%] [34m[1mGenerating C type support for eProsima Fast-RTPS[0m
[1.892s] [ 25%] [34m[1mGenerating C type support dispatch for ROS interfaces[0m
[1.985s] [ 31%] [32mBuilding CXX object CMakeFiles/hangman_interfaces__rosidl_typesupport_cpp.dir/rosidl_typesupport_cpp/hangman_interfaces/srv/check_letter__type_support.cpp.o[0m
[1.985s] [ 31%] [32mBuilding CXX object CMakeFiles/hangman_interfaces__rosidl_typesupport_cpp.dir/rosidl_typesupport_cpp/hangman_interfaces/action/game_progress__type_support.cpp.o[0m
[1.985s] [ 31%] [32mBuilding CXX object CMakeFiles/hangman_interfaces__rosidl_typesupport_cpp.dir/rosidl_typesupport_cpp/hangman_interfaces/msg/progress__type_support.cpp.o[0m
[2.039s] [ 34%] [32mBuilding CXX object CMakeFiles/hangman_interfaces__rosidl_typesupport_introspection_cpp.dir/rosidl_typesupport_introspection_cpp/hangman_interfaces/srv/detail/check_letter__type_support.cpp.o[0m
[2.039s] [ 36%] [32mBuilding CXX object CMakeFiles/hangman_interfaces__rosidl_typesupport_introspection_cpp.dir/rosidl_typesupport_introspection_cpp/hangman_interfaces/action/detail/game_progress__type_support.cpp.o[0m
[2.041s] [ 38%] [32mBuilding CXX object CMakeFiles/hangman_interfaces__rosidl_typesupport_introspection_cpp.dir/rosidl_typesupport_introspection_cpp/hangman_interfaces/msg/detail/progress__type_support.cpp.o[0m
[2.096s] [ 40%] [32mBuilding CXX object CMakeFiles/hangman_interfaces__rosidl_typesupport_fastrtps_cpp.dir/rosidl_typesupport_fastrtps_cpp/hangman_interfaces/msg/detail/dds_fastrtps/progress__type_support.cpp.o[0m
[2.096s] [ 42%] [32mBuilding CXX object CMakeFiles/hangman_interfaces__rosidl_typesupport_fastrtps_cpp.dir/rosidl_typesupport_fastrtps_cpp/hangman_interfaces/srv/detail/dds_fastrtps/check_letter__type_support.cpp.o[0m
[2.096s] [ 44%] [32mBuilding CXX object CMakeFiles/hangman_interfaces__rosidl_typesupport_fastrtps_cpp.dir/rosidl_typesupport_fastrtps_cpp/hangman_interfaces/action/detail/dds_fastrtps/game_progress__type_support.cpp.o[0m
[2.222s] [ 48%] [32mBuilding CXX object CMakeFiles/hangman_interfaces__rosidl_typesupport_c.dir/rosidl_typesupport_c/hangman_interfaces/srv/check_letter__type_support.cpp.o[0m
[2.222s] [ 48%] [32mBuilding CXX object CMakeFiles/hangman_interfaces__rosidl_typesupport_c.dir/rosidl_typesupport_c/hangman_interfaces/msg/progress__type_support.cpp.o[0m
[2.225s] [ 51%] [32mBuilding CXX object CMakeFiles/hangman_interfaces__rosidl_typesupport_c.dir/rosidl_typesupport_c/hangman_interfaces/action/game_progress__type_support.cpp.o[0m
[2.227s] [ 53%] [32mBuilding C object CMakeFiles/hangman_interfaces__rosidl_typesupport_introspection_c.dir/rosidl_typesupport_introspection_c/hangman_interfaces/msg/detail/progress__type_support.c.o[0m
[2.227s] [ 57%] [32mBuilding C object CMakeFiles/hangman_interfaces__rosidl_typesupport_introspection_c.dir/rosidl_typesupport_introspection_c/hangman_interfaces/action/detail/game_progress__type_support.c.o[0m
[2.227s] [ 57%] [32mBuilding C object CMakeFiles/hangman_interfaces__rosidl_typesupport_introspection_c.dir/rosidl_typesupport_introspection_c/hangman_interfaces/srv/detail/check_letter__type_support.c.o[0m
[2.265s] [ 59%] [32m[1mLinking CXX shared library libhangman_interfaces__rosidl_typesupport_c.so[0m
[2.270s] [ 61%] [32m[1mLinking C shared library libhangman_interfaces__rosidl_typesupport_introspection_c.so[0m
[2.294s] [ 61%] Built target hangman_interfaces__rosidl_typesupport_introspection_c
[2.296s] [ 61%] Built target hangman_interfaces__rosidl_typesupport_c
[2.296s] [ 63%] [32mBuilding CXX object CMakeFiles/hangman_interfaces__rosidl_typesupport_fastrtps_c.dir/rosidl_typesupport_fastrtps_c/hangman_interfaces/action/detail/game_progress__type_support_c.cpp.o[0m
[2.297s] [ 65%] [32mBuilding CXX object CMakeFiles/hangman_interfaces__rosidl_typesupport_fastrtps_c.dir/rosidl_typesupport_fastrtps_c/hangman_interfaces/msg/detail/progress__type_support_c.cpp.o[0m
[2.297s] [ 68%] [32mBuilding CXX object CMakeFiles/hangman_interfaces__rosidl_typesupport_fastrtps_c.dir/rosidl_typesupport_fastrtps_c/hangman_interfaces/srv/detail/check_letter__type_support_c.cpp.o[0m
[2.359s] [ 70%] [32m[1mLinking CXX shared library libhangman_interfaces__rosidl_typesupport_cpp.so[0m
[2.407s] [ 70%] Built target hangman_interfaces__rosidl_typesupport_cpp
[2.424s] [ 72%] [32m[1mLinking CXX shared library libhangman_interfaces__rosidl_typesupport_introspection_cpp.so[0m
[2.511s] [ 72%] Built target hangman_interfaces__rosidl_typesupport_introspection_cpp
[2.549s] [ 74%] [32m[1mLinking CXX shared library libhangman_interfaces__rosidl_typesupport_fastrtps_cpp.so[0m
[2.614s] [ 76%] [32m[1mLinking CXX shared library libhangman_interfaces__rosidl_typesupport_fastrtps_c.so[0m
[2.630s] [ 76%] Built target hangman_interfaces__rosidl_typesupport_fastrtps_cpp
[2.692s] [ 76%] Built target hangman_interfaces__rosidl_typesupport_fastrtps_c
[2.713s] [ 76%] Built target hangman_interfaces
[2.736s] [ 78%] [34m[1mGenerating Python code for ROS interfaces[0m
[3.546s] [ 78%] Built target hangman_interfaces__py
[3.572s] [ 80%] [32mBuilding C object CMakeFiles/hangman_interfaces__rosidl_generator_py.dir/rosidl_generator_py/hangman_interfaces/action/_game_progress_s.c.o[0m
[3.572s] [ 82%] [32mBuilding C object CMakeFiles/hangman_interfaces__rosidl_generator_py.dir/rosidl_generator_py/hangman_interfaces/msg/_progress_s.c.o[0m
[3.573s] [ 85%] [32mBuilding C object CMakeFiles/hangman_interfaces__rosidl_generator_py.dir/rosidl_generator_py/hangman_interfaces/srv/_check_letter_s.c.o[0m
[3.656s] [ 87%] [32m[1mLinking C shared library rosidl_generator_py/hangman_interfaces/libhangman_interfaces__rosidl_generator_py.so[0m
[3.702s] [ 87%] Built target hangman_interfaces__rosidl_generator_py
[3.722s] [ 89%] [32mBuilding C object CMakeFiles/hangman_interfaces__rosidl_typesupport_introspection_c__pyext.dir/rosidl_generator_py/hangman_interfaces/_hangman_interfaces_s.ep.rosidl_typesupport_introspection_c.c.o[0m
[3.723s] [ 91%] [32mBuilding C object CMakeFiles/hangman_interfaces__rosidl_typesupport_fastrtps_c__pyext.dir/rosidl_generator_py/hangman_interfaces/_hangman_interfaces_s.ep.rosidl_typesupport_fastrtps_c.c.o[0m
[3.724s] [ 93%] [32mBuilding C object CMakeFiles/hangman_interfaces__rosidl_typesupport_c__pyext.dir/rosidl_generator_py/hangman_interfaces/_hangman_interfaces_s.ep.rosidl_typesupport_c.c.o[0m
[3.798s] [ 95%] [32m[1mLinking C shared library rosidl_generator_py/hangman_interfaces/hangman_interfaces_s__rosidl_typesupport_introspection_c.cpython-310-x86_64-linux-gnu.so[0m
[3.802s] [ 97%] [32m[1mLinking C shared library rosidl_generator_py/hangman_interfaces/hangman_interfaces_s__rosidl_typesupport_c.cpython-310-x86_64-linux-gnu.so[0m
[3.819s] [100%] [32m[1mLinking C shared library rosidl_generator_py/hangman_interfaces/hangman_interfaces_s__rosidl_typesupport_fastrtps_c.cpython-310-x86_64-linux-gnu.so[0m
[3.827s] [100%] Built target hangman_interfaces__rosidl_typesupport_introspection_c__pyext
[3.827s] [100%] Built target hangman_interfaces__rosidl_typesupport_c__pyext
[3.842s] [100%] Built target hangman_interfaces__rosidl_typesupport_fastrtps_c__pyext
[3.858s] Invoked command in '/home/youngmo/ros2_ws/build/hangman_interfaces' returned '0': CMAKE_PREFIX_PATH=${CMAKE_PREFIX_PATH}:/home/youngmo/ros2_ws/install/ros_study_py:/home/youngmo/ros2_ws/install/ex_calculator_py:/opt/ros/humble /usr/bin/cmake --build /home/youngmo/ros2_ws/build/hangman_interfaces -- -j16 -l16
[3.860s] Invoking command in '/home/youngmo/ros2_ws/build/hangman_interfaces': CMAKE_PREFIX_PATH=${CMAKE_PREFIX_PATH}:/home/youngmo/ros2_ws/install/ros_study_py:/home/youngmo/ros2_ws/install/ex_calculator_py:/opt/ros/humble /usr/bin/cmake --install /home/youngmo/ros2_ws/build/hangman_interfaces
[3.868s] -- Install configuration: ""
[3.868s] -- Installing: /home/youngmo/ros2_ws/install/hangman_interfaces/share/ament_index/resource_index/rosidl_interfaces/hangman_interfaces
[3.868s] -- Installing: /home/youngmo/ros2_ws/install/hangman_interfaces/include/hangman_interfaces/hangman_interfaces
[3.868s] -- Installing: /home/youngmo/ros2_ws/install/hangman_interfaces/include/hangman_interfaces/hangman_interfaces/srv
[3.869s] -- Installing: /home/youngmo/ros2_ws/install/hangman_interfaces/include/hangman_interfaces/hangman_interfaces/srv/detail
[3.869s] -- Installing: /home/youngmo/ros2_ws/install/hangman_interfaces/include/hangman_interfaces/hangman_interfaces/srv/detail/check_letter__type_support.h
[3.869s] -- Installing: /home/youngmo/ros2_ws/install/hangman_interfaces/include/hangman_interfaces/hangman_interfaces/srv/detail/check_letter__functions.h
[3.869s] -- Installing: /home/youngmo/ros2_ws/install/hangman_interfaces/include/hangman_interfaces/hangman_interfaces/srv/detail/check_letter__struct.h
[3.869s] -- Installing: /home/youngmo/ros2_ws/install/hangman_interfaces/include/hangman_interfaces/hangman_interfaces/srv/detail/check_letter__functions.c
[3.869s] -- Installing: /home/youngmo/ros2_ws/install/hangman_interfaces/include/hangman_interfaces/hangman_interfaces/srv/check_letter.h
[3.869s] -- Installing: /home/youngmo/ros2_ws/install/hangman_interfaces/include/hangman_interfaces/hangman_interfaces/action
[3.869s] -- Installing: /home/youngmo/ros2_ws/install/hangman_interfaces/include/hangman_interfaces/hangman_interfaces/action/detail
[3.869s] -- Installing: /home/youngmo/ros2_ws/install/hangman_interfaces/include/hangman_interfaces/hangman_interfaces/action/detail/game_progress__type_support.h
[3.869s] -- Installing: /home/youngmo/ros2_ws/install/hangman_interfaces/include/hangman_interfaces/hangman_interfaces/action/detail/game_progress__functions.c
[3.869s] -- Installing: /home/youngmo/ros2_ws/install/hangman_interfaces/include/hangman_interfaces/hangman_interfaces/action/detail/game_progress__functions.h
[3.869s] -- Installing: /home/youngmo/ros2_ws/install/hangman_interfaces/include/hangman_interfaces/hangman_interfaces/action/detail/game_progress__struct.h
[3.869s] -- Installing: /home/youngmo/ros2_ws/install/hangman_interfaces/include/hangman_interfaces/hangman_interfaces/action/game_progress.h
[3.869s] -- Installing: /home/youngmo/ros2_ws/install/hangman_interfaces/include/hangman_interfaces/hangman_interfaces/msg
[3.869s] -- Installing: /home/youngmo/ros2_ws/install/hangman_interfaces/include/hangman_interfaces/hangman_interfaces/msg/progress.h
[3.869s] -- Installing: /home/youngmo/ros2_ws/install/hangman_interfaces/include/hangman_interfaces/hangman_interfaces/msg/detail
[3.870s] -- Installing: /home/youngmo/ros2_ws/install/hangman_interfaces/include/hangman_interfaces/hangman_interfaces/msg/detail/progress__functions.c
[3.870s] -- Installing: /home/youngmo/ros2_ws/install/hangman_interfaces/include/hangman_interfaces/hangman_interfaces/msg/detail/progress__functions.h
[3.870s] -- Installing: /home/youngmo/ros2_ws/install/hangman_interfaces/include/hangman_interfaces/hangman_interfaces/msg/detail/progress__type_support.h
[3.870s] -- Installing: /home/youngmo/ros2_ws/install/hangman_interfaces/include/hangman_interfaces/hangman_interfaces/msg/detail/progress__struct.h
[3.870s] -- Installing: /home/youngmo/ros2_ws/install/hangman_interfaces/include/hangman_interfaces/hangman_interfaces/msg/rosidl_generator_c__visibility_control.h
[3.870s] -- Installing: /home/youngmo/ros2_ws/install/hangman_interfaces/share/hangman_interfaces/environment/library_path.sh
[3.870s] -- Installing: /home/youngmo/ros2_ws/install/hangman_interfaces/share/hangman_interfaces/environment/library_path.dsv
[3.871s] -- Installing: /home/youngmo/ros2_ws/install/hangman_interfaces/lib/libhangman_interfaces__rosidl_generator_c.so
[3.871s] -- Set runtime path of "/home/youngmo/ros2_ws/install/hangman_interfaces/lib/libhangman_interfaces__rosidl_generator_c.so" to ""
[3.871s] -- Up-to-date: /home/youngmo/ros2_ws/install/hangman_interfaces/include/hangman_interfaces/hangman_interfaces
[3.871s] -- Up-to-date: /home/youngmo/ros2_ws/install/hangman_interfaces/include/hangman_interfaces/hangman_interfaces/srv
[3.871s] -- Up-to-date: /home/youngmo/ros2_ws/install/hangman_interfaces/include/hangman_interfaces/hangman_interfaces/srv/detail
[3.871s] -- Installing: /home/youngmo/ros2_ws/install/hangman_interfaces/include/hangman_interfaces/hangman_interfaces/srv/detail/check_letter__rosidl_typesupport_fastrtps_c.h
[3.871s] -- Up-to-date: /home/youngmo/ros2_ws/install/hangman_interfaces/include/hangman_interfaces/hangman_interfaces/action
[3.871s] -- Up-to-date: /home/youngmo/ros2_ws/install/hangman_interfaces/include/hangman_interfaces/hangman_interfaces/action/detail
[3.871s] -- Installing: /home/youngmo/ros2_ws/install/hangman_interfaces/include/hangman_interfaces/hangman_interfaces/action/detail/game_progress__rosidl_typesupport_fastrtps_c.h
[3.871s] -- Up-to-date: /home/youngmo/ros2_ws/install/hangman_interfaces/include/hangman_interfaces/hangman_interfaces/msg
[3.871s] -- Up-to-date: /home/youngmo/ros2_ws/install/hangman_interfaces/include/hangman_interfaces/hangman_interfaces/msg/detail
[3.871s] -- Installing: /home/youngmo/ros2_ws/install/hangman_interfaces/include/hangman_interfaces/hangman_interfaces/msg/detail/progress__rosidl_typesupport_fastrtps_c.h
[3.871s] -- Installing: /home/youngmo/ros2_ws/install/hangman_interfaces/include/hangman_interfaces/hangman_interfaces/msg/rosidl_typesupport_fastrtps_c__visibility_control.h
[3.871s] -- Installing: /home/youngmo/ros2_ws/install/hangman_interfaces/lib/libhangman_interfaces__rosidl_typesupport_fastrtps_c.so
[3.872s] -- Set runtime path of "/home/youngmo/ros2_ws/install/hangman_interfaces/lib/libhangman_interfaces__rosidl_typesupport_fastrtps_c.so" to ""
[3.873s] -- Up-to-date: /home/youngmo/ros2_ws/install/hangman_interfaces/include/hangman_interfaces/hangman_interfaces
[3.873s] -- Up-to-date: /home/youngmo/ros2_ws/install/hangman_interfaces/include/hangman_interfaces/hangman_interfaces/srv
[3.873s] -- Installing: /home/youngmo/ros2_ws/install/hangman_interfaces/include/hangman_interfaces/hangman_interfaces/srv/check_letter.hpp
[3.873s] -- Up-to-date: /home/youngmo/ros2_ws/install/hangman_interfaces/include/hangman_interfaces/hangman_interfaces/srv/detail
[3.873s] -- Installing: /home/youngmo/ros2_ws/install/hangman_interfaces/include/hangman_interfaces/hangman_interfaces/srv/detail/check_letter__builder.hpp
[3.873s] -- Installing: /home/youngmo/ros2_ws/install/hangman_interfaces/include/hangman_interfaces/hangman_interfaces/srv/detail/check_letter__type_support.hpp
[3.873s] -- Installing: /home/youngmo/ros2_ws/install/hangman_interfaces/include/hangman_interfaces/hangman_interfaces/srv/detail/check_letter__traits.hpp
[3.873s] -- Installing: /home/youngmo/ros2_ws/install/hangman_interfaces/include/hangman_interfaces/hangman_interfaces/srv/detail/check_letter__struct.hpp
[3.873s] -- Up-to-date: /home/youngmo/ros2_ws/install/hangman_interfaces/include/hangman_interfaces/hangman_interfaces/action
[3.873s] -- Installing: /home/youngmo/ros2_ws/install/hangman_interfaces/include/hangman_interfaces/hangman_interfaces/action/game_progress.hpp
[3.873s] -- Up-to-date: /home/youngmo/ros2_ws/install/hangman_interfaces/include/hangman_interfaces/hangman_interfaces/action/detail
[3.874s] -- Installing: /home/youngmo/ros2_ws/install/hangman_interfaces/include/hangman_interfaces/hangman_interfaces/action/detail/game_progress__traits.hpp
[3.874s] -- Installing: /home/youngmo/ros2_ws/install/hangman_interfaces/include/hangman_interfaces/hangman_interfaces/action/detail/game_progress__struct.hpp
[3.874s] -- Installing: /home/youngmo/ros2_ws/install/hangman_interfaces/include/hangman_interfaces/hangman_interfaces/action/detail/game_progress__type_support.hpp
[3.874s] -- Installing: /home/youngmo/ros2_ws/install/hangman_interfaces/include/hangman_interfaces/hangman_interfaces/action/detail/game_progress__builder.hpp
[3.874s] -- Up-to-date: /home/youngmo/ros2_ws/install/hangman_interfaces/include/hangman_interfaces/hangman_interfaces/msg
[3.874s] -- Installing: /home/youngmo/ros2_ws/install/hangman_interfaces/include/hangman_interfaces/hangman_interfaces/msg/rosidl_generator_cpp__visibility_control.hpp
[3.874s] -- Up-to-date: /home/youngmo/ros2_ws/install/hangman_interfaces/include/hangman_interfaces/hangman_interfaces/msg/detail
[3.874s] -- Installing: /home/youngmo/ros2_ws/install/hangman_interfaces/include/hangman_interfaces/hangman_interfaces/msg/detail/progress__type_support.hpp
[3.874s] -- Installing: /home/youngmo/ros2_ws/install/hangman_interfaces/include/hangman_interfaces/hangman_interfaces/msg/detail/progress__builder.hpp
[3.874s] -- Installing: /home/youngmo/ros2_ws/install/hangman_interfaces/include/hangman_interfaces/hangman_interfaces/msg/detail/progress__traits.hpp
[3.874s] -- Installing: /home/youngmo/ros2_ws/install/hangman_interfaces/include/hangman_interfaces/hangman_interfaces/msg/detail/progress__struct.hpp
[3.874s] -- Installing: /home/youngmo/ros2_ws/install/hangman_interfaces/include/hangman_interfaces/hangman_interfaces/msg/progress.hpp
[3.874s] -- Up-to-date: /home/youngmo/ros2_ws/install/hangman_interfaces/include/hangman_interfaces/hangman_interfaces
[3.874s] -- Up-to-date: /home/youngmo/ros2_ws/install/hangman_interfaces/include/hangman_interfaces/hangman_interfaces/srv
[3.874s] -- Up-to-date: /home/youngmo/ros2_ws/install/hangman_interfaces/include/hangman_interfaces/hangman_interfaces/srv/detail
[3.874s] -- Installing: /home/youngmo/ros2_ws/install/hangman_interfaces/include/hangman_interfaces/hangman_interfaces/srv/detail/check_letter__rosidl_typesupport_fastrtps_cpp.hpp
[3.874s] -- Installing: /home/youngmo/ros2_ws/install/hangman_interfaces/include/hangman_interfaces/hangman_interfaces/srv/detail/dds_fastrtps
[3.874s] -- Up-to-date: /home/youngmo/ros2_ws/install/hangman_interfaces/include/hangman_interfaces/hangman_interfaces/action
[3.874s] -- Up-to-date: /home/youngmo/ros2_ws/install/hangman_interfaces/include/hangman_interfaces/hangman_interfaces/action/detail
[3.874s] -- Installing: /home/youngmo/ros2_ws/install/hangman_interfaces/include/hangman_interfaces/hangman_interfaces/action/detail/dds_fastrtps
[3.875s] -- Installing: /home/youngmo/ros2_ws/install/hangman_interfaces/include/hangman_interfaces/hangman_interfaces/action/detail/game_progress__rosidl_typesupport_fastrtps_cpp.hpp
[3.875s] -- Up-to-date: /home/youngmo/ros2_ws/install/hangman_interfaces/include/hangman_interfaces/hangman_interfaces/msg
[3.875s] -- Up-to-date: /home/youngmo/ros2_ws/install/hangman_interfaces/include/hangman_interfaces/hangman_interfaces/msg/detail
[3.875s] -- Installing: /home/youngmo/ros2_ws/install/hangman_interfaces/include/hangman_interfaces/hangman_interfaces/msg/detail/dds_fastrtps
[3.875s] -- Installing: /home/youngmo/ros2_ws/install/hangman_interfaces/include/hangman_interfaces/hangman_interfaces/msg/detail/progress__rosidl_typesupport_fastrtps_cpp.hpp
[3.875s] -- Installing: /home/youngmo/ros2_ws/install/hangman_interfaces/include/hangman_interfaces/hangman_interfaces/msg/rosidl_typesupport_fastrtps_cpp__visibility_control.h
[3.875s] -- Installing: /home/youngmo/ros2_ws/install/hangman_interfaces/lib/libhangman_interfaces__rosidl_typesupport_fastrtps_cpp.so
[3.875s] -- Set runtime path of "/home/youngmo/ros2_ws/install/hangman_interfaces/lib/libhangman_interfaces__rosidl_typesupport_fastrtps_cpp.so" to ""
[3.875s] -- Up-to-date: /home/youngmo/ros2_ws/install/hangman_interfaces/include/hangman_interfaces/hangman_interfaces
[3.875s] -- Up-to-date: /home/youngmo/ros2_ws/install/hangman_interfaces/include/hangman_interfaces/hangman_interfaces/srv
[3.875s] -- Up-to-date: /home/youngmo/ros2_ws/install/hangman_interfaces/include/hangman_interfaces/hangman_interfaces/srv/detail
[3.875s] -- Installing: /home/youngmo/ros2_ws/install/hangman_interfaces/include/hangman_interfaces/hangman_interfaces/srv/detail/check_letter__type_support.c
[3.875s] -- Installing: /home/youngmo/ros2_ws/install/hangman_interfaces/include/hangman_interfaces/hangman_interfaces/srv/detail/check_letter__rosidl_typesupport_introspection_c.h
[3.875s] -- Up-to-date: /home/youngmo/ros2_ws/install/hangman_interfaces/include/hangman_interfaces/hangman_interfaces/action
[3.875s] -- Up-to-date: /home/youngmo/ros2_ws/install/hangman_interfaces/include/hangman_interfaces/hangman_interfaces/action/detail
[3.876s] -- Installing: /home/youngmo/ros2_ws/install/hangman_interfaces/include/hangman_interfaces/hangman_interfaces/action/detail/game_progress__rosidl_typesupport_introspection_c.h
[3.876s] -- Installing: /home/youngmo/ros2_ws/install/hangman_interfaces/include/hangman_interfaces/hangman_interfaces/action/detail/game_progress__type_support.c
[3.876s] -- Up-to-date: /home/youngmo/ros2_ws/install/hangman_interfaces/include/hangman_interfaces/hangman_interfaces/msg
[3.876s] -- Installing: /home/youngmo/ros2_ws/install/hangman_interfaces/include/hangman_interfaces/hangman_interfaces/msg/rosidl_typesupport_introspection_c__visibility_control.h
[3.876s] -- Up-to-date: /home/youngmo/ros2_ws/install/hangman_interfaces/include/hangman_interfaces/hangman_interfaces/msg/detail
[3.876s] -- Installing: /home/youngmo/ros2_ws/install/hangman_interfaces/include/hangman_interfaces/hangman_interfaces/msg/detail/progress__rosidl_typesupport_introspection_c.h
[3.876s] -- Installing: /home/youngmo/ros2_ws/install/hangman_interfaces/include/hangman_interfaces/hangman_interfaces/msg/detail/progress__type_support.c
[3.876s] -- Installing: /home/youngmo/ros2_ws/install/hangman_interfaces/lib/libhangman_interfaces__rosidl_typesupport_introspection_c.so
[3.876s] -- Set runtime path of "/home/youngmo/ros2_ws/install/hangman_interfaces/lib/libhangman_interfaces__rosidl_typesupport_introspection_c.so" to ""
[3.876s] -- Installing: /home/youngmo/ros2_ws/install/hangman_interfaces/lib/libhangman_interfaces__rosidl_typesupport_c.so
[3.876s] -- Set runtime path of "/home/youngmo/ros2_ws/install/hangman_interfaces/lib/libhangman_interfaces__rosidl_typesupport_c.so" to ""
[3.876s] -- Up-to-date: /home/youngmo/ros2_ws/install/hangman_interfaces/include/hangman_interfaces/hangman_interfaces
[3.876s] -- Up-to-date: /home/youngmo/ros2_ws/install/hangman_interfaces/include/hangman_interfaces/hangman_interfaces/srv
[3.876s] -- Up-to-date: /home/youngmo/ros2_ws/install/hangman_interfaces/include/hangman_interfaces/hangman_interfaces/srv/detail
[3.876s] -- Installing: /home/youngmo/ros2_ws/install/hangman_interfaces/include/hangman_interfaces/hangman_interfaces/srv/detail/check_letter__type_support.cpp
[3.876s] -- Installing: /home/youngmo/ros2_ws/install/hangman_interfaces/include/hangman_interfaces/hangman_interfaces/srv/detail/check_letter__rosidl_typesupport_introspection_cpp.hpp
[3.876s] -- Up-to-date: /home/youngmo/ros2_ws/install/hangman_interfaces/include/hangman_interfaces/hangman_interfaces/action
[3.876s] -- Up-to-date: /home/youngmo/ros2_ws/install/hangman_interfaces/include/hangman_interfaces/hangman_interfaces/action/detail
[3.876s] -- Installing: /home/youngmo/ros2_ws/install/hangman_interfaces/include/hangman_interfaces/hangman_interfaces/action/detail/game_progress__type_support.cpp
[3.877s] -- Installing: /home/youngmo/ros2_ws/install/hangman_interfaces/include/hangman_interfaces/hangman_interfaces/action/detail/game_progress__rosidl_typesupport_introspection_cpp.hpp
[3.877s] -- Up-to-date: /home/youngmo/ros2_ws/install/hangman_interfaces/include/hangman_interfaces/hangman_interfaces/msg
[3.877s] -- Up-to-date: /home/youngmo/ros2_ws/install/hangman_interfaces/include/hangman_interfaces/hangman_interfaces/msg/detail
[3.877s] -- Installing: /home/youngmo/ros2_ws/install/hangman_interfaces/include/hangman_interfaces/hangman_interfaces/msg/detail/progress__rosidl_typesupport_introspection_cpp.hpp
[3.877s] -- Installing: /home/youngmo/ros2_ws/install/hangman_interfaces/include/hangman_interfaces/hangman_interfaces/msg/detail/progress__type_support.cpp
[3.877s] -- Installing: /home/youngmo/ros2_ws/install/hangman_interfaces/lib/libhangman_interfaces__rosidl_typesupport_introspection_cpp.so
[3.877s] -- Set runtime path of "/home/youngmo/ros2_ws/install/hangman_interfaces/lib/libhangman_interfaces__rosidl_typesupport_introspection_cpp.so" to ""
[3.877s] -- Installing: /home/youngmo/ros2_ws/install/hangman_interfaces/lib/libhangman_interfaces__rosidl_typesupport_cpp.so
[3.877s] -- Set runtime path of "/home/youngmo/ros2_ws/install/hangman_interfaces/lib/libhangman_interfaces__rosidl_typesupport_cpp.so" to ""
[3.877s] -- Installing: /home/youngmo/ros2_ws/install/hangman_interfaces/share/hangman_interfaces/environment/pythonpath.sh
[3.877s] -- Installing: /home/youngmo/ros2_ws/install/hangman_interfaces/share/hangman_interfaces/environment/pythonpath.dsv
[3.877s] -- Installing: /home/youngmo/ros2_ws/install/hangman_interfaces/local/lib/python3.10/dist-packages/hangman_interfaces-0.0.0-py3.10.egg-info
[3.877s] -- Installing: /home/youngmo/ros2_ws/install/hangman_interfaces/local/lib/python3.10/dist-packages/hangman_interfaces-0.0.0-py3.10.egg-info/dependency_links.txt
[3.877s] -- Installing: /home/youngmo/ros2_ws/install/hangman_interfaces/local/lib/python3.10/dist-packages/hangman_interfaces-0.0.0-py3.10.egg-info/top_level.txt
[3.877s] -- Installing: /home/youngmo/ros2_ws/install/hangman_interfaces/local/lib/python3.10/dist-packages/hangman_interfaces-0.0.0-py3.10.egg-info/SOURCES.txt
[3.877s] -- Installing: /home/youngmo/ros2_ws/install/hangman_interfaces/local/lib/python3.10/dist-packages/hangman_interfaces-0.0.0-py3.10.egg-info/PKG-INFO
[3.877s] -- Installing: /home/youngmo/ros2_ws/install/hangman_interfaces/local/lib/python3.10/dist-packages/hangman_interfaces
[3.877s] -- Installing: /home/youngmo/ros2_ws/install/hangman_interfaces/local/lib/python3.10/dist-packages/hangman_interfaces/hangman_interfaces_s__rosidl_typesupport_fastrtps_c.cpython-310-x86_64-linux-gnu.so
[3.877s] -- Installing: /home/youngmo/ros2_ws/install/hangman_interfaces/local/lib/python3.10/dist-packages/hangman_interfaces/srv
[3.877s] -- Installing: /home/youngmo/ros2_ws/install/hangman_interfaces/local/lib/python3.10/dist-packages/hangman_interfaces/srv/_check_letter.py
[3.877s] -- Installing: /home/youngmo/ros2_ws/install/hangman_interfaces/local/lib/python3.10/dist-packages/hangman_interfaces/srv/_check_letter_s.c
[3.877s] -- Installing: /home/youngmo/ros2_ws/install/hangman_interfaces/local/lib/python3.10/dist-packages/hangman_interfaces/srv/__init__.py
[3.878s] -- Installing: /home/youngmo/ros2_ws/install/hangman_interfaces/local/lib/python3.10/dist-packages/hangman_interfaces/hangman_interfaces_s__rosidl_typesupport_introspection_c.cpython-310-x86_64-linux-gnu.so
[3.878s] -- Installing: /home/youngmo/ros2_ws/install/hangman_interfaces/local/lib/python3.10/dist-packages/hangman_interfaces/action
[3.878s] -- Installing: /home/youngmo/ros2_ws/install/hangman_interfaces/local/lib/python3.10/dist-packages/hangman_interfaces/action/_game_progress.py
[3.878s] -- Installing: /home/youngmo/ros2_ws/install/hangman_interfaces/local/lib/python3.10/dist-packages/hangman_interfaces/action/__init__.py
[3.878s] -- Installing: /home/youngmo/ros2_ws/install/hangman_interfaces/local/lib/python3.10/dist-packages/hangman_interfaces/action/_game_progress_s.c
[3.878s] -- Installing: /home/youngmo/ros2_ws/install/hangman_interfaces/local/lib/python3.10/dist-packages/hangman_interfaces/hangman_interfaces_s__rosidl_typesupport_c.cpython-310-x86_64-linux-gnu.so
[3.878s] -- Installing: /home/youngmo/ros2_ws/install/hangman_interfaces/local/lib/python3.10/dist-packages/hangman_interfaces/_hangman_interfaces_s.ep.rosidl_typesupport_c.c
[3.878s] -- Installing: /home/youngmo/ros2_ws/install/hangman_interfaces/local/lib/python3.10/dist-packages/hangman_interfaces/libhangman_interfaces__rosidl_generator_py.so
[3.878s] -- Installing: /home/youngmo/ros2_ws/install/hangman_interfaces/local/lib/python3.10/dist-packages/hangman_interfaces/__init__.py
[3.878s] -- Installing: /home/youngmo/ros2_ws/install/hangman_interfaces/local/lib/python3.10/dist-packages/hangman_interfaces/_hangman_interfaces_s.ep.rosidl_typesupport_introspection_c.c
[3.878s] -- Installing: /home/youngmo/ros2_ws/install/hangman_interfaces/local/lib/python3.10/dist-packages/hangman_interfaces/msg
[3.878s] -- Installing: /home/youngmo/ros2_ws/install/hangman_interfaces/local/lib/python3.10/dist-packages/hangman_interfaces/msg/__init__.py
[3.878s] -- Installing: /home/youngmo/ros2_ws/install/hangman_interfaces/local/lib/python3.10/dist-packages/hangman_interfaces/msg/_progress.py
[3.878s] -- Installing: /home/youngmo/ros2_ws/install/hangman_interfaces/local/lib/python3.10/dist-packages/hangman_interfaces/msg/_progress_s.c
[3.878s] -- Installing: /home/youngmo/ros2_ws/install/hangman_interfaces/local/lib/python3.10/dist-packages/hangman_interfaces/_hangman_interfaces_s.ep.rosidl_typesupport_fastrtps_c.c
[3.897s] Listing '/home/youngmo/ros2_ws/install/hangman_interfaces/local/lib/python3.10/dist-packages/hangman_interfaces'...
[3.898s] Compiling '/home/youngmo/ros2_ws/install/hangman_interfaces/local/lib/python3.10/dist-packages/hangman_interfaces/__init__.py'...
[3.898s] Listing '/home/youngmo/ros2_ws/install/hangman_interfaces/local/lib/python3.10/dist-packages/hangman_interfaces/action'...
[3.898s] Compiling '/home/youngmo/ros2_ws/install/hangman_interfaces/local/lib/python3.10/dist-packages/hangman_interfaces/action/__init__.py'...
[3.898s] Compiling '/home/youngmo/ros2_ws/install/hangman_interfaces/local/lib/python3.10/dist-packages/hangman_interfaces/action/_game_progress.py'...
[3.898s] Listing '/home/youngmo/ros2_ws/install/hangman_interfaces/local/lib/python3.10/dist-packages/hangman_interfaces/msg'...
[3.898s] Compiling '/home/youngmo/ros2_ws/install/hangman_interfaces/local/lib/python3.10/dist-packages/hangman_interfaces/msg/__init__.py'...
[3.898s] Compiling '/home/youngmo/ros2_ws/install/hangman_interfaces/local/lib/python3.10/dist-packages/hangman_interfaces/msg/_progress.py'...
[3.898s] Listing '/home/youngmo/ros2_ws/install/hangman_interfaces/local/lib/python3.10/dist-packages/hangman_interfaces/srv'...
[3.898s] Compiling '/home/youngmo/ros2_ws/install/hangman_interfaces/local/lib/python3.10/dist-packages/hangman_interfaces/srv/__init__.py'...
[3.898s] Compiling '/home/youngmo/ros2_ws/install/hangman_interfaces/local/lib/python3.10/dist-packages/hangman_interfaces/srv/_check_letter.py'...
[3.899s] -- Installing: /home/youngmo/ros2_ws/install/hangman_interfaces/local/lib/python3.10/dist-packages/hangman_interfaces/hangman_interfaces_s__rosidl_typesupport_fastrtps_c.cpython-310-x86_64-linux-gnu.so
[3.900s] -- Set runtime path of "/home/youngmo/ros2_ws/install/hangman_interfaces/local/lib/python3.10/dist-packages/hangman_interfaces/hangman_interfaces_s__rosidl_typesupport_fastrtps_c.cpython-310-x86_64-linux-gnu.so" to ""
[3.900s] -- Installing: /home/youngmo/ros2_ws/install/hangman_interfaces/local/lib/python3.10/dist-packages/hangman_interfaces/hangman_interfaces_s__rosidl_typesupport_introspection_c.cpython-310-x86_64-linux-gnu.so
[3.900s] -- Set runtime path of "/home/youngmo/ros2_ws/install/hangman_interfaces/local/lib/python3.10/dist-packages/hangman_interfaces/hangman_interfaces_s__rosidl_typesupport_introspection_c.cpython-310-x86_64-linux-gnu.so" to ""
[3.900s] -- Installing: /home/youngmo/ros2_ws/install/hangman_interfaces/local/lib/python3.10/dist-packages/hangman_interfaces/hangman_interfaces_s__rosidl_typesupport_c.cpython-310-x86_64-linux-gnu.so
[3.900s] -- Set runtime path of "/home/youngmo/ros2_ws/install/hangman_interfaces/local/lib/python3.10/dist-packages/hangman_interfaces/hangman_interfaces_s__rosidl_typesupport_c.cpython-310-x86_64-linux-gnu.so" to ""
[3.900s] -- Installing: /home/youngmo/ros2_ws/install/hangman_interfaces/lib/libhangman_interfaces__rosidl_generator_py.so
[3.901s] -- Set runtime path of "/home/youngmo/ros2_ws/install/hangman_interfaces/lib/libhangman_interfaces__rosidl_generator_py.so" to ""
[3.901s] -- Installing: /home/youngmo/ros2_ws/install/hangman_interfaces/share/hangman_interfaces/msg/Progress.idl
[3.901s] -- Installing: /home/youngmo/ros2_ws/install/hangman_interfaces/share/hangman_interfaces/srv/CheckLetter.idl
[3.901s] -- Installing: /home/youngmo/ros2_ws/install/hangman_interfaces/share/hangman_interfaces/action/GameProgress.idl
[3.901s] -- Installing: /home/youngmo/ros2_ws/install/hangman_interfaces/share/hangman_interfaces/msg/Progress.msg
[3.901s] -- Installing: /home/youngmo/ros2_ws/install/hangman_interfaces/share/hangman_interfaces/srv/CheckLetter.srv
[3.901s] -- Installing: /home/youngmo/ros2_ws/install/hangman_interfaces/share/hangman_interfaces/srv/CheckLetter_Request.msg
[3.901s] -- Installing: /home/youngmo/ros2_ws/install/hangman_interfaces/share/hangman_interfaces/srv/CheckLetter_Response.msg
[3.901s] -- Installing: /home/youngmo/ros2_ws/install/hangman_interfaces/share/hangman_interfaces/action/GameProgress.action
[3.901s] -- Installing: /home/youngmo/ros2_ws/install/hangman_interfaces/share/ament_index/resource_index/package_run_dependencies/hangman_interfaces
[3.901s] -- Installing: /home/youngmo/ros2_ws/install/hangman_interfaces/share/ament_index/resource_index/parent_prefix_path/hangman_interfaces
[3.901s] -- Installing: /home/youngmo/ros2_ws/install/hangman_interfaces/share/hangman_interfaces/environment/ament_prefix_path.sh
[3.901s] -- Installing: /home/youngmo/ros2_ws/install/hangman_interfaces/share/hangman_interfaces/environment/ament_prefix_path.dsv
[3.901s] -- Installing: /home/youngmo/ros2_ws/install/hangman_interfaces/share/hangman_interfaces/environment/path.sh
[3.902s] -- Installing: /home/youngmo/ros2_ws/install/hangman_interfaces/share/hangman_interfaces/environment/path.dsv
[3.902s] -- Installing: /home/youngmo/ros2_ws/install/hangman_interfaces/share/hangman_interfaces/local_setup.bash
[3.902s] -- Installing: /home/youngmo/ros2_ws/install/hangman_interfaces/share/hangman_interfaces/local_setup.sh
[3.902s] -- Installing: /home/youngmo/ros2_ws/install/hangman_interfaces/share/hangman_interfaces/local_setup.zsh
[3.902s] -- Installing: /home/youngmo/ros2_ws/install/hangman_interfaces/share/hangman_interfaces/local_setup.dsv
[3.902s] -- Installing: /home/youngmo/ros2_ws/install/hangman_interfaces/share/hangman_interfaces/package.dsv
[3.902s] -- Installing: /home/youngmo/ros2_ws/install/hangman_interfaces/share/ament_index/resource_index/packages/hangman_interfaces
[3.902s] -- Installing: /home/youngmo/ros2_ws/install/hangman_interfaces/share/hangman_interfaces/cmake/export_hangman_interfaces__rosidl_generator_cExport.cmake
[3.902s] -- Installing: /home/youngmo/ros2_ws/install/hangman_interfaces/share/hangman_interfaces/cmake/export_hangman_interfaces__rosidl_generator_cExport-noconfig.cmake
[3.902s] -- Installing: /home/youngmo/ros2_ws/install/hangman_interfaces/share/hangman_interfaces/cmake/export_hangman_interfaces__rosidl_typesupport_fastrtps_cExport.cmake
[3.902s] -- Installing: /home/youngmo/ros2_ws/install/hangman_interfaces/share/hangman_interfaces/cmake/export_hangman_interfaces__rosidl_typesupport_fastrtps_cExport-noconfig.cmake
[3.902s] -- Installing: /home/youngmo/ros2_ws/install/hangman_interfaces/share/hangman_interfaces/cmake/export_hangman_interfaces__rosidl_generator_cppExport.cmake
[3.902s] -- Installing: /home/youngmo/ros2_ws/install/hangman_interfaces/share/hangman_interfaces/cmake/export_hangman_interfaces__rosidl_typesupport_fastrtps_cppExport.cmake
[3.902s] -- Installing: /home/youngmo/ros2_ws/install/hangman_interfaces/share/hangman_interfaces/cmake/export_hangman_interfaces__rosidl_typesupport_fastrtps_cppExport-noconfig.cmake
[3.903s] -- Installing: /home/youngmo/ros2_ws/install/hangman_interfaces/share/hangman_interfaces/cmake/hangman_interfaces__rosidl_typesupport_introspection_cExport.cmake
[3.903s] -- Installing: /home/youngmo/ros2_ws/install/hangman_interfaces/share/hangman_interfaces/cmake/hangman_interfaces__rosidl_typesupport_introspection_cExport-noconfig.cmake
[3.903s] -- Installing: /home/youngmo/ros2_ws/install/hangman_interfaces/share/hangman_interfaces/cmake/hangman_interfaces__rosidl_typesupport_cExport.cmake
[3.903s] -- Installing: /home/youngmo/ros2_ws/install/hangman_interfaces/share/hangman_interfaces/cmake/hangman_interfaces__rosidl_typesupport_cExport-noconfig.cmake
[3.903s] -- Installing: /home/youngmo/ros2_ws/install/hangman_interfaces/share/hangman_interfaces/cmake/hangman_interfaces__rosidl_typesupport_introspection_cppExport.cmake
[3.903s] -- Installing: /home/youngmo/ros2_ws/install/hangman_interfaces/share/hangman_interfaces/cmake/hangman_interfaces__rosidl_typesupport_introspection_cppExport-noconfig.cmake
[3.903s] -- Installing: /home/youngmo/ros2_ws/install/hangman_interfaces/share/hangman_interfaces/cmake/hangman_interfaces__rosidl_typesupport_cppExport.cmake
[3.903s] -- Installing: /home/youngmo/ros2_ws/install/hangman_interfaces/share/hangman_interfaces/cmake/hangman_interfaces__rosidl_typesupport_cppExport-noconfig.cmake
[3.904s] -- Installing: /home/youngmo/ros2_ws/install/hangman_interfaces/share/hangman_interfaces/cmake/export_hangman_interfaces__rosidl_generator_pyExport.cmake
[3.904s] -- Installing: /home/youngmo/ros2_ws/install/hangman_interfaces/share/hangman_interfaces/cmake/export_hangman_interfaces__rosidl_generator_pyExport-noconfig.cmake
[3.904s] -- Installing: /home/youngmo/ros2_ws/install/hangman_interfaces/share/hangman_interfaces/cmake/ament_cmake_export_dependencies-extras.cmake
[3.904s] -- Installing: /home/youngmo/ros2_ws/install/hangman_interfaces/share/hangman_interfaces/cmake/rosidl_cmake-extras.cmake
[3.904s] -- Installing: /home/youngmo/ros2_ws/install/hangman_interfaces/share/hangman_interfaces/cmake/ament_cmake_export_include_directories-extras.cmake
[3.904s] -- Installing: /home/youngmo/ros2_ws/install/hangman_interfaces/share/hangman_interfaces/cmake/ament_cmake_export_libraries-extras.cmake
[3.904s] -- Installing: /home/youngmo/ros2_ws/install/hangman_interfaces/share/hangman_interfaces/cmake/ament_cmake_export_targets-extras.cmake
[3.904s] -- Installing: /home/youngmo/ros2_ws/install/hangman_interfaces/share/hangman_interfaces/cmake/rosidl_cmake_export_typesupport_targets-extras.cmake
[3.904s] -- Installing: /home/youngmo/ros2_ws/install/hangman_interfaces/share/hangman_interfaces/cmake/rosidl_cmake_export_typesupport_libraries-extras.cmake
[3.904s] -- Installing: /home/youngmo/ros2_ws/install/hangman_interfaces/share/hangman_interfaces/cmake/hangman_interfacesConfig.cmake
[3.904s] -- Installing: /home/youngmo/ros2_ws/install/hangman_interfaces/share/hangman_interfaces/cmake/hangman_interfacesConfig-version.cmake
[3.904s] -- Installing: /home/youngmo/ros2_ws/install/hangman_interfaces/share/hangman_interfaces/package.xml
[3.905s] Invoked command in '/home/youngmo/ros2_ws/build/hangman_interfaces' returned '0': CMAKE_PREFIX_PATH=${CMAKE_PREFIX_PATH}:/home/youngmo/ros2_ws/install/ros_study_py:/home/youngmo/ros2_ws/install/ex_calculator_py:/opt/ros/humble /usr/bin/cmake --install /home/youngmo/ros2_ws/build/hangman_interfaces
