[0.173s] Invoking command in '/home/youngmo/ros2_ws/build/ros_study_cpp': AMENT_PREFIX_PATH=/home/youngmo/ros2_ws/install/ros_study_msgs:${AMENT_PREFIX_PATH} CMAKE_PREFIX_PATH=/home/youngmo/ros2_ws/install/ros_study_msgs:/opt/ros/humble LD_LIBRARY_PATH=/home/youngmo/ros2_ws/install/ros_study_msgs/lib:${LD_LIBRARY_PATH} PYTHONPATH=/home/youngmo/ros2_ws/install/ros_study_msgs/local/lib/python3.10/dist-packages:${PYTHONPATH} /usr/bin/cmake --build /home/youngmo/ros2_ws/build/ros_study_cpp -- -j16 -l16
[0.374s] [ 16%] [32mBuilding CXX object CMakeFiles/my_msg_subscriber.dir/src/my_msg_subscriber.cpp.o[0m
[0.374s] [ 16%] [32mBuilding CXX object CMakeFiles/my_msg_test.dir/src/my_msg_test.cpp.o[0m
[0.374s] [ 25%] [32mBuilding CXX object CMakeFiles/my_action_server.dir/src/my_action_server.cpp.o[0m
[0.374s] [ 33%] [32mBuilding CXX object CMakeFiles/my_service_server.dir/src/my_service_server.cpp.o[0m
[0.374s] [ 41%] [32mBuilding CXX object CMakeFiles/my_service_client.dir/src/my_service_client.cpp.o[0m
[0.374s] [ 50%] [32mBuilding CXX object CMakeFiles/my_action_client.dir/src/my_action_client.cpp.o[0m
[4.403s] [ 58%] [32m[1mLinking CXX executable my_service_server[0m
[4.431s] [ 66%] [32m[1mLinking CXX executable my_service_client[0m
[4.620s] [ 66%] Built target my_service_server
[4.652s] [ 66%] Built target my_service_client
[4.906s] [ 75%] [32m[1mLinking CXX executable my_action_server[0m
[5.056s] [ 83%] [32m[1mLinking CXX executable my_action_client[0m
[5.187s] [ 83%] Built target my_action_server
[5.344s] [ 83%] Built target my_action_client
[5.412s] [ 91%] [32m[1mLinking CXX executable my_msg_test[0m
[5.678s] [ 91%] Built target my_msg_test
[10.365s] [100%] [32m[1mLinking CXX executable my_msg_subscriber[0m
[10.828s] [100%] Built target my_msg_subscriber
[10.847s] Invoked command in '/home/youngmo/ros2_ws/build/ros_study_cpp' returned '0': AMENT_PREFIX_PATH=/home/youngmo/ros2_ws/install/ros_study_msgs:${AMENT_PREFIX_PATH} CMAKE_PREFIX_PATH=/home/youngmo/ros2_ws/install/ros_study_msgs:/opt/ros/humble LD_LIBRARY_PATH=/home/youngmo/ros2_ws/install/ros_study_msgs/lib:${LD_LIBRARY_PATH} PYTHONPATH=/home/youngmo/ros2_ws/install/ros_study_msgs/local/lib/python3.10/dist-packages:${PYTHONPATH} /usr/bin/cmake --build /home/youngmo/ros2_ws/build/ros_study_cpp -- -j16 -l16
[10.848s] Invoking command in '/home/youngmo/ros2_ws/build/ros_study_cpp': AMENT_PREFIX_PATH=/home/youngmo/ros2_ws/install/ros_study_msgs:${AMENT_PREFIX_PATH} CMAKE_PREFIX_PATH=/home/youngmo/ros2_ws/install/ros_study_msgs:/opt/ros/humble LD_LIBRARY_PATH=/home/youngmo/ros2_ws/install/ros_study_msgs/lib:${LD_LIBRARY_PATH} PYTHONPATH=/home/youngmo/ros2_ws/install/ros_study_msgs/local/lib/python3.10/dist-packages:${PYTHONPATH} /usr/bin/cmake --install /home/youngmo/ros2_ws/build/ros_study_cpp
[10.861s] -- Install configuration: ""
[10.861s] -- Installing: /home/youngmo/ros2_ws/install/ros_study_cpp/lib/ros_study_cpp/my_msg_test
[10.861s] -- Set runtime path of "/home/youngmo/ros2_ws/install/ros_study_cpp/lib/ros_study_cpp/my_msg_test" to ""
[10.861s] -- Installing: /home/youngmo/ros2_ws/install/ros_study_cpp/lib/ros_study_cpp/my_msg_subscriber
[10.864s] -- Set runtime path of "/home/youngmo/ros2_ws/install/ros_study_cpp/lib/ros_study_cpp/my_msg_subscriber" to ""
[10.864s] -- Installing: /home/youngmo/ros2_ws/install/ros_study_cpp/lib/ros_study_cpp/my_service_client
[10.865s] -- Set runtime path of "/home/youngmo/ros2_ws/install/ros_study_cpp/lib/ros_study_cpp/my_service_client" to ""
[10.865s] -- Installing: /home/youngmo/ros2_ws/install/ros_study_cpp/lib/ros_study_cpp/my_service_server
[10.865s] -- Set runtime path of "/home/youngmo/ros2_ws/install/ros_study_cpp/lib/ros_study_cpp/my_service_server" to ""
[10.865s] -- Installing: /home/youngmo/ros2_ws/install/ros_study_cpp/lib/ros_study_cpp/my_action_client
[10.865s] -- Set runtime path of "/home/youngmo/ros2_ws/install/ros_study_cpp/lib/ros_study_cpp/my_action_client" to ""
[10.865s] -- Installing: /home/youngmo/ros2_ws/install/ros_study_cpp/lib/ros_study_cpp/my_action_server
[10.865s] -- Set runtime path of "/home/youngmo/ros2_ws/install/ros_study_cpp/lib/ros_study_cpp/my_action_server" to ""
[10.866s] -- Installing: /home/youngmo/ros2_ws/install/ros_study_cpp/share/ament_index/resource_index/package_run_dependencies/ros_study_cpp
[10.866s] -- Installing: /home/youngmo/ros2_ws/install/ros_study_cpp/share/ament_index/resource_index/parent_prefix_path/ros_study_cpp
[10.866s] -- Installing: /home/youngmo/ros2_ws/install/ros_study_cpp/share/ros_study_cpp/environment/ament_prefix_path.sh
[10.866s] -- Installing: /home/youngmo/ros2_ws/install/ros_study_cpp/share/ros_study_cpp/environment/ament_prefix_path.dsv
[10.866s] -- Installing: /home/youngmo/ros2_ws/install/ros_study_cpp/share/ros_study_cpp/environment/path.sh
[10.866s] -- Installing: /home/youngmo/ros2_ws/install/ros_study_cpp/share/ros_study_cpp/environment/path.dsv
[10.866s] -- Installing: /home/youngmo/ros2_ws/install/ros_study_cpp/share/ros_study_cpp/local_setup.bash
[10.866s] -- Installing: /home/youngmo/ros2_ws/install/ros_study_cpp/share/ros_study_cpp/local_setup.sh
[10.866s] -- Installing: /home/youngmo/ros2_ws/install/ros_study_cpp/share/ros_study_cpp/local_setup.zsh
[10.866s] -- Installing: /home/youngmo/ros2_ws/install/ros_study_cpp/share/ros_study_cpp/local_setup.dsv
[10.866s] -- Installing: /home/youngmo/ros2_ws/install/ros_study_cpp/share/ros_study_cpp/package.dsv
[10.866s] -- Installing: /home/youngmo/ros2_ws/install/ros_study_cpp/share/ament_index/resource_index/packages/ros_study_cpp
[10.869s] -- Installing: /home/youngmo/ros2_ws/install/ros_study_cpp/share/ros_study_cpp/cmake/ros_study_cppConfig.cmake
[10.869s] -- Installing: /home/youngmo/ros2_ws/install/ros_study_cpp/share/ros_study_cpp/cmake/ros_study_cppConfig-version.cmake
[10.870s] -- Installing: /home/youngmo/ros2_ws/install/ros_study_cpp/share/ros_study_cpp/package.xml
[10.872s] Invoked command in '/home/youngmo/ros2_ws/build/ros_study_cpp' returned '0': AMENT_PREFIX_PATH=/home/youngmo/ros2_ws/install/ros_study_msgs:${AMENT_PREFIX_PATH} CMAKE_PREFIX_PATH=/home/youngmo/ros2_ws/install/ros_study_msgs:/opt/ros/humble LD_LIBRARY_PATH=/home/youngmo/ros2_ws/install/ros_study_msgs/lib:${LD_LIBRARY_PATH} PYTHONPATH=/home/youngmo/ros2_ws/install/ros_study_msgs/local/lib/python3.10/dist-packages:${PYTHONPATH} /usr/bin/cmake --install /home/youngmo/ros2_ws/build/ros_study_cpp
