-- The C compiler identification is GNU 11.4.0
-- The CXX compiler identification is GNU 11.4.0
-- Detecting C compiler ABI info
-- Detecting C compiler ABI info - done
-- Check for working C compiler: /usr/bin/cc - skipped
-- Detecting C compile features
-- Detecting C compile features - done
-- Detecting CXX compiler ABI info
-- Detecting CXX compiler ABI info - done
-- Check for working CXX compiler: /usr/bin/c++ - skipped
-- Detecting CXX compile features
-- Detecting CXX compile features - done
-- Found ament_cmake: 1.3.11 (/opt/ros/humble/share/ament_cmake/cmake)
-- Found Python3: /usr/bin/python3 (found version "3.10.12") found components: Interpreter 
-- Found rclcpp: 16.0.12 (/opt/ros/humble/share/rclcpp/cmake)
-- Found rosidl_generator_c: 3.1.6 (/opt/ros/humble/share/rosidl_generator_c/cmake)
-- Found rosidl_adapter: 3.1.6 (/opt/ros/humble/share/rosidl_adapter/cmake)
-- Found rosidl_generator_cpp: 3.1.6 (/opt/ros/humble/share/rosidl_generator_cpp/cmake)
-- Using all available rosidl_typesupport_c: rosidl_typesupport_fastrtps_c;rosidl_typesupport_introspection_c
-- Using all available rosidl_typesupport_cpp: rosidl_typesupport_fastrtps_cpp;rosidl_typesupport_introspection_cpp
-- Found rmw_implementation_cmake: 6.1.2 (/opt/ros/humble/share/rmw_implementation_cmake/cmake)
-- Found rmw_fastrtps_cpp: 6.2.7 (/opt/ros/humble/share/rmw_fastrtps_cpp/cmake)
-- Found OpenSSL: /usr/lib/x86_64-linux-gnu/libcrypto.so (found version "3.0.2")  
-- Found FastRTPS: /opt/ros/humble/include  
-- Using RMW implementation 'rmw_fastrtps_cpp' as default
-- Looking for pthread.h
-- Looking for pthread.h - found
-- Performing Test CMAKE_HAVE_LIBC_PTHREAD
-- Performing Test CMAKE_HAVE_LIBC_PTHREAD - Success
-- Found Threads: TRUE  
-- Found rclcpp_action: 16.0.12 (/opt/ros/humble/share/rclcpp_action/cmake)
-- Found ros_study_msgs: 0.0.0 (/home/youngmo/ros2_ws/install/ros_study_msgs/share/ros_study_msgs/cmake)
-- Found ament_lint_auto: 0.12.12 (/opt/ros/humble/share/ament_lint_auto/cmake)
-- Added test 'cppcheck' to perform static code analysis on C / C++ code
-- Configured cppcheck include dirs: 
-- Configured cppcheck exclude dirs and/or files: 
-- Added test 'lint_cmake' to check CMake code style
-- Added test 'uncrustify' to check C / C++ code style
-- Configured uncrustify additional arguments: 
-- Added test 'xmllint' to check XML markup files
-- Configuring done
-- Generating done
-- Build files have been written to: /home/youngmo/ros2_ws/build/ex_caculator_cpp
[ 50%] [32mBuilding CXX object CMakeFiles/argument.dir/src/arithmetic/argument.cpp.o[0m
[100%] [32m[1mLinking CXX executable argument[0m
[100%] Built target argument
-- Install configuration: ""
-- Installing: /home/youngmo/ros2_ws/install/ex_caculator_cpp/lib/ex_caculator_cpp/argument
-- Set runtime path of "/home/youngmo/ros2_ws/install/ex_caculator_cpp/lib/ex_caculator_cpp/argument" to ""
-- Installing: /home/youngmo/ros2_ws/install/ex_caculator_cpp/share/ament_index/resource_index/package_run_dependencies/ex_caculator_cpp
-- Installing: /home/youngmo/ros2_ws/install/ex_caculator_cpp/share/ament_index/resource_index/parent_prefix_path/ex_caculator_cpp
-- Installing: /home/youngmo/ros2_ws/install/ex_caculator_cpp/share/ex_caculator_cpp/environment/ament_prefix_path.sh
-- Installing: /home/youngmo/ros2_ws/install/ex_caculator_cpp/share/ex_caculator_cpp/environment/ament_prefix_path.dsv
-- Installing: /home/youngmo/ros2_ws/install/ex_caculator_cpp/share/ex_caculator_cpp/environment/path.sh
-- Installing: /home/youngmo/ros2_ws/install/ex_caculator_cpp/share/ex_caculator_cpp/environment/path.dsv
-- Installing: /home/youngmo/ros2_ws/install/ex_caculator_cpp/share/ex_caculator_cpp/local_setup.bash
-- Installing: /home/youngmo/ros2_ws/install/ex_caculator_cpp/share/ex_caculator_cpp/local_setup.sh
-- Installing: /home/youngmo/ros2_ws/install/ex_caculator_cpp/share/ex_caculator_cpp/local_setup.zsh
-- Installing: /home/youngmo/ros2_ws/install/ex_caculator_cpp/share/ex_caculator_cpp/local_setup.dsv
-- Installing: /home/youngmo/ros2_ws/install/ex_caculator_cpp/share/ex_caculator_cpp/package.dsv
-- Installing: /home/youngmo/ros2_ws/install/ex_caculator_cpp/share/ament_index/resource_index/packages/ex_caculator_cpp
-- Installing: /home/youngmo/ros2_ws/install/ex_caculator_cpp/share/ex_caculator_cpp/cmake/ex_caculator_cppConfig.cmake
-- Installing: /home/youngmo/ros2_ws/install/ex_caculator_cpp/share/ex_caculator_cpp/cmake/ex_caculator_cppConfig-version.cmake
-- Installing: /home/youngmo/ros2_ws/install/ex_caculator_cpp/share/ex_caculator_cpp/package.xml
