[0.010s] Invoking command in '/home/youngmo/ros2_ws/build/ex_caculator_cpp': CMAKE_PREFIX_PATH=/home/youngmo/ros2_ws/install/ros_study_msgs:/home/youngmo/ros2_ws/install/ros_study_cpp:/home/youngmo/ros2_ws/install/ros_study_py:/home/youngmo/ros2_ws/install/ex_calculator_py:/opt/ros/humble /usr/bin/cmake /home/youngmo/ros2_ws/src/ex_caculator_cpp -DCMAKE_INSTALL_PREFIX=/home/youngmo/ros2_ws/install/ex_caculator_cpp
[0.147s] -- The C compiler identification is GNU 11.4.0
[0.148s] -- The CXX compiler identification is GNU 11.4.0
[0.148s] -- Detecting C compiler ABI info
[0.174s] -- Detecting C compiler ABI info - done
[0.178s] -- Check for working C compiler: /usr/bin/cc - skipped
[0.178s] -- Detecting C compile features
[0.178s] -- Detecting C compile features - done
[0.180s] -- Detecting CXX compiler ABI info
[0.269s] -- Detecting CXX compiler ABI info - done
[0.277s] -- Check for working CXX compiler: /usr/bin/c++ - skipped
[0.277s] -- Detecting CXX compile features
[0.277s] -- Detecting CXX compile features - done
[0.278s] -- Found ament_cmake: 1.3.11 (/opt/ros/humble/share/ament_cmake/cmake)
[0.383s] -- Found Python3: /usr/bin/python3 (found version "3.10.12") found components: Interpreter 
[0.465s] -- Found rclcpp: 16.0.12 (/opt/ros/humble/share/rclcpp/cmake)
[0.505s] -- Found rosidl_generator_c: 3.1.6 (/opt/ros/humble/share/rosidl_generator_c/cmake)
[0.510s] -- Found rosidl_adapter: 3.1.6 (/opt/ros/humble/share/rosidl_adapter/cmake)
[0.518s] -- Found rosidl_generator_cpp: 3.1.6 (/opt/ros/humble/share/rosidl_generator_cpp/cmake)
[0.528s] -- Using all available rosidl_typesupport_c: rosidl_typesupport_fastrtps_c;rosidl_typesupport_introspection_c
[0.545s] -- Using all available rosidl_typesupport_cpp: rosidl_typesupport_fastrtps_cpp;rosidl_typesupport_introspection_cpp
[0.585s] -- Found rmw_implementation_cmake: 6.1.2 (/opt/ros/humble/share/rmw_implementation_cmake/cmake)
[0.586s] -- Found rmw_fastrtps_cpp: 6.2.7 (/opt/ros/humble/share/rmw_fastrtps_cpp/cmake)
[0.667s] -- Found OpenSSL: /usr/lib/x86_64-linux-gnu/libcrypto.so (found version "3.0.2")  
[0.684s] -- Found FastRTPS: /opt/ros/humble/include  
[0.717s] -- Using RMW implementation 'rmw_fastrtps_cpp' as default
[0.723s] -- Looking for pthread.h
[0.787s] -- Looking for pthread.h - found
[0.787s] -- Performing Test CMAKE_HAVE_LIBC_PTHREAD
[0.859s] -- Performing Test CMAKE_HAVE_LIBC_PTHREAD - Success
[0.860s] -- Found Threads: TRUE  
[0.887s] -- Found rclcpp_action: 16.0.12 (/opt/ros/humble/share/rclcpp_action/cmake)
[0.903s] -- Found ros_study_msgs: 0.0.0 (/home/youngmo/ros2_ws/install/ros_study_msgs/share/ros_study_msgs/cmake)
[0.915s] -- Found ament_lint_auto: 0.12.12 (/opt/ros/humble/share/ament_lint_auto/cmake)
[0.968s] -- Added test 'cppcheck' to perform static code analysis on C / C++ code
[0.971s] -- Configured cppcheck include dirs: 
[0.971s] -- Configured cppcheck exclude dirs and/or files: 
[0.971s] -- Added test 'lint_cmake' to check CMake code style
[0.971s] -- Added test 'uncrustify' to check C / C++ code style
[0.971s] -- Configured uncrustify additional arguments: 
[0.971s] -- Added test 'xmllint' to check XML markup files
[0.971s] -- Configuring done
[0.976s] -- Generating done
[0.980s] -- Build files have been written to: /home/youngmo/ros2_ws/build/ex_caculator_cpp
[0.988s] Invoked command in '/home/youngmo/ros2_ws/build/ex_caculator_cpp' returned '0': CMAKE_PREFIX_PATH=/home/youngmo/ros2_ws/install/ros_study_msgs:/home/youngmo/ros2_ws/install/ros_study_cpp:/home/youngmo/ros2_ws/install/ros_study_py:/home/youngmo/ros2_ws/install/ex_calculator_py:/opt/ros/humble /usr/bin/cmake /home/youngmo/ros2_ws/src/ex_caculator_cpp -DCMAKE_INSTALL_PREFIX=/home/youngmo/ros2_ws/install/ex_caculator_cpp
[0.991s] Invoking command in '/home/youngmo/ros2_ws/build/ex_caculator_cpp': CMAKE_PREFIX_PATH=/home/youngmo/ros2_ws/install/ros_study_msgs:/home/youngmo/ros2_ws/install/ros_study_cpp:/home/youngmo/ros2_ws/install/ros_study_py:/home/youngmo/ros2_ws/install/ex_calculator_py:/opt/ros/humble /usr/bin/cmake --build /home/youngmo/ros2_ws/build/ex_caculator_cpp -- -j16 -l16
[1.047s] [ 50%] [32mBuilding CXX object CMakeFiles/argument.dir/src/arithmetic/argument.cpp.o[0m
[6.036s] [100%] [32m[1mLinking CXX executable argument[0m
[6.333s] [100%] Built target argument
[6.352s] Invoked command in '/home/youngmo/ros2_ws/build/ex_caculator_cpp' returned '0': CMAKE_PREFIX_PATH=/home/youngmo/ros2_ws/install/ros_study_msgs:/home/youngmo/ros2_ws/install/ros_study_cpp:/home/youngmo/ros2_ws/install/ros_study_py:/home/youngmo/ros2_ws/install/ex_calculator_py:/opt/ros/humble /usr/bin/cmake --build /home/youngmo/ros2_ws/build/ex_caculator_cpp -- -j16 -l16
[6.357s] Invoking command in '/home/youngmo/ros2_ws/build/ex_caculator_cpp': CMAKE_PREFIX_PATH=/home/youngmo/ros2_ws/install/ros_study_msgs:/home/youngmo/ros2_ws/install/ros_study_cpp:/home/youngmo/ros2_ws/install/ros_study_py:/home/youngmo/ros2_ws/install/ex_calculator_py:/opt/ros/humble /usr/bin/cmake --install /home/youngmo/ros2_ws/build/ex_caculator_cpp
[6.374s] -- Install configuration: ""
[6.375s] -- Installing: /home/youngmo/ros2_ws/install/ex_caculator_cpp/lib/ex_caculator_cpp/argument
[6.376s] -- Set runtime path of "/home/youngmo/ros2_ws/install/ex_caculator_cpp/lib/ex_caculator_cpp/argument" to ""
[6.377s] -- Installing: /home/youngmo/ros2_ws/install/ex_caculator_cpp/share/ament_index/resource_index/package_run_dependencies/ex_caculator_cpp
[6.377s] -- Installing: /home/youngmo/ros2_ws/install/ex_caculator_cpp/share/ament_index/resource_index/parent_prefix_path/ex_caculator_cpp
[6.377s] -- Installing: /home/youngmo/ros2_ws/install/ex_caculator_cpp/share/ex_caculator_cpp/environment/ament_prefix_path.sh
[6.377s] -- Installing: /home/youngmo/ros2_ws/install/ex_caculator_cpp/share/ex_caculator_cpp/environment/ament_prefix_path.dsv
[6.378s] -- Installing: /home/youngmo/ros2_ws/install/ex_caculator_cpp/share/ex_caculator_cpp/environment/path.sh
[6.378s] -- Installing: /home/youngmo/ros2_ws/install/ex_caculator_cpp/share/ex_caculator_cpp/environment/path.dsv
[6.381s] -- Installing: /home/youngmo/ros2_ws/install/ex_caculator_cpp/share/ex_caculator_cpp/local_setup.bash
[6.381s] -- Installing: /home/youngmo/ros2_ws/install/ex_caculator_cpp/share/ex_caculator_cpp/local_setup.sh
[6.381s] -- Installing: /home/youngmo/ros2_ws/install/ex_caculator_cpp/share/ex_caculator_cpp/local_setup.zsh
[6.381s] -- Installing: /home/youngmo/ros2_ws/install/ex_caculator_cpp/share/ex_caculator_cpp/local_setup.dsv
[6.381s] -- Installing: /home/youngmo/ros2_ws/install/ex_caculator_cpp/share/ex_caculator_cpp/package.dsv
[6.381s] -- Installing: /home/youngmo/ros2_ws/install/ex_caculator_cpp/share/ament_index/resource_index/packages/ex_caculator_cpp
[6.381s] -- Installing: /home/youngmo/ros2_ws/install/ex_caculator_cpp/share/ex_caculator_cpp/cmake/ex_caculator_cppConfig.cmake
[6.382s] -- Installing: /home/youngmo/ros2_ws/install/ex_caculator_cpp/share/ex_caculator_cpp/cmake/ex_caculator_cppConfig-version.cmake
[6.382s] -- Installing: /home/youngmo/ros2_ws/install/ex_caculator_cpp/share/ex_caculator_cpp/package.xml
[6.384s] Invoked command in '/home/youngmo/ros2_ws/build/ex_caculator_cpp' returned '0': CMAKE_PREFIX_PATH=/home/youngmo/ros2_ws/install/ros_study_msgs:/home/youngmo/ros2_ws/install/ros_study_cpp:/home/youngmo/ros2_ws/install/ros_study_py:/home/youngmo/ros2_ws/install/ex_calculator_py:/opt/ros/humble /usr/bin/cmake --install /home/youngmo/ros2_ws/build/ex_caculator_cpp
