running egg_info
creating ../../build/hangman_game/hangman_game.egg-info
writing ../../build/hangman_game/hangman_game.egg-info/PKG-INFO
writing dependency_links to ../../build/hangman_game/hangman_game.egg-info/dependency_links.txt
writing entry points to ../../build/hangman_game/hangman_game.egg-info/entry_points.txt
writing requirements to ../../build/hangman_game/hangman_game.egg-info/requires.txt
writing top-level names to ../../build/hangman_game/hangman_game.egg-info/top_level.txt
writing manifest file '../../build/hangman_game/hangman_game.egg-info/SOURCES.txt'
reading manifest file '../../build/hangman_game/hangman_game.egg-info/SOURCES.txt'
writing manifest file '../../build/hangman_game/hangman_game.egg-info/SOURCES.txt'
running build
running build_py
creating /home/youngmo/ros2_ws/build/hangman_game/build
creating /home/youngmo/ros2_ws/build/hangman_game/build/lib
creating /home/youngmo/ros2_ws/build/hangman_game/build/lib/hangman_game
copying hangman_game/letter_publisher.py -> /home/youngmo/ros2_ws/build/hangman_game/build/lib/hangman_game
copying hangman_game/__init__.py -> /home/youngmo/ros2_ws/build/hangman_game/build/lib/hangman_game
running install
running install_lib
creating /home/youngmo/ros2_ws/install/hangman_game/lib/python3.10/site-packages/hangman_game
copying /home/youngmo/ros2_ws/build/hangman_game/build/lib/hangman_game/letter_publisher.py -> /home/youngmo/ros2_ws/install/hangman_game/lib/python3.10/site-packages/hangman_game
copying /home/youngmo/ros2_ws/build/hangman_game/build/lib/hangman_game/__init__.py -> /home/youngmo/ros2_ws/install/hangman_game/lib/python3.10/site-packages/hangman_game
byte-compiling /home/youngmo/ros2_ws/install/hangman_game/lib/python3.10/site-packages/hangman_game/letter_publisher.py to letter_publisher.cpython-310.pyc
byte-compiling /home/youngmo/ros2_ws/install/hangman_game/lib/python3.10/site-packages/hangman_game/__init__.py to __init__.cpython-310.pyc
running install_data
creating /home/youngmo/ros2_ws/install/hangman_game/share/ament_index
creating /home/youngmo/ros2_ws/install/hangman_game/share/ament_index/resource_index
creating /home/youngmo/ros2_ws/install/hangman_game/share/ament_index/resource_index/packages
copying resource/hangman_game -> /home/youngmo/ros2_ws/install/hangman_game/share/ament_index/resource_index/packages
copying package.xml -> /home/youngmo/ros2_ws/install/hangman_game/share/hangman_game
running install_egg_info
Copying ../../build/hangman_game/hangman_game.egg-info to /home/youngmo/ros2_ws/install/hangman_game/lib/python3.10/site-packages/hangman_game-0.0.0-py3.10.egg-info
running install_scripts
Installing letter_publisher script to /home/youngmo/ros2_ws/install/hangman_game/lib/hangman_game
writing list of installed files to '/home/youngmo/ros2_ws/build/hangman_game/install.log'
