[0.305s] Invoking command in '/home/youngmo/ros2_ws/src/hangman_game': AMENT_PREFIX_PATH=/home/youngmo/ros2_ws/install/hangman_interfaces:${AMENT_PREFIX_PATH} CMAKE_PREFIX_PATH=/home/youngmo/ros2_ws/install/hangman_interfaces:${CMAKE_PREFIX_PATH} LD_LIBRARY_PATH=/home/youngmo/ros2_ws/install/hangman_interfaces/lib:${LD_LIBRARY_PATH} PYTHONPATH=/home/youngmo/ros2_ws/build/hangman_game/prefix_override:/usr/lib/python3/dist-packages/colcon_core/task/python/colcon_distutils_commands:/home/youngmo/ros2_ws/install/hangman_game/lib/python3.10/site-packages:/home/youngmo/ros2_ws/install/hangman_interfaces/local/lib/python3.10/dist-packages:${PYTHONPATH} /usr/bin/python3 -W ignore:setup.py install is deprecated -W ignore:easy_install command is deprecated setup.py egg_info --egg-base ../../build/hangman_game build --build-base /home/youngmo/ros2_ws/build/hangman_game/build install --record /home/youngmo/ros2_ws/build/hangman_game/install.log --single-version-externally-managed install_data
[0.408s] running egg_info
[0.408s] creating ../../build/hangman_game/hangman_game.egg-info
[0.408s] writing ../../build/hangman_game/hangman_game.egg-info/PKG-INFO
[0.408s] writing dependency_links to ../../build/hangman_game/hangman_game.egg-info/dependency_links.txt
[0.408s] writing entry points to ../../build/hangman_game/hangman_game.egg-info/entry_points.txt
[0.408s] writing requirements to ../../build/hangman_game/hangman_game.egg-info/requires.txt
[0.408s] writing top-level names to ../../build/hangman_game/hangman_game.egg-info/top_level.txt
[0.408s] writing manifest file '../../build/hangman_game/hangman_game.egg-info/SOURCES.txt'
[0.410s] reading manifest file '../../build/hangman_game/hangman_game.egg-info/SOURCES.txt'
[0.410s] writing manifest file '../../build/hangman_game/hangman_game.egg-info/SOURCES.txt'
[0.410s] running build
[0.410s] running build_py
[0.410s] creating /home/youngmo/ros2_ws/build/hangman_game/build
[0.410s] creating /home/youngmo/ros2_ws/build/hangman_game/build/lib
[0.410s] creating /home/youngmo/ros2_ws/build/hangman_game/build/lib/hangman_game
[0.410s] copying hangman_game/letter_publisher.py -> /home/youngmo/ros2_ws/build/hangman_game/build/lib/hangman_game
[0.410s] copying hangman_game/__init__.py -> /home/youngmo/ros2_ws/build/hangman_game/build/lib/hangman_game
[0.410s] running install
[0.410s] running install_lib
[0.412s] creating /home/youngmo/ros2_ws/install/hangman_game/lib/python3.10/site-packages/hangman_game
[0.412s] copying /home/youngmo/ros2_ws/build/hangman_game/build/lib/hangman_game/letter_publisher.py -> /home/youngmo/ros2_ws/install/hangman_game/lib/python3.10/site-packages/hangman_game
[0.412s] copying /home/youngmo/ros2_ws/build/hangman_game/build/lib/hangman_game/__init__.py -> /home/youngmo/ros2_ws/install/hangman_game/lib/python3.10/site-packages/hangman_game
[0.412s] byte-compiling /home/youngmo/ros2_ws/install/hangman_game/lib/python3.10/site-packages/hangman_game/letter_publisher.py to letter_publisher.cpython-310.pyc
[0.412s] byte-compiling /home/youngmo/ros2_ws/install/hangman_game/lib/python3.10/site-packages/hangman_game/__init__.py to __init__.cpython-310.pyc
[0.412s] running install_data
[0.412s] creating /home/youngmo/ros2_ws/install/hangman_game/share/ament_index
[0.412s] creating /home/youngmo/ros2_ws/install/hangman_game/share/ament_index/resource_index
[0.412s] creating /home/youngmo/ros2_ws/install/hangman_game/share/ament_index/resource_index/packages
[0.412s] copying resource/hangman_game -> /home/youngmo/ros2_ws/install/hangman_game/share/ament_index/resource_index/packages
[0.413s] copying package.xml -> /home/youngmo/ros2_ws/install/hangman_game/share/hangman_game
[0.413s] running install_egg_info
[0.413s] Copying ../../build/hangman_game/hangman_game.egg-info to /home/youngmo/ros2_ws/install/hangman_game/lib/python3.10/site-packages/hangman_game-0.0.0-py3.10.egg-info
[0.413s] running install_scripts
[0.429s] Installing letter_publisher script to /home/youngmo/ros2_ws/install/hangman_game/lib/hangman_game
[0.429s] writing list of installed files to '/home/youngmo/ros2_ws/build/hangman_game/install.log'
[0.457s] Invoked command in '/home/youngmo/ros2_ws/src/hangman_game' returned '0': AMENT_PREFIX_PATH=/home/youngmo/ros2_ws/install/hangman_interfaces:${AMENT_PREFIX_PATH} CMAKE_PREFIX_PATH=/home/youngmo/ros2_ws/install/hangman_interfaces:${CMAKE_PREFIX_PATH} LD_LIBRARY_PATH=/home/youngmo/ros2_ws/install/hangman_interfaces/lib:${LD_LIBRARY_PATH} PYTHONPATH=/home/youngmo/ros2_ws/build/hangman_game/prefix_override:/usr/lib/python3/dist-packages/colcon_core/task/python/colcon_distutils_commands:/home/youngmo/ros2_ws/install/hangman_game/lib/python3.10/site-packages:/home/youngmo/ros2_ws/install/hangman_interfaces/local/lib/python3.10/dist-packages:${PYTHONPATH} /usr/bin/python3 -W ignore:setup.py install is deprecated -W ignore:easy_install command is deprecated setup.py egg_info --egg-base ../../build/hangman_game build --build-base /home/youngmo/ros2_ws/build/hangman_game/build install --record /home/youngmo/ros2_ws/build/hangman_game/install.log --single-version-externally-managed install_data
