-- The C compiler identification is GNU 11.4.0
-- The CXX compiler identification is GNU 11.4.0
-- Detecting C compiler ABI info
-- Detecting C compiler ABI info - done
-- Check for working C compiler: /usr/bin/cc - skipped
-- Detecting C compile features
-- Detecting C compile features - done
-- Detecting CXX compiler ABI info
-- Detecting CXX compiler ABI info - done
-- Check for working CXX compiler: /usr/bin/c++ - skipped
-- Detecting CXX compile features
-- Detecting CXX compile features - done
-- Found ament_cmake: 1.3.11 (/opt/ros/humble/share/ament_cmake/cmake)
-- Found Python3: /usr/bin/python3 (found version "3.10.12") found components: Interpreter 
-- Found rclcpp: 16.0.12 (/opt/ros/humble/share/rclcpp/cmake)
-- Found rosidl_generator_c: 3.1.6 (/opt/ros/humble/share/rosidl_generator_c/cmake)
-- Found rosidl_adapter: 3.1.6 (/opt/ros/humble/share/rosidl_adapter/cmake)
-- Found rosidl_generator_cpp: 3.1.6 (/opt/ros/humble/share/rosidl_generator_cpp/cmake)
-- Using all available rosidl_typesupport_c: rosidl_typesupport_fastrtps_c;rosidl_typesupport_introspection_c
-- Using all available rosidl_typesupport_cpp: rosidl_typesupport_fastrtps_cpp;rosidl_typesupport_introspection_cpp
-- Found rmw_implementation_cmake: 6.1.2 (/opt/ros/humble/share/rmw_implementation_cmake/cmake)
-- Found rmw_fastrtps_cpp: 6.2.7 (/opt/ros/humble/share/rmw_fastrtps_cpp/cmake)
-- Found OpenSSL: /usr/lib/x86_64-linux-gnu/libcrypto.so (found version "3.0.2")  
-- Found FastRTPS: /opt/ros/humble/include  
-- Using RMW implementation 'rmw_fastrtps_cpp' as default
-- Looking for pthread.h
-- Looking for pthread.h - found
-- Performing Test CMAKE_HAVE_LIBC_PTHREAD
-- Performing Test CMAKE_HAVE_LIBC_PTHREAD - Success
-- Found Threads: TRUE  
-- Found ros_study_msgs: 0.0.0 (/home/youngmo/ros2_ws/install/ros_study_msgs/share/ros_study_msgs/cmake)
-- Found rclcpp_action: 16.0.12 (/opt/ros/humble/share/rclcpp_action/cmake)
-- Found ament_lint_auto: 0.12.12 (/opt/ros/humble/share/ament_lint_auto/cmake)
-- Added test 'cppcheck' to perform static code analysis on C / C++ code
-- Configured cppcheck include dirs: /home/youngmo/ros2_ws/src/cpp_excalculator/include
-- Configured cppcheck exclude dirs and/or files: 
-- Added test 'flake8' to check Python code syntax and style conventions
-- Added test 'lint_cmake' to check CMake code style
-- Added test 'pep257' to check Python code against some of the docstring style conventions in PEP 257
-- Added test 'uncrustify' to check C / C++ code style
-- Configured uncrustify additional arguments: 
-- Added test 'xmllint' to check XML markup files
-- Configuring done
-- Generating done
-- Build files have been written to: /home/youngmo/ros2_ws/build/cpp_excalculator
[ 10%] [32mBuilding CXX object CMakeFiles/checker.dir/src/checker/main.cpp.o[0m
[ 20%] [32mBuilding CXX object CMakeFiles/checker.dir/src/checker/checker.cpp.o[0m
[ 30%] [32mBuilding CXX object CMakeFiles/operator.dir/src/arithmetic/operator.cpp.o[0m
[ 40%] [32mBuilding CXX object CMakeFiles/calculator.dir/src/calculator/calculator.cpp.o[0m
[ 50%] [32mBuilding CXX object CMakeFiles/calculator.dir/src/calculator/main.cpp.o[0m
[ 60%] [32mBuilding CXX object CMakeFiles/argument.dir/src/arithmetic/argument.cpp.o[0m
[ 70%] [32m[1mLinking CXX executable operator[0m
[ 70%] Built target operator
[ 80%] [32m[1mLinking CXX executable checker[0m
[ 80%] Built target checker
[ 90%] [32m[1mLinking CXX executable argument[0m
[ 90%] Built target argument
[100%] [32m[1mLinking CXX executable calculator[0m
[100%] Built target calculator
-- Install configuration: ""
-- Installing: /home/youngmo/ros2_ws/install/cpp_excalculator/lib/cpp_excalculator/argument
-- Set runtime path of "/home/youngmo/ros2_ws/install/cpp_excalculator/lib/cpp_excalculator/argument" to ""
-- Installing: /home/youngmo/ros2_ws/install/cpp_excalculator/lib/cpp_excalculator/operator
-- Set runtime path of "/home/youngmo/ros2_ws/install/cpp_excalculator/lib/cpp_excalculator/operator" to ""
-- Installing: /home/youngmo/ros2_ws/install/cpp_excalculator/lib/cpp_excalculator/calculator
-- Set runtime path of "/home/youngmo/ros2_ws/install/cpp_excalculator/lib/cpp_excalculator/calculator" to ""
-- Installing: /home/youngmo/ros2_ws/install/cpp_excalculator/lib/cpp_excalculator/checker
-- Set runtime path of "/home/youngmo/ros2_ws/install/cpp_excalculator/lib/cpp_excalculator/checker" to ""
-- Installing: /home/youngmo/ros2_ws/install/cpp_excalculator/share/cpp_excalculator//launch
-- Installing: /home/youngmo/ros2_ws/install/cpp_excalculator/share/cpp_excalculator//launch/arithmetic.launch.py
-- Installing: /home/youngmo/ros2_ws/install/cpp_excalculator/share/ament_index/resource_index/package_run_dependencies/cpp_excalculator
-- Installing: /home/youngmo/ros2_ws/install/cpp_excalculator/share/ament_index/resource_index/parent_prefix_path/cpp_excalculator
-- Installing: /home/youngmo/ros2_ws/install/cpp_excalculator/share/cpp_excalculator/environment/ament_prefix_path.sh
-- Installing: /home/youngmo/ros2_ws/install/cpp_excalculator/share/cpp_excalculator/environment/ament_prefix_path.dsv
-- Installing: /home/youngmo/ros2_ws/install/cpp_excalculator/share/cpp_excalculator/environment/path.sh
-- Installing: /home/youngmo/ros2_ws/install/cpp_excalculator/share/cpp_excalculator/environment/path.dsv
-- Installing: /home/youngmo/ros2_ws/install/cpp_excalculator/share/cpp_excalculator/local_setup.bash
-- Installing: /home/youngmo/ros2_ws/install/cpp_excalculator/share/cpp_excalculator/local_setup.sh
-- Installing: /home/youngmo/ros2_ws/install/cpp_excalculator/share/cpp_excalculator/local_setup.zsh
-- Installing: /home/youngmo/ros2_ws/install/cpp_excalculator/share/cpp_excalculator/local_setup.dsv
-- Installing: /home/youngmo/ros2_ws/install/cpp_excalculator/share/cpp_excalculator/package.dsv
-- Installing: /home/youngmo/ros2_ws/install/cpp_excalculator/share/ament_index/resource_index/packages/cpp_excalculator
-- Installing: /home/youngmo/ros2_ws/install/cpp_excalculator/share/cpp_excalculator/cmake/cpp_excalculatorConfig.cmake
-- Installing: /home/youngmo/ros2_ws/install/cpp_excalculator/share/cpp_excalculator/cmake/cpp_excalculatorConfig-version.cmake
-- Installing: /home/youngmo/ros2_ws/install/cpp_excalculator/share/cpp_excalculator/package.xml
