-- The C compiler identification is GNU 11.4.0
-- The CXX compiler identification is GNU 11.4.0
-- Detecting C compiler ABI info
-- Detecting C compiler ABI info - done
-- Check for working C compiler: /usr/bin/cc - skipped
-- Detecting C compile features
-- Detecting C compile features - done
-- Detecting CXX compiler ABI info
-- Detecting CXX compiler ABI info - done
-- Check for working CXX compiler: /usr/bin/c++ - skipped
-- Detecting CXX compile features
-- Detecting CXX compile features - done
-- Found ament_cmake: 1.3.11 (/opt/ros/humble/share/ament_cmake/cmake)
-- Found Python3: /usr/bin/python3 (found version "3.10.12") found components: Interpreter 
-- Found builtin_interfaces: 1.2.1 (/opt/ros/humble/share/builtin_interfaces/cmake)
-- Found rosidl_generator_c: 3.1.6 (/opt/ros/humble/share/rosidl_generator_c/cmake)
-- Found rosidl_adapter: 3.1.6 (/opt/ros/humble/share/rosidl_adapter/cmake)
-- Found rosidl_generator_cpp: 3.1.6 (/opt/ros/humble/share/rosidl_generator_cpp/cmake)
-- Using all available rosidl_typesupport_c: rosidl_typesupport_fastrtps_c;rosidl_typesupport_introspection_c
-- Using all available rosidl_typesupport_cpp: rosidl_typesupport_fastrtps_cpp;rosidl_typesupport_introspection_cpp
-- Found rosidl_default_generators: 1.2.0 (/opt/ros/humble/share/rosidl_default_generators/cmake)
-- Found ament_cmake_ros: 0.10.0 (/opt/ros/humble/share/ament_cmake_ros/cmake)
-- Using all available rosidl_typesupport_c: rosidl_typesupport_fastrtps_c;rosidl_typesupport_introspection_c
-- Using all available rosidl_typesupport_cpp: rosidl_typesupport_fastrtps_cpp;rosidl_typesupport_introspection_cpp
-- Found PythonInterp: /usr/bin/python3 (found suitable version "3.10.12", minimum required is "3.6") 
-- Found python_cmake_module: 0.10.0 (/opt/ros/humble/share/python_cmake_module/cmake)
-- Found PythonLibs: /usr/lib/x86_64-linux-gnu/libpython3.10.so (found suitable version "3.10.12", minimum required is "3.5") 
-- Using PYTHON_EXECUTABLE: /usr/bin/python3
-- Using PYTHON_INCLUDE_DIRS: /usr/include/python3.10
-- Using PYTHON_LIBRARIES: /usr/lib/x86_64-linux-gnu/libpython3.10.so
-- Found PythonExtra: .so  
-- Found ament_lint_auto: 0.12.12 (/opt/ros/humble/share/ament_lint_auto/cmake)
-- Added test 'lint_cmake' to check CMake code style
-- Added test 'xmllint' to check XML markup files
-- Configuring done
-- Generating done
-- Build files have been written to: /home/youngmo/ros2_ws/build/ros_study_msgs
[  2%] [34m[1mGenerating C code for ROS interfaces[0m
[  4%] [34m[1mGenerating C++ code for ROS interfaces[0m
[  4%] Built target ament_cmake_python_copy_ros_study_msgs
running egg_info
creating ros_study_msgs.egg-info
writing ros_study_msgs.egg-info/PKG-INFO
writing dependency_links to ros_study_msgs.egg-info/dependency_links.txt
writing top-level names to ros_study_msgs.egg-info/top_level.txt
writing manifest file 'ros_study_msgs.egg-info/SOURCES.txt'
reading manifest file 'ros_study_msgs.egg-info/SOURCES.txt'
writing manifest file 'ros_study_msgs.egg-info/SOURCES.txt'
[  4%] Built target ament_cmake_python_build_ros_study_msgs_egg
[  4%] Built target ros_study_msgs__cpp
[  6%] [34m[1mGenerating C++ type support dispatch for ROS interfaces[0m
[  8%] [34m[1mGenerating C++ introspection for ROS interfaces[0m
[ 10%] [34m[1mGenerating C++ type support for eProsima Fast-RTPS[0m
[ 12%] [32mBuilding C object CMakeFiles/ros_study_msgs__rosidl_generator_c.dir/rosidl_generator_c/ros_study_msgs/msg/detail/my_msg__functions.c.o[0m
[ 14%] [32mBuilding C object CMakeFiles/ros_study_msgs__rosidl_generator_c.dir/rosidl_generator_c/ros_study_msgs/action/detail/my_action__functions.c.o[0m
[ 17%] [32mBuilding C object CMakeFiles/ros_study_msgs__rosidl_generator_c.dir/rosidl_generator_c/ros_study_msgs/srv/detail/my_srv__functions.c.o[0m
[ 19%] [32m[1mLinking C shared library libros_study_msgs__rosidl_generator_c.so[0m
[ 19%] Built target ros_study_msgs__rosidl_generator_c
[ 21%] [34m[1mGenerating C introspection for ROS interfaces[0m
[ 23%] [34m[1mGenerating C type support for eProsima Fast-RTPS[0m
[ 25%] [34m[1mGenerating C type support dispatch for ROS interfaces[0m
[ 27%] [32mBuilding CXX object CMakeFiles/ros_study_msgs__rosidl_typesupport_cpp.dir/rosidl_typesupport_cpp/ros_study_msgs/srv/my_srv__type_support.cpp.o[0m
[ 29%] [32mBuilding CXX object CMakeFiles/ros_study_msgs__rosidl_typesupport_cpp.dir/rosidl_typesupport_cpp/ros_study_msgs/action/my_action__type_support.cpp.o[0m
[ 31%] [32mBuilding CXX object CMakeFiles/ros_study_msgs__rosidl_typesupport_cpp.dir/rosidl_typesupport_cpp/ros_study_msgs/msg/my_msg__type_support.cpp.o[0m
[ 34%] [32mBuilding CXX object CMakeFiles/ros_study_msgs__rosidl_typesupport_introspection_cpp.dir/rosidl_typesupport_introspection_cpp/ros_study_msgs/msg/detail/my_msg__type_support.cpp.o[0m
[ 36%] [32mBuilding CXX object CMakeFiles/ros_study_msgs__rosidl_typesupport_introspection_cpp.dir/rosidl_typesupport_introspection_cpp/ros_study_msgs/action/detail/my_action__type_support.cpp.o[0m
[ 38%] [32mBuilding CXX object CMakeFiles/ros_study_msgs__rosidl_typesupport_introspection_cpp.dir/rosidl_typesupport_introspection_cpp/ros_study_msgs/srv/detail/my_srv__type_support.cpp.o[0m
[ 40%] [32mBuilding CXX object CMakeFiles/ros_study_msgs__rosidl_typesupport_fastrtps_cpp.dir/rosidl_typesupport_fastrtps_cpp/ros_study_msgs/msg/detail/dds_fastrtps/my_msg__type_support.cpp.o[0m
[ 44%] [32mBuilding CXX object CMakeFiles/ros_study_msgs__rosidl_typesupport_fastrtps_cpp.dir/rosidl_typesupport_fastrtps_cpp/ros_study_msgs/action/detail/dds_fastrtps/my_action__type_support.cpp.o[0m
[ 44%] [32mBuilding CXX object CMakeFiles/ros_study_msgs__rosidl_typesupport_fastrtps_cpp.dir/rosidl_typesupport_fastrtps_cpp/ros_study_msgs/srv/detail/dds_fastrtps/my_srv__type_support.cpp.o[0m
[ 46%] [32mBuilding CXX object CMakeFiles/ros_study_msgs__rosidl_typesupport_fastrtps_c.dir/rosidl_typesupport_fastrtps_c/ros_study_msgs/srv/detail/my_srv__type_support_c.cpp.o[0m
[ 51%] [32mBuilding CXX object CMakeFiles/ros_study_msgs__rosidl_typesupport_c.dir/rosidl_typesupport_c/ros_study_msgs/srv/my_srv__type_support.cpp.o[0m
[ 51%] [32mBuilding CXX object CMakeFiles/ros_study_msgs__rosidl_typesupport_c.dir/rosidl_typesupport_c/ros_study_msgs/msg/my_msg__type_support.cpp.o[0m
[ 55%] [32mBuilding CXX object CMakeFiles/ros_study_msgs__rosidl_typesupport_fastrtps_c.dir/rosidl_typesupport_fastrtps_c/ros_study_msgs/action/detail/my_action__type_support_c.cpp.o[0m
[ 55%] [32mBuilding CXX object CMakeFiles/ros_study_msgs__rosidl_typesupport_fastrtps_c.dir/rosidl_typesupport_fastrtps_c/ros_study_msgs/msg/detail/my_msg__type_support_c.cpp.o[0m
[ 57%] [32mBuilding CXX object CMakeFiles/ros_study_msgs__rosidl_typesupport_c.dir/rosidl_typesupport_c/ros_study_msgs/action/my_action__type_support.cpp.o[0m
[ 59%] [32m[1mLinking CXX shared library libros_study_msgs__rosidl_typesupport_c.so[0m
[ 61%] [32mBuilding C object CMakeFiles/ros_study_msgs__rosidl_typesupport_introspection_c.dir/rosidl_typesupport_introspection_c/ros_study_msgs/srv/detail/my_srv__type_support.c.o[0m
[ 63%] [32mBuilding C object CMakeFiles/ros_study_msgs__rosidl_typesupport_introspection_c.dir/rosidl_typesupport_introspection_c/ros_study_msgs/msg/detail/my_msg__type_support.c.o[0m
[ 65%] [32mBuilding C object CMakeFiles/ros_study_msgs__rosidl_typesupport_introspection_c.dir/rosidl_typesupport_introspection_c/ros_study_msgs/action/detail/my_action__type_support.c.o[0m
[ 65%] Built target ros_study_msgs__rosidl_typesupport_c
[ 68%] [32m[1mLinking CXX shared library libros_study_msgs__rosidl_typesupport_cpp.so[0m
[ 70%] [32m[1mLinking C shared library libros_study_msgs__rosidl_typesupport_introspection_c.so[0m
[ 70%] Built target ros_study_msgs__rosidl_typesupport_cpp
[ 70%] Built target ros_study_msgs__rosidl_typesupport_introspection_c
[ 72%] [32m[1mLinking CXX shared library libros_study_msgs__rosidl_typesupport_fastrtps_c.so[0m
[ 74%] [32m[1mLinking CXX shared library libros_study_msgs__rosidl_typesupport_fastrtps_cpp.so[0m
[ 76%] [32m[1mLinking CXX shared library libros_study_msgs__rosidl_typesupport_introspection_cpp.so[0m
[ 76%] Built target ros_study_msgs__rosidl_typesupport_fastrtps_c
[ 76%] Built target ros_study_msgs__rosidl_typesupport_fastrtps_cpp
[ 76%] Built target ros_study_msgs__rosidl_typesupport_introspection_cpp
[ 76%] Built target ros_study_msgs
[ 78%] [34m[1mGenerating Python code for ROS interfaces[0m
[ 78%] Built target ros_study_msgs__py
[ 80%] [32mBuilding C object CMakeFiles/ros_study_msgs__rosidl_generator_py.dir/rosidl_generator_py/ros_study_msgs/msg/_my_msg_s.c.o[0m
[ 82%] [32mBuilding C object CMakeFiles/ros_study_msgs__rosidl_generator_py.dir/rosidl_generator_py/ros_study_msgs/srv/_my_srv_s.c.o[0m
[ 85%] [32mBuilding C object CMakeFiles/ros_study_msgs__rosidl_generator_py.dir/rosidl_generator_py/ros_study_msgs/action/_my_action_s.c.o[0m
[ 87%] [32m[1mLinking C shared library rosidl_generator_py/ros_study_msgs/libros_study_msgs__rosidl_generator_py.so[0m
[ 87%] Built target ros_study_msgs__rosidl_generator_py
[ 89%] [32mBuilding C object CMakeFiles/ros_study_msgs__rosidl_typesupport_fastrtps_c__pyext.dir/rosidl_generator_py/ros_study_msgs/_ros_study_msgs_s.ep.rosidl_typesupport_fastrtps_c.c.o[0m
[ 91%] [32mBuilding C object CMakeFiles/ros_study_msgs__rosidl_typesupport_introspection_c__pyext.dir/rosidl_generator_py/ros_study_msgs/_ros_study_msgs_s.ep.rosidl_typesupport_introspection_c.c.o[0m
[ 93%] [32mBuilding C object CMakeFiles/ros_study_msgs__rosidl_typesupport_c__pyext.dir/rosidl_generator_py/ros_study_msgs/_ros_study_msgs_s.ep.rosidl_typesupport_c.c.o[0m
[ 95%] [32m[1mLinking C shared library rosidl_generator_py/ros_study_msgs/ros_study_msgs_s__rosidl_typesupport_fastrtps_c.cpython-310-x86_64-linux-gnu.so[0m
[ 97%] [32m[1mLinking C shared library rosidl_generator_py/ros_study_msgs/ros_study_msgs_s__rosidl_typesupport_introspection_c.cpython-310-x86_64-linux-gnu.so[0m
[100%] [32m[1mLinking C shared library rosidl_generator_py/ros_study_msgs/ros_study_msgs_s__rosidl_typesupport_c.cpython-310-x86_64-linux-gnu.so[0m
[100%] Built target ros_study_msgs__rosidl_typesupport_fastrtps_c__pyext
[100%] Built target ros_study_msgs__rosidl_typesupport_introspection_c__pyext
[100%] Built target ros_study_msgs__rosidl_typesupport_c__pyext
-- Install configuration: ""
-- Installing: /home/youngmo/ros2_ws/install/ros_study_msgs/share/ament_index/resource_index/rosidl_interfaces/ros_study_msgs
-- Installing: /home/youngmo/ros2_ws/install/ros_study_msgs/include/ros_study_msgs/ros_study_msgs
-- Installing: /home/youngmo/ros2_ws/install/ros_study_msgs/include/ros_study_msgs/ros_study_msgs/srv
-- Installing: /home/youngmo/ros2_ws/install/ros_study_msgs/include/ros_study_msgs/ros_study_msgs/srv/my_srv.h
-- Installing: /home/youngmo/ros2_ws/install/ros_study_msgs/include/ros_study_msgs/ros_study_msgs/srv/detail
-- Installing: /home/youngmo/ros2_ws/install/ros_study_msgs/include/ros_study_msgs/ros_study_msgs/srv/detail/my_srv__functions.c
-- Installing: /home/youngmo/ros2_ws/install/ros_study_msgs/include/ros_study_msgs/ros_study_msgs/srv/detail/my_srv__type_support.h
-- Installing: /home/youngmo/ros2_ws/install/ros_study_msgs/include/ros_study_msgs/ros_study_msgs/srv/detail/my_srv__functions.h
-- Installing: /home/youngmo/ros2_ws/install/ros_study_msgs/include/ros_study_msgs/ros_study_msgs/srv/detail/my_srv__struct.h
-- Installing: /home/youngmo/ros2_ws/install/ros_study_msgs/include/ros_study_msgs/ros_study_msgs/action
-- Installing: /home/youngmo/ros2_ws/install/ros_study_msgs/include/ros_study_msgs/ros_study_msgs/action/detail
-- Installing: /home/youngmo/ros2_ws/install/ros_study_msgs/include/ros_study_msgs/ros_study_msgs/action/detail/my_action__functions.c
-- Installing: /home/youngmo/ros2_ws/install/ros_study_msgs/include/ros_study_msgs/ros_study_msgs/action/detail/my_action__type_support.h
-- Installing: /home/youngmo/ros2_ws/install/ros_study_msgs/include/ros_study_msgs/ros_study_msgs/action/detail/my_action__struct.h
-- Installing: /home/youngmo/ros2_ws/install/ros_study_msgs/include/ros_study_msgs/ros_study_msgs/action/detail/my_action__functions.h
-- Installing: /home/youngmo/ros2_ws/install/ros_study_msgs/include/ros_study_msgs/ros_study_msgs/action/my_action.h
-- Installing: /home/youngmo/ros2_ws/install/ros_study_msgs/include/ros_study_msgs/ros_study_msgs/msg
-- Installing: /home/youngmo/ros2_ws/install/ros_study_msgs/include/ros_study_msgs/ros_study_msgs/msg/my_msg.h
-- Installing: /home/youngmo/ros2_ws/install/ros_study_msgs/include/ros_study_msgs/ros_study_msgs/msg/detail
-- Installing: /home/youngmo/ros2_ws/install/ros_study_msgs/include/ros_study_msgs/ros_study_msgs/msg/detail/my_msg__struct.h
-- Installing: /home/youngmo/ros2_ws/install/ros_study_msgs/include/ros_study_msgs/ros_study_msgs/msg/detail/my_msg__functions.c
-- Installing: /home/youngmo/ros2_ws/install/ros_study_msgs/include/ros_study_msgs/ros_study_msgs/msg/detail/my_msg__type_support.h
-- Installing: /home/youngmo/ros2_ws/install/ros_study_msgs/include/ros_study_msgs/ros_study_msgs/msg/detail/my_msg__functions.h
-- Installing: /home/youngmo/ros2_ws/install/ros_study_msgs/include/ros_study_msgs/ros_study_msgs/msg/rosidl_generator_c__visibility_control.h
-- Installing: /home/youngmo/ros2_ws/install/ros_study_msgs/share/ros_study_msgs/environment/library_path.sh
-- Installing: /home/youngmo/ros2_ws/install/ros_study_msgs/share/ros_study_msgs/environment/library_path.dsv
-- Installing: /home/youngmo/ros2_ws/install/ros_study_msgs/lib/libros_study_msgs__rosidl_generator_c.so
-- Set runtime path of "/home/youngmo/ros2_ws/install/ros_study_msgs/lib/libros_study_msgs__rosidl_generator_c.so" to ""
-- Up-to-date: /home/youngmo/ros2_ws/install/ros_study_msgs/include/ros_study_msgs/ros_study_msgs
-- Up-to-date: /home/youngmo/ros2_ws/install/ros_study_msgs/include/ros_study_msgs/ros_study_msgs/srv
-- Up-to-date: /home/youngmo/ros2_ws/install/ros_study_msgs/include/ros_study_msgs/ros_study_msgs/srv/detail
-- Installing: /home/youngmo/ros2_ws/install/ros_study_msgs/include/ros_study_msgs/ros_study_msgs/srv/detail/my_srv__rosidl_typesupport_fastrtps_c.h
-- Up-to-date: /home/youngmo/ros2_ws/install/ros_study_msgs/include/ros_study_msgs/ros_study_msgs/action
-- Up-to-date: /home/youngmo/ros2_ws/install/ros_study_msgs/include/ros_study_msgs/ros_study_msgs/action/detail
-- Installing: /home/youngmo/ros2_ws/install/ros_study_msgs/include/ros_study_msgs/ros_study_msgs/action/detail/my_action__rosidl_typesupport_fastrtps_c.h
-- Up-to-date: /home/youngmo/ros2_ws/install/ros_study_msgs/include/ros_study_msgs/ros_study_msgs/msg
-- Up-to-date: /home/youngmo/ros2_ws/install/ros_study_msgs/include/ros_study_msgs/ros_study_msgs/msg/detail
-- Installing: /home/youngmo/ros2_ws/install/ros_study_msgs/include/ros_study_msgs/ros_study_msgs/msg/detail/my_msg__rosidl_typesupport_fastrtps_c.h
-- Installing: /home/youngmo/ros2_ws/install/ros_study_msgs/include/ros_study_msgs/ros_study_msgs/msg/rosidl_typesupport_fastrtps_c__visibility_control.h
-- Installing: /home/youngmo/ros2_ws/install/ros_study_msgs/lib/libros_study_msgs__rosidl_typesupport_fastrtps_c.so
-- Set runtime path of "/home/youngmo/ros2_ws/install/ros_study_msgs/lib/libros_study_msgs__rosidl_typesupport_fastrtps_c.so" to ""
-- Up-to-date: /home/youngmo/ros2_ws/install/ros_study_msgs/include/ros_study_msgs/ros_study_msgs
-- Up-to-date: /home/youngmo/ros2_ws/install/ros_study_msgs/include/ros_study_msgs/ros_study_msgs/srv
-- Up-to-date: /home/youngmo/ros2_ws/install/ros_study_msgs/include/ros_study_msgs/ros_study_msgs/srv/detail
-- Installing: /home/youngmo/ros2_ws/install/ros_study_msgs/include/ros_study_msgs/ros_study_msgs/srv/detail/my_srv__traits.hpp
-- Installing: /home/youngmo/ros2_ws/install/ros_study_msgs/include/ros_study_msgs/ros_study_msgs/srv/detail/my_srv__type_support.hpp
-- Installing: /home/youngmo/ros2_ws/install/ros_study_msgs/include/ros_study_msgs/ros_study_msgs/srv/detail/my_srv__builder.hpp
-- Installing: /home/youngmo/ros2_ws/install/ros_study_msgs/include/ros_study_msgs/ros_study_msgs/srv/detail/my_srv__struct.hpp
-- Installing: /home/youngmo/ros2_ws/install/ros_study_msgs/include/ros_study_msgs/ros_study_msgs/srv/my_srv.hpp
-- Up-to-date: /home/youngmo/ros2_ws/install/ros_study_msgs/include/ros_study_msgs/ros_study_msgs/action
-- Installing: /home/youngmo/ros2_ws/install/ros_study_msgs/include/ros_study_msgs/ros_study_msgs/action/my_action.hpp
-- Up-to-date: /home/youngmo/ros2_ws/install/ros_study_msgs/include/ros_study_msgs/ros_study_msgs/action/detail
-- Installing: /home/youngmo/ros2_ws/install/ros_study_msgs/include/ros_study_msgs/ros_study_msgs/action/detail/my_action__builder.hpp
-- Installing: /home/youngmo/ros2_ws/install/ros_study_msgs/include/ros_study_msgs/ros_study_msgs/action/detail/my_action__traits.hpp
-- Installing: /home/youngmo/ros2_ws/install/ros_study_msgs/include/ros_study_msgs/ros_study_msgs/action/detail/my_action__struct.hpp
-- Installing: /home/youngmo/ros2_ws/install/ros_study_msgs/include/ros_study_msgs/ros_study_msgs/action/detail/my_action__type_support.hpp
-- Up-to-date: /home/youngmo/ros2_ws/install/ros_study_msgs/include/ros_study_msgs/ros_study_msgs/msg
-- Installing: /home/youngmo/ros2_ws/install/ros_study_msgs/include/ros_study_msgs/ros_study_msgs/msg/rosidl_generator_cpp__visibility_control.hpp
-- Up-to-date: /home/youngmo/ros2_ws/install/ros_study_msgs/include/ros_study_msgs/ros_study_msgs/msg/detail
-- Installing: /home/youngmo/ros2_ws/install/ros_study_msgs/include/ros_study_msgs/ros_study_msgs/msg/detail/my_msg__struct.hpp
-- Installing: /home/youngmo/ros2_ws/install/ros_study_msgs/include/ros_study_msgs/ros_study_msgs/msg/detail/my_msg__traits.hpp
-- Installing: /home/youngmo/ros2_ws/install/ros_study_msgs/include/ros_study_msgs/ros_study_msgs/msg/detail/my_msg__type_support.hpp
-- Installing: /home/youngmo/ros2_ws/install/ros_study_msgs/include/ros_study_msgs/ros_study_msgs/msg/detail/my_msg__builder.hpp
-- Installing: /home/youngmo/ros2_ws/install/ros_study_msgs/include/ros_study_msgs/ros_study_msgs/msg/my_msg.hpp
-- Up-to-date: /home/youngmo/ros2_ws/install/ros_study_msgs/include/ros_study_msgs/ros_study_msgs
-- Up-to-date: /home/youngmo/ros2_ws/install/ros_study_msgs/include/ros_study_msgs/ros_study_msgs/srv
-- Up-to-date: /home/youngmo/ros2_ws/install/ros_study_msgs/include/ros_study_msgs/ros_study_msgs/srv/detail
-- Installing: /home/youngmo/ros2_ws/install/ros_study_msgs/include/ros_study_msgs/ros_study_msgs/srv/detail/dds_fastrtps
-- Installing: /home/youngmo/ros2_ws/install/ros_study_msgs/include/ros_study_msgs/ros_study_msgs/srv/detail/my_srv__rosidl_typesupport_fastrtps_cpp.hpp
-- Up-to-date: /home/youngmo/ros2_ws/install/ros_study_msgs/include/ros_study_msgs/ros_study_msgs/action
-- Up-to-date: /home/youngmo/ros2_ws/install/ros_study_msgs/include/ros_study_msgs/ros_study_msgs/action/detail
-- Installing: /home/youngmo/ros2_ws/install/ros_study_msgs/include/ros_study_msgs/ros_study_msgs/action/detail/my_action__rosidl_typesupport_fastrtps_cpp.hpp
-- Installing: /home/youngmo/ros2_ws/install/ros_study_msgs/include/ros_study_msgs/ros_study_msgs/action/detail/dds_fastrtps
-- Up-to-date: /home/youngmo/ros2_ws/install/ros_study_msgs/include/ros_study_msgs/ros_study_msgs/msg
-- Up-to-date: /home/youngmo/ros2_ws/install/ros_study_msgs/include/ros_study_msgs/ros_study_msgs/msg/detail
-- Installing: /home/youngmo/ros2_ws/install/ros_study_msgs/include/ros_study_msgs/ros_study_msgs/msg/detail/my_msg__rosidl_typesupport_fastrtps_cpp.hpp
-- Installing: /home/youngmo/ros2_ws/install/ros_study_msgs/include/ros_study_msgs/ros_study_msgs/msg/detail/dds_fastrtps
-- Installing: /home/youngmo/ros2_ws/install/ros_study_msgs/include/ros_study_msgs/ros_study_msgs/msg/rosidl_typesupport_fastrtps_cpp__visibility_control.h
-- Installing: /home/youngmo/ros2_ws/install/ros_study_msgs/lib/libros_study_msgs__rosidl_typesupport_fastrtps_cpp.so
-- Set runtime path of "/home/youngmo/ros2_ws/install/ros_study_msgs/lib/libros_study_msgs__rosidl_typesupport_fastrtps_cpp.so" to ""
-- Up-to-date: /home/youngmo/ros2_ws/install/ros_study_msgs/include/ros_study_msgs/ros_study_msgs
-- Up-to-date: /home/youngmo/ros2_ws/install/ros_study_msgs/include/ros_study_msgs/ros_study_msgs/srv
-- Up-to-date: /home/youngmo/ros2_ws/install/ros_study_msgs/include/ros_study_msgs/ros_study_msgs/srv/detail
-- Installing: /home/youngmo/ros2_ws/install/ros_study_msgs/include/ros_study_msgs/ros_study_msgs/srv/detail/my_srv__type_support.c
-- Installing: /home/youngmo/ros2_ws/install/ros_study_msgs/include/ros_study_msgs/ros_study_msgs/srv/detail/my_srv__rosidl_typesupport_introspection_c.h
-- Up-to-date: /home/youngmo/ros2_ws/install/ros_study_msgs/include/ros_study_msgs/ros_study_msgs/action
-- Up-to-date: /home/youngmo/ros2_ws/install/ros_study_msgs/include/ros_study_msgs/ros_study_msgs/action/detail
-- Installing: /home/youngmo/ros2_ws/install/ros_study_msgs/include/ros_study_msgs/ros_study_msgs/action/detail/my_action__type_support.c
-- Installing: /home/youngmo/ros2_ws/install/ros_study_msgs/include/ros_study_msgs/ros_study_msgs/action/detail/my_action__rosidl_typesupport_introspection_c.h
-- Up-to-date: /home/youngmo/ros2_ws/install/ros_study_msgs/include/ros_study_msgs/ros_study_msgs/msg
-- Installing: /home/youngmo/ros2_ws/install/ros_study_msgs/include/ros_study_msgs/ros_study_msgs/msg/rosidl_typesupport_introspection_c__visibility_control.h
-- Up-to-date: /home/youngmo/ros2_ws/install/ros_study_msgs/include/ros_study_msgs/ros_study_msgs/msg/detail
-- Installing: /home/youngmo/ros2_ws/install/ros_study_msgs/include/ros_study_msgs/ros_study_msgs/msg/detail/my_msg__type_support.c
-- Installing: /home/youngmo/ros2_ws/install/ros_study_msgs/include/ros_study_msgs/ros_study_msgs/msg/detail/my_msg__rosidl_typesupport_introspection_c.h
-- Installing: /home/youngmo/ros2_ws/install/ros_study_msgs/lib/libros_study_msgs__rosidl_typesupport_introspection_c.so
-- Set runtime path of "/home/youngmo/ros2_ws/install/ros_study_msgs/lib/libros_study_msgs__rosidl_typesupport_introspection_c.so" to ""
-- Installing: /home/youngmo/ros2_ws/install/ros_study_msgs/lib/libros_study_msgs__rosidl_typesupport_c.so
-- Set runtime path of "/home/youngmo/ros2_ws/install/ros_study_msgs/lib/libros_study_msgs__rosidl_typesupport_c.so" to ""
-- Up-to-date: /home/youngmo/ros2_ws/install/ros_study_msgs/include/ros_study_msgs/ros_study_msgs
-- Up-to-date: /home/youngmo/ros2_ws/install/ros_study_msgs/include/ros_study_msgs/ros_study_msgs/srv
-- Up-to-date: /home/youngmo/ros2_ws/install/ros_study_msgs/include/ros_study_msgs/ros_study_msgs/srv/detail
-- Installing: /home/youngmo/ros2_ws/install/ros_study_msgs/include/ros_study_msgs/ros_study_msgs/srv/detail/my_srv__type_support.cpp
-- Installing: /home/youngmo/ros2_ws/install/ros_study_msgs/include/ros_study_msgs/ros_study_msgs/srv/detail/my_srv__rosidl_typesupport_introspection_cpp.hpp
-- Up-to-date: /home/youngmo/ros2_ws/install/ros_study_msgs/include/ros_study_msgs/ros_study_msgs/action
-- Up-to-date: /home/youngmo/ros2_ws/install/ros_study_msgs/include/ros_study_msgs/ros_study_msgs/action/detail
-- Installing: /home/youngmo/ros2_ws/install/ros_study_msgs/include/ros_study_msgs/ros_study_msgs/action/detail/my_action__rosidl_typesupport_introspection_cpp.hpp
-- Installing: /home/youngmo/ros2_ws/install/ros_study_msgs/include/ros_study_msgs/ros_study_msgs/action/detail/my_action__type_support.cpp
-- Up-to-date: /home/youngmo/ros2_ws/install/ros_study_msgs/include/ros_study_msgs/ros_study_msgs/msg
-- Up-to-date: /home/youngmo/ros2_ws/install/ros_study_msgs/include/ros_study_msgs/ros_study_msgs/msg/detail
-- Installing: /home/youngmo/ros2_ws/install/ros_study_msgs/include/ros_study_msgs/ros_study_msgs/msg/detail/my_msg__type_support.cpp
-- Installing: /home/youngmo/ros2_ws/install/ros_study_msgs/include/ros_study_msgs/ros_study_msgs/msg/detail/my_msg__rosidl_typesupport_introspection_cpp.hpp
-- Installing: /home/youngmo/ros2_ws/install/ros_study_msgs/lib/libros_study_msgs__rosidl_typesupport_introspection_cpp.so
-- Set runtime path of "/home/youngmo/ros2_ws/install/ros_study_msgs/lib/libros_study_msgs__rosidl_typesupport_introspection_cpp.so" to ""
-- Installing: /home/youngmo/ros2_ws/install/ros_study_msgs/lib/libros_study_msgs__rosidl_typesupport_cpp.so
-- Set runtime path of "/home/youngmo/ros2_ws/install/ros_study_msgs/lib/libros_study_msgs__rosidl_typesupport_cpp.so" to ""
-- Installing: /home/youngmo/ros2_ws/install/ros_study_msgs/share/ros_study_msgs/environment/pythonpath.sh
-- Installing: /home/youngmo/ros2_ws/install/ros_study_msgs/share/ros_study_msgs/environment/pythonpath.dsv
-- Installing: /home/youngmo/ros2_ws/install/ros_study_msgs/local/lib/python3.10/dist-packages/ros_study_msgs-0.0.0-py3.10.egg-info
-- Installing: /home/youngmo/ros2_ws/install/ros_study_msgs/local/lib/python3.10/dist-packages/ros_study_msgs-0.0.0-py3.10.egg-info/dependency_links.txt
-- Installing: /home/youngmo/ros2_ws/install/ros_study_msgs/local/lib/python3.10/dist-packages/ros_study_msgs-0.0.0-py3.10.egg-info/top_level.txt
-- Installing: /home/youngmo/ros2_ws/install/ros_study_msgs/local/lib/python3.10/dist-packages/ros_study_msgs-0.0.0-py3.10.egg-info/SOURCES.txt
-- Installing: /home/youngmo/ros2_ws/install/ros_study_msgs/local/lib/python3.10/dist-packages/ros_study_msgs-0.0.0-py3.10.egg-info/PKG-INFO
-- Installing: /home/youngmo/ros2_ws/install/ros_study_msgs/local/lib/python3.10/dist-packages/ros_study_msgs
-- Installing: /home/youngmo/ros2_ws/install/ros_study_msgs/local/lib/python3.10/dist-packages/ros_study_msgs/_ros_study_msgs_s.ep.rosidl_typesupport_fastrtps_c.c
-- Installing: /home/youngmo/ros2_ws/install/ros_study_msgs/local/lib/python3.10/dist-packages/ros_study_msgs/_ros_study_msgs_s.ep.rosidl_typesupport_introspection_c.c
-- Installing: /home/youngmo/ros2_ws/install/ros_study_msgs/local/lib/python3.10/dist-packages/ros_study_msgs/srv
-- Installing: /home/youngmo/ros2_ws/install/ros_study_msgs/local/lib/python3.10/dist-packages/ros_study_msgs/srv/_my_srv_s.c
-- Installing: /home/youngmo/ros2_ws/install/ros_study_msgs/local/lib/python3.10/dist-packages/ros_study_msgs/srv/_my_srv.py
-- Installing: /home/youngmo/ros2_ws/install/ros_study_msgs/local/lib/python3.10/dist-packages/ros_study_msgs/srv/__init__.py
-- Installing: /home/youngmo/ros2_ws/install/ros_study_msgs/local/lib/python3.10/dist-packages/ros_study_msgs/action
-- Installing: /home/youngmo/ros2_ws/install/ros_study_msgs/local/lib/python3.10/dist-packages/ros_study_msgs/action/__init__.py
-- Installing: /home/youngmo/ros2_ws/install/ros_study_msgs/local/lib/python3.10/dist-packages/ros_study_msgs/action/_my_action_s.c
-- Installing: /home/youngmo/ros2_ws/install/ros_study_msgs/local/lib/python3.10/dist-packages/ros_study_msgs/action/_my_action.py
-- Installing: /home/youngmo/ros2_ws/install/ros_study_msgs/local/lib/python3.10/dist-packages/ros_study_msgs/ros_study_msgs_s__rosidl_typesupport_introspection_c.cpython-310-x86_64-linux-gnu.so
-- Installing: /home/youngmo/ros2_ws/install/ros_study_msgs/local/lib/python3.10/dist-packages/ros_study_msgs/ros_study_msgs_s__rosidl_typesupport_fastrtps_c.cpython-310-x86_64-linux-gnu.so
-- Installing: /home/youngmo/ros2_ws/install/ros_study_msgs/local/lib/python3.10/dist-packages/ros_study_msgs/libros_study_msgs__rosidl_generator_py.so
-- Installing: /home/youngmo/ros2_ws/install/ros_study_msgs/local/lib/python3.10/dist-packages/ros_study_msgs/__init__.py
-- Installing: /home/youngmo/ros2_ws/install/ros_study_msgs/local/lib/python3.10/dist-packages/ros_study_msgs/msg
-- Installing: /home/youngmo/ros2_ws/install/ros_study_msgs/local/lib/python3.10/dist-packages/ros_study_msgs/msg/_my_msg.py
-- Installing: /home/youngmo/ros2_ws/install/ros_study_msgs/local/lib/python3.10/dist-packages/ros_study_msgs/msg/__init__.py
-- Installing: /home/youngmo/ros2_ws/install/ros_study_msgs/local/lib/python3.10/dist-packages/ros_study_msgs/msg/_my_msg_s.c
-- Installing: /home/youngmo/ros2_ws/install/ros_study_msgs/local/lib/python3.10/dist-packages/ros_study_msgs/_ros_study_msgs_s.ep.rosidl_typesupport_c.c
-- Installing: /home/youngmo/ros2_ws/install/ros_study_msgs/local/lib/python3.10/dist-packages/ros_study_msgs/ros_study_msgs_s__rosidl_typesupport_c.cpython-310-x86_64-linux-gnu.so
Listing '/home/youngmo/ros2_ws/install/ros_study_msgs/local/lib/python3.10/dist-packages/ros_study_msgs'...
Compiling '/home/youngmo/ros2_ws/install/ros_study_msgs/local/lib/python3.10/dist-packages/ros_study_msgs/__init__.py'...
Listing '/home/youngmo/ros2_ws/install/ros_study_msgs/local/lib/python3.10/dist-packages/ros_study_msgs/action'...
Compiling '/home/youngmo/ros2_ws/install/ros_study_msgs/local/lib/python3.10/dist-packages/ros_study_msgs/action/__init__.py'...
Compiling '/home/youngmo/ros2_ws/install/ros_study_msgs/local/lib/python3.10/dist-packages/ros_study_msgs/action/_my_action.py'...
Listing '/home/youngmo/ros2_ws/install/ros_study_msgs/local/lib/python3.10/dist-packages/ros_study_msgs/msg'...
Compiling '/home/youngmo/ros2_ws/install/ros_study_msgs/local/lib/python3.10/dist-packages/ros_study_msgs/msg/__init__.py'...
Compiling '/home/youngmo/ros2_ws/install/ros_study_msgs/local/lib/python3.10/dist-packages/ros_study_msgs/msg/_my_msg.py'...
Listing '/home/youngmo/ros2_ws/install/ros_study_msgs/local/lib/python3.10/dist-packages/ros_study_msgs/srv'...
Compiling '/home/youngmo/ros2_ws/install/ros_study_msgs/local/lib/python3.10/dist-packages/ros_study_msgs/srv/__init__.py'...
Compiling '/home/youngmo/ros2_ws/install/ros_study_msgs/local/lib/python3.10/dist-packages/ros_study_msgs/srv/_my_srv.py'...
-- Installing: /home/youngmo/ros2_ws/install/ros_study_msgs/local/lib/python3.10/dist-packages/ros_study_msgs/ros_study_msgs_s__rosidl_typesupport_fastrtps_c.cpython-310-x86_64-linux-gnu.so
-- Set runtime path of "/home/youngmo/ros2_ws/install/ros_study_msgs/local/lib/python3.10/dist-packages/ros_study_msgs/ros_study_msgs_s__rosidl_typesupport_fastrtps_c.cpython-310-x86_64-linux-gnu.so" to ""
-- Installing: /home/youngmo/ros2_ws/install/ros_study_msgs/local/lib/python3.10/dist-packages/ros_study_msgs/ros_study_msgs_s__rosidl_typesupport_introspection_c.cpython-310-x86_64-linux-gnu.so
-- Set runtime path of "/home/youngmo/ros2_ws/install/ros_study_msgs/local/lib/python3.10/dist-packages/ros_study_msgs/ros_study_msgs_s__rosidl_typesupport_introspection_c.cpython-310-x86_64-linux-gnu.so" to ""
-- Installing: /home/youngmo/ros2_ws/install/ros_study_msgs/local/lib/python3.10/dist-packages/ros_study_msgs/ros_study_msgs_s__rosidl_typesupport_c.cpython-310-x86_64-linux-gnu.so
-- Set runtime path of "/home/youngmo/ros2_ws/install/ros_study_msgs/local/lib/python3.10/dist-packages/ros_study_msgs/ros_study_msgs_s__rosidl_typesupport_c.cpython-310-x86_64-linux-gnu.so" to ""
-- Installing: /home/youngmo/ros2_ws/install/ros_study_msgs/lib/libros_study_msgs__rosidl_generator_py.so
-- Set runtime path of "/home/youngmo/ros2_ws/install/ros_study_msgs/lib/libros_study_msgs__rosidl_generator_py.so" to ""
-- Installing: /home/youngmo/ros2_ws/install/ros_study_msgs/share/ros_study_msgs/msg/MyMsg.idl
-- Installing: /home/youngmo/ros2_ws/install/ros_study_msgs/share/ros_study_msgs/srv/MySrv.idl
-- Installing: /home/youngmo/ros2_ws/install/ros_study_msgs/share/ros_study_msgs/action/MyAction.idl
-- Installing: /home/youngmo/ros2_ws/install/ros_study_msgs/share/ros_study_msgs/msg/MyMsg.msg
-- Installing: /home/youngmo/ros2_ws/install/ros_study_msgs/share/ros_study_msgs/srv/MySrv.srv
-- Installing: /home/youngmo/ros2_ws/install/ros_study_msgs/share/ros_study_msgs/srv/MySrv_Request.msg
-- Installing: /home/youngmo/ros2_ws/install/ros_study_msgs/share/ros_study_msgs/srv/MySrv_Response.msg
-- Installing: /home/youngmo/ros2_ws/install/ros_study_msgs/share/ros_study_msgs/action/MyAction.action
-- Installing: /home/youngmo/ros2_ws/install/ros_study_msgs/share/ament_index/resource_index/package_run_dependencies/ros_study_msgs
-- Installing: /home/youngmo/ros2_ws/install/ros_study_msgs/share/ament_index/resource_index/parent_prefix_path/ros_study_msgs
-- Installing: /home/youngmo/ros2_ws/install/ros_study_msgs/share/ros_study_msgs/environment/ament_prefix_path.sh
-- Installing: /home/youngmo/ros2_ws/install/ros_study_msgs/share/ros_study_msgs/environment/ament_prefix_path.dsv
-- Installing: /home/youngmo/ros2_ws/install/ros_study_msgs/share/ros_study_msgs/environment/path.sh
-- Installing: /home/youngmo/ros2_ws/install/ros_study_msgs/share/ros_study_msgs/environment/path.dsv
-- Installing: /home/youngmo/ros2_ws/install/ros_study_msgs/share/ros_study_msgs/local_setup.bash
-- Installing: /home/youngmo/ros2_ws/install/ros_study_msgs/share/ros_study_msgs/local_setup.sh
-- Installing: /home/youngmo/ros2_ws/install/ros_study_msgs/share/ros_study_msgs/local_setup.zsh
-- Installing: /home/youngmo/ros2_ws/install/ros_study_msgs/share/ros_study_msgs/local_setup.dsv
-- Installing: /home/youngmo/ros2_ws/install/ros_study_msgs/share/ros_study_msgs/package.dsv
-- Installing: /home/youngmo/ros2_ws/install/ros_study_msgs/share/ament_index/resource_index/packages/ros_study_msgs
-- Installing: /home/youngmo/ros2_ws/install/ros_study_msgs/share/ros_study_msgs/cmake/export_ros_study_msgs__rosidl_generator_cExport.cmake
-- Installing: /home/youngmo/ros2_ws/install/ros_study_msgs/share/ros_study_msgs/cmake/export_ros_study_msgs__rosidl_generator_cExport-noconfig.cmake
-- Installing: /home/youngmo/ros2_ws/install/ros_study_msgs/share/ros_study_msgs/cmake/export_ros_study_msgs__rosidl_typesupport_fastrtps_cExport.cmake
-- Installing: /home/youngmo/ros2_ws/install/ros_study_msgs/share/ros_study_msgs/cmake/export_ros_study_msgs__rosidl_typesupport_fastrtps_cExport-noconfig.cmake
-- Installing: /home/youngmo/ros2_ws/install/ros_study_msgs/share/ros_study_msgs/cmake/export_ros_study_msgs__rosidl_generator_cppExport.cmake
-- Installing: /home/youngmo/ros2_ws/install/ros_study_msgs/share/ros_study_msgs/cmake/export_ros_study_msgs__rosidl_typesupport_fastrtps_cppExport.cmake
-- Installing: /home/youngmo/ros2_ws/install/ros_study_msgs/share/ros_study_msgs/cmake/export_ros_study_msgs__rosidl_typesupport_fastrtps_cppExport-noconfig.cmake
-- Installing: /home/youngmo/ros2_ws/install/ros_study_msgs/share/ros_study_msgs/cmake/ros_study_msgs__rosidl_typesupport_introspection_cExport.cmake
-- Installing: /home/youngmo/ros2_ws/install/ros_study_msgs/share/ros_study_msgs/cmake/ros_study_msgs__rosidl_typesupport_introspection_cExport-noconfig.cmake
-- Installing: /home/youngmo/ros2_ws/install/ros_study_msgs/share/ros_study_msgs/cmake/ros_study_msgs__rosidl_typesupport_cExport.cmake
-- Installing: /home/youngmo/ros2_ws/install/ros_study_msgs/share/ros_study_msgs/cmake/ros_study_msgs__rosidl_typesupport_cExport-noconfig.cmake
-- Installing: /home/youngmo/ros2_ws/install/ros_study_msgs/share/ros_study_msgs/cmake/ros_study_msgs__rosidl_typesupport_introspection_cppExport.cmake
-- Installing: /home/youngmo/ros2_ws/install/ros_study_msgs/share/ros_study_msgs/cmake/ros_study_msgs__rosidl_typesupport_introspection_cppExport-noconfig.cmake
-- Installing: /home/youngmo/ros2_ws/install/ros_study_msgs/share/ros_study_msgs/cmake/ros_study_msgs__rosidl_typesupport_cppExport.cmake
-- Installing: /home/youngmo/ros2_ws/install/ros_study_msgs/share/ros_study_msgs/cmake/ros_study_msgs__rosidl_typesupport_cppExport-noconfig.cmake
-- Installing: /home/youngmo/ros2_ws/install/ros_study_msgs/share/ros_study_msgs/cmake/export_ros_study_msgs__rosidl_generator_pyExport.cmake
-- Installing: /home/youngmo/ros2_ws/install/ros_study_msgs/share/ros_study_msgs/cmake/export_ros_study_msgs__rosidl_generator_pyExport-noconfig.cmake
-- Installing: /home/youngmo/ros2_ws/install/ros_study_msgs/share/ros_study_msgs/cmake/rosidl_cmake-extras.cmake
-- Installing: /home/youngmo/ros2_ws/install/ros_study_msgs/share/ros_study_msgs/cmake/ament_cmake_export_dependencies-extras.cmake
-- Installing: /home/youngmo/ros2_ws/install/ros_study_msgs/share/ros_study_msgs/cmake/ament_cmake_export_include_directories-extras.cmake
-- Installing: /home/youngmo/ros2_ws/install/ros_study_msgs/share/ros_study_msgs/cmake/ament_cmake_export_libraries-extras.cmake
-- Installing: /home/youngmo/ros2_ws/install/ros_study_msgs/share/ros_study_msgs/cmake/ament_cmake_export_targets-extras.cmake
-- Installing: /home/youngmo/ros2_ws/install/ros_study_msgs/share/ros_study_msgs/cmake/rosidl_cmake_export_typesupport_targets-extras.cmake
-- Installing: /home/youngmo/ros2_ws/install/ros_study_msgs/share/ros_study_msgs/cmake/rosidl_cmake_export_typesupport_libraries-extras.cmake
-- Installing: /home/youngmo/ros2_ws/install/ros_study_msgs/share/ros_study_msgs/cmake/ros_study_msgsConfig.cmake
-- Installing: /home/youngmo/ros2_ws/install/ros_study_msgs/share/ros_study_msgs/cmake/ros_study_msgsConfig-version.cmake
-- Installing: /home/youngmo/ros2_ws/install/ros_study_msgs/share/ros_study_msgs/package.xml
