-- Found ament_cmake: 1.3.11 (/opt/ros/humble/share/ament_cmake/cmake)
-- Found rclcpp: 16.0.12 (/opt/ros/humble/share/rclcpp/cmake)
-- Found rosidl_generator_c: 3.1.6 (/opt/ros/humble/share/rosidl_generator_c/cmake)
-- Found rosidl_adapter: 3.1.6 (/opt/ros/humble/share/rosidl_adapter/cmake)
-- Found rosidl_generator_cpp: 3.1.6 (/opt/ros/humble/share/rosidl_generator_cpp/cmake)
-- Using all available rosidl_typesupport_c: rosidl_typesupport_fastrtps_c;rosidl_typesupport_introspection_c
-- Using all available rosidl_typesupport_cpp: rosidl_typesupport_fastrtps_cpp;rosidl_typesupport_introspection_cpp
-- Found rmw_implementation_cmake: 6.1.2 (/opt/ros/humble/share/rmw_implementation_cmake/cmake)
-- Found rmw_fastrtps_cpp: 6.2.7 (/opt/ros/humble/share/rmw_fastrtps_cpp/cmake)
-- Using RMW implementation 'rmw_fastrtps_cpp' as default
-- Found rclcpp_action: 16.0.12 (/opt/ros/humble/share/rclcpp_action/cmake)
-- Found hangman_interfaces: 0.0.0 (/home/youngmo/ros2_ws/install/hangman_interfaces/share/hangman_interfaces/cmake)
-- Found ament_lint_auto: 0.12.12 (/opt/ros/humble/share/ament_lint_auto/cmake)
-- Added test 'cppcheck' to perform static code analysis on C / C++ code
-- Configured cppcheck include dirs: 
-- Configured cppcheck exclude dirs and/or files: 
-- Added test 'lint_cmake' to check CMake code style
-- Added test 'uncrustify' to check C / C++ code style
-- Configured uncrustify additional arguments: 
-- Added test 'xmllint' to check XML markup files
-- Configuring done
-- Generating done
-- Build files have been written to: /home/youngmo/ros2_ws/build/hangman_game_cpp
[35m[1mConsolidate compiler generated dependencies of target progress_action_client[0m
[35m[1mConsolidate compiler generated dependencies of target progress_action_server[0m
[35m[1mConsolidate compiler generated dependencies of target letter_publisher[0m
[ 12%] [32mBuilding CXX object CMakeFiles/user_input.dir/src/user_input.cpp.o[0m
[ 37%] Built target progress_action_server
[ 62%] Built target progress_action_client
[ 87%] Built target letter_publisher
[100%] [32m[1mLinking CXX executable user_input[0m
[100%] Built target user_input
-- Install configuration: ""
-- Up-to-date: /home/youngmo/ros2_ws/install/hangman_game_cpp/lib/hangman_game_cpp/letter_publisher
-- Up-to-date: /home/youngmo/ros2_ws/install/hangman_game_cpp/lib/hangman_game_cpp/progress_action_client
-- Up-to-date: /home/youngmo/ros2_ws/install/hangman_game_cpp/lib/hangman_game_cpp/progress_action_server
-- Installing: /home/youngmo/ros2_ws/install/hangman_game_cpp/lib/hangman_game_cpp/user_input
-- Set runtime path of "/home/youngmo/ros2_ws/install/hangman_game_cpp/lib/hangman_game_cpp/user_input" to ""
-- Up-to-date: /home/youngmo/ros2_ws/install/hangman_game_cpp/share/ament_index/resource_index/package_run_dependencies/hangman_game_cpp
-- Up-to-date: /home/youngmo/ros2_ws/install/hangman_game_cpp/share/ament_index/resource_index/parent_prefix_path/hangman_game_cpp
-- Up-to-date: /home/youngmo/ros2_ws/install/hangman_game_cpp/share/hangman_game_cpp/environment/ament_prefix_path.sh
-- Installing: /home/youngmo/ros2_ws/install/hangman_game_cpp/share/hangman_game_cpp/environment/ament_prefix_path.dsv
-- Up-to-date: /home/youngmo/ros2_ws/install/hangman_game_cpp/share/hangman_game_cpp/environment/path.sh
-- Installing: /home/youngmo/ros2_ws/install/hangman_game_cpp/share/hangman_game_cpp/environment/path.dsv
-- Up-to-date: /home/youngmo/ros2_ws/install/hangman_game_cpp/share/hangman_game_cpp/local_setup.bash
-- Up-to-date: /home/youngmo/ros2_ws/install/hangman_game_cpp/share/hangman_game_cpp/local_setup.sh
-- Up-to-date: /home/youngmo/ros2_ws/install/hangman_game_cpp/share/hangman_game_cpp/local_setup.zsh
-- Installing: /home/youngmo/ros2_ws/install/hangman_game_cpp/share/hangman_game_cpp/local_setup.dsv
-- Installing: /home/youngmo/ros2_ws/install/hangman_game_cpp/share/hangman_game_cpp/package.dsv
-- Up-to-date: /home/youngmo/ros2_ws/install/hangman_game_cpp/share/ament_index/resource_index/packages/hangman_game_cpp
-- Up-to-date: /home/youngmo/ros2_ws/install/hangman_game_cpp/share/hangman_game_cpp/cmake/hangman_game_cppConfig.cmake
-- Up-to-date: /home/youngmo/ros2_ws/install/hangman_game_cpp/share/hangman_game_cpp/cmake/hangman_game_cppConfig-version.cmake
-- Up-to-date: /home/youngmo/ros2_ws/install/hangman_game_cpp/share/hangman_game_cpp/package.xml
