-- Found ament_cmake: 1.3.11 (/opt/ros/humble/share/ament_cmake/cmake)
-- Found rclcpp: 16.0.12 (/opt/ros/humble/share/rclcpp/cmake)
-- Found rosidl_generator_c: 3.1.6 (/opt/ros/humble/share/rosidl_generator_c/cmake)
-- Found rosidl_adapter: 3.1.6 (/opt/ros/humble/share/rosidl_adapter/cmake)
-- Found rosidl_generator_cpp: 3.1.6 (/opt/ros/humble/share/rosidl_generator_cpp/cmake)
-- Using all available rosidl_typesupport_c: rosidl_typesupport_fastrtps_c;rosidl_typesupport_introspection_c
-- Using all available rosidl_typesupport_cpp: rosidl_typesupport_fastrtps_cpp;rosidl_typesupport_introspection_cpp
-- Found rmw_implementation_cmake: 6.1.2 (/opt/ros/humble/share/rmw_implementation_cmake/cmake)
-- Found rmw_fastrtps_cpp: 6.2.7 (/opt/ros/humble/share/rmw_fastrtps_cpp/cmake)
-- Using RMW implementation 'rmw_fastrtps_cpp' as default
-- Found rclcpp_action: 16.0.12 (/opt/ros/humble/share/rclcpp_action/cmake)
-- Found ros_study_msgs: 0.0.0 (/home/youngmo/ros2_ws/install/ros_study_msgs/share/ros_study_msgs/cmake)
-- Found ament_lint_auto: 0.12.12 (/opt/ros/humble/share/ament_lint_auto/cmake)
-- Added test 'cppcheck' to perform static code analysis on C / C++ code
-- Configured cppcheck include dirs: 
-- Configured cppcheck exclude dirs and/or files: 
-- Added test 'lint_cmake' to check CMake code style
-- Added test 'uncrustify' to check C / C++ code style
-- Configured uncrustify additional arguments: 
-- Added test 'xmllint' to check XML markup files
-- Configuring done
-- Generating done
-- Build files have been written to: /home/youngmo/ros2_ws/build/ex_caculator_cpp
[35m[1mConsolidate compiler generated dependencies of target argument[0m
[ 25%] [32mBuilding CXX object CMakeFiles/operator.dir/src/arithmetic/operator.cpp.o[0m
[ 75%] Built target argument
[100%] [32m[1mLinking CXX executable operator[0m
[100%] Built target operator
-- Install configuration: ""
-- Up-to-date: /home/youngmo/ros2_ws/install/ex_caculator_cpp/lib/ex_caculator_cpp/argument
-- Installing: /home/youngmo/ros2_ws/install/ex_caculator_cpp/lib/ex_caculator_cpp/operator
-- Set runtime path of "/home/youngmo/ros2_ws/install/ex_caculator_cpp/lib/ex_caculator_cpp/operator" to ""
-- Up-to-date: /home/youngmo/ros2_ws/install/ex_caculator_cpp/share/ament_index/resource_index/package_run_dependencies/ex_caculator_cpp
-- Installing: /home/youngmo/ros2_ws/install/ex_caculator_cpp/share/ament_index/resource_index/parent_prefix_path/ex_caculator_cpp
-- Up-to-date: /home/youngmo/ros2_ws/install/ex_caculator_cpp/share/ex_caculator_cpp/environment/ament_prefix_path.sh
-- Installing: /home/youngmo/ros2_ws/install/ex_caculator_cpp/share/ex_caculator_cpp/environment/ament_prefix_path.dsv
-- Up-to-date: /home/youngmo/ros2_ws/install/ex_caculator_cpp/share/ex_caculator_cpp/environment/path.sh
-- Installing: /home/youngmo/ros2_ws/install/ex_caculator_cpp/share/ex_caculator_cpp/environment/path.dsv
-- Up-to-date: /home/youngmo/ros2_ws/install/ex_caculator_cpp/share/ex_caculator_cpp/local_setup.bash
-- Up-to-date: /home/youngmo/ros2_ws/install/ex_caculator_cpp/share/ex_caculator_cpp/local_setup.sh
-- Up-to-date: /home/youngmo/ros2_ws/install/ex_caculator_cpp/share/ex_caculator_cpp/local_setup.zsh
-- Installing: /home/youngmo/ros2_ws/install/ex_caculator_cpp/share/ex_caculator_cpp/local_setup.dsv
-- Installing: /home/youngmo/ros2_ws/install/ex_caculator_cpp/share/ex_caculator_cpp/package.dsv
-- Up-to-date: /home/youngmo/ros2_ws/install/ex_caculator_cpp/share/ament_index/resource_index/packages/ex_caculator_cpp
-- Up-to-date: /home/youngmo/ros2_ws/install/ex_caculator_cpp/share/ex_caculator_cpp/cmake/ex_caculator_cppConfig.cmake
-- Up-to-date: /home/youngmo/ros2_ws/install/ex_caculator_cpp/share/ex_caculator_cpp/cmake/ex_caculator_cppConfig-version.cmake
-- Up-to-date: /home/youngmo/ros2_ws/install/ex_caculator_cpp/share/ex_caculator_cpp/package.xml
