[0.009s] Invoking command in '/home/youngmo/ros2_ws/build/ex_caculator_cpp': CMAKE_PREFIX_PATH=/home/youngmo/ros2_ws/install/ros_study_msgs:/home/youngmo/ros2_ws/install/ros_study_cpp:/home/youngmo/ros2_ws/install/ex_caculator_cpp:/home/youngmo/ros2_ws/install/ros_study_py:/home/youngmo/ros2_ws/install/ex_calculator_py:/opt/ros/humble /usr/bin/cmake --build /home/youngmo/ros2_ws/build/ex_caculator_cpp -- -j16 -l16
[0.127s] -- Found ament_cmake: 1.3.11 (/opt/ros/humble/share/ament_cmake/cmake)
[0.142s] -- Found rclcpp: 16.0.12 (/opt/ros/humble/share/rclcpp/cmake)
[0.170s] -- Found rosidl_generator_c: 3.1.6 (/opt/ros/humble/share/rosidl_generator_c/cmake)
[0.172s] -- Found rosidl_adapter: 3.1.6 (/opt/ros/humble/share/rosidl_adapter/cmake)
[0.179s] -- Found rosidl_generator_cpp: 3.1.6 (/opt/ros/humble/share/rosidl_generator_cpp/cmake)
[0.187s] -- Using all available rosidl_typesupport_c: rosidl_typesupport_fastrtps_c;rosidl_typesupport_introspection_c
[0.198s] -- Using all available rosidl_typesupport_cpp: rosidl_typesupport_fastrtps_cpp;rosidl_typesupport_introspection_cpp
[0.227s] -- Found rmw_implementation_cmake: 6.1.2 (/opt/ros/humble/share/rmw_implementation_cmake/cmake)
[0.228s] -- Found rmw_fastrtps_cpp: 6.2.7 (/opt/ros/humble/share/rmw_fastrtps_cpp/cmake)
[0.317s] -- Using RMW implementation 'rmw_fastrtps_cpp' as default
[0.356s] -- Found rclcpp_action: 16.0.12 (/opt/ros/humble/share/rclcpp_action/cmake)
[0.381s] -- Found ros_study_msgs: 0.0.0 (/home/youngmo/ros2_ws/install/ros_study_msgs/share/ros_study_msgs/cmake)
[0.391s] -- Found ament_lint_auto: 0.12.12 (/opt/ros/humble/share/ament_lint_auto/cmake)
[0.446s] -- Added test 'cppcheck' to perform static code analysis on C / C++ code
[0.446s] -- Configured cppcheck include dirs: 
[0.446s] -- Configured cppcheck exclude dirs and/or files: 
[0.446s] -- Added test 'lint_cmake' to check CMake code style
[0.446s] -- Added test 'uncrustify' to check C / C++ code style
[0.447s] -- Configured uncrustify additional arguments: 
[0.447s] -- Added test 'xmllint' to check XML markup files
[0.447s] -- Configuring done
[0.453s] -- Generating done
[0.456s] -- Build files have been written to: /home/youngmo/ros2_ws/build/ex_caculator_cpp
[0.481s] [35m[1mConsolidate compiler generated dependencies of target argument[0m
[0.486s] [ 25%] [32mBuilding CXX object CMakeFiles/operator.dir/src/arithmetic/operator.cpp.o[0m
[0.491s] [ 75%] Built target argument
[2.379s] [100%] [32m[1mLinking CXX executable operator[0m
[2.537s] [100%] Built target operator
[2.548s] Invoked command in '/home/youngmo/ros2_ws/build/ex_caculator_cpp' returned '0': CMAKE_PREFIX_PATH=/home/youngmo/ros2_ws/install/ros_study_msgs:/home/youngmo/ros2_ws/install/ros_study_cpp:/home/youngmo/ros2_ws/install/ex_caculator_cpp:/home/youngmo/ros2_ws/install/ros_study_py:/home/youngmo/ros2_ws/install/ex_calculator_py:/opt/ros/humble /usr/bin/cmake --build /home/youngmo/ros2_ws/build/ex_caculator_cpp -- -j16 -l16
[2.550s] Invoking command in '/home/youngmo/ros2_ws/build/ex_caculator_cpp': CMAKE_PREFIX_PATH=/home/youngmo/ros2_ws/install/ros_study_msgs:/home/youngmo/ros2_ws/install/ros_study_cpp:/home/youngmo/ros2_ws/install/ex_caculator_cpp:/home/youngmo/ros2_ws/install/ros_study_py:/home/youngmo/ros2_ws/install/ex_calculator_py:/opt/ros/humble /usr/bin/cmake --install /home/youngmo/ros2_ws/build/ex_caculator_cpp
[2.559s] -- Install configuration: ""
[2.560s] -- Up-to-date: /home/youngmo/ros2_ws/install/ex_caculator_cpp/lib/ex_caculator_cpp/argument
[2.560s] -- Installing: /home/youngmo/ros2_ws/install/ex_caculator_cpp/lib/ex_caculator_cpp/operator
[2.562s] -- Set runtime path of "/home/youngmo/ros2_ws/install/ex_caculator_cpp/lib/ex_caculator_cpp/operator" to ""
[2.562s] -- Up-to-date: /home/youngmo/ros2_ws/install/ex_caculator_cpp/share/ament_index/resource_index/package_run_dependencies/ex_caculator_cpp
[2.562s] -- Installing: /home/youngmo/ros2_ws/install/ex_caculator_cpp/share/ament_index/resource_index/parent_prefix_path/ex_caculator_cpp
[2.562s] -- Up-to-date: /home/youngmo/ros2_ws/install/ex_caculator_cpp/share/ex_caculator_cpp/environment/ament_prefix_path.sh
[2.562s] -- Installing: /home/youngmo/ros2_ws/install/ex_caculator_cpp/share/ex_caculator_cpp/environment/ament_prefix_path.dsv
[2.562s] -- Up-to-date: /home/youngmo/ros2_ws/install/ex_caculator_cpp/share/ex_caculator_cpp/environment/path.sh
[2.563s] -- Installing: /home/youngmo/ros2_ws/install/ex_caculator_cpp/share/ex_caculator_cpp/environment/path.dsv
[2.563s] -- Up-to-date: /home/youngmo/ros2_ws/install/ex_caculator_cpp/share/ex_caculator_cpp/local_setup.bash
[2.563s] -- Up-to-date: /home/youngmo/ros2_ws/install/ex_caculator_cpp/share/ex_caculator_cpp/local_setup.sh
[2.563s] -- Up-to-date: /home/youngmo/ros2_ws/install/ex_caculator_cpp/share/ex_caculator_cpp/local_setup.zsh
[2.563s] -- Installing: /home/youngmo/ros2_ws/install/ex_caculator_cpp/share/ex_caculator_cpp/local_setup.dsv
[2.563s] -- Installing: /home/youngmo/ros2_ws/install/ex_caculator_cpp/share/ex_caculator_cpp/package.dsv
[2.563s] -- Up-to-date: /home/youngmo/ros2_ws/install/ex_caculator_cpp/share/ament_index/resource_index/packages/ex_caculator_cpp
[2.563s] -- Up-to-date: /home/youngmo/ros2_ws/install/ex_caculator_cpp/share/ex_caculator_cpp/cmake/ex_caculator_cppConfig.cmake
[2.563s] -- Up-to-date: /home/youngmo/ros2_ws/install/ex_caculator_cpp/share/ex_caculator_cpp/cmake/ex_caculator_cppConfig-version.cmake
[2.563s] -- Up-to-date: /home/youngmo/ros2_ws/install/ex_caculator_cpp/share/ex_caculator_cpp/package.xml
[2.565s] Invoked command in '/home/youngmo/ros2_ws/build/ex_caculator_cpp' returned '0': CMAKE_PREFIX_PATH=/home/youngmo/ros2_ws/install/ros_study_msgs:/home/youngmo/ros2_ws/install/ros_study_cpp:/home/youngmo/ros2_ws/install/ex_caculator_cpp:/home/youngmo/ros2_ws/install/ros_study_py:/home/youngmo/ros2_ws/install/ex_calculator_py:/opt/ros/humble /usr/bin/cmake --install /home/youngmo/ros2_ws/build/ex_caculator_cpp
