/home/youngmo/ros2_ws/install/opencv_py/lib/python3.10/site-packages/source/yolo8.py
/home/youngmo/ros2_ws/install/opencv_py/lib/python3.10/site-packages/source/molu.py
/home/youngmo/ros2_ws/install/opencv_py/lib/python3.10/site-packages/source/personmosaic.py
/home/youngmo/ros2_ws/install/opencv_py/lib/python3.10/site-packages/source/img_pub.py
/home/youngmo/ros2_ws/install/opencv_py/lib/python3.10/site-packages/source/molu_yaml.py
/home/youngmo/ros2_ws/install/opencv_py/lib/python3.10/site-packages/source/imageconverter.py
/home/youngmo/ros2_ws/install/opencv_py/lib/python3.10/site-packages/source/saveimg.py
/home/youngmo/ros2_ws/install/opencv_py/lib/python3.10/site-packages/source/__init__.py
/home/youngmo/ros2_ws/install/opencv_py/lib/python3.10/site-packages/source/grayscale.py
/home/youngmo/ros2_ws/install/opencv_py/lib/python3.10/site-packages/source/hough_transform.py
/home/youngmo/ros2_ws/install/opencv_py/lib/python3.10/site-packages/source/__pycache__/yolo8.cpython-310.pyc
/home/youngmo/ros2_ws/install/opencv_py/lib/python3.10/site-packages/source/__pycache__/molu.cpython-310.pyc
/home/youngmo/ros2_ws/install/opencv_py/lib/python3.10/site-packages/source/__pycache__/personmosaic.cpython-310.pyc
/home/youngmo/ros2_ws/install/opencv_py/lib/python3.10/site-packages/source/__pycache__/img_pub.cpython-310.pyc
/home/youngmo/ros2_ws/install/opencv_py/lib/python3.10/site-packages/source/__pycache__/molu_yaml.cpython-310.pyc
/home/youngmo/ros2_ws/install/opencv_py/lib/python3.10/site-packages/source/__pycache__/imageconverter.cpython-310.pyc
/home/youngmo/ros2_ws/install/opencv_py/lib/python3.10/site-packages/source/__pycache__/saveimg.cpython-310.pyc
/home/youngmo/ros2_ws/install/opencv_py/lib/python3.10/site-packages/source/__pycache__/__init__.cpython-310.pyc
/home/youngmo/ros2_ws/install/opencv_py/lib/python3.10/site-packages/source/__pycache__/grayscale.cpython-310.pyc
/home/youngmo/ros2_ws/install/opencv_py/lib/python3.10/site-packages/source/__pycache__/hough_transform.cpython-310.pyc
/home/youngmo/ros2_ws/install/opencv_py/share/ament_index/resource_index/packages/opencv_py
/home/youngmo/ros2_ws/install/opencv_py/share/opencv_py/package.xml
/home/youngmo/ros2_ws/install/opencv_py/share/opencv_py/param/config.yaml
/home/youngmo/ros2_ws/install/opencv_py/lib/python3.10/site-packages/opencv_py-0.0.0-py3.10.egg-info/requires.txt
/home/youngmo/ros2_ws/install/opencv_py/lib/python3.10/site-packages/opencv_py-0.0.0-py3.10.egg-info/dependency_links.txt
/home/youngmo/ros2_ws/install/opencv_py/lib/python3.10/site-packages/opencv_py-0.0.0-py3.10.egg-info/zip-safe
/home/youngmo/ros2_ws/install/opencv_py/lib/python3.10/site-packages/opencv_py-0.0.0-py3.10.egg-info/top_level.txt
/home/youngmo/ros2_ws/install/opencv_py/lib/python3.10/site-packages/opencv_py-0.0.0-py3.10.egg-info/entry_points.txt
/home/youngmo/ros2_ws/install/opencv_py/lib/python3.10/site-packages/opencv_py-0.0.0-py3.10.egg-info/SOURCES.txt
/home/youngmo/ros2_ws/install/opencv_py/lib/python3.10/site-packages/opencv_py-0.0.0-py3.10.egg-info/PKG-INFO
/home/youngmo/ros2_ws/install/opencv_py/lib/opencv_py/grayscale
/home/youngmo/ros2_ws/install/opencv_py/lib/opencv_py/hough_transform
/home/youngmo/ros2_ws/install/opencv_py/lib/opencv_py/image_publisher
/home/youngmo/ros2_ws/install/opencv_py/lib/opencv_py/imageconverter
/home/youngmo/ros2_ws/install/opencv_py/lib/opencv_py/molu
/home/youngmo/ros2_ws/install/opencv_py/lib/opencv_py/moluya
/home/youngmo/ros2_ws/install/opencv_py/lib/opencv_py/personmosaic
/home/youngmo/ros2_ws/install/opencv_py/lib/opencv_py/saveimg
/home/youngmo/ros2_ws/install/opencv_py/lib/opencv_py/yolo8
