[0.067s] DEBUG:colcon:Command line arguments: ['/usr/bin/colcon', 'build']
[0.067s] DEBUG:colcon:Parsed command line arguments: Namespace(log_base=None, log_level=None, verb_name='build', build_base='build', install_base='install', merge_install=False, symlink_install=False, test_result_base=None, continue_on_error=False, executor='parallel', parallel_workers=16, event_handlers=None, ignore_user_meta=False, metas=['./colcon.meta'], base_paths=['.'], packages_ignore=None, packages_ignore_regex=None, paths=None, packages_up_to=None, packages_up_to_regex=None, packages_above=None, packages_above_and_dependencies=None, packages_above_depth=None, packages_select_by_dep=None, packages_skip_by_dep=None, packages_skip_up_to=None, packages_select_build_failed=False, packages_skip_build_finished=False, packages_select_test_failures=False, packages_skip_test_passed=False, packages_select=None, packages_skip=None, packages_select_regex=None, packages_skip_regex=None, packages_start=None, packages_end=None, allow_overriding=[], cmake_args=None, cmake_target=None, cmake_target_skip_unavailable=False, cmake_clean_cache=False, cmake_clean_first=False, cmake_force_configure=False, ament_cmake_args=None, catkin_cmake_args=None, catkin_skip_building_tests=False, verb_parser=<colcon_defaults.argument_parser.defaults.DefaultArgumentsDecorator object at 0x7cd642bd7340>, verb_extension=<colcon_core.verb.build.BuildVerb object at 0x7cd642df0af0>, main=<bound method BuildVerb.main of <colcon_core.verb.build.BuildVerb object at 0x7cd642df0af0>>)
[0.145s] Level 1:colcon.colcon_core.package_discovery:discover_packages(colcon_meta) check parameters
[0.145s] Level 1:colcon.colcon_core.package_discovery:discover_packages(recursive) check parameters
[0.145s] Level 1:colcon.colcon_core.package_discovery:discover_packages(ignore) check parameters
[0.145s] Level 1:colcon.colcon_core.package_discovery:discover_packages(path) check parameters
[0.145s] Level 1:colcon.colcon_core.package_discovery:discover_packages(colcon_meta) discover
[0.145s] Level 1:colcon.colcon_core.package_discovery:discover_packages(recursive) discover
[0.145s] INFO:colcon.colcon_core.package_discovery:Crawling recursively for packages in '/home/youngmo/ros2_ws'
[0.145s] Level 1:colcon.colcon_core.package_identification:_identify(.) by extensions ['ignore', 'ignore_ament_install']
[0.145s] Level 1:colcon.colcon_core.package_identification:_identify(.) by extension 'ignore'
[0.145s] Level 1:colcon.colcon_core.package_identification:_identify(.) by extension 'ignore_ament_install'
[0.145s] Level 1:colcon.colcon_core.package_identification:_identify(.) by extensions ['colcon_pkg']
[0.145s] Level 1:colcon.colcon_core.package_identification:_identify(.) by extension 'colcon_pkg'
[0.145s] Level 1:colcon.colcon_core.package_identification:_identify(.) by extensions ['colcon_meta']
[0.145s] Level 1:colcon.colcon_core.package_identification:_identify(.) by extension 'colcon_meta'
[0.145s] Level 1:colcon.colcon_core.package_identification:_identify(.) by extensions ['ros']
[0.145s] Level 1:colcon.colcon_core.package_identification:_identify(.) by extension 'ros'
[0.152s] Level 1:colcon.colcon_core.package_identification:_identify(.) by extensions ['cmake', 'python']
[0.152s] Level 1:colcon.colcon_core.package_identification:_identify(.) by extension 'cmake'
[0.152s] Level 1:colcon.colcon_core.package_identification:_identify(.) by extension 'python'
[0.152s] Level 1:colcon.colcon_core.package_identification:_identify(.) by extensions ['python_setup_py']
[0.152s] Level 1:colcon.colcon_core.package_identification:_identify(.) by extension 'python_setup_py'
[0.152s] Level 1:colcon.colcon_core.package_identification:_identify(build) by extensions ['ignore', 'ignore_ament_install']
[0.152s] Level 1:colcon.colcon_core.package_identification:_identify(build) by extension 'ignore'
[0.152s] Level 1:colcon.colcon_core.package_identification:_identify(build) ignored
[0.152s] Level 1:colcon.colcon_core.package_identification:_identify(install) by extensions ['ignore', 'ignore_ament_install']
[0.152s] Level 1:colcon.colcon_core.package_identification:_identify(install) by extension 'ignore'
[0.153s] Level 1:colcon.colcon_core.package_identification:_identify(install) ignored
[0.153s] Level 1:colcon.colcon_core.package_identification:_identify(log) by extensions ['ignore', 'ignore_ament_install']
[0.153s] Level 1:colcon.colcon_core.package_identification:_identify(log) by extension 'ignore'
[0.153s] Level 1:colcon.colcon_core.package_identification:_identify(log) ignored
[0.153s] Level 1:colcon.colcon_core.package_identification:_identify(src) by extensions ['ignore', 'ignore_ament_install']
[0.153s] Level 1:colcon.colcon_core.package_identification:_identify(src) by extension 'ignore'
[0.153s] Level 1:colcon.colcon_core.package_identification:_identify(src) by extension 'ignore_ament_install'
[0.153s] Level 1:colcon.colcon_core.package_identification:_identify(src) by extensions ['colcon_pkg']
[0.153s] Level 1:colcon.colcon_core.package_identification:_identify(src) by extension 'colcon_pkg'
[0.153s] Level 1:colcon.colcon_core.package_identification:_identify(src) by extensions ['colcon_meta']
[0.153s] Level 1:colcon.colcon_core.package_identification:_identify(src) by extension 'colcon_meta'
[0.153s] Level 1:colcon.colcon_core.package_identification:_identify(src) by extensions ['ros']
[0.153s] Level 1:colcon.colcon_core.package_identification:_identify(src) by extension 'ros'
[0.153s] Level 1:colcon.colcon_core.package_identification:_identify(src) by extensions ['cmake', 'python']
[0.153s] Level 1:colcon.colcon_core.package_identification:_identify(src) by extension 'cmake'
[0.153s] Level 1:colcon.colcon_core.package_identification:_identify(src) by extension 'python'
[0.153s] Level 1:colcon.colcon_core.package_identification:_identify(src) by extensions ['python_setup_py']
[0.153s] Level 1:colcon.colcon_core.package_identification:_identify(src) by extension 'python_setup_py'
[0.153s] Level 1:colcon.colcon_core.package_identification:_identify(src/ex_calculator_py) by extensions ['ignore', 'ignore_ament_install']
[0.153s] Level 1:colcon.colcon_core.package_identification:_identify(src/ex_calculator_py) by extension 'ignore'
[0.153s] Level 1:colcon.colcon_core.package_identification:_identify(src/ex_calculator_py) by extension 'ignore_ament_install'
[0.153s] Level 1:colcon.colcon_core.package_identification:_identify(src/ex_calculator_py) by extensions ['colcon_pkg']
[0.153s] Level 1:colcon.colcon_core.package_identification:_identify(src/ex_calculator_py) by extension 'colcon_pkg'
[0.153s] Level 1:colcon.colcon_core.package_identification:_identify(src/ex_calculator_py) by extensions ['colcon_meta']
[0.153s] Level 1:colcon.colcon_core.package_identification:_identify(src/ex_calculator_py) by extension 'colcon_meta'
[0.153s] Level 1:colcon.colcon_core.package_identification:_identify(src/ex_calculator_py) by extensions ['ros']
[0.153s] Level 1:colcon.colcon_core.package_identification:_identify(src/ex_calculator_py) by extension 'ros'
[0.155s] DEBUG:colcon.colcon_core.package_identification:Package 'src/ex_calculator_py' with type 'ros.ament_python' and name 'ex_calculator_py'
[0.155s] Level 1:colcon.colcon_core.package_identification:_identify(src/ros_study_cpp) by extensions ['ignore', 'ignore_ament_install']
[0.155s] Level 1:colcon.colcon_core.package_identification:_identify(src/ros_study_cpp) by extension 'ignore'
[0.155s] Level 1:colcon.colcon_core.package_identification:_identify(src/ros_study_cpp) by extension 'ignore_ament_install'
[0.155s] Level 1:colcon.colcon_core.package_identification:_identify(src/ros_study_cpp) by extensions ['colcon_pkg']
[0.155s] Level 1:colcon.colcon_core.package_identification:_identify(src/ros_study_cpp) by extension 'colcon_pkg'
[0.155s] Level 1:colcon.colcon_core.package_identification:_identify(src/ros_study_cpp) by extensions ['colcon_meta']
[0.155s] Level 1:colcon.colcon_core.package_identification:_identify(src/ros_study_cpp) by extension 'colcon_meta'
[0.155s] Level 1:colcon.colcon_core.package_identification:_identify(src/ros_study_cpp) by extensions ['ros']
[0.155s] Level 1:colcon.colcon_core.package_identification:_identify(src/ros_study_cpp) by extension 'ros'
[0.163s] DEBUG:colcon.colcon_core.package_identification:Package 'src/ros_study_cpp' with type 'ros.ament_cmake' and name 'ros_study_cpp'
[0.164s] Level 1:colcon.colcon_core.package_identification:_identify(src/ros_study_msgs) by extensions ['ignore', 'ignore_ament_install']
[0.164s] Level 1:colcon.colcon_core.package_identification:_identify(src/ros_study_msgs) by extension 'ignore'
[0.164s] Level 1:colcon.colcon_core.package_identification:_identify(src/ros_study_msgs) by extension 'ignore_ament_install'
[0.164s] Level 1:colcon.colcon_core.package_identification:_identify(src/ros_study_msgs) by extensions ['colcon_pkg']
[0.164s] Level 1:colcon.colcon_core.package_identification:_identify(src/ros_study_msgs) by extension 'colcon_pkg'
[0.164s] Level 1:colcon.colcon_core.package_identification:_identify(src/ros_study_msgs) by extensions ['colcon_meta']
[0.164s] Level 1:colcon.colcon_core.package_identification:_identify(src/ros_study_msgs) by extension 'colcon_meta'
[0.164s] Level 1:colcon.colcon_core.package_identification:_identify(src/ros_study_msgs) by extensions ['ros']
[0.164s] Level 1:colcon.colcon_core.package_identification:_identify(src/ros_study_msgs) by extension 'ros'
[0.164s] DEBUG:colcon.colcon_core.package_identification:Package 'src/ros_study_msgs' with type 'ros.ament_cmake' and name 'ros_study_msgs'
[0.164s] Level 1:colcon.colcon_core.package_identification:_identify(src/ros_study_py) by extensions ['ignore', 'ignore_ament_install']
[0.164s] Level 1:colcon.colcon_core.package_identification:_identify(src/ros_study_py) by extension 'ignore'
[0.164s] Level 1:colcon.colcon_core.package_identification:_identify(src/ros_study_py) by extension 'ignore_ament_install'
[0.164s] Level 1:colcon.colcon_core.package_identification:_identify(src/ros_study_py) by extensions ['colcon_pkg']
[0.164s] Level 1:colcon.colcon_core.package_identification:_identify(src/ros_study_py) by extension 'colcon_pkg'
[0.164s] Level 1:colcon.colcon_core.package_identification:_identify(src/ros_study_py) by extensions ['colcon_meta']
[0.164s] Level 1:colcon.colcon_core.package_identification:_identify(src/ros_study_py) by extension 'colcon_meta'
[0.164s] Level 1:colcon.colcon_core.package_identification:_identify(src/ros_study_py) by extensions ['ros']
[0.164s] Level 1:colcon.colcon_core.package_identification:_identify(src/ros_study_py) by extension 'ros'
[0.165s] DEBUG:colcon.colcon_core.package_identification:Package 'src/ros_study_py' with type 'ros.ament_python' and name 'ros_study_py'
[0.165s] Level 1:colcon.colcon_core.package_discovery:discover_packages(recursive) using defaults
[0.165s] Level 1:colcon.colcon_core.package_discovery:discover_packages(ignore) discover
[0.165s] Level 1:colcon.colcon_core.package_discovery:discover_packages(ignore) using defaults
[0.165s] Level 1:colcon.colcon_core.package_discovery:discover_packages(path) discover
[0.165s] Level 1:colcon.colcon_core.package_discovery:discover_packages(path) using defaults
[0.177s] Level 1:colcon.colcon_core.package_discovery:discover_packages(prefix_path) check parameters
[0.177s] Level 1:colcon.colcon_core.package_discovery:discover_packages(prefix_path) discover
[0.178s] DEBUG:colcon.colcon_installed_package_information.package_discovery:Found 271 installed packages in /opt/ros/humble
[0.179s] Level 1:colcon.colcon_core.package_discovery:discover_packages(prefix_path) using defaults
[0.197s] Level 5:colcon.colcon_core.verb:set package 'ros_study_msgs' build argument 'cmake_args' from command line to 'None'
[0.197s] Level 5:colcon.colcon_core.verb:set package 'ros_study_msgs' build argument 'cmake_target' from command line to 'None'
[0.197s] Level 5:colcon.colcon_core.verb:set package 'ros_study_msgs' build argument 'cmake_target_skip_unavailable' from command line to 'False'
[0.197s] Level 5:colcon.colcon_core.verb:set package 'ros_study_msgs' build argument 'cmake_clean_cache' from command line to 'False'
[0.197s] Level 5:colcon.colcon_core.verb:set package 'ros_study_msgs' build argument 'cmake_clean_first' from command line to 'False'
[0.197s] Level 5:colcon.colcon_core.verb:set package 'ros_study_msgs' build argument 'cmake_force_configure' from command line to 'False'
[0.197s] Level 5:colcon.colcon_core.verb:set package 'ros_study_msgs' build argument 'ament_cmake_args' from command line to 'None'
[0.197s] Level 5:colcon.colcon_core.verb:set package 'ros_study_msgs' build argument 'catkin_cmake_args' from command line to 'None'
[0.197s] Level 5:colcon.colcon_core.verb:set package 'ros_study_msgs' build argument 'catkin_skip_building_tests' from command line to 'False'
[0.197s] DEBUG:colcon.colcon_core.verb:Building package 'ros_study_msgs' with the following arguments: {'ament_cmake_args': None, 'build_base': '/home/youngmo/ros2_ws/build/ros_study_msgs', 'catkin_cmake_args': None, 'catkin_skip_building_tests': False, 'cmake_args': None, 'cmake_clean_cache': False, 'cmake_clean_first': False, 'cmake_force_configure': False, 'cmake_target': None, 'cmake_target_skip_unavailable': False, 'install_base': '/home/youngmo/ros2_ws/install/ros_study_msgs', 'merge_install': False, 'path': '/home/youngmo/ros2_ws/src/ros_study_msgs', 'symlink_install': False, 'test_result_base': None}
[0.197s] Level 5:colcon.colcon_core.verb:set package 'ex_calculator_py' build argument 'cmake_args' from command line to 'None'
[0.197s] Level 5:colcon.colcon_core.verb:set package 'ex_calculator_py' build argument 'cmake_target' from command line to 'None'
[0.197s] Level 5:colcon.colcon_core.verb:set package 'ex_calculator_py' build argument 'cmake_target_skip_unavailable' from command line to 'False'
[0.197s] Level 5:colcon.colcon_core.verb:set package 'ex_calculator_py' build argument 'cmake_clean_cache' from command line to 'False'
[0.197s] Level 5:colcon.colcon_core.verb:set package 'ex_calculator_py' build argument 'cmake_clean_first' from command line to 'False'
[0.198s] Level 5:colcon.colcon_core.verb:set package 'ex_calculator_py' build argument 'cmake_force_configure' from command line to 'False'
[0.198s] Level 5:colcon.colcon_core.verb:set package 'ex_calculator_py' build argument 'ament_cmake_args' from command line to 'None'
[0.198s] Level 5:colcon.colcon_core.verb:set package 'ex_calculator_py' build argument 'catkin_cmake_args' from command line to 'None'
[0.198s] Level 5:colcon.colcon_core.verb:set package 'ex_calculator_py' build argument 'catkin_skip_building_tests' from command line to 'False'
[0.198s] DEBUG:colcon.colcon_core.verb:Building package 'ex_calculator_py' with the following arguments: {'ament_cmake_args': None, 'build_base': '/home/youngmo/ros2_ws/build/ex_calculator_py', 'catkin_cmake_args': None, 'catkin_skip_building_tests': False, 'cmake_args': None, 'cmake_clean_cache': False, 'cmake_clean_first': False, 'cmake_force_configure': False, 'cmake_target': None, 'cmake_target_skip_unavailable': False, 'install_base': '/home/youngmo/ros2_ws/install/ex_calculator_py', 'merge_install': False, 'path': '/home/youngmo/ros2_ws/src/ex_calculator_py', 'symlink_install': False, 'test_result_base': None}
[0.198s] Level 5:colcon.colcon_core.verb:set package 'ros_study_cpp' build argument 'cmake_args' from command line to 'None'
[0.198s] Level 5:colcon.colcon_core.verb:set package 'ros_study_cpp' build argument 'cmake_target' from command line to 'None'
[0.198s] Level 5:colcon.colcon_core.verb:set package 'ros_study_cpp' build argument 'cmake_target_skip_unavailable' from command line to 'False'
[0.198s] Level 5:colcon.colcon_core.verb:set package 'ros_study_cpp' build argument 'cmake_clean_cache' from command line to 'False'
[0.198s] Level 5:colcon.colcon_core.verb:set package 'ros_study_cpp' build argument 'cmake_clean_first' from command line to 'False'
[0.198s] Level 5:colcon.colcon_core.verb:set package 'ros_study_cpp' build argument 'cmake_force_configure' from command line to 'False'
[0.198s] Level 5:colcon.colcon_core.verb:set package 'ros_study_cpp' build argument 'ament_cmake_args' from command line to 'None'
[0.198s] Level 5:colcon.colcon_core.verb:set package 'ros_study_cpp' build argument 'catkin_cmake_args' from command line to 'None'
[0.198s] Level 5:colcon.colcon_core.verb:set package 'ros_study_cpp' build argument 'catkin_skip_building_tests' from command line to 'False'
[0.198s] DEBUG:colcon.colcon_core.verb:Building package 'ros_study_cpp' with the following arguments: {'ament_cmake_args': None, 'build_base': '/home/youngmo/ros2_ws/build/ros_study_cpp', 'catkin_cmake_args': None, 'catkin_skip_building_tests': False, 'cmake_args': None, 'cmake_clean_cache': False, 'cmake_clean_first': False, 'cmake_force_configure': False, 'cmake_target': None, 'cmake_target_skip_unavailable': False, 'install_base': '/home/youngmo/ros2_ws/install/ros_study_cpp', 'merge_install': False, 'path': '/home/youngmo/ros2_ws/src/ros_study_cpp', 'symlink_install': False, 'test_result_base': None}
[0.198s] Level 5:colcon.colcon_core.verb:set package 'ros_study_py' build argument 'cmake_args' from command line to 'None'
[0.198s] Level 5:colcon.colcon_core.verb:set package 'ros_study_py' build argument 'cmake_target' from command line to 'None'
[0.198s] Level 5:colcon.colcon_core.verb:set package 'ros_study_py' build argument 'cmake_target_skip_unavailable' from command line to 'False'
[0.198s] Level 5:colcon.colcon_core.verb:set package 'ros_study_py' build argument 'cmake_clean_cache' from command line to 'False'
[0.198s] Level 5:colcon.colcon_core.verb:set package 'ros_study_py' build argument 'cmake_clean_first' from command line to 'False'
[0.198s] Level 5:colcon.colcon_core.verb:set package 'ros_study_py' build argument 'cmake_force_configure' from command line to 'False'
[0.198s] Level 5:colcon.colcon_core.verb:set package 'ros_study_py' build argument 'ament_cmake_args' from command line to 'None'
[0.198s] Level 5:colcon.colcon_core.verb:set package 'ros_study_py' build argument 'catkin_cmake_args' from command line to 'None'
[0.198s] Level 5:colcon.colcon_core.verb:set package 'ros_study_py' build argument 'catkin_skip_building_tests' from command line to 'False'
[0.198s] DEBUG:colcon.colcon_core.verb:Building package 'ros_study_py' with the following arguments: {'ament_cmake_args': None, 'build_base': '/home/youngmo/ros2_ws/build/ros_study_py', 'catkin_cmake_args': None, 'catkin_skip_building_tests': False, 'cmake_args': None, 'cmake_clean_cache': False, 'cmake_clean_first': False, 'cmake_force_configure': False, 'cmake_target': None, 'cmake_target_skip_unavailable': False, 'install_base': '/home/youngmo/ros2_ws/install/ros_study_py', 'merge_install': False, 'path': '/home/youngmo/ros2_ws/src/ros_study_py', 'symlink_install': False, 'test_result_base': None}
[0.198s] INFO:colcon.colcon_core.executor:Executing jobs using 'parallel' executor
[0.199s] DEBUG:colcon.colcon_parallel_executor.executor.parallel:run_until_complete
[0.199s] INFO:colcon.colcon_ros.task.ament_cmake.build:Building ROS package in '/home/youngmo/ros2_ws/src/ros_study_msgs' with build type 'ament_cmake'
[0.199s] INFO:colcon.colcon_cmake.task.cmake.build:Building CMake package in '/home/youngmo/ros2_ws/src/ros_study_msgs'
[0.200s] INFO:colcon.colcon_core.plugin_system:Skipping extension 'colcon_core.shell.bat': Not used on non-Windows systems
[0.202s] INFO:colcon.colcon_core.shell:Skip shell extension 'powershell' for command environment: Not usable outside of PowerShell
[0.202s] DEBUG:colcon.colcon_core.shell:Skip shell extension 'dsv' for command environment
[0.210s] DEBUG:colcon.colcon_core.event_handler.log_command:Invoking command in '/home/youngmo/ros2_ws/build/ros_study_msgs': CMAKE_PREFIX_PATH=/opt/ros/humble /usr/bin/cmake --build /home/youngmo/ros2_ws/build/ros_study_msgs -- -j16 -l16
[0.435s] DEBUG:colcon.colcon_core.event_handler.log_command:Invoked command in '/home/youngmo/ros2_ws/build/ros_study_msgs' returned '0': CMAKE_PREFIX_PATH=/opt/ros/humble /usr/bin/cmake --build /home/youngmo/ros2_ws/build/ros_study_msgs -- -j16 -l16
[0.445s] DEBUG:colcon.colcon_core.event_handler.log_command:Invoking command in '/home/youngmo/ros2_ws/build/ros_study_msgs': CMAKE_PREFIX_PATH=/opt/ros/humble /usr/bin/cmake --install /home/youngmo/ros2_ws/build/ros_study_msgs
[0.501s] Level 1:colcon.colcon_core.environment:create_environment_scripts_only(ros_study_msgs)
[0.502s] DEBUG:colcon.colcon_core.event_handler.log_command:Invoked command in '/home/youngmo/ros2_ws/build/ros_study_msgs' returned '0': CMAKE_PREFIX_PATH=/opt/ros/humble /usr/bin/cmake --install /home/youngmo/ros2_ws/build/ros_study_msgs
[0.503s] Level 1:colcon.colcon_core.environment:checking '/home/youngmo/ros2_ws/install/ros_study_msgs' for CMake module files
[0.504s] Level 1:colcon.colcon_core.environment:checking '/home/youngmo/ros2_ws/install/ros_study_msgs' for CMake config files
[0.504s] Level 1:colcon.colcon_core.shell:create_environment_hook('ros_study_msgs', 'cmake_prefix_path')
[0.504s] INFO:colcon.colcon_core.shell:Creating environment hook '/home/youngmo/ros2_ws/install/ros_study_msgs/share/ros_study_msgs/hook/cmake_prefix_path.ps1'
[0.508s] INFO:colcon.colcon_core.shell:Creating environment descriptor '/home/youngmo/ros2_ws/install/ros_study_msgs/share/ros_study_msgs/hook/cmake_prefix_path.dsv'
[0.509s] INFO:colcon.colcon_core.shell:Creating environment hook '/home/youngmo/ros2_ws/install/ros_study_msgs/share/ros_study_msgs/hook/cmake_prefix_path.sh'
[0.509s] Level 1:colcon.colcon_core.environment:checking '/home/youngmo/ros2_ws/install/ros_study_msgs/lib'
[0.509s] Level 1:colcon.colcon_core.shell:create_environment_hook('ros_study_msgs', 'ld_library_path_lib')
[0.510s] INFO:colcon.colcon_core.shell:Creating environment hook '/home/youngmo/ros2_ws/install/ros_study_msgs/share/ros_study_msgs/hook/ld_library_path_lib.ps1'
[0.510s] INFO:colcon.colcon_core.shell:Creating environment descriptor '/home/youngmo/ros2_ws/install/ros_study_msgs/share/ros_study_msgs/hook/ld_library_path_lib.dsv'
[0.510s] INFO:colcon.colcon_core.shell:Creating environment hook '/home/youngmo/ros2_ws/install/ros_study_msgs/share/ros_study_msgs/hook/ld_library_path_lib.sh'
[0.510s] Level 1:colcon.colcon_core.environment:checking '/home/youngmo/ros2_ws/install/ros_study_msgs/bin'
[0.510s] Level 1:colcon.colcon_core.environment:checking '/home/youngmo/ros2_ws/install/ros_study_msgs/lib/pkgconfig/ros_study_msgs.pc'
[0.510s] Level 1:colcon.colcon_core.environment:checking '/home/youngmo/ros2_ws/install/ros_study_msgs/lib/python3.10/site-packages'
[0.511s] Level 1:colcon.colcon_core.environment:checking '/home/youngmo/ros2_ws/install/ros_study_msgs/bin'
[0.511s] INFO:colcon.colcon_core.shell:Creating package script '/home/youngmo/ros2_ws/install/ros_study_msgs/share/ros_study_msgs/package.ps1'
[0.511s] INFO:colcon.colcon_core.shell:Creating package descriptor '/home/youngmo/ros2_ws/install/ros_study_msgs/share/ros_study_msgs/package.dsv'
[0.512s] INFO:colcon.colcon_core.shell:Creating package script '/home/youngmo/ros2_ws/install/ros_study_msgs/share/ros_study_msgs/package.sh'
[0.512s] INFO:colcon.colcon_core.shell:Creating package script '/home/youngmo/ros2_ws/install/ros_study_msgs/share/ros_study_msgs/package.bash'
[0.512s] INFO:colcon.colcon_core.shell:Creating package script '/home/youngmo/ros2_ws/install/ros_study_msgs/share/ros_study_msgs/package.zsh'
[0.513s] Level 1:colcon.colcon_core.environment:create_file_with_runtime_dependencies(/home/youngmo/ros2_ws/install/ros_study_msgs/share/colcon-core/packages/ros_study_msgs)
[0.513s] Level 1:colcon.colcon_core.environment:create_environment_scripts_only(ros_study_msgs)
[0.513s] Level 1:colcon.colcon_core.environment:checking '/home/youngmo/ros2_ws/install/ros_study_msgs' for CMake module files
[0.514s] Level 1:colcon.colcon_core.environment:checking '/home/youngmo/ros2_ws/install/ros_study_msgs' for CMake config files
[0.514s] Level 1:colcon.colcon_core.shell:create_environment_hook('ros_study_msgs', 'cmake_prefix_path')
[0.514s] INFO:colcon.colcon_core.shell:Creating environment hook '/home/youngmo/ros2_ws/install/ros_study_msgs/share/ros_study_msgs/hook/cmake_prefix_path.ps1'
[0.514s] INFO:colcon.colcon_core.shell:Creating environment descriptor '/home/youngmo/ros2_ws/install/ros_study_msgs/share/ros_study_msgs/hook/cmake_prefix_path.dsv'
[0.515s] INFO:colcon.colcon_core.shell:Creating environment hook '/home/youngmo/ros2_ws/install/ros_study_msgs/share/ros_study_msgs/hook/cmake_prefix_path.sh'
[0.517s] Level 1:colcon.colcon_core.environment:checking '/home/youngmo/ros2_ws/install/ros_study_msgs/lib'
[0.517s] Level 1:colcon.colcon_core.shell:create_environment_hook('ros_study_msgs', 'ld_library_path_lib')
[0.517s] INFO:colcon.colcon_core.shell:Creating environment hook '/home/youngmo/ros2_ws/install/ros_study_msgs/share/ros_study_msgs/hook/ld_library_path_lib.ps1'
[0.517s] INFO:colcon.colcon_core.shell:Creating environment descriptor '/home/youngmo/ros2_ws/install/ros_study_msgs/share/ros_study_msgs/hook/ld_library_path_lib.dsv'
[0.518s] INFO:colcon.colcon_core.shell:Creating environment hook '/home/youngmo/ros2_ws/install/ros_study_msgs/share/ros_study_msgs/hook/ld_library_path_lib.sh'
[0.518s] Level 1:colcon.colcon_core.environment:checking '/home/youngmo/ros2_ws/install/ros_study_msgs/bin'
[0.518s] Level 1:colcon.colcon_core.environment:checking '/home/youngmo/ros2_ws/install/ros_study_msgs/lib/pkgconfig/ros_study_msgs.pc'
[0.518s] Level 1:colcon.colcon_core.environment:checking '/home/youngmo/ros2_ws/install/ros_study_msgs/lib/python3.10/site-packages'
[0.518s] Level 1:colcon.colcon_core.environment:checking '/home/youngmo/ros2_ws/install/ros_study_msgs/bin'
[0.518s] INFO:colcon.colcon_core.shell:Creating package script '/home/youngmo/ros2_ws/install/ros_study_msgs/share/ros_study_msgs/package.ps1'
[0.519s] INFO:colcon.colcon_core.shell:Creating package descriptor '/home/youngmo/ros2_ws/install/ros_study_msgs/share/ros_study_msgs/package.dsv'
[0.519s] INFO:colcon.colcon_core.shell:Creating package script '/home/youngmo/ros2_ws/install/ros_study_msgs/share/ros_study_msgs/package.sh'
[0.519s] INFO:colcon.colcon_core.shell:Creating package script '/home/youngmo/ros2_ws/install/ros_study_msgs/share/ros_study_msgs/package.bash'
[0.519s] INFO:colcon.colcon_core.shell:Creating package script '/home/youngmo/ros2_ws/install/ros_study_msgs/share/ros_study_msgs/package.zsh'
[0.520s] Level 1:colcon.colcon_core.environment:create_file_with_runtime_dependencies(/home/youngmo/ros2_ws/install/ros_study_msgs/share/colcon-core/packages/ros_study_msgs)
[0.520s] INFO:colcon.colcon_ros.task.ament_python.build:Building ROS package in '/home/youngmo/ros2_ws/src/ex_calculator_py' with build type 'ament_python'
[0.520s] Level 1:colcon.colcon_core.shell:create_environment_hook('ex_calculator_py', 'ament_prefix_path')
[0.520s] INFO:colcon.colcon_core.shell:Creating environment hook '/home/youngmo/ros2_ws/install/ex_calculator_py/share/ex_calculator_py/hook/ament_prefix_path.ps1'
[0.520s] INFO:colcon.colcon_core.shell:Creating environment descriptor '/home/youngmo/ros2_ws/install/ex_calculator_py/share/ex_calculator_py/hook/ament_prefix_path.dsv'
[0.521s] INFO:colcon.colcon_core.shell:Creating environment hook '/home/youngmo/ros2_ws/install/ex_calculator_py/share/ex_calculator_py/hook/ament_prefix_path.sh'
[0.521s] INFO:colcon.colcon_core.shell:Skip shell extension 'powershell' for command environment: Not usable outside of PowerShell
[0.521s] DEBUG:colcon.colcon_core.shell:Skip shell extension 'dsv' for command environment
[0.524s] INFO:colcon.colcon_ros.task.ament_cmake.build:Building ROS package in '/home/youngmo/ros2_ws/src/ros_study_cpp' with build type 'ament_cmake'
[0.524s] INFO:colcon.colcon_cmake.task.cmake.build:Building CMake package in '/home/youngmo/ros2_ws/src/ros_study_cpp'
[0.524s] INFO:colcon.colcon_core.shell:Skip shell extension 'powershell' for command environment: Not usable outside of PowerShell
[0.524s] DEBUG:colcon.colcon_core.shell:Skip shell extension 'dsv' for command environment
[0.526s] INFO:colcon.colcon_ros.task.ament_python.build:Building ROS package in '/home/youngmo/ros2_ws/src/ros_study_py' with build type 'ament_python'
[0.527s] Level 1:colcon.colcon_core.shell:create_environment_hook('ros_study_py', 'ament_prefix_path')
[0.527s] INFO:colcon.colcon_core.shell:Creating environment hook '/home/youngmo/ros2_ws/install/ros_study_py/share/ros_study_py/hook/ament_prefix_path.ps1'
[0.527s] INFO:colcon.colcon_core.shell:Creating environment descriptor '/home/youngmo/ros2_ws/install/ros_study_py/share/ros_study_py/hook/ament_prefix_path.dsv'
[0.527s] INFO:colcon.colcon_core.shell:Creating environment hook '/home/youngmo/ros2_ws/install/ros_study_py/share/ros_study_py/hook/ament_prefix_path.sh'
[0.528s] INFO:colcon.colcon_core.shell:Skip shell extension 'powershell' for command environment: Not usable outside of PowerShell
[0.528s] DEBUG:colcon.colcon_core.shell:Skip shell extension 'dsv' for command environment
[0.690s] INFO:colcon.colcon_core.task.python.build:Building Python package in '/home/youngmo/ros2_ws/src/ex_calculator_py'
[0.692s] INFO:colcon.colcon_core.shell:Skip shell extension 'powershell' for command environment: Not usable outside of PowerShell
[0.692s] DEBUG:colcon.colcon_core.shell:Skip shell extension 'dsv' for command environment
[0.698s] DEBUG:colcon.colcon_core.event_handler.log_command:Invoking command in '/home/youngmo/ros2_ws/build/ros_study_cpp': AMENT_PREFIX_PATH=/home/youngmo/ros2_ws/install/ros_study_msgs:${AMENT_PREFIX_PATH} CMAKE_PREFIX_PATH=/home/youngmo/ros2_ws/install/ros_study_msgs:/opt/ros/humble LD_LIBRARY_PATH=/home/youngmo/ros2_ws/install/ros_study_msgs/lib:${LD_LIBRARY_PATH} PYTHONPATH=/home/youngmo/ros2_ws/install/ros_study_msgs/local/lib/python3.10/dist-packages:${PYTHONPATH} /usr/bin/cmake --build /home/youngmo/ros2_ws/build/ros_study_cpp -- -j16 -l16
[0.890s] INFO:colcon.colcon_core.task.python.build:Building Python package in '/home/youngmo/ros2_ws/src/ros_study_py'
[0.891s] INFO:colcon.colcon_core.shell:Skip shell extension 'powershell' for command environment: Not usable outside of PowerShell
[0.891s] DEBUG:colcon.colcon_core.shell:Skip shell extension 'dsv' for command environment
[1.168s] DEBUG:colcon.colcon_core.event_handler.log_command:Invoking command in '/home/youngmo/ros2_ws/src/ex_calculator_py': AMENT_PREFIX_PATH=/home/youngmo/ros2_ws/install/ros_study_msgs:${AMENT_PREFIX_PATH} CMAKE_PREFIX_PATH=/home/youngmo/ros2_ws/install/ros_study_msgs LD_LIBRARY_PATH=/home/youngmo/ros2_ws/install/ros_study_msgs/lib:${LD_LIBRARY_PATH} PYTHONPATH=/home/youngmo/ros2_ws/build/ex_calculator_py/prefix_override:/usr/lib/python3/dist-packages/colcon_core/task/python/colcon_distutils_commands:/home/youngmo/ros2_ws/install/ex_calculator_py/lib/python3.10/site-packages:/home/youngmo/ros2_ws/install/ros_study_msgs/local/lib/python3.10/dist-packages:${PYTHONPATH} /usr/bin/python3 -W ignore:setup.py install is deprecated -W ignore:easy_install command is deprecated setup.py egg_info --egg-base ../../build/ex_calculator_py build --build-base /home/youngmo/ros2_ws/build/ex_calculator_py/build install --record /home/youngmo/ros2_ws/build/ex_calculator_py/install.log --single-version-externally-managed install_data
[1.211s] DEBUG:colcon.colcon_core.event_handler.log_command:Invoking command in '/home/youngmo/ros2_ws/src/ros_study_py': AMENT_PREFIX_PATH=/home/youngmo/ros2_ws/install/ros_study_msgs:${AMENT_PREFIX_PATH} CMAKE_PREFIX_PATH=/home/youngmo/ros2_ws/install/ros_study_msgs LD_LIBRARY_PATH=/home/youngmo/ros2_ws/install/ros_study_msgs/lib:${LD_LIBRARY_PATH} PYTHONPATH=/home/youngmo/ros2_ws/build/ros_study_py/prefix_override:/usr/lib/python3/dist-packages/colcon_core/task/python/colcon_distutils_commands:/home/youngmo/ros2_ws/install/ros_study_py/lib/python3.10/site-packages:/home/youngmo/ros2_ws/install/ros_study_msgs/local/lib/python3.10/dist-packages:${PYTHONPATH} /usr/bin/python3 -W ignore:setup.py install is deprecated -W ignore:easy_install command is deprecated setup.py egg_info --egg-base ../../build/ros_study_py build --build-base /home/youngmo/ros2_ws/build/ros_study_py/build install --record /home/youngmo/ros2_ws/build/ros_study_py/install.log --single-version-externally-managed install_data
[1.443s] Level 1:colcon.colcon_core.environment:checking '/home/youngmo/ros2_ws/install/ros_study_py' for CMake module files
[1.443s] DEBUG:colcon.colcon_core.event_handler.log_command:Invoked command in '/home/youngmo/ros2_ws/src/ros_study_py' returned '0': AMENT_PREFIX_PATH=/home/youngmo/ros2_ws/install/ros_study_msgs:${AMENT_PREFIX_PATH} CMAKE_PREFIX_PATH=/home/youngmo/ros2_ws/install/ros_study_msgs LD_LIBRARY_PATH=/home/youngmo/ros2_ws/install/ros_study_msgs/lib:${LD_LIBRARY_PATH} PYTHONPATH=/home/youngmo/ros2_ws/build/ros_study_py/prefix_override:/usr/lib/python3/dist-packages/colcon_core/task/python/colcon_distutils_commands:/home/youngmo/ros2_ws/install/ros_study_py/lib/python3.10/site-packages:/home/youngmo/ros2_ws/install/ros_study_msgs/local/lib/python3.10/dist-packages:${PYTHONPATH} /usr/bin/python3 -W ignore:setup.py install is deprecated -W ignore:easy_install command is deprecated setup.py egg_info --egg-base ../../build/ros_study_py build --build-base /home/youngmo/ros2_ws/build/ros_study_py/build install --record /home/youngmo/ros2_ws/build/ros_study_py/install.log --single-version-externally-managed install_data
[1.444s] Level 1:colcon.colcon_core.environment:checking '/home/youngmo/ros2_ws/install/ros_study_py' for CMake config files
[1.445s] Level 1:colcon.colcon_core.environment:checking '/home/youngmo/ros2_ws/install/ros_study_py/lib'
[1.445s] Level 1:colcon.colcon_core.environment:checking '/home/youngmo/ros2_ws/install/ros_study_py/bin'
[1.445s] Level 1:colcon.colcon_core.environment:checking '/home/youngmo/ros2_ws/install/ros_study_py/lib/pkgconfig/ros_study_py.pc'
[1.445s] Level 1:colcon.colcon_core.environment:checking '/home/youngmo/ros2_ws/install/ros_study_py/lib/python3.10/site-packages'
[1.445s] Level 1:colcon.colcon_core.shell:create_environment_hook('ros_study_py', 'pythonpath')
[1.445s] INFO:colcon.colcon_core.shell:Creating environment hook '/home/youngmo/ros2_ws/install/ros_study_py/share/ros_study_py/hook/pythonpath.ps1'
[1.446s] INFO:colcon.colcon_core.shell:Creating environment descriptor '/home/youngmo/ros2_ws/install/ros_study_py/share/ros_study_py/hook/pythonpath.dsv'
[1.446s] INFO:colcon.colcon_core.shell:Creating environment hook '/home/youngmo/ros2_ws/install/ros_study_py/share/ros_study_py/hook/pythonpath.sh'
[1.448s] Level 1:colcon.colcon_core.environment:checking '/home/youngmo/ros2_ws/install/ros_study_py/bin'
[1.448s] Level 1:colcon.colcon_core.environment:create_environment_scripts_only(ros_study_py)
[1.449s] INFO:colcon.colcon_core.shell:Creating package script '/home/youngmo/ros2_ws/install/ros_study_py/share/ros_study_py/package.ps1'
[1.449s] INFO:colcon.colcon_core.shell:Creating package descriptor '/home/youngmo/ros2_ws/install/ros_study_py/share/ros_study_py/package.dsv'
[1.450s] INFO:colcon.colcon_core.shell:Creating package script '/home/youngmo/ros2_ws/install/ros_study_py/share/ros_study_py/package.sh'
[1.450s] INFO:colcon.colcon_core.shell:Creating package script '/home/youngmo/ros2_ws/install/ros_study_py/share/ros_study_py/package.bash'
[1.450s] INFO:colcon.colcon_core.shell:Creating package script '/home/youngmo/ros2_ws/install/ros_study_py/share/ros_study_py/package.zsh'
[1.452s] Level 1:colcon.colcon_core.environment:create_file_with_runtime_dependencies(/home/youngmo/ros2_ws/install/ros_study_py/share/colcon-core/packages/ros_study_py)
[1.498s] Level 1:colcon.colcon_core.environment:checking '/home/youngmo/ros2_ws/install/ex_calculator_py' for CMake module files
[1.499s] Level 1:colcon.colcon_core.environment:checking '/home/youngmo/ros2_ws/install/ex_calculator_py' for CMake config files
[1.499s] Level 1:colcon.colcon_core.environment:checking '/home/youngmo/ros2_ws/install/ex_calculator_py/lib'
[1.499s] Level 1:colcon.colcon_core.environment:checking '/home/youngmo/ros2_ws/install/ex_calculator_py/bin'
[1.499s] Level 1:colcon.colcon_core.environment:checking '/home/youngmo/ros2_ws/install/ex_calculator_py/lib/pkgconfig/ex_calculator_py.pc'
[1.500s] Level 1:colcon.colcon_core.environment:checking '/home/youngmo/ros2_ws/install/ex_calculator_py/lib/python3.10/site-packages'
[1.500s] Level 1:colcon.colcon_core.shell:create_environment_hook('ex_calculator_py', 'pythonpath')
[1.500s] INFO:colcon.colcon_core.shell:Creating environment hook '/home/youngmo/ros2_ws/install/ex_calculator_py/share/ex_calculator_py/hook/pythonpath.ps1'
[1.502s] DEBUG:colcon.colcon_core.event_handler.log_command:Invoked command in '/home/youngmo/ros2_ws/src/ex_calculator_py' returned '0': AMENT_PREFIX_PATH=/home/youngmo/ros2_ws/install/ros_study_msgs:${AMENT_PREFIX_PATH} CMAKE_PREFIX_PATH=/home/youngmo/ros2_ws/install/ros_study_msgs LD_LIBRARY_PATH=/home/youngmo/ros2_ws/install/ros_study_msgs/lib:${LD_LIBRARY_PATH} PYTHONPATH=/home/youngmo/ros2_ws/build/ex_calculator_py/prefix_override:/usr/lib/python3/dist-packages/colcon_core/task/python/colcon_distutils_commands:/home/youngmo/ros2_ws/install/ex_calculator_py/lib/python3.10/site-packages:/home/youngmo/ros2_ws/install/ros_study_msgs/local/lib/python3.10/dist-packages:${PYTHONPATH} /usr/bin/python3 -W ignore:setup.py install is deprecated -W ignore:easy_install command is deprecated setup.py egg_info --egg-base ../../build/ex_calculator_py build --build-base /home/youngmo/ros2_ws/build/ex_calculator_py/build install --record /home/youngmo/ros2_ws/build/ex_calculator_py/install.log --single-version-externally-managed install_data
[1.503s] INFO:colcon.colcon_core.shell:Creating environment descriptor '/home/youngmo/ros2_ws/install/ex_calculator_py/share/ex_calculator_py/hook/pythonpath.dsv'
[1.504s] INFO:colcon.colcon_core.shell:Creating environment hook '/home/youngmo/ros2_ws/install/ex_calculator_py/share/ex_calculator_py/hook/pythonpath.sh'
[1.505s] Level 1:colcon.colcon_core.environment:checking '/home/youngmo/ros2_ws/install/ex_calculator_py/bin'
[1.505s] Level 1:colcon.colcon_core.environment:create_environment_scripts_only(ex_calculator_py)
[1.505s] INFO:colcon.colcon_core.shell:Creating package script '/home/youngmo/ros2_ws/install/ex_calculator_py/share/ex_calculator_py/package.ps1'
[1.505s] INFO:colcon.colcon_core.shell:Creating package descriptor '/home/youngmo/ros2_ws/install/ex_calculator_py/share/ex_calculator_py/package.dsv'
[1.506s] INFO:colcon.colcon_core.shell:Creating package script '/home/youngmo/ros2_ws/install/ex_calculator_py/share/ex_calculator_py/package.sh'
[1.506s] INFO:colcon.colcon_core.shell:Creating package script '/home/youngmo/ros2_ws/install/ex_calculator_py/share/ex_calculator_py/package.bash'
[1.506s] INFO:colcon.colcon_core.shell:Creating package script '/home/youngmo/ros2_ws/install/ex_calculator_py/share/ex_calculator_py/package.zsh'
[1.506s] Level 1:colcon.colcon_core.environment:create_file_with_runtime_dependencies(/home/youngmo/ros2_ws/install/ex_calculator_py/share/colcon-core/packages/ex_calculator_py)
[11.371s] DEBUG:colcon.colcon_core.event_handler.log_command:Invoked command in '/home/youngmo/ros2_ws/build/ros_study_cpp' returned '0': AMENT_PREFIX_PATH=/home/youngmo/ros2_ws/install/ros_study_msgs:${AMENT_PREFIX_PATH} CMAKE_PREFIX_PATH=/home/youngmo/ros2_ws/install/ros_study_msgs:/opt/ros/humble LD_LIBRARY_PATH=/home/youngmo/ros2_ws/install/ros_study_msgs/lib:${LD_LIBRARY_PATH} PYTHONPATH=/home/youngmo/ros2_ws/install/ros_study_msgs/local/lib/python3.10/dist-packages:${PYTHONPATH} /usr/bin/cmake --build /home/youngmo/ros2_ws/build/ros_study_cpp -- -j16 -l16
[11.372s] DEBUG:colcon.colcon_core.event_handler.log_command:Invoking command in '/home/youngmo/ros2_ws/build/ros_study_cpp': AMENT_PREFIX_PATH=/home/youngmo/ros2_ws/install/ros_study_msgs:${AMENT_PREFIX_PATH} CMAKE_PREFIX_PATH=/home/youngmo/ros2_ws/install/ros_study_msgs:/opt/ros/humble LD_LIBRARY_PATH=/home/youngmo/ros2_ws/install/ros_study_msgs/lib:${LD_LIBRARY_PATH} PYTHONPATH=/home/youngmo/ros2_ws/install/ros_study_msgs/local/lib/python3.10/dist-packages:${PYTHONPATH} /usr/bin/cmake --install /home/youngmo/ros2_ws/build/ros_study_cpp
[11.396s] Level 1:colcon.colcon_core.environment:create_environment_scripts_only(ros_study_cpp)
[11.396s] DEBUG:colcon.colcon_core.event_handler.log_command:Invoked command in '/home/youngmo/ros2_ws/build/ros_study_cpp' returned '0': AMENT_PREFIX_PATH=/home/youngmo/ros2_ws/install/ros_study_msgs:${AMENT_PREFIX_PATH} CMAKE_PREFIX_PATH=/home/youngmo/ros2_ws/install/ros_study_msgs:/opt/ros/humble LD_LIBRARY_PATH=/home/youngmo/ros2_ws/install/ros_study_msgs/lib:${LD_LIBRARY_PATH} PYTHONPATH=/home/youngmo/ros2_ws/install/ros_study_msgs/local/lib/python3.10/dist-packages:${PYTHONPATH} /usr/bin/cmake --install /home/youngmo/ros2_ws/build/ros_study_cpp
[11.397s] Level 1:colcon.colcon_core.environment:checking '/home/youngmo/ros2_ws/install/ros_study_cpp' for CMake module files
[11.398s] Level 1:colcon.colcon_core.environment:checking '/home/youngmo/ros2_ws/install/ros_study_cpp' for CMake config files
[11.398s] Level 1:colcon.colcon_core.shell:create_environment_hook('ros_study_cpp', 'cmake_prefix_path')
[11.398s] INFO:colcon.colcon_core.shell:Creating environment hook '/home/youngmo/ros2_ws/install/ros_study_cpp/share/ros_study_cpp/hook/cmake_prefix_path.ps1'
[11.399s] INFO:colcon.colcon_core.shell:Creating environment descriptor '/home/youngmo/ros2_ws/install/ros_study_cpp/share/ros_study_cpp/hook/cmake_prefix_path.dsv'
[11.399s] INFO:colcon.colcon_core.shell:Creating environment hook '/home/youngmo/ros2_ws/install/ros_study_cpp/share/ros_study_cpp/hook/cmake_prefix_path.sh'
[11.400s] Level 1:colcon.colcon_core.environment:checking '/home/youngmo/ros2_ws/install/ros_study_cpp/lib'
[11.400s] Level 1:colcon.colcon_core.environment:checking '/home/youngmo/ros2_ws/install/ros_study_cpp/bin'
[11.400s] Level 1:colcon.colcon_core.environment:checking '/home/youngmo/ros2_ws/install/ros_study_cpp/lib/pkgconfig/ros_study_cpp.pc'
[11.400s] Level 1:colcon.colcon_core.environment:checking '/home/youngmo/ros2_ws/install/ros_study_cpp/lib/python3.10/site-packages'
[11.401s] Level 1:colcon.colcon_core.environment:checking '/home/youngmo/ros2_ws/install/ros_study_cpp/bin'
[11.401s] INFO:colcon.colcon_core.shell:Creating package script '/home/youngmo/ros2_ws/install/ros_study_cpp/share/ros_study_cpp/package.ps1'
[11.401s] INFO:colcon.colcon_core.shell:Creating package descriptor '/home/youngmo/ros2_ws/install/ros_study_cpp/share/ros_study_cpp/package.dsv'
[11.402s] INFO:colcon.colcon_core.shell:Creating package script '/home/youngmo/ros2_ws/install/ros_study_cpp/share/ros_study_cpp/package.sh'
[11.402s] INFO:colcon.colcon_core.shell:Creating package script '/home/youngmo/ros2_ws/install/ros_study_cpp/share/ros_study_cpp/package.bash'
[11.402s] INFO:colcon.colcon_core.shell:Creating package script '/home/youngmo/ros2_ws/install/ros_study_cpp/share/ros_study_cpp/package.zsh'
[11.403s] Level 1:colcon.colcon_core.environment:create_file_with_runtime_dependencies(/home/youngmo/ros2_ws/install/ros_study_cpp/share/colcon-core/packages/ros_study_cpp)
[11.404s] Level 1:colcon.colcon_core.environment:create_environment_scripts_only(ros_study_cpp)
[11.404s] Level 1:colcon.colcon_core.environment:checking '/home/youngmo/ros2_ws/install/ros_study_cpp' for CMake module files
[11.405s] Level 1:colcon.colcon_core.environment:checking '/home/youngmo/ros2_ws/install/ros_study_cpp' for CMake config files
[11.405s] Level 1:colcon.colcon_core.shell:create_environment_hook('ros_study_cpp', 'cmake_prefix_path')
[11.405s] INFO:colcon.colcon_core.shell:Creating environment hook '/home/youngmo/ros2_ws/install/ros_study_cpp/share/ros_study_cpp/hook/cmake_prefix_path.ps1'
[11.406s] INFO:colcon.colcon_core.shell:Creating environment descriptor '/home/youngmo/ros2_ws/install/ros_study_cpp/share/ros_study_cpp/hook/cmake_prefix_path.dsv'
[11.406s] INFO:colcon.colcon_core.shell:Creating environment hook '/home/youngmo/ros2_ws/install/ros_study_cpp/share/ros_study_cpp/hook/cmake_prefix_path.sh'
[11.407s] Level 1:colcon.colcon_core.environment:checking '/home/youngmo/ros2_ws/install/ros_study_cpp/lib'
[11.407s] Level 1:colcon.colcon_core.environment:checking '/home/youngmo/ros2_ws/install/ros_study_cpp/bin'
[11.407s] Level 1:colcon.colcon_core.environment:checking '/home/youngmo/ros2_ws/install/ros_study_cpp/lib/pkgconfig/ros_study_cpp.pc'
[11.407s] Level 1:colcon.colcon_core.environment:checking '/home/youngmo/ros2_ws/install/ros_study_cpp/lib/python3.10/site-packages'
[11.407s] Level 1:colcon.colcon_core.environment:checking '/home/youngmo/ros2_ws/install/ros_study_cpp/bin'
[11.407s] INFO:colcon.colcon_core.shell:Creating package script '/home/youngmo/ros2_ws/install/ros_study_cpp/share/ros_study_cpp/package.ps1'
[11.408s] INFO:colcon.colcon_core.shell:Creating package descriptor '/home/youngmo/ros2_ws/install/ros_study_cpp/share/ros_study_cpp/package.dsv'
[11.408s] INFO:colcon.colcon_core.shell:Creating package script '/home/youngmo/ros2_ws/install/ros_study_cpp/share/ros_study_cpp/package.sh'
[11.409s] INFO:colcon.colcon_core.shell:Creating package script '/home/youngmo/ros2_ws/install/ros_study_cpp/share/ros_study_cpp/package.bash'
[11.409s] INFO:colcon.colcon_core.shell:Creating package script '/home/youngmo/ros2_ws/install/ros_study_cpp/share/ros_study_cpp/package.zsh'
[11.409s] Level 1:colcon.colcon_core.environment:create_file_with_runtime_dependencies(/home/youngmo/ros2_ws/install/ros_study_cpp/share/colcon-core/packages/ros_study_cpp)
[11.410s] DEBUG:colcon.colcon_parallel_executor.executor.parallel:closing loop
[11.410s] DEBUG:colcon.colcon_parallel_executor.executor.parallel:loop closed
[11.410s] DEBUG:colcon.colcon_parallel_executor.executor.parallel:run_until_complete finished with '0'
[11.411s] DEBUG:colcon.colcon_core.event_reactor:joining thread
[11.418s] INFO:colcon.colcon_core.plugin_system:Skipping extension 'colcon_notification.desktop_notification.terminal_notifier': Not used on non-Darwin systems
[11.418s] INFO:colcon.colcon_core.plugin_system:Skipping extension 'colcon_notification.desktop_notification.win32': Not used on non-Windows systems
[11.418s] INFO:colcon.colcon_notification.desktop_notification:Sending desktop notification using 'notify2'
[11.449s] DEBUG:colcon.colcon_core.event_reactor:joined thread
[11.450s] INFO:colcon.colcon_core.shell:Creating prefix script '/home/youngmo/ros2_ws/install/local_setup.ps1'
[11.451s] INFO:colcon.colcon_core.shell:Creating prefix util module '/home/youngmo/ros2_ws/install/_local_setup_util_ps1.py'
[11.452s] INFO:colcon.colcon_core.shell:Creating prefix chain script '/home/youngmo/ros2_ws/install/setup.ps1'
[11.453s] INFO:colcon.colcon_core.shell:Creating prefix script '/home/youngmo/ros2_ws/install/local_setup.sh'
[11.454s] INFO:colcon.colcon_core.shell:Creating prefix util module '/home/youngmo/ros2_ws/install/_local_setup_util_sh.py'
[11.454s] INFO:colcon.colcon_core.shell:Creating prefix chain script '/home/youngmo/ros2_ws/install/setup.sh'
[11.455s] INFO:colcon.colcon_core.shell:Creating prefix script '/home/youngmo/ros2_ws/install/local_setup.bash'
[11.456s] INFO:colcon.colcon_core.shell:Creating prefix chain script '/home/youngmo/ros2_ws/install/setup.bash'
[11.457s] INFO:colcon.colcon_core.shell:Creating prefix script '/home/youngmo/ros2_ws/install/local_setup.zsh'
[11.457s] INFO:colcon.colcon_core.shell:Creating prefix chain script '/home/youngmo/ros2_ws/install/setup.zsh'
