[0.293s] Invoking command in '/home/youngmo/ros2_ws/src/ros_study_py': AMENT_PREFIX_PATH=/home/youngmo/ros2_ws/install/ros_study_msgs:${AMENT_PREFIX_PATH} CMAKE_PREFIX_PATH=/home/youngmo/ros2_ws/install/ros_study_msgs LD_LIBRARY_PATH=/home/youngmo/ros2_ws/install/ros_study_msgs/lib:${LD_LIBRARY_PATH} PYTHONPATH=/home/youngmo/ros2_ws/build/ros_study_py/prefix_override:/usr/lib/python3/dist-packages/colcon_core/task/python/colcon_distutils_commands:/home/youngmo/ros2_ws/install/ros_study_py/lib/python3.10/site-packages:/home/youngmo/ros2_ws/install/ros_study_msgs/local/lib/python3.10/dist-packages:${PYTHONPATH} /usr/bin/python3 -W ignore:setup.py install is deprecated -W ignore:easy_install command is deprecated setup.py egg_info --egg-base ../../build/ros_study_py build --build-base /home/youngmo/ros2_ws/build/ros_study_py/build install --record /home/youngmo/ros2_ws/build/ros_study_py/install.log --single-version-externally-managed install_data
[0.398s] running egg_info
[0.398s] writing ../../build/ros_study_py/ros_study_py.egg-info/PKG-INFO
[0.399s] writing dependency_links to ../../build/ros_study_py/ros_study_py.egg-info/dependency_links.txt
[0.399s] writing entry points to ../../build/ros_study_py/ros_study_py.egg-info/entry_points.txt
[0.399s] writing requirements to ../../build/ros_study_py/ros_study_py.egg-info/requires.txt
[0.399s] writing top-level names to ../../build/ros_study_py/ros_study_py.egg-info/top_level.txt
[0.401s] reading manifest file '../../build/ros_study_py/ros_study_py.egg-info/SOURCES.txt'
[0.401s] writing manifest file '../../build/ros_study_py/ros_study_py.egg-info/SOURCES.txt'
[0.401s] running build
[0.401s] running build_py
[0.402s] copying ros_study_py/my_action_server.py -> /home/youngmo/ros2_ws/build/ros_study_py/build/lib/ros_study_py
[0.402s] copying ros_study_py/my_action_client.py -> /home/youngmo/ros2_ws/build/ros_study_py/build/lib/ros_study_py
[0.402s] running install
[0.402s] running install_lib
[0.402s] copying /home/youngmo/ros2_ws/build/ros_study_py/build/lib/ros_study_py/my_action_server.py -> /home/youngmo/ros2_ws/install/ros_study_py/lib/python3.10/site-packages/ros_study_py
[0.403s] copying /home/youngmo/ros2_ws/build/ros_study_py/build/lib/ros_study_py/my_action_client.py -> /home/youngmo/ros2_ws/install/ros_study_py/lib/python3.10/site-packages/ros_study_py
[0.403s] byte-compiling /home/youngmo/ros2_ws/install/ros_study_py/lib/python3.10/site-packages/ros_study_py/my_action_server.py to my_action_server.cpython-310.pyc
[0.404s] byte-compiling /home/youngmo/ros2_ws/install/ros_study_py/lib/python3.10/site-packages/ros_study_py/my_action_client.py to my_action_client.cpython-310.pyc
[0.404s] running install_data
[0.404s] running install_egg_info
[0.405s] removing '/home/youngmo/ros2_ws/install/ros_study_py/lib/python3.10/site-packages/ros_study_py-0.0.0-py3.10.egg-info' (and everything under it)
[0.406s] Copying ../../build/ros_study_py/ros_study_py.egg-info to /home/youngmo/ros2_ws/install/ros_study_py/lib/python3.10/site-packages/ros_study_py-0.0.0-py3.10.egg-info
[0.406s] running install_scripts
[0.420s] Installing my_action_client script to /home/youngmo/ros2_ws/install/ros_study_py/lib/ros_study_py
[0.420s] Installing my_action_server script to /home/youngmo/ros2_ws/install/ros_study_py/lib/ros_study_py
[0.420s] Installing my_msg_subscriber script to /home/youngmo/ros2_ws/install/ros_study_py/lib/ros_study_py
[0.420s] Installing my_msg_test script to /home/youngmo/ros2_ws/install/ros_study_py/lib/ros_study_py
[0.420s] Installing my_service_client script to /home/youngmo/ros2_ws/install/ros_study_py/lib/ros_study_py
[0.420s] Installing my_service_server script to /home/youngmo/ros2_ws/install/ros_study_py/lib/ros_study_py
[0.420s] writing list of installed files to '/home/youngmo/ros2_ws/build/ros_study_py/install.log'
[0.433s] Invoked command in '/home/youngmo/ros2_ws/src/ros_study_py' returned '0': AMENT_PREFIX_PATH=/home/youngmo/ros2_ws/install/ros_study_msgs:${AMENT_PREFIX_PATH} CMAKE_PREFIX_PATH=/home/youngmo/ros2_ws/install/ros_study_msgs LD_LIBRARY_PATH=/home/youngmo/ros2_ws/install/ros_study_msgs/lib:${LD_LIBRARY_PATH} PYTHONPATH=/home/youngmo/ros2_ws/build/ros_study_py/prefix_override:/usr/lib/python3/dist-packages/colcon_core/task/python/colcon_distutils_commands:/home/youngmo/ros2_ws/install/ros_study_py/lib/python3.10/site-packages:/home/youngmo/ros2_ws/install/ros_study_msgs/local/lib/python3.10/dist-packages:${PYTHONPATH} /usr/bin/python3 -W ignore:setup.py install is deprecated -W ignore:easy_install command is deprecated setup.py egg_info --egg-base ../../build/ros_study_py build --build-base /home/youngmo/ros2_ws/build/ros_study_py/build install --record /home/youngmo/ros2_ws/build/ros_study_py/install.log --single-version-externally-managed install_data
