[0.004s] Invoking command in '/home/youngmo/ros2_ws/build/ros_study_msgs': CMAKE_PREFIX_PATH=/opt/ros/humble /usr/bin/cmake /home/youngmo/ros2_ws/src/ros_study_msgs -DCMAKE_INSTALL_PREFIX=/home/youngmo/ros2_ws/install/ros_study_msgs
[0.068s] -- The C compiler identification is GNU 11.4.0
[0.123s] -- The CXX compiler identification is GNU 11.4.0
[0.132s] -- Detecting C compiler ABI info
[0.209s] -- Detecting C compiler ABI info - done
[0.218s] -- Check for working C compiler: /usr/bin/cc - skipped
[0.218s] -- Detecting C compile features
[0.218s] -- Detecting C compile features - done
[0.221s] -- Detecting CXX compiler ABI info
[0.306s] -- Detecting CXX compiler ABI info - done
[0.315s] -- Check for working CXX compiler: /usr/bin/c++ - skipped
[0.315s] -- Detecting CXX compile features
[0.317s] -- Detecting CXX compile features - done
[0.318s] -- Found ament_cmake: 1.3.11 (/opt/ros/humble/share/ament_cmake/cmake)
[0.469s] -- Found Python3: /usr/bin/python3 (found version "3.10.12") found components: Interpreter 
[0.536s] -- Found builtin_interfaces: 1.2.1 (/opt/ros/humble/share/builtin_interfaces/cmake)
[0.548s] -- Found rosidl_generator_c: 3.1.6 (/opt/ros/humble/share/rosidl_generator_c/cmake)
[0.549s] -- Found rosidl_adapter: 3.1.6 (/opt/ros/humble/share/rosidl_adapter/cmake)
[0.553s] -- Found rosidl_generator_cpp: 3.1.6 (/opt/ros/humble/share/rosidl_generator_cpp/cmake)
[0.558s] -- Using all available rosidl_typesupport_c: rosidl_typesupport_fastrtps_c;rosidl_typesupport_introspection_c
[0.564s] -- Using all available rosidl_typesupport_cpp: rosidl_typesupport_fastrtps_cpp;rosidl_typesupport_introspection_cpp
[0.570s] -- Found rosidl_default_generators: 1.2.0 (/opt/ros/humble/share/rosidl_default_generators/cmake)
[0.750s] -- Found ament_cmake_ros: 0.10.0 (/opt/ros/humble/share/ament_cmake_ros/cmake)
[1.110s] -- Using all available rosidl_typesupport_c: rosidl_typesupport_fastrtps_c;rosidl_typesupport_introspection_c
[1.235s] -- Using all available rosidl_typesupport_cpp: rosidl_typesupport_fastrtps_cpp;rosidl_typesupport_introspection_cpp
[1.263s] -- Found PythonInterp: /usr/bin/python3 (found suitable version "3.10.12", minimum required is "3.6") 
[1.265s] -- Found python_cmake_module: 0.10.0 (/opt/ros/humble/share/python_cmake_module/cmake)
[1.293s] -- Found PythonLibs: /usr/lib/x86_64-linux-gnu/libpython3.10.so (found suitable version "3.10.12", minimum required is "3.5") 
[1.294s] -- Using PYTHON_EXECUTABLE: /usr/bin/python3
[1.294s] -- Using PYTHON_INCLUDE_DIRS: /usr/include/python3.10
[1.294s] -- Using PYTHON_LIBRARIES: /usr/lib/x86_64-linux-gnu/libpython3.10.so
[1.319s] -- Found PythonExtra: .so  
[1.361s] -- Found ament_lint_auto: 0.12.12 (/opt/ros/humble/share/ament_lint_auto/cmake)
[1.371s] -- Added test 'lint_cmake' to check CMake code style
[1.371s] -- Added test 'xmllint' to check XML markup files
[1.371s] -- Configuring done
[1.385s] -- Generating done
[1.390s] -- Build files have been written to: /home/youngmo/ros2_ws/build/ros_study_msgs
[1.394s] Invoked command in '/home/youngmo/ros2_ws/build/ros_study_msgs' returned '0': CMAKE_PREFIX_PATH=/opt/ros/humble /usr/bin/cmake /home/youngmo/ros2_ws/src/ros_study_msgs -DCMAKE_INSTALL_PREFIX=/home/youngmo/ros2_ws/install/ros_study_msgs
[1.397s] Invoking command in '/home/youngmo/ros2_ws/build/ros_study_msgs': CMAKE_PREFIX_PATH=/opt/ros/humble /usr/bin/cmake --build /home/youngmo/ros2_ws/build/ros_study_msgs -- -j16 -l16
[1.439s] [  2%] [34m[1mGenerating C code for ROS interfaces[0m
[1.451s] [  4%] [34m[1mGenerating C++ code for ROS interfaces[0m
[1.454s] [  4%] Built target ament_cmake_python_copy_ros_study_msgs
[1.582s] running egg_info
[1.582s] creating ros_study_msgs.egg-info
[1.582s] writing ros_study_msgs.egg-info/PKG-INFO
[1.582s] writing dependency_links to ros_study_msgs.egg-info/dependency_links.txt
[1.582s] writing top-level names to ros_study_msgs.egg-info/top_level.txt
[1.582s] writing manifest file 'ros_study_msgs.egg-info/SOURCES.txt'
[1.582s] reading manifest file 'ros_study_msgs.egg-info/SOURCES.txt'
[1.583s] writing manifest file 'ros_study_msgs.egg-info/SOURCES.txt'
[1.603s] [  4%] Built target ament_cmake_python_build_ros_study_msgs_egg
[1.751s] [  6%] [32mBuilding C object CMakeFiles/ros_study_msgs__rosidl_generator_c.dir/rosidl_generator_c/ros_study_msgs/action/detail/my_action__functions.c.o[0m
[1.751s] [  8%] [32mBuilding C object CMakeFiles/ros_study_msgs__rosidl_generator_c.dir/rosidl_generator_c/ros_study_msgs/msg/detail/my_msg__functions.c.o[0m
[1.751s] [ 10%] [32mBuilding C object CMakeFiles/ros_study_msgs__rosidl_generator_c.dir/rosidl_generator_c/ros_study_msgs/srv/detail/my_srv__functions.c.o[0m
[1.757s] [ 10%] Built target ros_study_msgs__cpp
[1.766s] [ 12%] [34m[1mGenerating C++ type support dispatch for ROS interfaces[0m
[1.768s] [ 14%] [34m[1mGenerating C++ type support for eProsima Fast-RTPS[0m
[1.771s] [ 17%] [34m[1mGenerating C++ introspection for ROS interfaces[0m
[1.870s] [ 19%] [32m[1mLinking C shared library libros_study_msgs__rosidl_generator_c.so[0m
[1.916s] [ 19%] Built target ros_study_msgs__rosidl_generator_c
[1.927s] [ 21%] [34m[1mGenerating C type support for eProsima Fast-RTPS[0m
[1.928s] [ 23%] [34m[1mGenerating C introspection for ROS interfaces[0m
[1.930s] [ 25%] [34m[1mGenerating C type support dispatch for ROS interfaces[0m
[2.087s] [ 27%] [32mBuilding CXX object CMakeFiles/ros_study_msgs__rosidl_typesupport_cpp.dir/rosidl_typesupport_cpp/ros_study_msgs/srv/my_srv__type_support.cpp.o[0m
[2.087s] [ 29%] [32mBuilding CXX object CMakeFiles/ros_study_msgs__rosidl_typesupport_cpp.dir/rosidl_typesupport_cpp/ros_study_msgs/msg/my_msg__type_support.cpp.o[0m
[2.088s] [ 31%] [32mBuilding CXX object CMakeFiles/ros_study_msgs__rosidl_typesupport_cpp.dir/rosidl_typesupport_cpp/ros_study_msgs/action/my_action__type_support.cpp.o[0m
[2.156s] [ 36%] [32mBuilding CXX object CMakeFiles/ros_study_msgs__rosidl_typesupport_introspection_cpp.dir/rosidl_typesupport_introspection_cpp/ros_study_msgs/srv/detail/my_srv__type_support.cpp.o[0m
[2.157s] [ 36%] [32mBuilding CXX object CMakeFiles/ros_study_msgs__rosidl_typesupport_introspection_cpp.dir/rosidl_typesupport_introspection_cpp/ros_study_msgs/msg/detail/my_msg__type_support.cpp.o[0m
[2.157s] [ 38%] [32mBuilding CXX object CMakeFiles/ros_study_msgs__rosidl_typesupport_introspection_cpp.dir/rosidl_typesupport_introspection_cpp/ros_study_msgs/action/detail/my_action__type_support.cpp.o[0m
[2.202s] [ 40%] [32mBuilding CXX object CMakeFiles/ros_study_msgs__rosidl_typesupport_fastrtps_cpp.dir/rosidl_typesupport_fastrtps_cpp/ros_study_msgs/msg/detail/dds_fastrtps/my_msg__type_support.cpp.o[0m
[2.203s] [ 42%] [32mBuilding CXX object CMakeFiles/ros_study_msgs__rosidl_typesupport_fastrtps_cpp.dir/rosidl_typesupport_fastrtps_cpp/ros_study_msgs/srv/detail/dds_fastrtps/my_srv__type_support.cpp.o[0m
[2.204s] [ 44%] [32mBuilding CXX object CMakeFiles/ros_study_msgs__rosidl_typesupport_fastrtps_cpp.dir/rosidl_typesupport_fastrtps_cpp/ros_study_msgs/action/detail/dds_fastrtps/my_action__type_support.cpp.o[0m
[2.248s] [ 46%] [32mBuilding CXX object CMakeFiles/ros_study_msgs__rosidl_typesupport_c.dir/rosidl_typesupport_c/ros_study_msgs/msg/my_msg__type_support.cpp.o[0m
[2.256s] [ 48%] [32mBuilding CXX object CMakeFiles/ros_study_msgs__rosidl_typesupport_c.dir/rosidl_typesupport_c/ros_study_msgs/srv/my_srv__type_support.cpp.o[0m
[2.257s] [ 51%] [32mBuilding CXX object CMakeFiles/ros_study_msgs__rosidl_typesupport_c.dir/rosidl_typesupport_c/ros_study_msgs/action/my_action__type_support.cpp.o[0m
[2.285s] [ 53%] [32m[1mLinking CXX shared library libros_study_msgs__rosidl_typesupport_c.so[0m
[2.315s] [ 53%] Built target ros_study_msgs__rosidl_typesupport_c
[2.324s] [ 55%] [32mBuilding C object CMakeFiles/ros_study_msgs__rosidl_typesupport_introspection_c.dir/rosidl_typesupport_introspection_c/ros_study_msgs/msg/detail/my_msg__type_support.c.o[0m
[2.324s] [ 57%] [32mBuilding C object CMakeFiles/ros_study_msgs__rosidl_typesupport_introspection_c.dir/rosidl_typesupport_introspection_c/ros_study_msgs/srv/detail/my_srv__type_support.c.o[0m
[2.327s] [ 59%] [32mBuilding C object CMakeFiles/ros_study_msgs__rosidl_typesupport_introspection_c.dir/rosidl_typesupport_introspection_c/ros_study_msgs/action/detail/my_action__type_support.c.o[0m
[2.367s] [ 61%] [32m[1mLinking C shared library libros_study_msgs__rosidl_typesupport_introspection_c.so[0m
[2.376s] [ 63%] [32mBuilding CXX object CMakeFiles/ros_study_msgs__rosidl_typesupport_fastrtps_c.dir/rosidl_typesupport_fastrtps_c/ros_study_msgs/action/detail/my_action__type_support_c.cpp.o[0m
[2.376s] [ 65%] [32mBuilding CXX object CMakeFiles/ros_study_msgs__rosidl_typesupport_fastrtps_c.dir/rosidl_typesupport_fastrtps_c/ros_study_msgs/msg/detail/my_msg__type_support_c.cpp.o[0m
[2.377s] [ 68%] [32mBuilding CXX object CMakeFiles/ros_study_msgs__rosidl_typesupport_fastrtps_c.dir/rosidl_typesupport_fastrtps_c/ros_study_msgs/srv/detail/my_srv__type_support_c.cpp.o[0m
[2.400s] [ 68%] Built target ros_study_msgs__rosidl_typesupport_introspection_c
[2.448s] [ 70%] [32m[1mLinking CXX shared library libros_study_msgs__rosidl_typesupport_cpp.so[0m
[2.488s] [ 70%] Built target ros_study_msgs__rosidl_typesupport_cpp
[2.649s] [ 72%] [32m[1mLinking CXX shared library libros_study_msgs__rosidl_typesupport_fastrtps_cpp.so[0m
[2.655s] [ 74%] [32m[1mLinking CXX shared library libros_study_msgs__rosidl_typesupport_introspection_cpp.so[0m
[2.698s] [ 76%] [32m[1mLinking CXX shared library libros_study_msgs__rosidl_typesupport_fastrtps_c.so[0m
[2.733s] [ 76%] Built target ros_study_msgs__rosidl_typesupport_introspection_cpp
[2.733s] [ 76%] Built target ros_study_msgs__rosidl_typesupport_fastrtps_cpp
[2.781s] [ 76%] Built target ros_study_msgs__rosidl_typesupport_fastrtps_c
[2.807s] [ 76%] Built target ros_study_msgs
[2.831s] [ 78%] [34m[1mGenerating Python code for ROS interfaces[0m
[3.412s] [ 78%] Built target ros_study_msgs__py
[3.429s] [ 80%] [32mBuilding C object CMakeFiles/ros_study_msgs__rosidl_generator_py.dir/rosidl_generator_py/ros_study_msgs/srv/_my_srv_s.c.o[0m
[3.431s] [ 82%] [32mBuilding C object CMakeFiles/ros_study_msgs__rosidl_generator_py.dir/rosidl_generator_py/ros_study_msgs/action/_my_action_s.c.o[0m
[3.434s] [ 85%] [32mBuilding C object CMakeFiles/ros_study_msgs__rosidl_generator_py.dir/rosidl_generator_py/ros_study_msgs/msg/_my_msg_s.c.o[0m
[3.506s] [ 87%] [32m[1mLinking C shared library rosidl_generator_py/ros_study_msgs/libros_study_msgs__rosidl_generator_py.so[0m
[3.550s] [ 87%] Built target ros_study_msgs__rosidl_generator_py
[3.569s] [ 89%] [32mBuilding C object CMakeFiles/ros_study_msgs__rosidl_typesupport_c__pyext.dir/rosidl_generator_py/ros_study_msgs/_ros_study_msgs_s.ep.rosidl_typesupport_c.c.o[0m
[3.572s] [ 91%] [32mBuilding C object CMakeFiles/ros_study_msgs__rosidl_typesupport_fastrtps_c__pyext.dir/rosidl_generator_py/ros_study_msgs/_ros_study_msgs_s.ep.rosidl_typesupport_fastrtps_c.c.o[0m
[3.573s] [ 93%] [32mBuilding C object CMakeFiles/ros_study_msgs__rosidl_typesupport_introspection_c__pyext.dir/rosidl_generator_py/ros_study_msgs/_ros_study_msgs_s.ep.rosidl_typesupport_introspection_c.c.o[0m
[3.640s] [ 95%] [32m[1mLinking C shared library rosidl_generator_py/ros_study_msgs/ros_study_msgs_s__rosidl_typesupport_fastrtps_c.cpython-310-x86_64-linux-gnu.so[0m
[3.642s] [ 97%] [32m[1mLinking C shared library rosidl_generator_py/ros_study_msgs/ros_study_msgs_s__rosidl_typesupport_introspection_c.cpython-310-x86_64-linux-gnu.so[0m
[3.649s] [100%] [32m[1mLinking C shared library rosidl_generator_py/ros_study_msgs/ros_study_msgs_s__rosidl_typesupport_c.cpython-310-x86_64-linux-gnu.so[0m
[3.668s] [100%] Built target ros_study_msgs__rosidl_typesupport_fastrtps_c__pyext
[3.668s] [100%] Built target ros_study_msgs__rosidl_typesupport_introspection_c__pyext
[3.684s] [100%] Built target ros_study_msgs__rosidl_typesupport_c__pyext
[3.697s] Invoked command in '/home/youngmo/ros2_ws/build/ros_study_msgs' returned '0': CMAKE_PREFIX_PATH=/opt/ros/humble /usr/bin/cmake --build /home/youngmo/ros2_ws/build/ros_study_msgs -- -j16 -l16
[3.707s] Invoking command in '/home/youngmo/ros2_ws/build/ros_study_msgs': CMAKE_PREFIX_PATH=/opt/ros/humble /usr/bin/cmake --install /home/youngmo/ros2_ws/build/ros_study_msgs
[3.715s] -- Install configuration: ""
[3.715s] -- Installing: /home/youngmo/ros2_ws/install/ros_study_msgs/share/ament_index/resource_index/rosidl_interfaces/ros_study_msgs
[3.715s] -- Installing: /home/youngmo/ros2_ws/install/ros_study_msgs/include/ros_study_msgs/ros_study_msgs
[3.715s] -- Installing: /home/youngmo/ros2_ws/install/ros_study_msgs/include/ros_study_msgs/ros_study_msgs/srv
[3.715s] -- Installing: /home/youngmo/ros2_ws/install/ros_study_msgs/include/ros_study_msgs/ros_study_msgs/srv/my_srv.h
[3.715s] -- Installing: /home/youngmo/ros2_ws/install/ros_study_msgs/include/ros_study_msgs/ros_study_msgs/srv/detail
[3.715s] -- Installing: /home/youngmo/ros2_ws/install/ros_study_msgs/include/ros_study_msgs/ros_study_msgs/srv/detail/my_srv__functions.c
[3.715s] -- Installing: /home/youngmo/ros2_ws/install/ros_study_msgs/include/ros_study_msgs/ros_study_msgs/srv/detail/my_srv__type_support.h
[3.715s] -- Installing: /home/youngmo/ros2_ws/install/ros_study_msgs/include/ros_study_msgs/ros_study_msgs/srv/detail/my_srv__functions.h
[3.715s] -- Installing: /home/youngmo/ros2_ws/install/ros_study_msgs/include/ros_study_msgs/ros_study_msgs/srv/detail/my_srv__struct.h
[3.715s] -- Installing: /home/youngmo/ros2_ws/install/ros_study_msgs/include/ros_study_msgs/ros_study_msgs/action
[3.715s] -- Installing: /home/youngmo/ros2_ws/install/ros_study_msgs/include/ros_study_msgs/ros_study_msgs/action/detail
[3.716s] -- Installing: /home/youngmo/ros2_ws/install/ros_study_msgs/include/ros_study_msgs/ros_study_msgs/action/detail/my_action__functions.c
[3.716s] -- Installing: /home/youngmo/ros2_ws/install/ros_study_msgs/include/ros_study_msgs/ros_study_msgs/action/detail/my_action__type_support.h
[3.716s] -- Installing: /home/youngmo/ros2_ws/install/ros_study_msgs/include/ros_study_msgs/ros_study_msgs/action/detail/my_action__struct.h
[3.716s] -- Installing: /home/youngmo/ros2_ws/install/ros_study_msgs/include/ros_study_msgs/ros_study_msgs/action/detail/my_action__functions.h
[3.716s] -- Installing: /home/youngmo/ros2_ws/install/ros_study_msgs/include/ros_study_msgs/ros_study_msgs/action/my_action.h
[3.716s] -- Installing: /home/youngmo/ros2_ws/install/ros_study_msgs/include/ros_study_msgs/ros_study_msgs/msg
[3.717s] -- Installing: /home/youngmo/ros2_ws/install/ros_study_msgs/include/ros_study_msgs/ros_study_msgs/msg/my_msg.h
[3.717s] -- Installing: /home/youngmo/ros2_ws/install/ros_study_msgs/include/ros_study_msgs/ros_study_msgs/msg/detail
[3.717s] -- Installing: /home/youngmo/ros2_ws/install/ros_study_msgs/include/ros_study_msgs/ros_study_msgs/msg/detail/my_msg__struct.h
[3.717s] -- Installing: /home/youngmo/ros2_ws/install/ros_study_msgs/include/ros_study_msgs/ros_study_msgs/msg/detail/my_msg__functions.c
[3.718s] -- Installing: /home/youngmo/ros2_ws/install/ros_study_msgs/include/ros_study_msgs/ros_study_msgs/msg/detail/my_msg__type_support.h
[3.718s] -- Installing: /home/youngmo/ros2_ws/install/ros_study_msgs/include/ros_study_msgs/ros_study_msgs/msg/detail/my_msg__functions.h
[3.718s] -- Installing: /home/youngmo/ros2_ws/install/ros_study_msgs/include/ros_study_msgs/ros_study_msgs/msg/rosidl_generator_c__visibility_control.h
[3.718s] -- Installing: /home/youngmo/ros2_ws/install/ros_study_msgs/share/ros_study_msgs/environment/library_path.sh
[3.718s] -- Installing: /home/youngmo/ros2_ws/install/ros_study_msgs/share/ros_study_msgs/environment/library_path.dsv
[3.718s] -- Installing: /home/youngmo/ros2_ws/install/ros_study_msgs/lib/libros_study_msgs__rosidl_generator_c.so
[3.718s] -- Set runtime path of "/home/youngmo/ros2_ws/install/ros_study_msgs/lib/libros_study_msgs__rosidl_generator_c.so" to ""
[3.718s] -- Up-to-date: /home/youngmo/ros2_ws/install/ros_study_msgs/include/ros_study_msgs/ros_study_msgs
[3.719s] -- Up-to-date: /home/youngmo/ros2_ws/install/ros_study_msgs/include/ros_study_msgs/ros_study_msgs/srv
[3.719s] -- Up-to-date: /home/youngmo/ros2_ws/install/ros_study_msgs/include/ros_study_msgs/ros_study_msgs/srv/detail
[3.719s] -- Installing: /home/youngmo/ros2_ws/install/ros_study_msgs/include/ros_study_msgs/ros_study_msgs/srv/detail/my_srv__rosidl_typesupport_fastrtps_c.h
[3.719s] -- Up-to-date: /home/youngmo/ros2_ws/install/ros_study_msgs/include/ros_study_msgs/ros_study_msgs/action
[3.719s] -- Up-to-date: /home/youngmo/ros2_ws/install/ros_study_msgs/include/ros_study_msgs/ros_study_msgs/action/detail
[3.719s] -- Installing: /home/youngmo/ros2_ws/install/ros_study_msgs/include/ros_study_msgs/ros_study_msgs/action/detail/my_action__rosidl_typesupport_fastrtps_c.h
[3.719s] -- Up-to-date: /home/youngmo/ros2_ws/install/ros_study_msgs/include/ros_study_msgs/ros_study_msgs/msg
[3.719s] -- Up-to-date: /home/youngmo/ros2_ws/install/ros_study_msgs/include/ros_study_msgs/ros_study_msgs/msg/detail
[3.719s] -- Installing: /home/youngmo/ros2_ws/install/ros_study_msgs/include/ros_study_msgs/ros_study_msgs/msg/detail/my_msg__rosidl_typesupport_fastrtps_c.h
[3.719s] -- Installing: /home/youngmo/ros2_ws/install/ros_study_msgs/include/ros_study_msgs/ros_study_msgs/msg/rosidl_typesupport_fastrtps_c__visibility_control.h
[3.719s] -- Installing: /home/youngmo/ros2_ws/install/ros_study_msgs/lib/libros_study_msgs__rosidl_typesupport_fastrtps_c.so
[3.719s] -- Set runtime path of "/home/youngmo/ros2_ws/install/ros_study_msgs/lib/libros_study_msgs__rosidl_typesupport_fastrtps_c.so" to ""
[3.719s] -- Up-to-date: /home/youngmo/ros2_ws/install/ros_study_msgs/include/ros_study_msgs/ros_study_msgs
[3.719s] -- Up-to-date: /home/youngmo/ros2_ws/install/ros_study_msgs/include/ros_study_msgs/ros_study_msgs/srv
[3.719s] -- Up-to-date: /home/youngmo/ros2_ws/install/ros_study_msgs/include/ros_study_msgs/ros_study_msgs/srv/detail
[3.719s] -- Installing: /home/youngmo/ros2_ws/install/ros_study_msgs/include/ros_study_msgs/ros_study_msgs/srv/detail/my_srv__traits.hpp
[3.720s] -- Installing: /home/youngmo/ros2_ws/install/ros_study_msgs/include/ros_study_msgs/ros_study_msgs/srv/detail/my_srv__type_support.hpp
[3.720s] -- Installing: /home/youngmo/ros2_ws/install/ros_study_msgs/include/ros_study_msgs/ros_study_msgs/srv/detail/my_srv__builder.hpp
[3.720s] -- Installing: /home/youngmo/ros2_ws/install/ros_study_msgs/include/ros_study_msgs/ros_study_msgs/srv/detail/my_srv__struct.hpp
[3.720s] -- Installing: /home/youngmo/ros2_ws/install/ros_study_msgs/include/ros_study_msgs/ros_study_msgs/srv/my_srv.hpp
[3.720s] -- Up-to-date: /home/youngmo/ros2_ws/install/ros_study_msgs/include/ros_study_msgs/ros_study_msgs/action
[3.720s] -- Installing: /home/youngmo/ros2_ws/install/ros_study_msgs/include/ros_study_msgs/ros_study_msgs/action/my_action.hpp
[3.720s] -- Up-to-date: /home/youngmo/ros2_ws/install/ros_study_msgs/include/ros_study_msgs/ros_study_msgs/action/detail
[3.721s] -- Installing: /home/youngmo/ros2_ws/install/ros_study_msgs/include/ros_study_msgs/ros_study_msgs/action/detail/my_action__builder.hpp
[3.721s] -- Installing: /home/youngmo/ros2_ws/install/ros_study_msgs/include/ros_study_msgs/ros_study_msgs/action/detail/my_action__traits.hpp
[3.721s] -- Installing: /home/youngmo/ros2_ws/install/ros_study_msgs/include/ros_study_msgs/ros_study_msgs/action/detail/my_action__struct.hpp
[3.721s] -- Installing: /home/youngmo/ros2_ws/install/ros_study_msgs/include/ros_study_msgs/ros_study_msgs/action/detail/my_action__type_support.hpp
[3.721s] -- Up-to-date: /home/youngmo/ros2_ws/install/ros_study_msgs/include/ros_study_msgs/ros_study_msgs/msg
[3.721s] -- Installing: /home/youngmo/ros2_ws/install/ros_study_msgs/include/ros_study_msgs/ros_study_msgs/msg/rosidl_generator_cpp__visibility_control.hpp
[3.721s] -- Up-to-date: /home/youngmo/ros2_ws/install/ros_study_msgs/include/ros_study_msgs/ros_study_msgs/msg/detail
[3.721s] -- Installing: /home/youngmo/ros2_ws/install/ros_study_msgs/include/ros_study_msgs/ros_study_msgs/msg/detail/my_msg__struct.hpp
[3.721s] -- Installing: /home/youngmo/ros2_ws/install/ros_study_msgs/include/ros_study_msgs/ros_study_msgs/msg/detail/my_msg__traits.hpp
[3.721s] -- Installing: /home/youngmo/ros2_ws/install/ros_study_msgs/include/ros_study_msgs/ros_study_msgs/msg/detail/my_msg__type_support.hpp
[3.721s] -- Installing: /home/youngmo/ros2_ws/install/ros_study_msgs/include/ros_study_msgs/ros_study_msgs/msg/detail/my_msg__builder.hpp
[3.721s] -- Installing: /home/youngmo/ros2_ws/install/ros_study_msgs/include/ros_study_msgs/ros_study_msgs/msg/my_msg.hpp
[3.721s] -- Up-to-date: /home/youngmo/ros2_ws/install/ros_study_msgs/include/ros_study_msgs/ros_study_msgs
[3.721s] -- Up-to-date: /home/youngmo/ros2_ws/install/ros_study_msgs/include/ros_study_msgs/ros_study_msgs/srv
[3.721s] -- Up-to-date: /home/youngmo/ros2_ws/install/ros_study_msgs/include/ros_study_msgs/ros_study_msgs/srv/detail
[3.721s] -- Installing: /home/youngmo/ros2_ws/install/ros_study_msgs/include/ros_study_msgs/ros_study_msgs/srv/detail/dds_fastrtps
[3.722s] -- Installing: /home/youngmo/ros2_ws/install/ros_study_msgs/include/ros_study_msgs/ros_study_msgs/srv/detail/my_srv__rosidl_typesupport_fastrtps_cpp.hpp
[3.722s] -- Up-to-date: /home/youngmo/ros2_ws/install/ros_study_msgs/include/ros_study_msgs/ros_study_msgs/action
[3.722s] -- Up-to-date: /home/youngmo/ros2_ws/install/ros_study_msgs/include/ros_study_msgs/ros_study_msgs/action/detail
[3.722s] -- Installing: /home/youngmo/ros2_ws/install/ros_study_msgs/include/ros_study_msgs/ros_study_msgs/action/detail/my_action__rosidl_typesupport_fastrtps_cpp.hpp
[3.722s] -- Installing: /home/youngmo/ros2_ws/install/ros_study_msgs/include/ros_study_msgs/ros_study_msgs/action/detail/dds_fastrtps
[3.722s] -- Up-to-date: /home/youngmo/ros2_ws/install/ros_study_msgs/include/ros_study_msgs/ros_study_msgs/msg
[3.722s] -- Up-to-date: /home/youngmo/ros2_ws/install/ros_study_msgs/include/ros_study_msgs/ros_study_msgs/msg/detail
[3.722s] -- Installing: /home/youngmo/ros2_ws/install/ros_study_msgs/include/ros_study_msgs/ros_study_msgs/msg/detail/my_msg__rosidl_typesupport_fastrtps_cpp.hpp
[3.722s] -- Installing: /home/youngmo/ros2_ws/install/ros_study_msgs/include/ros_study_msgs/ros_study_msgs/msg/detail/dds_fastrtps
[3.722s] -- Installing: /home/youngmo/ros2_ws/install/ros_study_msgs/include/ros_study_msgs/ros_study_msgs/msg/rosidl_typesupport_fastrtps_cpp__visibility_control.h
[3.722s] -- Installing: /home/youngmo/ros2_ws/install/ros_study_msgs/lib/libros_study_msgs__rosidl_typesupport_fastrtps_cpp.so
[3.722s] -- Set runtime path of "/home/youngmo/ros2_ws/install/ros_study_msgs/lib/libros_study_msgs__rosidl_typesupport_fastrtps_cpp.so" to ""
[3.722s] -- Up-to-date: /home/youngmo/ros2_ws/install/ros_study_msgs/include/ros_study_msgs/ros_study_msgs
[3.722s] -- Up-to-date: /home/youngmo/ros2_ws/install/ros_study_msgs/include/ros_study_msgs/ros_study_msgs/srv
[3.722s] -- Up-to-date: /home/youngmo/ros2_ws/install/ros_study_msgs/include/ros_study_msgs/ros_study_msgs/srv/detail
[3.722s] -- Installing: /home/youngmo/ros2_ws/install/ros_study_msgs/include/ros_study_msgs/ros_study_msgs/srv/detail/my_srv__type_support.c
[3.723s] -- Installing: /home/youngmo/ros2_ws/install/ros_study_msgs/include/ros_study_msgs/ros_study_msgs/srv/detail/my_srv__rosidl_typesupport_introspection_c.h
[3.723s] -- Up-to-date: /home/youngmo/ros2_ws/install/ros_study_msgs/include/ros_study_msgs/ros_study_msgs/action
[3.723s] -- Up-to-date: /home/youngmo/ros2_ws/install/ros_study_msgs/include/ros_study_msgs/ros_study_msgs/action/detail
[3.723s] -- Installing: /home/youngmo/ros2_ws/install/ros_study_msgs/include/ros_study_msgs/ros_study_msgs/action/detail/my_action__type_support.c
[3.723s] -- Installing: /home/youngmo/ros2_ws/install/ros_study_msgs/include/ros_study_msgs/ros_study_msgs/action/detail/my_action__rosidl_typesupport_introspection_c.h
[3.723s] -- Up-to-date: /home/youngmo/ros2_ws/install/ros_study_msgs/include/ros_study_msgs/ros_study_msgs/msg
[3.723s] -- Installing: /home/youngmo/ros2_ws/install/ros_study_msgs/include/ros_study_msgs/ros_study_msgs/msg/rosidl_typesupport_introspection_c__visibility_control.h
[3.723s] -- Up-to-date: /home/youngmo/ros2_ws/install/ros_study_msgs/include/ros_study_msgs/ros_study_msgs/msg/detail
[3.723s] -- Installing: /home/youngmo/ros2_ws/install/ros_study_msgs/include/ros_study_msgs/ros_study_msgs/msg/detail/my_msg__type_support.c
[3.723s] -- Installing: /home/youngmo/ros2_ws/install/ros_study_msgs/include/ros_study_msgs/ros_study_msgs/msg/detail/my_msg__rosidl_typesupport_introspection_c.h
[3.723s] -- Installing: /home/youngmo/ros2_ws/install/ros_study_msgs/lib/libros_study_msgs__rosidl_typesupport_introspection_c.so
[3.723s] -- Set runtime path of "/home/youngmo/ros2_ws/install/ros_study_msgs/lib/libros_study_msgs__rosidl_typesupport_introspection_c.so" to ""
[3.723s] -- Installing: /home/youngmo/ros2_ws/install/ros_study_msgs/lib/libros_study_msgs__rosidl_typesupport_c.so
[3.723s] -- Set runtime path of "/home/youngmo/ros2_ws/install/ros_study_msgs/lib/libros_study_msgs__rosidl_typesupport_c.so" to ""
[3.723s] -- Up-to-date: /home/youngmo/ros2_ws/install/ros_study_msgs/include/ros_study_msgs/ros_study_msgs
[3.723s] -- Up-to-date: /home/youngmo/ros2_ws/install/ros_study_msgs/include/ros_study_msgs/ros_study_msgs/srv
[3.723s] -- Up-to-date: /home/youngmo/ros2_ws/install/ros_study_msgs/include/ros_study_msgs/ros_study_msgs/srv/detail
[3.723s] -- Installing: /home/youngmo/ros2_ws/install/ros_study_msgs/include/ros_study_msgs/ros_study_msgs/srv/detail/my_srv__type_support.cpp
[3.723s] -- Installing: /home/youngmo/ros2_ws/install/ros_study_msgs/include/ros_study_msgs/ros_study_msgs/srv/detail/my_srv__rosidl_typesupport_introspection_cpp.hpp
[3.723s] -- Up-to-date: /home/youngmo/ros2_ws/install/ros_study_msgs/include/ros_study_msgs/ros_study_msgs/action
[3.723s] -- Up-to-date: /home/youngmo/ros2_ws/install/ros_study_msgs/include/ros_study_msgs/ros_study_msgs/action/detail
[3.724s] -- Installing: /home/youngmo/ros2_ws/install/ros_study_msgs/include/ros_study_msgs/ros_study_msgs/action/detail/my_action__rosidl_typesupport_introspection_cpp.hpp
[3.724s] -- Installing: /home/youngmo/ros2_ws/install/ros_study_msgs/include/ros_study_msgs/ros_study_msgs/action/detail/my_action__type_support.cpp
[3.724s] -- Up-to-date: /home/youngmo/ros2_ws/install/ros_study_msgs/include/ros_study_msgs/ros_study_msgs/msg
[3.724s] -- Up-to-date: /home/youngmo/ros2_ws/install/ros_study_msgs/include/ros_study_msgs/ros_study_msgs/msg/detail
[3.724s] -- Installing: /home/youngmo/ros2_ws/install/ros_study_msgs/include/ros_study_msgs/ros_study_msgs/msg/detail/my_msg__type_support.cpp
[3.724s] -- Installing: /home/youngmo/ros2_ws/install/ros_study_msgs/include/ros_study_msgs/ros_study_msgs/msg/detail/my_msg__rosidl_typesupport_introspection_cpp.hpp
[3.724s] -- Installing: /home/youngmo/ros2_ws/install/ros_study_msgs/lib/libros_study_msgs__rosidl_typesupport_introspection_cpp.so
[3.724s] -- Set runtime path of "/home/youngmo/ros2_ws/install/ros_study_msgs/lib/libros_study_msgs__rosidl_typesupport_introspection_cpp.so" to ""
[3.724s] -- Installing: /home/youngmo/ros2_ws/install/ros_study_msgs/lib/libros_study_msgs__rosidl_typesupport_cpp.so
[3.724s] -- Set runtime path of "/home/youngmo/ros2_ws/install/ros_study_msgs/lib/libros_study_msgs__rosidl_typesupport_cpp.so" to ""
[3.724s] -- Installing: /home/youngmo/ros2_ws/install/ros_study_msgs/share/ros_study_msgs/environment/pythonpath.sh
[3.724s] -- Installing: /home/youngmo/ros2_ws/install/ros_study_msgs/share/ros_study_msgs/environment/pythonpath.dsv
[3.724s] -- Installing: /home/youngmo/ros2_ws/install/ros_study_msgs/local/lib/python3.10/dist-packages/ros_study_msgs-0.0.0-py3.10.egg-info
[3.724s] -- Installing: /home/youngmo/ros2_ws/install/ros_study_msgs/local/lib/python3.10/dist-packages/ros_study_msgs-0.0.0-py3.10.egg-info/dependency_links.txt
[3.724s] -- Installing: /home/youngmo/ros2_ws/install/ros_study_msgs/local/lib/python3.10/dist-packages/ros_study_msgs-0.0.0-py3.10.egg-info/top_level.txt
[3.724s] -- Installing: /home/youngmo/ros2_ws/install/ros_study_msgs/local/lib/python3.10/dist-packages/ros_study_msgs-0.0.0-py3.10.egg-info/SOURCES.txt
[3.724s] -- Installing: /home/youngmo/ros2_ws/install/ros_study_msgs/local/lib/python3.10/dist-packages/ros_study_msgs-0.0.0-py3.10.egg-info/PKG-INFO
[3.724s] -- Installing: /home/youngmo/ros2_ws/install/ros_study_msgs/local/lib/python3.10/dist-packages/ros_study_msgs
[3.724s] -- Installing: /home/youngmo/ros2_ws/install/ros_study_msgs/local/lib/python3.10/dist-packages/ros_study_msgs/_ros_study_msgs_s.ep.rosidl_typesupport_fastrtps_c.c
[3.725s] -- Installing: /home/youngmo/ros2_ws/install/ros_study_msgs/local/lib/python3.10/dist-packages/ros_study_msgs/_ros_study_msgs_s.ep.rosidl_typesupport_introspection_c.c
[3.725s] -- Installing: /home/youngmo/ros2_ws/install/ros_study_msgs/local/lib/python3.10/dist-packages/ros_study_msgs/srv
[3.725s] -- Installing: /home/youngmo/ros2_ws/install/ros_study_msgs/local/lib/python3.10/dist-packages/ros_study_msgs/srv/_my_srv_s.c
[3.725s] -- Installing: /home/youngmo/ros2_ws/install/ros_study_msgs/local/lib/python3.10/dist-packages/ros_study_msgs/srv/_my_srv.py
[3.725s] -- Installing: /home/youngmo/ros2_ws/install/ros_study_msgs/local/lib/python3.10/dist-packages/ros_study_msgs/srv/__init__.py
[3.725s] -- Installing: /home/youngmo/ros2_ws/install/ros_study_msgs/local/lib/python3.10/dist-packages/ros_study_msgs/action
[3.725s] -- Installing: /home/youngmo/ros2_ws/install/ros_study_msgs/local/lib/python3.10/dist-packages/ros_study_msgs/action/__init__.py
[3.725s] -- Installing: /home/youngmo/ros2_ws/install/ros_study_msgs/local/lib/python3.10/dist-packages/ros_study_msgs/action/_my_action_s.c
[3.725s] -- Installing: /home/youngmo/ros2_ws/install/ros_study_msgs/local/lib/python3.10/dist-packages/ros_study_msgs/action/_my_action.py
[3.725s] -- Installing: /home/youngmo/ros2_ws/install/ros_study_msgs/local/lib/python3.10/dist-packages/ros_study_msgs/ros_study_msgs_s__rosidl_typesupport_introspection_c.cpython-310-x86_64-linux-gnu.so
[3.725s] -- Installing: /home/youngmo/ros2_ws/install/ros_study_msgs/local/lib/python3.10/dist-packages/ros_study_msgs/ros_study_msgs_s__rosidl_typesupport_fastrtps_c.cpython-310-x86_64-linux-gnu.so
[3.725s] -- Installing: /home/youngmo/ros2_ws/install/ros_study_msgs/local/lib/python3.10/dist-packages/ros_study_msgs/libros_study_msgs__rosidl_generator_py.so
[3.725s] -- Installing: /home/youngmo/ros2_ws/install/ros_study_msgs/local/lib/python3.10/dist-packages/ros_study_msgs/__init__.py
[3.725s] -- Installing: /home/youngmo/ros2_ws/install/ros_study_msgs/local/lib/python3.10/dist-packages/ros_study_msgs/msg
[3.725s] -- Installing: /home/youngmo/ros2_ws/install/ros_study_msgs/local/lib/python3.10/dist-packages/ros_study_msgs/msg/_my_msg.py
[3.725s] -- Installing: /home/youngmo/ros2_ws/install/ros_study_msgs/local/lib/python3.10/dist-packages/ros_study_msgs/msg/__init__.py
[3.725s] -- Installing: /home/youngmo/ros2_ws/install/ros_study_msgs/local/lib/python3.10/dist-packages/ros_study_msgs/msg/_my_msg_s.c
[3.725s] -- Installing: /home/youngmo/ros2_ws/install/ros_study_msgs/local/lib/python3.10/dist-packages/ros_study_msgs/_ros_study_msgs_s.ep.rosidl_typesupport_c.c
[3.725s] -- Installing: /home/youngmo/ros2_ws/install/ros_study_msgs/local/lib/python3.10/dist-packages/ros_study_msgs/ros_study_msgs_s__rosidl_typesupport_c.cpython-310-x86_64-linux-gnu.so
[3.749s] Listing '/home/youngmo/ros2_ws/install/ros_study_msgs/local/lib/python3.10/dist-packages/ros_study_msgs'...
[3.749s] Compiling '/home/youngmo/ros2_ws/install/ros_study_msgs/local/lib/python3.10/dist-packages/ros_study_msgs/__init__.py'...
[3.749s] Listing '/home/youngmo/ros2_ws/install/ros_study_msgs/local/lib/python3.10/dist-packages/ros_study_msgs/action'...
[3.749s] Compiling '/home/youngmo/ros2_ws/install/ros_study_msgs/local/lib/python3.10/dist-packages/ros_study_msgs/action/__init__.py'...
[3.749s] Compiling '/home/youngmo/ros2_ws/install/ros_study_msgs/local/lib/python3.10/dist-packages/ros_study_msgs/action/_my_action.py'...
[3.749s] Listing '/home/youngmo/ros2_ws/install/ros_study_msgs/local/lib/python3.10/dist-packages/ros_study_msgs/msg'...
[3.749s] Compiling '/home/youngmo/ros2_ws/install/ros_study_msgs/local/lib/python3.10/dist-packages/ros_study_msgs/msg/__init__.py'...
[3.749s] Compiling '/home/youngmo/ros2_ws/install/ros_study_msgs/local/lib/python3.10/dist-packages/ros_study_msgs/msg/_my_msg.py'...
[3.750s] Listing '/home/youngmo/ros2_ws/install/ros_study_msgs/local/lib/python3.10/dist-packages/ros_study_msgs/srv'...
[3.750s] Compiling '/home/youngmo/ros2_ws/install/ros_study_msgs/local/lib/python3.10/dist-packages/ros_study_msgs/srv/__init__.py'...
[3.750s] Compiling '/home/youngmo/ros2_ws/install/ros_study_msgs/local/lib/python3.10/dist-packages/ros_study_msgs/srv/_my_srv.py'...
[3.752s] -- Installing: /home/youngmo/ros2_ws/install/ros_study_msgs/local/lib/python3.10/dist-packages/ros_study_msgs/ros_study_msgs_s__rosidl_typesupport_fastrtps_c.cpython-310-x86_64-linux-gnu.so
[3.752s] -- Set runtime path of "/home/youngmo/ros2_ws/install/ros_study_msgs/local/lib/python3.10/dist-packages/ros_study_msgs/ros_study_msgs_s__rosidl_typesupport_fastrtps_c.cpython-310-x86_64-linux-gnu.so" to ""
[3.753s] -- Installing: /home/youngmo/ros2_ws/install/ros_study_msgs/local/lib/python3.10/dist-packages/ros_study_msgs/ros_study_msgs_s__rosidl_typesupport_introspection_c.cpython-310-x86_64-linux-gnu.so
[3.753s] -- Set runtime path of "/home/youngmo/ros2_ws/install/ros_study_msgs/local/lib/python3.10/dist-packages/ros_study_msgs/ros_study_msgs_s__rosidl_typesupport_introspection_c.cpython-310-x86_64-linux-gnu.so" to ""
[3.753s] -- Installing: /home/youngmo/ros2_ws/install/ros_study_msgs/local/lib/python3.10/dist-packages/ros_study_msgs/ros_study_msgs_s__rosidl_typesupport_c.cpython-310-x86_64-linux-gnu.so
[3.753s] -- Set runtime path of "/home/youngmo/ros2_ws/install/ros_study_msgs/local/lib/python3.10/dist-packages/ros_study_msgs/ros_study_msgs_s__rosidl_typesupport_c.cpython-310-x86_64-linux-gnu.so" to ""
[3.753s] -- Installing: /home/youngmo/ros2_ws/install/ros_study_msgs/lib/libros_study_msgs__rosidl_generator_py.so
[3.754s] -- Set runtime path of "/home/youngmo/ros2_ws/install/ros_study_msgs/lib/libros_study_msgs__rosidl_generator_py.so" to ""
[3.754s] -- Installing: /home/youngmo/ros2_ws/install/ros_study_msgs/share/ros_study_msgs/msg/MyMsg.idl
[3.754s] -- Installing: /home/youngmo/ros2_ws/install/ros_study_msgs/share/ros_study_msgs/srv/MySrv.idl
[3.754s] -- Installing: /home/youngmo/ros2_ws/install/ros_study_msgs/share/ros_study_msgs/action/MyAction.idl
[3.754s] -- Installing: /home/youngmo/ros2_ws/install/ros_study_msgs/share/ros_study_msgs/msg/MyMsg.msg
[3.755s] -- Installing: /home/youngmo/ros2_ws/install/ros_study_msgs/share/ros_study_msgs/srv/MySrv.srv
[3.756s] -- Installing: /home/youngmo/ros2_ws/install/ros_study_msgs/share/ros_study_msgs/srv/MySrv_Request.msg
[3.756s] -- Installing: /home/youngmo/ros2_ws/install/ros_study_msgs/share/ros_study_msgs/srv/MySrv_Response.msg
[3.756s] -- Installing: /home/youngmo/ros2_ws/install/ros_study_msgs/share/ros_study_msgs/action/MyAction.action
[3.756s] -- Installing: /home/youngmo/ros2_ws/install/ros_study_msgs/share/ament_index/resource_index/package_run_dependencies/ros_study_msgs
[3.756s] -- Installing: /home/youngmo/ros2_ws/install/ros_study_msgs/share/ament_index/resource_index/parent_prefix_path/ros_study_msgs
[3.756s] -- Installing: /home/youngmo/ros2_ws/install/ros_study_msgs/share/ros_study_msgs/environment/ament_prefix_path.sh
[3.756s] -- Installing: /home/youngmo/ros2_ws/install/ros_study_msgs/share/ros_study_msgs/environment/ament_prefix_path.dsv
[3.756s] -- Installing: /home/youngmo/ros2_ws/install/ros_study_msgs/share/ros_study_msgs/environment/path.sh
[3.756s] -- Installing: /home/youngmo/ros2_ws/install/ros_study_msgs/share/ros_study_msgs/environment/path.dsv
[3.756s] -- Installing: /home/youngmo/ros2_ws/install/ros_study_msgs/share/ros_study_msgs/local_setup.bash
[3.756s] -- Installing: /home/youngmo/ros2_ws/install/ros_study_msgs/share/ros_study_msgs/local_setup.sh
[3.756s] -- Installing: /home/youngmo/ros2_ws/install/ros_study_msgs/share/ros_study_msgs/local_setup.zsh
[3.756s] -- Installing: /home/youngmo/ros2_ws/install/ros_study_msgs/share/ros_study_msgs/local_setup.dsv
[3.757s] -- Installing: /home/youngmo/ros2_ws/install/ros_study_msgs/share/ros_study_msgs/package.dsv
[3.757s] -- Installing: /home/youngmo/ros2_ws/install/ros_study_msgs/share/ament_index/resource_index/packages/ros_study_msgs
[3.757s] -- Installing: /home/youngmo/ros2_ws/install/ros_study_msgs/share/ros_study_msgs/cmake/export_ros_study_msgs__rosidl_generator_cExport.cmake
[3.757s] -- Installing: /home/youngmo/ros2_ws/install/ros_study_msgs/share/ros_study_msgs/cmake/export_ros_study_msgs__rosidl_generator_cExport-noconfig.cmake
[3.757s] -- Installing: /home/youngmo/ros2_ws/install/ros_study_msgs/share/ros_study_msgs/cmake/export_ros_study_msgs__rosidl_typesupport_fastrtps_cExport.cmake
[3.757s] -- Installing: /home/youngmo/ros2_ws/install/ros_study_msgs/share/ros_study_msgs/cmake/export_ros_study_msgs__rosidl_typesupport_fastrtps_cExport-noconfig.cmake
[3.757s] -- Installing: /home/youngmo/ros2_ws/install/ros_study_msgs/share/ros_study_msgs/cmake/export_ros_study_msgs__rosidl_generator_cppExport.cmake
[3.757s] -- Installing: /home/youngmo/ros2_ws/install/ros_study_msgs/share/ros_study_msgs/cmake/export_ros_study_msgs__rosidl_typesupport_fastrtps_cppExport.cmake
[3.757s] -- Installing: /home/youngmo/ros2_ws/install/ros_study_msgs/share/ros_study_msgs/cmake/export_ros_study_msgs__rosidl_typesupport_fastrtps_cppExport-noconfig.cmake
[3.757s] -- Installing: /home/youngmo/ros2_ws/install/ros_study_msgs/share/ros_study_msgs/cmake/ros_study_msgs__rosidl_typesupport_introspection_cExport.cmake
[3.758s] -- Installing: /home/youngmo/ros2_ws/install/ros_study_msgs/share/ros_study_msgs/cmake/ros_study_msgs__rosidl_typesupport_introspection_cExport-noconfig.cmake
[3.758s] -- Installing: /home/youngmo/ros2_ws/install/ros_study_msgs/share/ros_study_msgs/cmake/ros_study_msgs__rosidl_typesupport_cExport.cmake
[3.758s] -- Installing: /home/youngmo/ros2_ws/install/ros_study_msgs/share/ros_study_msgs/cmake/ros_study_msgs__rosidl_typesupport_cExport-noconfig.cmake
[3.758s] -- Installing: /home/youngmo/ros2_ws/install/ros_study_msgs/share/ros_study_msgs/cmake/ros_study_msgs__rosidl_typesupport_introspection_cppExport.cmake
[3.758s] -- Installing: /home/youngmo/ros2_ws/install/ros_study_msgs/share/ros_study_msgs/cmake/ros_study_msgs__rosidl_typesupport_introspection_cppExport-noconfig.cmake
[3.758s] -- Installing: /home/youngmo/ros2_ws/install/ros_study_msgs/share/ros_study_msgs/cmake/ros_study_msgs__rosidl_typesupport_cppExport.cmake
[3.758s] -- Installing: /home/youngmo/ros2_ws/install/ros_study_msgs/share/ros_study_msgs/cmake/ros_study_msgs__rosidl_typesupport_cppExport-noconfig.cmake
[3.759s] -- Installing: /home/youngmo/ros2_ws/install/ros_study_msgs/share/ros_study_msgs/cmake/export_ros_study_msgs__rosidl_generator_pyExport.cmake
[3.759s] -- Installing: /home/youngmo/ros2_ws/install/ros_study_msgs/share/ros_study_msgs/cmake/export_ros_study_msgs__rosidl_generator_pyExport-noconfig.cmake
[3.759s] -- Installing: /home/youngmo/ros2_ws/install/ros_study_msgs/share/ros_study_msgs/cmake/rosidl_cmake-extras.cmake
[3.759s] -- Installing: /home/youngmo/ros2_ws/install/ros_study_msgs/share/ros_study_msgs/cmake/ament_cmake_export_dependencies-extras.cmake
[3.759s] -- Installing: /home/youngmo/ros2_ws/install/ros_study_msgs/share/ros_study_msgs/cmake/ament_cmake_export_include_directories-extras.cmake
[3.759s] -- Installing: /home/youngmo/ros2_ws/install/ros_study_msgs/share/ros_study_msgs/cmake/ament_cmake_export_libraries-extras.cmake
[3.759s] -- Installing: /home/youngmo/ros2_ws/install/ros_study_msgs/share/ros_study_msgs/cmake/ament_cmake_export_targets-extras.cmake
[3.759s] -- Installing: /home/youngmo/ros2_ws/install/ros_study_msgs/share/ros_study_msgs/cmake/rosidl_cmake_export_typesupport_targets-extras.cmake
[3.759s] -- Installing: /home/youngmo/ros2_ws/install/ros_study_msgs/share/ros_study_msgs/cmake/rosidl_cmake_export_typesupport_libraries-extras.cmake
[3.759s] -- Installing: /home/youngmo/ros2_ws/install/ros_study_msgs/share/ros_study_msgs/cmake/ros_study_msgsConfig.cmake
[3.759s] -- Installing: /home/youngmo/ros2_ws/install/ros_study_msgs/share/ros_study_msgs/cmake/ros_study_msgsConfig-version.cmake
[3.759s] -- Installing: /home/youngmo/ros2_ws/install/ros_study_msgs/share/ros_study_msgs/package.xml
[3.762s] Invoked command in '/home/youngmo/ros2_ws/build/ros_study_msgs' returned '0': CMAKE_PREFIX_PATH=/opt/ros/humble /usr/bin/cmake --install /home/youngmo/ros2_ws/build/ros_study_msgs
