[0.800s] Invoking command in '/home/youngmo/ros2_ws/src/ros_study_py': CMAKE_PREFIX_PATH=/home/youngmo/ros2_ws/install/ros_study_msgs:/home/youngmo/ros2_ws/install/ros_study_cpp:/home/youngmo/ros2_ws/install/cpp_excalculator:/home/youngmo/ros2_ws/install/hangman_game_cpp:/home/youngmo/ros2_ws/install/hangman_interfaces PYTHONPATH=/home/youngmo/ros2_ws/build/ros_study_py/prefix_override:/usr/lib/python3/dist-packages/colcon_core/task/python/colcon_distutils_commands:/home/youngmo/ros2_ws/install/ros_study_py/lib/python3.10/site-packages:${PYTHONPATH} /usr/bin/python3 -W ignore:setup.py install is deprecated -W ignore:easy_install command is deprecated setup.py egg_info --egg-base ../../build/ros_study_py build --build-base /home/youngmo/ros2_ws/build/ros_study_py/build install --record /home/youngmo/ros2_ws/build/ros_study_py/install.log --single-version-externally-managed install_data
[1.006s] running egg_info
[1.007s] writing ../../build/ros_study_py/ros_study_py.egg-info/PKG-INFO
[1.007s] writing dependency_links to ../../build/ros_study_py/ros_study_py.egg-info/dependency_links.txt
[1.007s] writing entry points to ../../build/ros_study_py/ros_study_py.egg-info/entry_points.txt
[1.007s] writing requirements to ../../build/ros_study_py/ros_study_py.egg-info/requires.txt
[1.007s] writing top-level names to ../../build/ros_study_py/ros_study_py.egg-info/top_level.txt
[1.009s] reading manifest file '../../build/ros_study_py/ros_study_py.egg-info/SOURCES.txt'
[1.009s] writing manifest file '../../build/ros_study_py/ros_study_py.egg-info/SOURCES.txt'
[1.009s] running build
[1.010s] running build_py
[1.010s] running install
[1.011s] running install_lib
[1.012s] running install_data
[1.012s] running install_egg_info
[1.014s] removing '/home/youngmo/ros2_ws/install/ros_study_py/lib/python3.10/site-packages/ros_study_py-0.0.0-py3.10.egg-info' (and everything under it)
[1.021s] Copying ../../build/ros_study_py/ros_study_py.egg-info to /home/youngmo/ros2_ws/install/ros_study_py/lib/python3.10/site-packages/ros_study_py-0.0.0-py3.10.egg-info
[1.021s] running install_scripts
[1.033s] Installing my_action_client script to /home/youngmo/ros2_ws/install/ros_study_py/lib/ros_study_py
[1.033s] Installing my_action_server script to /home/youngmo/ros2_ws/install/ros_study_py/lib/ros_study_py
[1.033s] Installing my_msg_subscriber script to /home/youngmo/ros2_ws/install/ros_study_py/lib/ros_study_py
[1.033s] Installing my_msg_test script to /home/youngmo/ros2_ws/install/ros_study_py/lib/ros_study_py
[1.034s] Installing my_service_client script to /home/youngmo/ros2_ws/install/ros_study_py/lib/ros_study_py
[1.034s] Installing my_service_server script to /home/youngmo/ros2_ws/install/ros_study_py/lib/ros_study_py
[1.034s] writing list of installed files to '/home/youngmo/ros2_ws/build/ros_study_py/install.log'
[1.065s] Invoked command in '/home/youngmo/ros2_ws/src/ros_study_py' returned '0': CMAKE_PREFIX_PATH=/home/youngmo/ros2_ws/install/ros_study_msgs:/home/youngmo/ros2_ws/install/ros_study_cpp:/home/youngmo/ros2_ws/install/cpp_excalculator:/home/youngmo/ros2_ws/install/hangman_game_cpp:/home/youngmo/ros2_ws/install/hangman_interfaces PYTHONPATH=/home/youngmo/ros2_ws/build/ros_study_py/prefix_override:/usr/lib/python3/dist-packages/colcon_core/task/python/colcon_distutils_commands:/home/youngmo/ros2_ws/install/ros_study_py/lib/python3.10/site-packages:${PYTHONPATH} /usr/bin/python3 -W ignore:setup.py install is deprecated -W ignore:easy_install command is deprecated setup.py egg_info --egg-base ../../build/ros_study_py build --build-base /home/youngmo/ros2_ws/build/ros_study_py/build install --record /home/youngmo/ros2_ws/build/ros_study_py/install.log --single-version-externally-managed install_data
