running egg_info
creating ../../build/ex_calculator_py/ex_calculator_py.egg-info
writing ../../build/ex_calculator_py/ex_calculator_py.egg-info/PKG-INFO
writing dependency_links to ../../build/ex_calculator_py/ex_calculator_py.egg-info/dependency_links.txt
writing entry points to ../../build/ex_calculator_py/ex_calculator_py.egg-info/entry_points.txt
writing requirements to ../../build/ex_calculator_py/ex_calculator_py.egg-info/requires.txt
writing top-level names to ../../build/ex_calculator_py/ex_calculator_py.egg-info/top_level.txt
writing manifest file '../../build/ex_calculator_py/ex_calculator_py.egg-info/SOURCES.txt'
reading manifest file '../../build/ex_calculator_py/ex_calculator_py.egg-info/SOURCES.txt'
writing manifest file '../../build/ex_calculator_py/ex_calculator_py.egg-info/SOURCES.txt'
running build
running install
running install_data
creating /home/youngmo/ros2_ws/install/ex_calculator_py/share/ex_calculator_py/param
copying param/arithmetic_config.yaml -> /home/youngmo/ros2_ws/install/ex_calculator_py/share/ex_calculator_py/param
running install_egg_info
Copying ../../build/ex_calculator_py/ex_calculator_py.egg-info to /home/youngmo/ros2_ws/install/ex_calculator_py/lib/python3.10/site-packages/ex_calculator_py-0.0.0-py3.10.egg-info
running install_scripts
Installing argument script to /home/youngmo/ros2_ws/install/ex_calculator_py/lib/ex_calculator_py
writing list of installed files to '/home/youngmo/ros2_ws/build/ex_calculator_py/install.log'
