[0.468s] Invoking command in '/home/youngmo/ros2_ws/src/ex_calculator_py': CMAKE_PREFIX_PATH=/home/youngmo/ros2_ws/install/ros_study_msgs:/home/youngmo/ros2_ws/install/ros_study_cpp PYTHONPATH=/home/youngmo/ros2_ws/build/ex_calculator_py/prefix_override:/usr/lib/python3/dist-packages/colcon_core/task/python/colcon_distutils_commands:/home/youngmo/ros2_ws/install/ex_calculator_py/lib/python3.10/site-packages:${PYTHONPATH} /usr/bin/python3 -W ignore:setup.py install is deprecated -W ignore:easy_install command is deprecated setup.py egg_info --egg-base ../../build/ex_calculator_py build --build-base /home/youngmo/ros2_ws/build/ex_calculator_py/build install --record /home/youngmo/ros2_ws/build/ex_calculator_py/install.log --single-version-externally-managed install_data
[0.582s] running egg_info
[0.582s] writing ../../build/ex_calculator_py/ex_calculator_py.egg-info/PKG-INFO
[0.582s] writing dependency_links to ../../build/ex_calculator_py/ex_calculator_py.egg-info/dependency_links.txt
[0.582s] writing entry points to ../../build/ex_calculator_py/ex_calculator_py.egg-info/entry_points.txt
[0.582s] writing requirements to ../../build/ex_calculator_py/ex_calculator_py.egg-info/requires.txt
[0.582s] writing top-level names to ../../build/ex_calculator_py/ex_calculator_py.egg-info/top_level.txt
[0.583s] reading manifest file '../../build/ex_calculator_py/ex_calculator_py.egg-info/SOURCES.txt'
[0.583s] writing manifest file '../../build/ex_calculator_py/ex_calculator_py.egg-info/SOURCES.txt'
[0.583s] running build
[0.583s] running build_py
[0.583s] copying ex_calculator_py/calculator/calculator.py -> /home/youngmo/ros2_ws/build/ex_calculator_py/build/lib/ex_calculator_py/calculator
[0.583s] running install
[0.584s] running install_lib
[0.585s] copying /home/youngmo/ros2_ws/build/ex_calculator_py/build/lib/ex_calculator_py/calculator/calculator.py -> /home/youngmo/ros2_ws/install/ex_calculator_py/lib/python3.10/site-packages/ex_calculator_py/calculator
[0.585s] byte-compiling /home/youngmo/ros2_ws/install/ex_calculator_py/lib/python3.10/site-packages/ex_calculator_py/calculator/calculator.py to calculator.cpython-310.pyc
[0.585s] running install_data
[0.585s] running install_egg_info
[0.586s] removing '/home/youngmo/ros2_ws/install/ex_calculator_py/lib/python3.10/site-packages/ex_calculator_py-0.0.0-py3.10.egg-info' (and everything under it)
[0.586s] Copying ../../build/ex_calculator_py/ex_calculator_py.egg-info to /home/youngmo/ros2_ws/install/ex_calculator_py/lib/python3.10/site-packages/ex_calculator_py-0.0.0-py3.10.egg-info
[0.586s] running install_scripts
[0.598s] Installing argument script to /home/youngmo/ros2_ws/install/ex_calculator_py/lib/ex_calculator_py
[0.598s] Installing calculator script to /home/youngmo/ros2_ws/install/ex_calculator_py/lib/ex_calculator_py
[0.598s] Installing operator script to /home/youngmo/ros2_ws/install/ex_calculator_py/lib/ex_calculator_py
[0.598s] writing list of installed files to '/home/youngmo/ros2_ws/build/ex_calculator_py/install.log'
[0.619s] Invoked command in '/home/youngmo/ros2_ws/src/ex_calculator_py' returned '0': CMAKE_PREFIX_PATH=/home/youngmo/ros2_ws/install/ros_study_msgs:/home/youngmo/ros2_ws/install/ros_study_cpp PYTHONPATH=/home/youngmo/ros2_ws/build/ex_calculator_py/prefix_override:/usr/lib/python3/dist-packages/colcon_core/task/python/colcon_distutils_commands:/home/youngmo/ros2_ws/install/ex_calculator_py/lib/python3.10/site-packages:${PYTHONPATH} /usr/bin/python3 -W ignore:setup.py install is deprecated -W ignore:easy_install command is deprecated setup.py egg_info --egg-base ../../build/ex_calculator_py build --build-base /home/youngmo/ros2_ws/build/ex_calculator_py/build install --record /home/youngmo/ros2_ws/build/ex_calculator_py/install.log --single-version-externally-managed install_data
