[0.006s] Invoking command in '/home/youngmo/ros2_ws/build/ros_study_msgs': CMAKE_PREFIX_PATH=/opt/ros/humble /usr/bin/cmake --build /home/youngmo/ros2_ws/build/ros_study_msgs -- -j16 -l16
[0.057s] [35m[1mConsolidate compiler generated dependencies of target ros_study_msgs__rosidl_generator_c[0m
[0.060s] [  2%] Built target ros_study_msgs__cpp
[0.065s] [ 12%] Built target ros_study_msgs__rosidl_generator_c
[0.069s] [35m[1mConsolidate compiler generated dependencies of target ros_study_msgs__rosidl_typesupport_cpp[0m
[0.069s] [35m[1mConsolidate compiler generated dependencies of target ros_study_msgs__rosidl_typesupport_introspection_cpp[0m
[0.076s] [35m[1mConsolidate compiler generated dependencies of target ros_study_msgs__rosidl_typesupport_fastrtps_cpp[0m
[0.076s] [ 12%] Built target ament_cmake_python_copy_ros_study_msgs
[0.076s] [35m[1mConsolidate compiler generated dependencies of target ros_study_msgs__rosidl_typesupport_fastrtps_c[0m
[0.076s] [ 23%] Built target ros_study_msgs__rosidl_typesupport_cpp
[0.076s] [35m[1mConsolidate compiler generated dependencies of target ros_study_msgs__rosidl_typesupport_c[0m
[0.076s] [35m[1mConsolidate compiler generated dependencies of target ros_study_msgs__rosidl_typesupport_introspection_c[0m
[0.083s] [ 34%] Built target ros_study_msgs__rosidl_typesupport_introspection_cpp
[0.086s] [ 44%] Built target ros_study_msgs__rosidl_typesupport_c
[0.087s] [ 55%] Built target ros_study_msgs__rosidl_typesupport_introspection_c
[0.090s] [ 65%] Built target ros_study_msgs__rosidl_typesupport_fastrtps_cpp
[0.090s] [ 76%] Built target ros_study_msgs__rosidl_typesupport_fastrtps_c
[0.105s] [ 76%] Built target ros_study_msgs
[0.127s] [ 78%] Built target ros_study_msgs__py
[0.138s] [35m[1mConsolidate compiler generated dependencies of target ros_study_msgs__rosidl_generator_py[0m
[0.153s] [ 87%] Built target ros_study_msgs__rosidl_generator_py
[0.161s] [35m[1mConsolidate compiler generated dependencies of target ros_study_msgs__rosidl_typesupport_introspection_c__pyext[0m
[0.163s] [35m[1mConsolidate compiler generated dependencies of target ros_study_msgs__rosidl_typesupport_fastrtps_c__pyext[0m
[0.167s] [35m[1mConsolidate compiler generated dependencies of target ros_study_msgs__rosidl_typesupport_c__pyext[0m
[0.174s] [ 91%] Built target ros_study_msgs__rosidl_typesupport_fastrtps_c__pyext
[0.175s] [ 95%] Built target ros_study_msgs__rosidl_typesupport_introspection_c__pyext
[0.176s] [100%] Built target ros_study_msgs__rosidl_typesupport_c__pyext
[0.181s] running egg_info
[0.181s] writing ros_study_msgs.egg-info/PKG-INFO
[0.182s] writing dependency_links to ros_study_msgs.egg-info/dependency_links.txt
[0.182s] writing top-level names to ros_study_msgs.egg-info/top_level.txt
[0.183s] reading manifest file 'ros_study_msgs.egg-info/SOURCES.txt'
[0.183s] writing manifest file 'ros_study_msgs.egg-info/SOURCES.txt'
[0.196s] [100%] Built target ament_cmake_python_build_ros_study_msgs_egg
[0.209s] Invoked command in '/home/youngmo/ros2_ws/build/ros_study_msgs' returned '0': CMAKE_PREFIX_PATH=/opt/ros/humble /usr/bin/cmake --build /home/youngmo/ros2_ws/build/ros_study_msgs -- -j16 -l16
[0.220s] Invoking command in '/home/youngmo/ros2_ws/build/ros_study_msgs': CMAKE_PREFIX_PATH=/opt/ros/humble /usr/bin/cmake --install /home/youngmo/ros2_ws/build/ros_study_msgs
[0.232s] -- Install configuration: ""
[0.232s] -- Up-to-date: /home/youngmo/ros2_ws/install/ros_study_msgs/share/ament_index/resource_index/rosidl_interfaces/ros_study_msgs
[0.232s] -- Up-to-date: /home/youngmo/ros2_ws/install/ros_study_msgs/include/ros_study_msgs/ros_study_msgs
[0.232s] -- Up-to-date: /home/youngmo/ros2_ws/install/ros_study_msgs/include/ros_study_msgs/ros_study_msgs/srv
[0.232s] -- Up-to-date: /home/youngmo/ros2_ws/install/ros_study_msgs/include/ros_study_msgs/ros_study_msgs/srv/my_srv.h
[0.232s] -- Up-to-date: /home/youngmo/ros2_ws/install/ros_study_msgs/include/ros_study_msgs/ros_study_msgs/srv/detail
[0.232s] -- Up-to-date: /home/youngmo/ros2_ws/install/ros_study_msgs/include/ros_study_msgs/ros_study_msgs/srv/detail/my_srv__functions.c
[0.232s] -- Up-to-date: /home/youngmo/ros2_ws/install/ros_study_msgs/include/ros_study_msgs/ros_study_msgs/srv/detail/my_srv__type_support.h
[0.232s] -- Up-to-date: /home/youngmo/ros2_ws/install/ros_study_msgs/include/ros_study_msgs/ros_study_msgs/srv/detail/my_srv__functions.h
[0.232s] -- Up-to-date: /home/youngmo/ros2_ws/install/ros_study_msgs/include/ros_study_msgs/ros_study_msgs/srv/detail/my_srv__struct.h
[0.233s] -- Up-to-date: /home/youngmo/ros2_ws/install/ros_study_msgs/include/ros_study_msgs/ros_study_msgs/action
[0.233s] -- Up-to-date: /home/youngmo/ros2_ws/install/ros_study_msgs/include/ros_study_msgs/ros_study_msgs/action/detail
[0.233s] -- Up-to-date: /home/youngmo/ros2_ws/install/ros_study_msgs/include/ros_study_msgs/ros_study_msgs/action/detail/my_action__functions.c
[0.233s] -- Up-to-date: /home/youngmo/ros2_ws/install/ros_study_msgs/include/ros_study_msgs/ros_study_msgs/action/detail/my_action__type_support.h
[0.233s] -- Up-to-date: /home/youngmo/ros2_ws/install/ros_study_msgs/include/ros_study_msgs/ros_study_msgs/action/detail/my_action__struct.h
[0.233s] -- Up-to-date: /home/youngmo/ros2_ws/install/ros_study_msgs/include/ros_study_msgs/ros_study_msgs/action/detail/my_action__functions.h
[0.233s] -- Up-to-date: /home/youngmo/ros2_ws/install/ros_study_msgs/include/ros_study_msgs/ros_study_msgs/action/my_action.h
[0.233s] -- Up-to-date: /home/youngmo/ros2_ws/install/ros_study_msgs/include/ros_study_msgs/ros_study_msgs/msg
[0.233s] -- Up-to-date: /home/youngmo/ros2_ws/install/ros_study_msgs/include/ros_study_msgs/ros_study_msgs/msg/my_msg.h
[0.233s] -- Up-to-date: /home/youngmo/ros2_ws/install/ros_study_msgs/include/ros_study_msgs/ros_study_msgs/msg/detail
[0.233s] -- Up-to-date: /home/youngmo/ros2_ws/install/ros_study_msgs/include/ros_study_msgs/ros_study_msgs/msg/detail/my_msg__struct.h
[0.233s] -- Up-to-date: /home/youngmo/ros2_ws/install/ros_study_msgs/include/ros_study_msgs/ros_study_msgs/msg/detail/my_msg__functions.c
[0.233s] -- Up-to-date: /home/youngmo/ros2_ws/install/ros_study_msgs/include/ros_study_msgs/ros_study_msgs/msg/detail/my_msg__type_support.h
[0.233s] -- Up-to-date: /home/youngmo/ros2_ws/install/ros_study_msgs/include/ros_study_msgs/ros_study_msgs/msg/detail/my_msg__functions.h
[0.233s] -- Up-to-date: /home/youngmo/ros2_ws/install/ros_study_msgs/include/ros_study_msgs/ros_study_msgs/msg/rosidl_generator_c__visibility_control.h
[0.233s] -- Up-to-date: /home/youngmo/ros2_ws/install/ros_study_msgs/share/ros_study_msgs/environment/library_path.sh
[0.234s] -- Up-to-date: /home/youngmo/ros2_ws/install/ros_study_msgs/share/ros_study_msgs/environment/library_path.dsv
[0.234s] -- Up-to-date: /home/youngmo/ros2_ws/install/ros_study_msgs/lib/libros_study_msgs__rosidl_generator_c.so
[0.234s] -- Up-to-date: /home/youngmo/ros2_ws/install/ros_study_msgs/include/ros_study_msgs/ros_study_msgs
[0.234s] -- Up-to-date: /home/youngmo/ros2_ws/install/ros_study_msgs/include/ros_study_msgs/ros_study_msgs/srv
[0.234s] -- Up-to-date: /home/youngmo/ros2_ws/install/ros_study_msgs/include/ros_study_msgs/ros_study_msgs/srv/detail
[0.234s] -- Up-to-date: /home/youngmo/ros2_ws/install/ros_study_msgs/include/ros_study_msgs/ros_study_msgs/srv/detail/my_srv__rosidl_typesupport_fastrtps_c.h
[0.234s] -- Up-to-date: /home/youngmo/ros2_ws/install/ros_study_msgs/include/ros_study_msgs/ros_study_msgs/action
[0.234s] -- Up-to-date: /home/youngmo/ros2_ws/install/ros_study_msgs/include/ros_study_msgs/ros_study_msgs/action/detail
[0.234s] -- Up-to-date: /home/youngmo/ros2_ws/install/ros_study_msgs/include/ros_study_msgs/ros_study_msgs/action/detail/my_action__rosidl_typesupport_fastrtps_c.h
[0.234s] -- Up-to-date: /home/youngmo/ros2_ws/install/ros_study_msgs/include/ros_study_msgs/ros_study_msgs/msg
[0.234s] -- Up-to-date: /home/youngmo/ros2_ws/install/ros_study_msgs/include/ros_study_msgs/ros_study_msgs/msg/detail
[0.234s] -- Up-to-date: /home/youngmo/ros2_ws/install/ros_study_msgs/include/ros_study_msgs/ros_study_msgs/msg/detail/my_msg__rosidl_typesupport_fastrtps_c.h
[0.234s] -- Up-to-date: /home/youngmo/ros2_ws/install/ros_study_msgs/include/ros_study_msgs/ros_study_msgs/msg/rosidl_typesupport_fastrtps_c__visibility_control.h
[0.234s] -- Up-to-date: /home/youngmo/ros2_ws/install/ros_study_msgs/lib/libros_study_msgs__rosidl_typesupport_fastrtps_c.so
[0.234s] -- Up-to-date: /home/youngmo/ros2_ws/install/ros_study_msgs/include/ros_study_msgs/ros_study_msgs
[0.235s] -- Up-to-date: /home/youngmo/ros2_ws/install/ros_study_msgs/include/ros_study_msgs/ros_study_msgs/srv
[0.235s] -- Up-to-date: /home/youngmo/ros2_ws/install/ros_study_msgs/include/ros_study_msgs/ros_study_msgs/srv/detail
[0.235s] -- Up-to-date: /home/youngmo/ros2_ws/install/ros_study_msgs/include/ros_study_msgs/ros_study_msgs/srv/detail/my_srv__traits.hpp
[0.235s] -- Up-to-date: /home/youngmo/ros2_ws/install/ros_study_msgs/include/ros_study_msgs/ros_study_msgs/srv/detail/my_srv__type_support.hpp
[0.235s] -- Up-to-date: /home/youngmo/ros2_ws/install/ros_study_msgs/include/ros_study_msgs/ros_study_msgs/srv/detail/my_srv__builder.hpp
[0.235s] -- Up-to-date: /home/youngmo/ros2_ws/install/ros_study_msgs/include/ros_study_msgs/ros_study_msgs/srv/detail/my_srv__struct.hpp
[0.235s] -- Up-to-date: /home/youngmo/ros2_ws/install/ros_study_msgs/include/ros_study_msgs/ros_study_msgs/srv/my_srv.hpp
[0.235s] -- Up-to-date: /home/youngmo/ros2_ws/install/ros_study_msgs/include/ros_study_msgs/ros_study_msgs/action
[0.235s] -- Up-to-date: /home/youngmo/ros2_ws/install/ros_study_msgs/include/ros_study_msgs/ros_study_msgs/action/my_action.hpp
[0.235s] -- Up-to-date: /home/youngmo/ros2_ws/install/ros_study_msgs/include/ros_study_msgs/ros_study_msgs/action/detail
[0.235s] -- Up-to-date: /home/youngmo/ros2_ws/install/ros_study_msgs/include/ros_study_msgs/ros_study_msgs/action/detail/my_action__builder.hpp
[0.235s] -- Up-to-date: /home/youngmo/ros2_ws/install/ros_study_msgs/include/ros_study_msgs/ros_study_msgs/action/detail/my_action__traits.hpp
[0.235s] -- Up-to-date: /home/youngmo/ros2_ws/install/ros_study_msgs/include/ros_study_msgs/ros_study_msgs/action/detail/my_action__struct.hpp
[0.235s] -- Up-to-date: /home/youngmo/ros2_ws/install/ros_study_msgs/include/ros_study_msgs/ros_study_msgs/action/detail/my_action__type_support.hpp
[0.235s] -- Up-to-date: /home/youngmo/ros2_ws/install/ros_study_msgs/include/ros_study_msgs/ros_study_msgs/msg
[0.235s] -- Up-to-date: /home/youngmo/ros2_ws/install/ros_study_msgs/include/ros_study_msgs/ros_study_msgs/msg/rosidl_generator_cpp__visibility_control.hpp
[0.235s] -- Up-to-date: /home/youngmo/ros2_ws/install/ros_study_msgs/include/ros_study_msgs/ros_study_msgs/msg/detail
[0.235s] -- Up-to-date: /home/youngmo/ros2_ws/install/ros_study_msgs/include/ros_study_msgs/ros_study_msgs/msg/detail/my_msg__struct.hpp
[0.236s] -- Up-to-date: /home/youngmo/ros2_ws/install/ros_study_msgs/include/ros_study_msgs/ros_study_msgs/msg/detail/my_msg__traits.hpp
[0.236s] -- Up-to-date: /home/youngmo/ros2_ws/install/ros_study_msgs/include/ros_study_msgs/ros_study_msgs/msg/detail/my_msg__type_support.hpp
[0.236s] -- Up-to-date: /home/youngmo/ros2_ws/install/ros_study_msgs/include/ros_study_msgs/ros_study_msgs/msg/detail/my_msg__builder.hpp
[0.236s] -- Up-to-date: /home/youngmo/ros2_ws/install/ros_study_msgs/include/ros_study_msgs/ros_study_msgs/msg/my_msg.hpp
[0.236s] -- Up-to-date: /home/youngmo/ros2_ws/install/ros_study_msgs/include/ros_study_msgs/ros_study_msgs
[0.236s] -- Up-to-date: /home/youngmo/ros2_ws/install/ros_study_msgs/include/ros_study_msgs/ros_study_msgs/srv
[0.236s] -- Up-to-date: /home/youngmo/ros2_ws/install/ros_study_msgs/include/ros_study_msgs/ros_study_msgs/srv/detail
[0.236s] -- Up-to-date: /home/youngmo/ros2_ws/install/ros_study_msgs/include/ros_study_msgs/ros_study_msgs/srv/detail/dds_fastrtps
[0.236s] -- Up-to-date: /home/youngmo/ros2_ws/install/ros_study_msgs/include/ros_study_msgs/ros_study_msgs/srv/detail/my_srv__rosidl_typesupport_fastrtps_cpp.hpp
[0.236s] -- Up-to-date: /home/youngmo/ros2_ws/install/ros_study_msgs/include/ros_study_msgs/ros_study_msgs/action
[0.236s] -- Up-to-date: /home/youngmo/ros2_ws/install/ros_study_msgs/include/ros_study_msgs/ros_study_msgs/action/detail
[0.236s] -- Up-to-date: /home/youngmo/ros2_ws/install/ros_study_msgs/include/ros_study_msgs/ros_study_msgs/action/detail/my_action__rosidl_typesupport_fastrtps_cpp.hpp
[0.236s] -- Up-to-date: /home/youngmo/ros2_ws/install/ros_study_msgs/include/ros_study_msgs/ros_study_msgs/action/detail/dds_fastrtps
[0.236s] -- Up-to-date: /home/youngmo/ros2_ws/install/ros_study_msgs/include/ros_study_msgs/ros_study_msgs/msg
[0.236s] -- Up-to-date: /home/youngmo/ros2_ws/install/ros_study_msgs/include/ros_study_msgs/ros_study_msgs/msg/detail
[0.236s] -- Up-to-date: /home/youngmo/ros2_ws/install/ros_study_msgs/include/ros_study_msgs/ros_study_msgs/msg/detail/my_msg__rosidl_typesupport_fastrtps_cpp.hpp
[0.236s] -- Up-to-date: /home/youngmo/ros2_ws/install/ros_study_msgs/include/ros_study_msgs/ros_study_msgs/msg/detail/dds_fastrtps
[0.236s] -- Up-to-date: /home/youngmo/ros2_ws/install/ros_study_msgs/include/ros_study_msgs/ros_study_msgs/msg/rosidl_typesupport_fastrtps_cpp__visibility_control.h
[0.236s] -- Up-to-date: /home/youngmo/ros2_ws/install/ros_study_msgs/lib/libros_study_msgs__rosidl_typesupport_fastrtps_cpp.so
[0.236s] -- Up-to-date: /home/youngmo/ros2_ws/install/ros_study_msgs/include/ros_study_msgs/ros_study_msgs
[0.237s] -- Up-to-date: /home/youngmo/ros2_ws/install/ros_study_msgs/include/ros_study_msgs/ros_study_msgs/srv
[0.237s] -- Up-to-date: /home/youngmo/ros2_ws/install/ros_study_msgs/include/ros_study_msgs/ros_study_msgs/srv/detail
[0.237s] -- Up-to-date: /home/youngmo/ros2_ws/install/ros_study_msgs/include/ros_study_msgs/ros_study_msgs/srv/detail/my_srv__type_support.c
[0.237s] -- Up-to-date: /home/youngmo/ros2_ws/install/ros_study_msgs/include/ros_study_msgs/ros_study_msgs/srv/detail/my_srv__rosidl_typesupport_introspection_c.h
[0.237s] -- Up-to-date: /home/youngmo/ros2_ws/install/ros_study_msgs/include/ros_study_msgs/ros_study_msgs/action
[0.237s] -- Up-to-date: /home/youngmo/ros2_ws/install/ros_study_msgs/include/ros_study_msgs/ros_study_msgs/action/detail
[0.237s] -- Up-to-date: /home/youngmo/ros2_ws/install/ros_study_msgs/include/ros_study_msgs/ros_study_msgs/action/detail/my_action__type_support.c
[0.237s] -- Up-to-date: /home/youngmo/ros2_ws/install/ros_study_msgs/include/ros_study_msgs/ros_study_msgs/action/detail/my_action__rosidl_typesupport_introspection_c.h
[0.237s] -- Up-to-date: /home/youngmo/ros2_ws/install/ros_study_msgs/include/ros_study_msgs/ros_study_msgs/msg
[0.237s] -- Up-to-date: /home/youngmo/ros2_ws/install/ros_study_msgs/include/ros_study_msgs/ros_study_msgs/msg/rosidl_typesupport_introspection_c__visibility_control.h
[0.237s] -- Up-to-date: /home/youngmo/ros2_ws/install/ros_study_msgs/include/ros_study_msgs/ros_study_msgs/msg/detail
[0.237s] -- Up-to-date: /home/youngmo/ros2_ws/install/ros_study_msgs/include/ros_study_msgs/ros_study_msgs/msg/detail/my_msg__type_support.c
[0.237s] -- Up-to-date: /home/youngmo/ros2_ws/install/ros_study_msgs/include/ros_study_msgs/ros_study_msgs/msg/detail/my_msg__rosidl_typesupport_introspection_c.h
[0.237s] -- Up-to-date: /home/youngmo/ros2_ws/install/ros_study_msgs/lib/libros_study_msgs__rosidl_typesupport_introspection_c.so
[0.237s] -- Up-to-date: /home/youngmo/ros2_ws/install/ros_study_msgs/lib/libros_study_msgs__rosidl_typesupport_c.so
[0.237s] -- Up-to-date: /home/youngmo/ros2_ws/install/ros_study_msgs/include/ros_study_msgs/ros_study_msgs
[0.237s] -- Up-to-date: /home/youngmo/ros2_ws/install/ros_study_msgs/include/ros_study_msgs/ros_study_msgs/srv
[0.237s] -- Up-to-date: /home/youngmo/ros2_ws/install/ros_study_msgs/include/ros_study_msgs/ros_study_msgs/srv/detail
[0.237s] -- Up-to-date: /home/youngmo/ros2_ws/install/ros_study_msgs/include/ros_study_msgs/ros_study_msgs/srv/detail/my_srv__type_support.cpp
[0.237s] -- Up-to-date: /home/youngmo/ros2_ws/install/ros_study_msgs/include/ros_study_msgs/ros_study_msgs/srv/detail/my_srv__rosidl_typesupport_introspection_cpp.hpp
[0.237s] -- Up-to-date: /home/youngmo/ros2_ws/install/ros_study_msgs/include/ros_study_msgs/ros_study_msgs/action
[0.238s] -- Up-to-date: /home/youngmo/ros2_ws/install/ros_study_msgs/include/ros_study_msgs/ros_study_msgs/action/detail
[0.238s] -- Up-to-date: /home/youngmo/ros2_ws/install/ros_study_msgs/include/ros_study_msgs/ros_study_msgs/action/detail/my_action__rosidl_typesupport_introspection_cpp.hpp
[0.238s] -- Up-to-date: /home/youngmo/ros2_ws/install/ros_study_msgs/include/ros_study_msgs/ros_study_msgs/action/detail/my_action__type_support.cpp
[0.238s] -- Up-to-date: /home/youngmo/ros2_ws/install/ros_study_msgs/include/ros_study_msgs/ros_study_msgs/msg
[0.238s] -- Up-to-date: /home/youngmo/ros2_ws/install/ros_study_msgs/include/ros_study_msgs/ros_study_msgs/msg/detail
[0.238s] -- Up-to-date: /home/youngmo/ros2_ws/install/ros_study_msgs/include/ros_study_msgs/ros_study_msgs/msg/detail/my_msg__type_support.cpp
[0.238s] -- Up-to-date: /home/youngmo/ros2_ws/install/ros_study_msgs/include/ros_study_msgs/ros_study_msgs/msg/detail/my_msg__rosidl_typesupport_introspection_cpp.hpp
[0.238s] -- Up-to-date: /home/youngmo/ros2_ws/install/ros_study_msgs/lib/libros_study_msgs__rosidl_typesupport_introspection_cpp.so
[0.238s] -- Up-to-date: /home/youngmo/ros2_ws/install/ros_study_msgs/lib/libros_study_msgs__rosidl_typesupport_cpp.so
[0.238s] -- Up-to-date: /home/youngmo/ros2_ws/install/ros_study_msgs/share/ros_study_msgs/environment/pythonpath.sh
[0.238s] -- Up-to-date: /home/youngmo/ros2_ws/install/ros_study_msgs/share/ros_study_msgs/environment/pythonpath.dsv
[0.238s] -- Up-to-date: /home/youngmo/ros2_ws/install/ros_study_msgs/local/lib/python3.10/dist-packages/ros_study_msgs-0.0.0-py3.10.egg-info
[0.238s] -- Installing: /home/youngmo/ros2_ws/install/ros_study_msgs/local/lib/python3.10/dist-packages/ros_study_msgs-0.0.0-py3.10.egg-info/dependency_links.txt
[0.238s] -- Installing: /home/youngmo/ros2_ws/install/ros_study_msgs/local/lib/python3.10/dist-packages/ros_study_msgs-0.0.0-py3.10.egg-info/top_level.txt
[0.238s] -- Installing: /home/youngmo/ros2_ws/install/ros_study_msgs/local/lib/python3.10/dist-packages/ros_study_msgs-0.0.0-py3.10.egg-info/SOURCES.txt
[0.238s] -- Installing: /home/youngmo/ros2_ws/install/ros_study_msgs/local/lib/python3.10/dist-packages/ros_study_msgs-0.0.0-py3.10.egg-info/PKG-INFO
[0.238s] -- Up-to-date: /home/youngmo/ros2_ws/install/ros_study_msgs/local/lib/python3.10/dist-packages/ros_study_msgs
[0.238s] -- Up-to-date: /home/youngmo/ros2_ws/install/ros_study_msgs/local/lib/python3.10/dist-packages/ros_study_msgs/_ros_study_msgs_s.ep.rosidl_typesupport_fastrtps_c.c
[0.238s] -- Up-to-date: /home/youngmo/ros2_ws/install/ros_study_msgs/local/lib/python3.10/dist-packages/ros_study_msgs/_ros_study_msgs_s.ep.rosidl_typesupport_introspection_c.c
[0.238s] -- Up-to-date: /home/youngmo/ros2_ws/install/ros_study_msgs/local/lib/python3.10/dist-packages/ros_study_msgs/srv
[0.238s] -- Up-to-date: /home/youngmo/ros2_ws/install/ros_study_msgs/local/lib/python3.10/dist-packages/ros_study_msgs/srv/_my_srv_s.c
[0.238s] -- Up-to-date: /home/youngmo/ros2_ws/install/ros_study_msgs/local/lib/python3.10/dist-packages/ros_study_msgs/srv/_my_srv.py
[0.239s] -- Up-to-date: /home/youngmo/ros2_ws/install/ros_study_msgs/local/lib/python3.10/dist-packages/ros_study_msgs/srv/__init__.py
[0.239s] -- Up-to-date: /home/youngmo/ros2_ws/install/ros_study_msgs/local/lib/python3.10/dist-packages/ros_study_msgs/action
[0.239s] -- Up-to-date: /home/youngmo/ros2_ws/install/ros_study_msgs/local/lib/python3.10/dist-packages/ros_study_msgs/action/__init__.py
[0.239s] -- Up-to-date: /home/youngmo/ros2_ws/install/ros_study_msgs/local/lib/python3.10/dist-packages/ros_study_msgs/action/_my_action_s.c
[0.239s] -- Up-to-date: /home/youngmo/ros2_ws/install/ros_study_msgs/local/lib/python3.10/dist-packages/ros_study_msgs/action/_my_action.py
[0.239s] -- Up-to-date: /home/youngmo/ros2_ws/install/ros_study_msgs/local/lib/python3.10/dist-packages/ros_study_msgs/ros_study_msgs_s__rosidl_typesupport_introspection_c.cpython-310-x86_64-linux-gnu.so
[0.239s] -- Up-to-date: /home/youngmo/ros2_ws/install/ros_study_msgs/local/lib/python3.10/dist-packages/ros_study_msgs/ros_study_msgs_s__rosidl_typesupport_fastrtps_c.cpython-310-x86_64-linux-gnu.so
[0.239s] -- Up-to-date: /home/youngmo/ros2_ws/install/ros_study_msgs/local/lib/python3.10/dist-packages/ros_study_msgs/libros_study_msgs__rosidl_generator_py.so
[0.239s] -- Up-to-date: /home/youngmo/ros2_ws/install/ros_study_msgs/local/lib/python3.10/dist-packages/ros_study_msgs/__init__.py
[0.239s] -- Up-to-date: /home/youngmo/ros2_ws/install/ros_study_msgs/local/lib/python3.10/dist-packages/ros_study_msgs/msg
[0.239s] -- Up-to-date: /home/youngmo/ros2_ws/install/ros_study_msgs/local/lib/python3.10/dist-packages/ros_study_msgs/msg/_my_msg.py
[0.239s] -- Up-to-date: /home/youngmo/ros2_ws/install/ros_study_msgs/local/lib/python3.10/dist-packages/ros_study_msgs/msg/__init__.py
[0.239s] -- Up-to-date: /home/youngmo/ros2_ws/install/ros_study_msgs/local/lib/python3.10/dist-packages/ros_study_msgs/msg/_my_msg_s.c
[0.239s] -- Up-to-date: /home/youngmo/ros2_ws/install/ros_study_msgs/local/lib/python3.10/dist-packages/ros_study_msgs/_ros_study_msgs_s.ep.rosidl_typesupport_c.c
[0.239s] -- Up-to-date: /home/youngmo/ros2_ws/install/ros_study_msgs/local/lib/python3.10/dist-packages/ros_study_msgs/ros_study_msgs_s__rosidl_typesupport_c.cpython-310-x86_64-linux-gnu.so
[0.258s] Listing '/home/youngmo/ros2_ws/install/ros_study_msgs/local/lib/python3.10/dist-packages/ros_study_msgs'...
[0.258s] Listing '/home/youngmo/ros2_ws/install/ros_study_msgs/local/lib/python3.10/dist-packages/ros_study_msgs/action'...
[0.258s] Listing '/home/youngmo/ros2_ws/install/ros_study_msgs/local/lib/python3.10/dist-packages/ros_study_msgs/msg'...
[0.258s] Listing '/home/youngmo/ros2_ws/install/ros_study_msgs/local/lib/python3.10/dist-packages/ros_study_msgs/srv'...
[0.261s] -- Up-to-date: /home/youngmo/ros2_ws/install/ros_study_msgs/local/lib/python3.10/dist-packages/ros_study_msgs/ros_study_msgs_s__rosidl_typesupport_fastrtps_c.cpython-310-x86_64-linux-gnu.so
[0.261s] -- Up-to-date: /home/youngmo/ros2_ws/install/ros_study_msgs/local/lib/python3.10/dist-packages/ros_study_msgs/ros_study_msgs_s__rosidl_typesupport_introspection_c.cpython-310-x86_64-linux-gnu.so
[0.261s] -- Up-to-date: /home/youngmo/ros2_ws/install/ros_study_msgs/local/lib/python3.10/dist-packages/ros_study_msgs/ros_study_msgs_s__rosidl_typesupport_c.cpython-310-x86_64-linux-gnu.so
[0.261s] -- Up-to-date: /home/youngmo/ros2_ws/install/ros_study_msgs/lib/libros_study_msgs__rosidl_generator_py.so
[0.261s] -- Up-to-date: /home/youngmo/ros2_ws/install/ros_study_msgs/share/ros_study_msgs/msg/MyMsg.idl
[0.261s] -- Up-to-date: /home/youngmo/ros2_ws/install/ros_study_msgs/share/ros_study_msgs/srv/MySrv.idl
[0.261s] -- Up-to-date: /home/youngmo/ros2_ws/install/ros_study_msgs/share/ros_study_msgs/action/MyAction.idl
[0.261s] -- Up-to-date: /home/youngmo/ros2_ws/install/ros_study_msgs/share/ros_study_msgs/msg/MyMsg.msg
[0.261s] -- Up-to-date: /home/youngmo/ros2_ws/install/ros_study_msgs/share/ros_study_msgs/srv/MySrv.srv
[0.261s] -- Up-to-date: /home/youngmo/ros2_ws/install/ros_study_msgs/share/ros_study_msgs/srv/MySrv_Request.msg
[0.261s] -- Up-to-date: /home/youngmo/ros2_ws/install/ros_study_msgs/share/ros_study_msgs/srv/MySrv_Response.msg
[0.261s] -- Up-to-date: /home/youngmo/ros2_ws/install/ros_study_msgs/share/ros_study_msgs/action/MyAction.action
[0.261s] -- Up-to-date: /home/youngmo/ros2_ws/install/ros_study_msgs/share/ament_index/resource_index/package_run_dependencies/ros_study_msgs
[0.261s] -- Up-to-date: /home/youngmo/ros2_ws/install/ros_study_msgs/share/ament_index/resource_index/parent_prefix_path/ros_study_msgs
[0.262s] -- Up-to-date: /home/youngmo/ros2_ws/install/ros_study_msgs/share/ros_study_msgs/environment/ament_prefix_path.sh
[0.262s] -- Up-to-date: /home/youngmo/ros2_ws/install/ros_study_msgs/share/ros_study_msgs/environment/ament_prefix_path.dsv
[0.262s] -- Up-to-date: /home/youngmo/ros2_ws/install/ros_study_msgs/share/ros_study_msgs/environment/path.sh
[0.262s] -- Up-to-date: /home/youngmo/ros2_ws/install/ros_study_msgs/share/ros_study_msgs/environment/path.dsv
[0.262s] -- Up-to-date: /home/youngmo/ros2_ws/install/ros_study_msgs/share/ros_study_msgs/local_setup.bash
[0.262s] -- Up-to-date: /home/youngmo/ros2_ws/install/ros_study_msgs/share/ros_study_msgs/local_setup.sh
[0.262s] -- Up-to-date: /home/youngmo/ros2_ws/install/ros_study_msgs/share/ros_study_msgs/local_setup.zsh
[0.262s] -- Up-to-date: /home/youngmo/ros2_ws/install/ros_study_msgs/share/ros_study_msgs/local_setup.dsv
[0.262s] -- Installing: /home/youngmo/ros2_ws/install/ros_study_msgs/share/ros_study_msgs/package.dsv
[0.262s] -- Up-to-date: /home/youngmo/ros2_ws/install/ros_study_msgs/share/ament_index/resource_index/packages/ros_study_msgs
[0.262s] -- Up-to-date: /home/youngmo/ros2_ws/install/ros_study_msgs/share/ros_study_msgs/cmake/export_ros_study_msgs__rosidl_generator_cExport.cmake
[0.262s] -- Up-to-date: /home/youngmo/ros2_ws/install/ros_study_msgs/share/ros_study_msgs/cmake/export_ros_study_msgs__rosidl_generator_cExport-noconfig.cmake
[0.262s] -- Up-to-date: /home/youngmo/ros2_ws/install/ros_study_msgs/share/ros_study_msgs/cmake/export_ros_study_msgs__rosidl_typesupport_fastrtps_cExport.cmake
[0.262s] -- Up-to-date: /home/youngmo/ros2_ws/install/ros_study_msgs/share/ros_study_msgs/cmake/export_ros_study_msgs__rosidl_typesupport_fastrtps_cExport-noconfig.cmake
[0.262s] -- Up-to-date: /home/youngmo/ros2_ws/install/ros_study_msgs/share/ros_study_msgs/cmake/export_ros_study_msgs__rosidl_generator_cppExport.cmake
[0.262s] -- Up-to-date: /home/youngmo/ros2_ws/install/ros_study_msgs/share/ros_study_msgs/cmake/export_ros_study_msgs__rosidl_typesupport_fastrtps_cppExport.cmake
[0.262s] -- Up-to-date: /home/youngmo/ros2_ws/install/ros_study_msgs/share/ros_study_msgs/cmake/export_ros_study_msgs__rosidl_typesupport_fastrtps_cppExport-noconfig.cmake
[0.263s] -- Up-to-date: /home/youngmo/ros2_ws/install/ros_study_msgs/share/ros_study_msgs/cmake/ros_study_msgs__rosidl_typesupport_introspection_cExport.cmake
[0.263s] -- Up-to-date: /home/youngmo/ros2_ws/install/ros_study_msgs/share/ros_study_msgs/cmake/ros_study_msgs__rosidl_typesupport_introspection_cExport-noconfig.cmake
[0.263s] -- Up-to-date: /home/youngmo/ros2_ws/install/ros_study_msgs/share/ros_study_msgs/cmake/ros_study_msgs__rosidl_typesupport_cExport.cmake
[0.263s] -- Up-to-date: /home/youngmo/ros2_ws/install/ros_study_msgs/share/ros_study_msgs/cmake/ros_study_msgs__rosidl_typesupport_cExport-noconfig.cmake
[0.263s] -- Up-to-date: /home/youngmo/ros2_ws/install/ros_study_msgs/share/ros_study_msgs/cmake/ros_study_msgs__rosidl_typesupport_introspection_cppExport.cmake
[0.263s] -- Up-to-date: /home/youngmo/ros2_ws/install/ros_study_msgs/share/ros_study_msgs/cmake/ros_study_msgs__rosidl_typesupport_introspection_cppExport-noconfig.cmake
[0.263s] -- Up-to-date: /home/youngmo/ros2_ws/install/ros_study_msgs/share/ros_study_msgs/cmake/ros_study_msgs__rosidl_typesupport_cppExport.cmake
[0.263s] -- Up-to-date: /home/youngmo/ros2_ws/install/ros_study_msgs/share/ros_study_msgs/cmake/ros_study_msgs__rosidl_typesupport_cppExport-noconfig.cmake
[0.263s] -- Up-to-date: /home/youngmo/ros2_ws/install/ros_study_msgs/share/ros_study_msgs/cmake/export_ros_study_msgs__rosidl_generator_pyExport.cmake
[0.263s] -- Up-to-date: /home/youngmo/ros2_ws/install/ros_study_msgs/share/ros_study_msgs/cmake/export_ros_study_msgs__rosidl_generator_pyExport-noconfig.cmake
[0.263s] -- Up-to-date: /home/youngmo/ros2_ws/install/ros_study_msgs/share/ros_study_msgs/cmake/rosidl_cmake-extras.cmake
[0.263s] -- Up-to-date: /home/youngmo/ros2_ws/install/ros_study_msgs/share/ros_study_msgs/cmake/ament_cmake_export_dependencies-extras.cmake
[0.263s] -- Up-to-date: /home/youngmo/ros2_ws/install/ros_study_msgs/share/ros_study_msgs/cmake/ament_cmake_export_include_directories-extras.cmake
[0.263s] -- Up-to-date: /home/youngmo/ros2_ws/install/ros_study_msgs/share/ros_study_msgs/cmake/ament_cmake_export_libraries-extras.cmake
[0.263s] -- Up-to-date: /home/youngmo/ros2_ws/install/ros_study_msgs/share/ros_study_msgs/cmake/ament_cmake_export_targets-extras.cmake
[0.263s] -- Up-to-date: /home/youngmo/ros2_ws/install/ros_study_msgs/share/ros_study_msgs/cmake/rosidl_cmake_export_typesupport_targets-extras.cmake
[0.263s] -- Up-to-date: /home/youngmo/ros2_ws/install/ros_study_msgs/share/ros_study_msgs/cmake/rosidl_cmake_export_typesupport_libraries-extras.cmake
[0.263s] -- Up-to-date: /home/youngmo/ros2_ws/install/ros_study_msgs/share/ros_study_msgs/cmake/ros_study_msgsConfig.cmake
[0.263s] -- Up-to-date: /home/youngmo/ros2_ws/install/ros_study_msgs/share/ros_study_msgs/cmake/ros_study_msgsConfig-version.cmake
[0.263s] -- Up-to-date: /home/youngmo/ros2_ws/install/ros_study_msgs/share/ros_study_msgs/package.xml
[0.266s] Invoked command in '/home/youngmo/ros2_ws/build/ros_study_msgs' returned '0': CMAKE_PREFIX_PATH=/opt/ros/humble /usr/bin/cmake --install /home/youngmo/ros2_ws/build/ros_study_msgs
