[0.011s] Invoking command in '/home/youngmo/ros2_ws/build/cpp_excalculator': CMAKE_PREFIX_PATH=/home/youngmo/ros2_ws/install/ros_study_msgs:/home/youngmo/ros2_ws/install/ros_study_cpp:/home/youngmo/ros2_ws/install/cpp_excalculator:/home/youngmo/ros2_ws/install/ros_study_py:/home/youngmo/ros2_ws/install/ex_calculator_py:/opt/ros/humble /usr/bin/cmake --build /home/youngmo/ros2_ws/build/cpp_excalculator -- -j16 -l16
[0.150s] [35m[1mConsolidate compiler generated dependencies of target argument[0m
[0.150s] [35m[1mConsolidate compiler generated dependencies of target operator[0m
[0.150s] [35m[1mConsolidate compiler generated dependencies of target checker[0m
[0.150s] [35m[1mConsolidate compiler generated dependencies of target calculator[0m
[0.150s] [ 20%] Built target operator
[0.150s] [ 40%] Built target argument
[0.150s] [ 70%] Built target checker
[0.151s] [100%] Built target calculator
[0.288s] Invoked command in '/home/youngmo/ros2_ws/build/cpp_excalculator' returned '0': CMAKE_PREFIX_PATH=/home/youngmo/ros2_ws/install/ros_study_msgs:/home/youngmo/ros2_ws/install/ros_study_cpp:/home/youngmo/ros2_ws/install/cpp_excalculator:/home/youngmo/ros2_ws/install/ros_study_py:/home/youngmo/ros2_ws/install/ex_calculator_py:/opt/ros/humble /usr/bin/cmake --build /home/youngmo/ros2_ws/build/cpp_excalculator -- -j16 -l16
[0.289s] Invoking command in '/home/youngmo/ros2_ws/build/cpp_excalculator': CMAKE_PREFIX_PATH=/home/youngmo/ros2_ws/install/ros_study_msgs:/home/youngmo/ros2_ws/install/ros_study_cpp:/home/youngmo/ros2_ws/install/cpp_excalculator:/home/youngmo/ros2_ws/install/ros_study_py:/home/youngmo/ros2_ws/install/ex_calculator_py:/opt/ros/humble /usr/bin/cmake --install /home/youngmo/ros2_ws/build/cpp_excalculator
[0.306s] -- Install configuration: ""
[0.306s] -- Up-to-date: /home/youngmo/ros2_ws/install/cpp_excalculator/lib/cpp_excalculator/argument
[0.306s] -- Up-to-date: /home/youngmo/ros2_ws/install/cpp_excalculator/lib/cpp_excalculator/operator
[0.306s] -- Up-to-date: /home/youngmo/ros2_ws/install/cpp_excalculator/lib/cpp_excalculator/calculator
[0.306s] -- Up-to-date: /home/youngmo/ros2_ws/install/cpp_excalculator/lib/cpp_excalculator/checker
[0.306s] -- Up-to-date: /home/youngmo/ros2_ws/install/cpp_excalculator/share/cpp_excalculator//launch
[0.306s] -- Up-to-date: /home/youngmo/ros2_ws/install/cpp_excalculator/share/cpp_excalculator//launch/arithmetic.launch.py
[0.306s] -- Up-to-date: /home/youngmo/ros2_ws/install/cpp_excalculator/share/ament_index/resource_index/package_run_dependencies/cpp_excalculator
[0.306s] -- Up-to-date: /home/youngmo/ros2_ws/install/cpp_excalculator/share/ament_index/resource_index/parent_prefix_path/cpp_excalculator
[0.306s] -- Up-to-date: /home/youngmo/ros2_ws/install/cpp_excalculator/share/cpp_excalculator/environment/ament_prefix_path.sh
[0.306s] -- Up-to-date: /home/youngmo/ros2_ws/install/cpp_excalculator/share/cpp_excalculator/environment/ament_prefix_path.dsv
[0.306s] -- Up-to-date: /home/youngmo/ros2_ws/install/cpp_excalculator/share/cpp_excalculator/environment/path.sh
[0.306s] -- Up-to-date: /home/youngmo/ros2_ws/install/cpp_excalculator/share/cpp_excalculator/environment/path.dsv
[0.306s] -- Up-to-date: /home/youngmo/ros2_ws/install/cpp_excalculator/share/cpp_excalculator/local_setup.bash
[0.306s] -- Up-to-date: /home/youngmo/ros2_ws/install/cpp_excalculator/share/cpp_excalculator/local_setup.sh
[0.307s] -- Up-to-date: /home/youngmo/ros2_ws/install/cpp_excalculator/share/cpp_excalculator/local_setup.zsh
[0.307s] -- Up-to-date: /home/youngmo/ros2_ws/install/cpp_excalculator/share/cpp_excalculator/local_setup.dsv
[0.307s] -- Installing: /home/youngmo/ros2_ws/install/cpp_excalculator/share/cpp_excalculator/package.dsv
[0.307s] -- Up-to-date: /home/youngmo/ros2_ws/install/cpp_excalculator/share/ament_index/resource_index/packages/cpp_excalculator
[0.307s] -- Up-to-date: /home/youngmo/ros2_ws/install/cpp_excalculator/share/cpp_excalculator/cmake/cpp_excalculatorConfig.cmake
[0.307s] -- Up-to-date: /home/youngmo/ros2_ws/install/cpp_excalculator/share/cpp_excalculator/cmake/cpp_excalculatorConfig-version.cmake
[0.307s] -- Up-to-date: /home/youngmo/ros2_ws/install/cpp_excalculator/share/cpp_excalculator/package.xml
[0.312s] Invoked command in '/home/youngmo/ros2_ws/build/cpp_excalculator' returned '0': CMAKE_PREFIX_PATH=/home/youngmo/ros2_ws/install/ros_study_msgs:/home/youngmo/ros2_ws/install/ros_study_cpp:/home/youngmo/ros2_ws/install/cpp_excalculator:/home/youngmo/ros2_ws/install/ros_study_py:/home/youngmo/ros2_ws/install/ex_calculator_py:/opt/ros/humble /usr/bin/cmake --install /home/youngmo/ros2_ws/build/cpp_excalculator
