[0.142s] Invoking command in '/home/youngmo/ros2_ws/build/ros_study_cpp': CMAKE_PREFIX_PATH=/home/youngmo/ros2_ws/install/ros_study_msgs:/home/youngmo/ros2_ws/install/ros_study_cpp:/home/youngmo/ros2_ws/install/ros_study_py:/home/youngmo/ros2_ws/install/ex_calculator_py:/opt/ros/humble /usr/bin/cmake /home/youngmo/ros2_ws/src/ros_study_cpp -DCMAKE_INSTALL_PREFIX=/home/youngmo/ros2_ws/install/ros_study_cpp
[0.286s] -- The C compiler identification is GNU 11.4.0
[0.286s] -- The CXX compiler identification is GNU 11.4.0
[0.286s] -- Detecting C compiler ABI info
[0.306s] -- Detecting C compiler ABI info - done
[0.310s] -- Check for working C compiler: /usr/bin/cc - skipped
[0.310s] -- Detecting C compile features
[0.310s] -- Detecting C compile features - done
[0.312s] -- Detecting CXX compiler ABI info
[0.385s] -- Detecting CXX compiler ABI info - done
[0.386s] -- Check for working CXX compiler: /usr/bin/c++ - skipped
[0.386s] -- Detecting CXX compile features
[0.386s] -- Detecting CXX compile features - done
[0.387s] -- Found ament_cmake: 1.3.11 (/opt/ros/humble/share/ament_cmake/cmake)
[0.542s] -- Found Python3: /usr/bin/python3 (found version "3.10.12") found components: Interpreter 
[0.629s] -- Found rclcpp: 16.0.12 (/opt/ros/humble/share/rclcpp/cmake)
[0.674s] -- Found rosidl_generator_c: 3.1.6 (/opt/ros/humble/share/rosidl_generator_c/cmake)
[0.674s] -- Found rosidl_adapter: 3.1.6 (/opt/ros/humble/share/rosidl_adapter/cmake)
[0.679s] -- Found rosidl_generator_cpp: 3.1.6 (/opt/ros/humble/share/rosidl_generator_cpp/cmake)
[0.689s] -- Using all available rosidl_typesupport_c: rosidl_typesupport_fastrtps_c;rosidl_typesupport_introspection_c
[0.702s] -- Using all available rosidl_typesupport_cpp: rosidl_typesupport_fastrtps_cpp;rosidl_typesupport_introspection_cpp
[0.729s] -- Found rmw_implementation_cmake: 6.1.2 (/opt/ros/humble/share/rmw_implementation_cmake/cmake)
[0.730s] -- Found rmw_fastrtps_cpp: 6.2.7 (/opt/ros/humble/share/rmw_fastrtps_cpp/cmake)
[0.811s] -- Found OpenSSL: /usr/lib/x86_64-linux-gnu/libcrypto.so (found version "3.0.2")  
[0.833s] -- Found FastRTPS: /opt/ros/humble/include  
[0.870s] -- Using RMW implementation 'rmw_fastrtps_cpp' as default
[0.875s] -- Looking for pthread.h
[0.942s] -- Looking for pthread.h - found
[0.942s] -- Performing Test CMAKE_HAVE_LIBC_PTHREAD
[1.008s] -- Performing Test CMAKE_HAVE_LIBC_PTHREAD - Success
[1.008s] -- Found Threads: TRUE  
[1.042s] -- Found ros_study_msgs: 0.0.0 (/home/youngmo/ros2_ws/install/ros_study_msgs/share/ros_study_msgs/cmake)
[1.066s] -- Found rclcpp_action: 16.0.12 (/opt/ros/humble/share/rclcpp_action/cmake)
[1.078s] -- Found ament_lint_auto: 0.12.12 (/opt/ros/humble/share/ament_lint_auto/cmake)
[1.141s] -- Added test 'cppcheck' to perform static code analysis on C / C++ code
[1.141s] -- Configured cppcheck include dirs: 
[1.141s] -- Configured cppcheck exclude dirs and/or files: 
[1.141s] -- Added test 'lint_cmake' to check CMake code style
[1.142s] -- Added test 'uncrustify' to check C / C++ code style
[1.142s] -- Configured uncrustify additional arguments: 
[1.142s] -- Added test 'xmllint' to check XML markup files
[1.143s] -- Configuring done
[1.160s] -- Generating done
[1.167s] -- Build files have been written to: /home/youngmo/ros2_ws/build/ros_study_cpp
[1.187s] Invoked command in '/home/youngmo/ros2_ws/build/ros_study_cpp' returned '0': CMAKE_PREFIX_PATH=/home/youngmo/ros2_ws/install/ros_study_msgs:/home/youngmo/ros2_ws/install/ros_study_cpp:/home/youngmo/ros2_ws/install/ros_study_py:/home/youngmo/ros2_ws/install/ex_calculator_py:/opt/ros/humble /usr/bin/cmake /home/youngmo/ros2_ws/src/ros_study_cpp -DCMAKE_INSTALL_PREFIX=/home/youngmo/ros2_ws/install/ros_study_cpp
[1.187s] Invoking command in '/home/youngmo/ros2_ws/build/ros_study_cpp': CMAKE_PREFIX_PATH=/home/youngmo/ros2_ws/install/ros_study_msgs:/home/youngmo/ros2_ws/install/ros_study_cpp:/home/youngmo/ros2_ws/install/ros_study_py:/home/youngmo/ros2_ws/install/ex_calculator_py:/opt/ros/humble /usr/bin/cmake --build /home/youngmo/ros2_ws/build/ros_study_cpp -- -j16 -l16
[1.245s] [  8%] [32mBuilding CXX object CMakeFiles/my_msg_subscriber.dir/src/my_msg_subscriber.cpp.o[0m
[1.245s] [ 16%] [32mBuilding CXX object CMakeFiles/my_msg_test.dir/src/my_msg_test.cpp.o[0m
[1.245s] [ 25%] [32mBuilding CXX object CMakeFiles/my_service_server.dir/src/my_service_server.cpp.o[0m
[1.245s] [ 33%] [32mBuilding CXX object CMakeFiles/my_action_client.dir/src/my_action_client.cpp.o[0m
[1.249s] [ 41%] [32mBuilding CXX object CMakeFiles/my_service_client.dir/src/my_service_client.cpp.o[0m
[1.253s] [ 50%] [32mBuilding CXX object CMakeFiles/my_action_server.dir/src/my_action_server.cpp.o[0m
[4.506s] [ 58%] [32m[1mLinking CXX executable my_msg_test[0m
[4.683s] [ 58%] Built target my_msg_test
[5.175s] [ 66%] [32m[1mLinking CXX executable my_service_server[0m
[5.291s] [ 75%] [32m[1mLinking CXX executable my_service_client[0m
[5.377s] [ 75%] Built target my_service_server
[5.512s] [ 75%] Built target my_service_client
[5.592s] [ 83%] [32m[1mLinking CXX executable my_action_server[0m
[5.823s] [ 83%] Built target my_action_server
[5.863s] [ 91%] [32m[1mLinking CXX executable my_action_client[0m
[6.114s] [ 91%] Built target my_action_client
[9.367s] [100%] [32m[1mLinking CXX executable my_msg_subscriber[0m
[9.592s] [100%] Built target my_msg_subscriber
[9.607s] Invoked command in '/home/youngmo/ros2_ws/build/ros_study_cpp' returned '0': CMAKE_PREFIX_PATH=/home/youngmo/ros2_ws/install/ros_study_msgs:/home/youngmo/ros2_ws/install/ros_study_cpp:/home/youngmo/ros2_ws/install/ros_study_py:/home/youngmo/ros2_ws/install/ex_calculator_py:/opt/ros/humble /usr/bin/cmake --build /home/youngmo/ros2_ws/build/ros_study_cpp -- -j16 -l16
[9.608s] Invoking command in '/home/youngmo/ros2_ws/build/ros_study_cpp': CMAKE_PREFIX_PATH=/home/youngmo/ros2_ws/install/ros_study_msgs:/home/youngmo/ros2_ws/install/ros_study_cpp:/home/youngmo/ros2_ws/install/ros_study_py:/home/youngmo/ros2_ws/install/ex_calculator_py:/opt/ros/humble /usr/bin/cmake --install /home/youngmo/ros2_ws/build/ros_study_cpp
[9.622s] -- Install configuration: ""
[9.622s] -- Installing: /home/youngmo/ros2_ws/install/ros_study_cpp/lib/ros_study_cpp/my_msg_test
[9.622s] -- Set runtime path of "/home/youngmo/ros2_ws/install/ros_study_cpp/lib/ros_study_cpp/my_msg_test" to ""
[9.622s] -- Installing: /home/youngmo/ros2_ws/install/ros_study_cpp/lib/ros_study_cpp/my_msg_subscriber
[9.625s] -- Set runtime path of "/home/youngmo/ros2_ws/install/ros_study_cpp/lib/ros_study_cpp/my_msg_subscriber" to ""
[9.625s] -- Installing: /home/youngmo/ros2_ws/install/ros_study_cpp/lib/ros_study_cpp/my_service_client
[9.626s] -- Set runtime path of "/home/youngmo/ros2_ws/install/ros_study_cpp/lib/ros_study_cpp/my_service_client" to ""
[9.626s] -- Installing: /home/youngmo/ros2_ws/install/ros_study_cpp/lib/ros_study_cpp/my_service_server
[9.627s] -- Set runtime path of "/home/youngmo/ros2_ws/install/ros_study_cpp/lib/ros_study_cpp/my_service_server" to ""
[9.629s] -- Installing: /home/youngmo/ros2_ws/install/ros_study_cpp/lib/ros_study_cpp/my_action_client
[9.629s] -- Set runtime path of "/home/youngmo/ros2_ws/install/ros_study_cpp/lib/ros_study_cpp/my_action_client" to ""
[9.629s] -- Installing: /home/youngmo/ros2_ws/install/ros_study_cpp/lib/ros_study_cpp/my_action_server
[9.629s] -- Set runtime path of "/home/youngmo/ros2_ws/install/ros_study_cpp/lib/ros_study_cpp/my_action_server" to ""
[9.629s] -- Installing: /home/youngmo/ros2_ws/install/ros_study_cpp/share/ament_index/resource_index/package_run_dependencies/ros_study_cpp
[9.629s] -- Installing: /home/youngmo/ros2_ws/install/ros_study_cpp/share/ament_index/resource_index/parent_prefix_path/ros_study_cpp
[9.629s] -- Installing: /home/youngmo/ros2_ws/install/ros_study_cpp/share/ros_study_cpp/environment/ament_prefix_path.sh
[9.629s] -- Installing: /home/youngmo/ros2_ws/install/ros_study_cpp/share/ros_study_cpp/environment/ament_prefix_path.dsv
[9.629s] -- Installing: /home/youngmo/ros2_ws/install/ros_study_cpp/share/ros_study_cpp/environment/path.sh
[9.629s] -- Installing: /home/youngmo/ros2_ws/install/ros_study_cpp/share/ros_study_cpp/environment/path.dsv
[9.629s] -- Installing: /home/youngmo/ros2_ws/install/ros_study_cpp/share/ros_study_cpp/local_setup.bash
[9.629s] -- Installing: /home/youngmo/ros2_ws/install/ros_study_cpp/share/ros_study_cpp/local_setup.sh
[9.629s] -- Installing: /home/youngmo/ros2_ws/install/ros_study_cpp/share/ros_study_cpp/local_setup.zsh
[9.630s] -- Installing: /home/youngmo/ros2_ws/install/ros_study_cpp/share/ros_study_cpp/local_setup.dsv
[9.630s] -- Installing: /home/youngmo/ros2_ws/install/ros_study_cpp/share/ros_study_cpp/package.dsv
[9.630s] -- Installing: /home/youngmo/ros2_ws/install/ros_study_cpp/share/ament_index/resource_index/packages/ros_study_cpp
[9.630s] -- Installing: /home/youngmo/ros2_ws/install/ros_study_cpp/share/ros_study_cpp/cmake/ros_study_cppConfig.cmake
[9.630s] -- Installing: /home/youngmo/ros2_ws/install/ros_study_cpp/share/ros_study_cpp/cmake/ros_study_cppConfig-version.cmake
[9.630s] -- Installing: /home/youngmo/ros2_ws/install/ros_study_cpp/share/ros_study_cpp/package.xml
[9.634s] Invoked command in '/home/youngmo/ros2_ws/build/ros_study_cpp' returned '0': CMAKE_PREFIX_PATH=/home/youngmo/ros2_ws/install/ros_study_msgs:/home/youngmo/ros2_ws/install/ros_study_cpp:/home/youngmo/ros2_ws/install/ros_study_py:/home/youngmo/ros2_ws/install/ex_calculator_py:/opt/ros/humble /usr/bin/cmake --install /home/youngmo/ros2_ws/build/ros_study_cpp
