[0.284s] Invoking command in '/home/youngmo/ros2_ws/src/ros_study_py': AMENT_PREFIX_PATH=/home/youngmo/ros2_ws/install/ros_study_msgs:${AMENT_PREFIX_PATH} CMAKE_PREFIX_PATH=/home/youngmo/ros2_ws/install/ros_study_msgs LD_LIBRARY_PATH=/home/youngmo/ros2_ws/install/ros_study_msgs/lib:${LD_LIBRARY_PATH} PYTHONPATH=/home/youngmo/ros2_ws/build/ros_study_py/prefix_override:/usr/lib/python3/dist-packages/colcon_core/task/python/colcon_distutils_commands:/home/youngmo/ros2_ws/install/ros_study_py/lib/python3.10/site-packages:/home/youngmo/ros2_ws/install/ros_study_msgs/local/lib/python3.10/dist-packages:${PYTHONPATH} /usr/bin/python3 -W ignore:setup.py install is deprecated -W ignore:easy_install command is deprecated setup.py egg_info --egg-base ../../build/ros_study_py build --build-base /home/youngmo/ros2_ws/build/ros_study_py/build install --record /home/youngmo/ros2_ws/build/ros_study_py/install.log --single-version-externally-managed install_data
[0.389s] running egg_info
[0.389s] creating ../../build/ros_study_py/ros_study_py.egg-info
[0.389s] writing ../../build/ros_study_py/ros_study_py.egg-info/PKG-INFO
[0.389s] writing dependency_links to ../../build/ros_study_py/ros_study_py.egg-info/dependency_links.txt
[0.390s] writing entry points to ../../build/ros_study_py/ros_study_py.egg-info/entry_points.txt
[0.390s] writing requirements to ../../build/ros_study_py/ros_study_py.egg-info/requires.txt
[0.390s] writing top-level names to ../../build/ros_study_py/ros_study_py.egg-info/top_level.txt
[0.390s] writing manifest file '../../build/ros_study_py/ros_study_py.egg-info/SOURCES.txt'
[0.390s] reading manifest file '../../build/ros_study_py/ros_study_py.egg-info/SOURCES.txt'
[0.390s] writing manifest file '../../build/ros_study_py/ros_study_py.egg-info/SOURCES.txt'
[0.391s] running build
[0.391s] running build_py
[0.391s] creating /home/youngmo/ros2_ws/build/ros_study_py/build
[0.391s] creating /home/youngmo/ros2_ws/build/ros_study_py/build/lib
[0.391s] creating /home/youngmo/ros2_ws/build/ros_study_py/build/lib/ros_study_py
[0.391s] copying ros_study_py/my_msg_test.py -> /home/youngmo/ros2_ws/build/ros_study_py/build/lib/ros_study_py
[0.391s] copying ros_study_py/__init__.py -> /home/youngmo/ros2_ws/build/ros_study_py/build/lib/ros_study_py
[0.391s] running install
[0.391s] running install_lib
[0.391s] creating /home/youngmo/ros2_ws/install/ros_study_py/lib/python3.10/site-packages/ros_study_py
[0.391s] copying /home/youngmo/ros2_ws/build/ros_study_py/build/lib/ros_study_py/my_msg_test.py -> /home/youngmo/ros2_ws/install/ros_study_py/lib/python3.10/site-packages/ros_study_py
[0.392s] copying /home/youngmo/ros2_ws/build/ros_study_py/build/lib/ros_study_py/__init__.py -> /home/youngmo/ros2_ws/install/ros_study_py/lib/python3.10/site-packages/ros_study_py
[0.392s] byte-compiling /home/youngmo/ros2_ws/install/ros_study_py/lib/python3.10/site-packages/ros_study_py/my_msg_test.py to my_msg_test.cpython-310.pyc
[0.392s] byte-compiling /home/youngmo/ros2_ws/install/ros_study_py/lib/python3.10/site-packages/ros_study_py/__init__.py to __init__.cpython-310.pyc
[0.392s] running install_data
[0.392s] creating /home/youngmo/ros2_ws/install/ros_study_py/share/ament_index
[0.392s] creating /home/youngmo/ros2_ws/install/ros_study_py/share/ament_index/resource_index
[0.392s] creating /home/youngmo/ros2_ws/install/ros_study_py/share/ament_index/resource_index/packages
[0.392s] copying resource/ros_study_py -> /home/youngmo/ros2_ws/install/ros_study_py/share/ament_index/resource_index/packages
[0.392s] copying package.xml -> /home/youngmo/ros2_ws/install/ros_study_py/share/ros_study_py
[0.392s] running install_egg_info
[0.395s] Copying ../../build/ros_study_py/ros_study_py.egg-info to /home/youngmo/ros2_ws/install/ros_study_py/lib/python3.10/site-packages/ros_study_py-0.0.0-py3.10.egg-info
[0.395s] running install_scripts
[0.403s] Installing my_msg_test script to /home/youngmo/ros2_ws/install/ros_study_py/lib/ros_study_py
[0.403s] writing list of installed files to '/home/youngmo/ros2_ws/build/ros_study_py/install.log'
[0.414s] Invoked command in '/home/youngmo/ros2_ws/src/ros_study_py' returned '0': AMENT_PREFIX_PATH=/home/youngmo/ros2_ws/install/ros_study_msgs:${AMENT_PREFIX_PATH} CMAKE_PREFIX_PATH=/home/youngmo/ros2_ws/install/ros_study_msgs LD_LIBRARY_PATH=/home/youngmo/ros2_ws/install/ros_study_msgs/lib:${LD_LIBRARY_PATH} PYTHONPATH=/home/youngmo/ros2_ws/build/ros_study_py/prefix_override:/usr/lib/python3/dist-packages/colcon_core/task/python/colcon_distutils_commands:/home/youngmo/ros2_ws/install/ros_study_py/lib/python3.10/site-packages:/home/youngmo/ros2_ws/install/ros_study_msgs/local/lib/python3.10/dist-packages:${PYTHONPATH} /usr/bin/python3 -W ignore:setup.py install is deprecated -W ignore:easy_install command is deprecated setup.py egg_info --egg-base ../../build/ros_study_py build --build-base /home/youngmo/ros2_ws/build/ros_study_py/build install --record /home/youngmo/ros2_ws/build/ros_study_py/install.log --single-version-externally-managed install_data
