[0.008s] Invoking command in '/home/youngmo/ros2_ws/build/ros_study_cpp': AMENT_PREFIX_PATH=/home/youngmo/ros2_ws/install/ros_study_msgs:${AMENT_PREFIX_PATH} CMAKE_PREFIX_PATH=/home/youngmo/ros2_ws/install/ros_study_msgs:/opt/ros/humble LD_LIBRARY_PATH=/home/youngmo/ros2_ws/install/ros_study_msgs/lib:${LD_LIBRARY_PATH} PYTHONPATH=/home/youngmo/ros2_ws/install/ros_study_msgs/local/lib/python3.10/dist-packages:${PYTHONPATH} /usr/bin/cmake /home/youngmo/ros2_ws/src/ros_study_cpp -DCMAKE_INSTALL_PREFIX=/home/youngmo/ros2_ws/install/ros_study_cpp
[0.022s] -- Found ament_cmake: 1.3.11 (/opt/ros/humble/share/ament_cmake/cmake)
[0.112s] -- Found rclcpp: 16.0.12 (/opt/ros/humble/share/rclcpp/cmake)
[0.123s] -- Found rosidl_generator_c: 3.1.6 (/opt/ros/humble/share/rosidl_generator_c/cmake)
[0.124s] -- Found rosidl_adapter: 3.1.6 (/opt/ros/humble/share/rosidl_adapter/cmake)
[0.126s] -- Found rosidl_generator_cpp: 3.1.6 (/opt/ros/humble/share/rosidl_generator_cpp/cmake)
[0.130s] -- Using all available rosidl_typesupport_c: rosidl_typesupport_fastrtps_c;rosidl_typesupport_introspection_c
[0.135s] -- Using all available rosidl_typesupport_cpp: rosidl_typesupport_fastrtps_cpp;rosidl_typesupport_introspection_cpp
[0.150s] -- Found rmw_implementation_cmake: 6.1.2 (/opt/ros/humble/share/rmw_implementation_cmake/cmake)
[0.150s] -- Found rmw_fastrtps_cpp: 6.2.7 (/opt/ros/humble/share/rmw_fastrtps_cpp/cmake)
[0.231s] -- Using RMW implementation 'rmw_fastrtps_cpp' as default
[0.251s] -- Found ros_study_msgs: 0.0.0 (/home/youngmo/ros2_ws/install/ros_study_msgs/share/ros_study_msgs/cmake)
[0.269s] -- Found ament_lint_auto: 0.12.12 (/opt/ros/humble/share/ament_lint_auto/cmake)
[0.321s] -- Added test 'cppcheck' to perform static code analysis on C / C++ code
[0.321s] -- Configured cppcheck include dirs: 
[0.321s] -- Configured cppcheck exclude dirs and/or files: 
[0.321s] -- Added test 'lint_cmake' to check CMake code style
[0.321s] -- Added test 'uncrustify' to check C / C++ code style
[0.321s] -- Configured uncrustify additional arguments: 
[0.321s] -- Added test 'xmllint' to check XML markup files
[0.322s] -- Configuring done
[0.330s] -- Generating done
[0.334s] -- Build files have been written to: /home/youngmo/ros2_ws/build/ros_study_cpp
[0.339s] Invoked command in '/home/youngmo/ros2_ws/build/ros_study_cpp' returned '0': AMENT_PREFIX_PATH=/home/youngmo/ros2_ws/install/ros_study_msgs:${AMENT_PREFIX_PATH} CMAKE_PREFIX_PATH=/home/youngmo/ros2_ws/install/ros_study_msgs:/opt/ros/humble LD_LIBRARY_PATH=/home/youngmo/ros2_ws/install/ros_study_msgs/lib:${LD_LIBRARY_PATH} PYTHONPATH=/home/youngmo/ros2_ws/install/ros_study_msgs/local/lib/python3.10/dist-packages:${PYTHONPATH} /usr/bin/cmake /home/youngmo/ros2_ws/src/ros_study_cpp -DCMAKE_INSTALL_PREFIX=/home/youngmo/ros2_ws/install/ros_study_cpp
[0.340s] Invoking command in '/home/youngmo/ros2_ws/build/ros_study_cpp': AMENT_PREFIX_PATH=/home/youngmo/ros2_ws/install/ros_study_msgs:${AMENT_PREFIX_PATH} CMAKE_PREFIX_PATH=/home/youngmo/ros2_ws/install/ros_study_msgs:/opt/ros/humble LD_LIBRARY_PATH=/home/youngmo/ros2_ws/install/ros_study_msgs/lib:${LD_LIBRARY_PATH} PYTHONPATH=/home/youngmo/ros2_ws/install/ros_study_msgs/local/lib/python3.10/dist-packages:${PYTHONPATH} /usr/bin/cmake --build /home/youngmo/ros2_ws/build/ros_study_cpp -- -j16 -l16
[0.383s] [ 12%] [32mBuilding CXX object CMakeFiles/my_msg_test.dir/src/my_msg_test.cpp.o[0m
[0.386s] [ 25%] [32mBuilding CXX object CMakeFiles/my_msg_subscriber.dir/src/my_msg_subscriber.cpp.o[0m
[0.388s] [ 37%] [32mBuilding CXX object CMakeFiles/my_service_client.dir/src/my_service_client.cpp.o[0m
[0.390s] [ 50%] [32mBuilding CXX object CMakeFiles/my_service_server.dir/src/my_service_server.cpp.o[0m
[3.435s] [ 62%] [32m[1mLinking CXX executable my_service_server[0m
[3.554s] [ 75%] [32m[1mLinking CXX executable my_service_client[0m
[3.627s] [ 75%] Built target my_service_server
[3.719s] [ 75%] Built target my_service_client
[4.154s] [ 87%] [32m[1mLinking CXX executable my_msg_test[0m
[4.394s] [ 87%] Built target my_msg_test
[7.412s] [100%] [32m[1mLinking CXX executable my_msg_subscriber[0m
[7.789s] [100%] Built target my_msg_subscriber
[7.806s] Invoked command in '/home/youngmo/ros2_ws/build/ros_study_cpp' returned '0': AMENT_PREFIX_PATH=/home/youngmo/ros2_ws/install/ros_study_msgs:${AMENT_PREFIX_PATH} CMAKE_PREFIX_PATH=/home/youngmo/ros2_ws/install/ros_study_msgs:/opt/ros/humble LD_LIBRARY_PATH=/home/youngmo/ros2_ws/install/ros_study_msgs/lib:${LD_LIBRARY_PATH} PYTHONPATH=/home/youngmo/ros2_ws/install/ros_study_msgs/local/lib/python3.10/dist-packages:${PYTHONPATH} /usr/bin/cmake --build /home/youngmo/ros2_ws/build/ros_study_cpp -- -j16 -l16
[7.807s] Invoking command in '/home/youngmo/ros2_ws/build/ros_study_cpp': AMENT_PREFIX_PATH=/home/youngmo/ros2_ws/install/ros_study_msgs:${AMENT_PREFIX_PATH} CMAKE_PREFIX_PATH=/home/youngmo/ros2_ws/install/ros_study_msgs:/opt/ros/humble LD_LIBRARY_PATH=/home/youngmo/ros2_ws/install/ros_study_msgs/lib:${LD_LIBRARY_PATH} PYTHONPATH=/home/youngmo/ros2_ws/install/ros_study_msgs/local/lib/python3.10/dist-packages:${PYTHONPATH} /usr/bin/cmake --install /home/youngmo/ros2_ws/build/ros_study_cpp
[7.815s] -- Install configuration: ""
[7.815s] -- Installing: /home/youngmo/ros2_ws/install/ros_study_cpp/lib/ros_study_cpp/my_msg_test
[7.816s] -- Set runtime path of "/home/youngmo/ros2_ws/install/ros_study_cpp/lib/ros_study_cpp/my_msg_test" to ""
[7.816s] -- Installing: /home/youngmo/ros2_ws/install/ros_study_cpp/lib/ros_study_cpp/my_msg_subscriber
[7.819s] -- Set runtime path of "/home/youngmo/ros2_ws/install/ros_study_cpp/lib/ros_study_cpp/my_msg_subscriber" to ""
[7.819s] -- Installing: /home/youngmo/ros2_ws/install/ros_study_cpp/lib/ros_study_cpp/my_service_client
[7.820s] -- Set runtime path of "/home/youngmo/ros2_ws/install/ros_study_cpp/lib/ros_study_cpp/my_service_client" to ""
[7.820s] -- Installing: /home/youngmo/ros2_ws/install/ros_study_cpp/lib/ros_study_cpp/my_service_server
[7.820s] -- Set runtime path of "/home/youngmo/ros2_ws/install/ros_study_cpp/lib/ros_study_cpp/my_service_server" to ""
[7.820s] -- Installing: /home/youngmo/ros2_ws/install/ros_study_cpp/share/ament_index/resource_index/package_run_dependencies/ros_study_cpp
[7.821s] -- Installing: /home/youngmo/ros2_ws/install/ros_study_cpp/share/ament_index/resource_index/parent_prefix_path/ros_study_cpp
[7.821s] -- Installing: /home/youngmo/ros2_ws/install/ros_study_cpp/share/ros_study_cpp/environment/ament_prefix_path.sh
[7.821s] -- Installing: /home/youngmo/ros2_ws/install/ros_study_cpp/share/ros_study_cpp/environment/ament_prefix_path.dsv
[7.821s] -- Installing: /home/youngmo/ros2_ws/install/ros_study_cpp/share/ros_study_cpp/environment/path.sh
[7.821s] -- Installing: /home/youngmo/ros2_ws/install/ros_study_cpp/share/ros_study_cpp/environment/path.dsv
[7.821s] -- Installing: /home/youngmo/ros2_ws/install/ros_study_cpp/share/ros_study_cpp/local_setup.bash
[7.822s] -- Installing: /home/youngmo/ros2_ws/install/ros_study_cpp/share/ros_study_cpp/local_setup.sh
[7.822s] -- Installing: /home/youngmo/ros2_ws/install/ros_study_cpp/share/ros_study_cpp/local_setup.zsh
[7.822s] -- Installing: /home/youngmo/ros2_ws/install/ros_study_cpp/share/ros_study_cpp/local_setup.dsv
[7.822s] -- Installing: /home/youngmo/ros2_ws/install/ros_study_cpp/share/ros_study_cpp/package.dsv
[7.822s] -- Installing: /home/youngmo/ros2_ws/install/ros_study_cpp/share/ament_index/resource_index/packages/ros_study_cpp
[7.822s] -- Installing: /home/youngmo/ros2_ws/install/ros_study_cpp/share/ros_study_cpp/cmake/ros_study_cppConfig.cmake
[7.822s] -- Installing: /home/youngmo/ros2_ws/install/ros_study_cpp/share/ros_study_cpp/cmake/ros_study_cppConfig-version.cmake
[7.823s] -- Installing: /home/youngmo/ros2_ws/install/ros_study_cpp/share/ros_study_cpp/package.xml
[7.825s] Invoked command in '/home/youngmo/ros2_ws/build/ros_study_cpp' returned '0': AMENT_PREFIX_PATH=/home/youngmo/ros2_ws/install/ros_study_msgs:${AMENT_PREFIX_PATH} CMAKE_PREFIX_PATH=/home/youngmo/ros2_ws/install/ros_study_msgs:/opt/ros/humble LD_LIBRARY_PATH=/home/youngmo/ros2_ws/install/ros_study_msgs/lib:${LD_LIBRARY_PATH} PYTHONPATH=/home/youngmo/ros2_ws/install/ros_study_msgs/local/lib/python3.10/dist-packages:${PYTHONPATH} /usr/bin/cmake --install /home/youngmo/ros2_ws/build/ros_study_cpp
