running egg_info
creating ../../build/opencv_py/opencv_py.egg-info
writing ../../build/opencv_py/opencv_py.egg-info/PKG-INFO
writing dependency_links to ../../build/opencv_py/opencv_py.egg-info/dependency_links.txt
writing entry points to ../../build/opencv_py/opencv_py.egg-info/entry_points.txt
writing requirements to ../../build/opencv_py/opencv_py.egg-info/requires.txt
writing top-level names to ../../build/opencv_py/opencv_py.egg-info/top_level.txt
writing manifest file '../../build/opencv_py/opencv_py.egg-info/SOURCES.txt'
reading manifest file '../../build/opencv_py/opencv_py.egg-info/SOURCES.txt'
writing manifest file '../../build/opencv_py/opencv_py.egg-info/SOURCES.txt'
running build
running build_py
creating /home/youngmo/ros2_ws/build/opencv_py/build
creating /home/youngmo/ros2_ws/build/opencv_py/build/lib
creating /home/youngmo/ros2_ws/build/opencv_py/build/lib/source
copying source/yolo8.py -> /home/youngmo/ros2_ws/build/opencv_py/build/lib/source
copying source/molu.py -> /home/youngmo/ros2_ws/build/opencv_py/build/lib/source
copying source/personmosaic.py -> /home/youngmo/ros2_ws/build/opencv_py/build/lib/source
copying source/img_pub.py -> /home/youngmo/ros2_ws/build/opencv_py/build/lib/source
copying source/molu_yaml.py -> /home/youngmo/ros2_ws/build/opencv_py/build/lib/source
copying source/imageconverter.py -> /home/youngmo/ros2_ws/build/opencv_py/build/lib/source
copying source/saveimg.py -> /home/youngmo/ros2_ws/build/opencv_py/build/lib/source
copying source/__init__.py -> /home/youngmo/ros2_ws/build/opencv_py/build/lib/source
copying source/grayscale.py -> /home/youngmo/ros2_ws/build/opencv_py/build/lib/source
copying source/hough_transform.py -> /home/youngmo/ros2_ws/build/opencv_py/build/lib/source
running install
running install_lib
creating /home/youngmo/ros2_ws/install/opencv_py/lib/python3.10/site-packages/source
copying /home/youngmo/ros2_ws/build/opencv_py/build/lib/source/yolo8.py -> /home/youngmo/ros2_ws/install/opencv_py/lib/python3.10/site-packages/source
copying /home/youngmo/ros2_ws/build/opencv_py/build/lib/source/molu.py -> /home/youngmo/ros2_ws/install/opencv_py/lib/python3.10/site-packages/source
copying /home/youngmo/ros2_ws/build/opencv_py/build/lib/source/personmosaic.py -> /home/youngmo/ros2_ws/install/opencv_py/lib/python3.10/site-packages/source
copying /home/youngmo/ros2_ws/build/opencv_py/build/lib/source/img_pub.py -> /home/youngmo/ros2_ws/install/opencv_py/lib/python3.10/site-packages/source
copying /home/youngmo/ros2_ws/build/opencv_py/build/lib/source/molu_yaml.py -> /home/youngmo/ros2_ws/install/opencv_py/lib/python3.10/site-packages/source
copying /home/youngmo/ros2_ws/build/opencv_py/build/lib/source/imageconverter.py -> /home/youngmo/ros2_ws/install/opencv_py/lib/python3.10/site-packages/source
copying /home/youngmo/ros2_ws/build/opencv_py/build/lib/source/saveimg.py -> /home/youngmo/ros2_ws/install/opencv_py/lib/python3.10/site-packages/source
copying /home/youngmo/ros2_ws/build/opencv_py/build/lib/source/__init__.py -> /home/youngmo/ros2_ws/install/opencv_py/lib/python3.10/site-packages/source
copying /home/youngmo/ros2_ws/build/opencv_py/build/lib/source/grayscale.py -> /home/youngmo/ros2_ws/install/opencv_py/lib/python3.10/site-packages/source
copying /home/youngmo/ros2_ws/build/opencv_py/build/lib/source/hough_transform.py -> /home/youngmo/ros2_ws/install/opencv_py/lib/python3.10/site-packages/source
byte-compiling /home/youngmo/ros2_ws/install/opencv_py/lib/python3.10/site-packages/source/yolo8.py to yolo8.cpython-310.pyc
byte-compiling /home/youngmo/ros2_ws/install/opencv_py/lib/python3.10/site-packages/source/molu.py to molu.cpython-310.pyc
byte-compiling /home/youngmo/ros2_ws/install/opencv_py/lib/python3.10/site-packages/source/personmosaic.py to personmosaic.cpython-310.pyc
byte-compiling /home/youngmo/ros2_ws/install/opencv_py/lib/python3.10/site-packages/source/img_pub.py to img_pub.cpython-310.pyc
byte-compiling /home/youngmo/ros2_ws/install/opencv_py/lib/python3.10/site-packages/source/molu_yaml.py to molu_yaml.cpython-310.pyc
byte-compiling /home/youngmo/ros2_ws/install/opencv_py/lib/python3.10/site-packages/source/imageconverter.py to imageconverter.cpython-310.pyc
byte-compiling /home/youngmo/ros2_ws/install/opencv_py/lib/python3.10/site-packages/source/saveimg.py to saveimg.cpython-310.pyc
byte-compiling /home/youngmo/ros2_ws/install/opencv_py/lib/python3.10/site-packages/source/__init__.py to __init__.cpython-310.pyc
byte-compiling /home/youngmo/ros2_ws/install/opencv_py/lib/python3.10/site-packages/source/grayscale.py to grayscale.cpython-310.pyc
byte-compiling /home/youngmo/ros2_ws/install/opencv_py/lib/python3.10/site-packages/source/hough_transform.py to hough_transform.cpython-310.pyc
running install_data
creating /home/youngmo/ros2_ws/install/opencv_py/share/ament_index
creating /home/youngmo/ros2_ws/install/opencv_py/share/ament_index/resource_index
creating /home/youngmo/ros2_ws/install/opencv_py/share/ament_index/resource_index/packages
copying resource/opencv_py -> /home/youngmo/ros2_ws/install/opencv_py/share/ament_index/resource_index/packages
copying package.xml -> /home/youngmo/ros2_ws/install/opencv_py/share/opencv_py
creating /home/youngmo/ros2_ws/install/opencv_py/share/opencv_py/param
copying param/config.yaml -> /home/youngmo/ros2_ws/install/opencv_py/share/opencv_py/param
running install_egg_info
Copying ../../build/opencv_py/opencv_py.egg-info to /home/youngmo/ros2_ws/install/opencv_py/lib/python3.10/site-packages/opencv_py-0.0.0-py3.10.egg-info
running install_scripts
Installing grayscale script to /home/youngmo/ros2_ws/install/opencv_py/lib/opencv_py
Installing hough_transform script to /home/youngmo/ros2_ws/install/opencv_py/lib/opencv_py
Installing image_publisher script to /home/youngmo/ros2_ws/install/opencv_py/lib/opencv_py
Installing imageconverter script to /home/youngmo/ros2_ws/install/opencv_py/lib/opencv_py
Installing molu script to /home/youngmo/ros2_ws/install/opencv_py/lib/opencv_py
Installing moluya script to /home/youngmo/ros2_ws/install/opencv_py/lib/opencv_py
Installing personmosaic script to /home/youngmo/ros2_ws/install/opencv_py/lib/opencv_py
Installing saveimg script to /home/youngmo/ros2_ws/install/opencv_py/lib/opencv_py
Installing yolo8 script to /home/youngmo/ros2_ws/install/opencv_py/lib/opencv_py
writing list of installed files to '/home/youngmo/ros2_ws/build/opencv_py/install.log'
