[0.320s] Invoking command in '/home/youngmo/ros2_ws/src/opencv_py': PYTHONPATH=/home/youngmo/ros2_ws/build/opencv_py/prefix_override:/usr/lib/python3/dist-packages/colcon_core/task/python/colcon_distutils_commands:/home/youngmo/ros2_ws/install/opencv_py/lib/python3.10/site-packages:${PYTHONPATH} /usr/bin/python3 -W ignore:setup.py install is deprecated -W ignore:easy_install command is deprecated setup.py egg_info --egg-base ../../build/opencv_py build --build-base /home/youngmo/ros2_ws/build/opencv_py/build install --record /home/youngmo/ros2_ws/build/opencv_py/install.log --single-version-externally-managed install_data
[0.450s] running egg_info
[0.451s] creating ../../build/opencv_py/opencv_py.egg-info
[0.451s] writing ../../build/opencv_py/opencv_py.egg-info/PKG-INFO
[0.451s] writing dependency_links to ../../build/opencv_py/opencv_py.egg-info/dependency_links.txt
[0.451s] writing entry points to ../../build/opencv_py/opencv_py.egg-info/entry_points.txt
[0.453s] writing requirements to ../../build/opencv_py/opencv_py.egg-info/requires.txt
[0.456s] writing top-level names to ../../build/opencv_py/opencv_py.egg-info/top_level.txt
[0.456s] writing manifest file '../../build/opencv_py/opencv_py.egg-info/SOURCES.txt'
[0.456s] reading manifest file '../../build/opencv_py/opencv_py.egg-info/SOURCES.txt'
[0.456s] writing manifest file '../../build/opencv_py/opencv_py.egg-info/SOURCES.txt'
[0.456s] running build
[0.456s] running build_py
[0.456s] creating /home/youngmo/ros2_ws/build/opencv_py/build
[0.456s] creating /home/youngmo/ros2_ws/build/opencv_py/build/lib
[0.456s] creating /home/youngmo/ros2_ws/build/opencv_py/build/lib/source
[0.456s] copying source/yolo8.py -> /home/youngmo/ros2_ws/build/opencv_py/build/lib/source
[0.456s] copying source/molu.py -> /home/youngmo/ros2_ws/build/opencv_py/build/lib/source
[0.456s] copying source/personmosaic.py -> /home/youngmo/ros2_ws/build/opencv_py/build/lib/source
[0.456s] copying source/img_pub.py -> /home/youngmo/ros2_ws/build/opencv_py/build/lib/source
[0.456s] copying source/molu_yaml.py -> /home/youngmo/ros2_ws/build/opencv_py/build/lib/source
[0.456s] copying source/imageconverter.py -> /home/youngmo/ros2_ws/build/opencv_py/build/lib/source
[0.456s] copying source/saveimg.py -> /home/youngmo/ros2_ws/build/opencv_py/build/lib/source
[0.456s] copying source/__init__.py -> /home/youngmo/ros2_ws/build/opencv_py/build/lib/source
[0.456s] copying source/grayscale.py -> /home/youngmo/ros2_ws/build/opencv_py/build/lib/source
[0.456s] copying source/hough_transform.py -> /home/youngmo/ros2_ws/build/opencv_py/build/lib/source
[0.456s] running install
[0.456s] running install_lib
[0.456s] creating /home/youngmo/ros2_ws/install/opencv_py/lib/python3.10/site-packages/source
[0.456s] copying /home/youngmo/ros2_ws/build/opencv_py/build/lib/source/yolo8.py -> /home/youngmo/ros2_ws/install/opencv_py/lib/python3.10/site-packages/source
[0.456s] copying /home/youngmo/ros2_ws/build/opencv_py/build/lib/source/molu.py -> /home/youngmo/ros2_ws/install/opencv_py/lib/python3.10/site-packages/source
[0.456s] copying /home/youngmo/ros2_ws/build/opencv_py/build/lib/source/personmosaic.py -> /home/youngmo/ros2_ws/install/opencv_py/lib/python3.10/site-packages/source
[0.457s] copying /home/youngmo/ros2_ws/build/opencv_py/build/lib/source/img_pub.py -> /home/youngmo/ros2_ws/install/opencv_py/lib/python3.10/site-packages/source
[0.457s] copying /home/youngmo/ros2_ws/build/opencv_py/build/lib/source/molu_yaml.py -> /home/youngmo/ros2_ws/install/opencv_py/lib/python3.10/site-packages/source
[0.457s] copying /home/youngmo/ros2_ws/build/opencv_py/build/lib/source/imageconverter.py -> /home/youngmo/ros2_ws/install/opencv_py/lib/python3.10/site-packages/source
[0.457s] copying /home/youngmo/ros2_ws/build/opencv_py/build/lib/source/saveimg.py -> /home/youngmo/ros2_ws/install/opencv_py/lib/python3.10/site-packages/source
[0.457s] copying /home/youngmo/ros2_ws/build/opencv_py/build/lib/source/__init__.py -> /home/youngmo/ros2_ws/install/opencv_py/lib/python3.10/site-packages/source
[0.457s] copying /home/youngmo/ros2_ws/build/opencv_py/build/lib/source/grayscale.py -> /home/youngmo/ros2_ws/install/opencv_py/lib/python3.10/site-packages/source
[0.457s] copying /home/youngmo/ros2_ws/build/opencv_py/build/lib/source/hough_transform.py -> /home/youngmo/ros2_ws/install/opencv_py/lib/python3.10/site-packages/source
[0.457s] byte-compiling /home/youngmo/ros2_ws/install/opencv_py/lib/python3.10/site-packages/source/yolo8.py to yolo8.cpython-310.pyc
[0.457s] byte-compiling /home/youngmo/ros2_ws/install/opencv_py/lib/python3.10/site-packages/source/molu.py to molu.cpython-310.pyc
[0.457s] byte-compiling /home/youngmo/ros2_ws/install/opencv_py/lib/python3.10/site-packages/source/personmosaic.py to personmosaic.cpython-310.pyc
[0.457s] byte-compiling /home/youngmo/ros2_ws/install/opencv_py/lib/python3.10/site-packages/source/img_pub.py to img_pub.cpython-310.pyc
[0.457s] byte-compiling /home/youngmo/ros2_ws/install/opencv_py/lib/python3.10/site-packages/source/molu_yaml.py to molu_yaml.cpython-310.pyc
[0.457s] byte-compiling /home/youngmo/ros2_ws/install/opencv_py/lib/python3.10/site-packages/source/imageconverter.py to imageconverter.cpython-310.pyc
[0.457s] byte-compiling /home/youngmo/ros2_ws/install/opencv_py/lib/python3.10/site-packages/source/saveimg.py to saveimg.cpython-310.pyc
[0.457s] byte-compiling /home/youngmo/ros2_ws/install/opencv_py/lib/python3.10/site-packages/source/__init__.py to __init__.cpython-310.pyc
[0.457s] byte-compiling /home/youngmo/ros2_ws/install/opencv_py/lib/python3.10/site-packages/source/grayscale.py to grayscale.cpython-310.pyc
[0.457s] byte-compiling /home/youngmo/ros2_ws/install/opencv_py/lib/python3.10/site-packages/source/hough_transform.py to hough_transform.cpython-310.pyc
[0.457s] running install_data
[0.457s] creating /home/youngmo/ros2_ws/install/opencv_py/share/ament_index
[0.457s] creating /home/youngmo/ros2_ws/install/opencv_py/share/ament_index/resource_index
[0.457s] creating /home/youngmo/ros2_ws/install/opencv_py/share/ament_index/resource_index/packages
[0.457s] copying resource/opencv_py -> /home/youngmo/ros2_ws/install/opencv_py/share/ament_index/resource_index/packages
[0.457s] copying package.xml -> /home/youngmo/ros2_ws/install/opencv_py/share/opencv_py
[0.462s] creating /home/youngmo/ros2_ws/install/opencv_py/share/opencv_py/param
[0.462s] copying param/config.yaml -> /home/youngmo/ros2_ws/install/opencv_py/share/opencv_py/param
[0.462s] running install_egg_info
[0.462s] Copying ../../build/opencv_py/opencv_py.egg-info to /home/youngmo/ros2_ws/install/opencv_py/lib/python3.10/site-packages/opencv_py-0.0.0-py3.10.egg-info
[0.462s] running install_scripts
[0.462s] Installing grayscale script to /home/youngmo/ros2_ws/install/opencv_py/lib/opencv_py
[0.462s] Installing hough_transform script to /home/youngmo/ros2_ws/install/opencv_py/lib/opencv_py
[0.462s] Installing image_publisher script to /home/youngmo/ros2_ws/install/opencv_py/lib/opencv_py
[0.462s] Installing imageconverter script to /home/youngmo/ros2_ws/install/opencv_py/lib/opencv_py
[0.462s] Installing molu script to /home/youngmo/ros2_ws/install/opencv_py/lib/opencv_py
[0.462s] Installing moluya script to /home/youngmo/ros2_ws/install/opencv_py/lib/opencv_py
[0.462s] Installing personmosaic script to /home/youngmo/ros2_ws/install/opencv_py/lib/opencv_py
[0.462s] Installing saveimg script to /home/youngmo/ros2_ws/install/opencv_py/lib/opencv_py
[0.462s] Installing yolo8 script to /home/youngmo/ros2_ws/install/opencv_py/lib/opencv_py
[0.462s] writing list of installed files to '/home/youngmo/ros2_ws/build/opencv_py/install.log'
[0.741s] Invoked command in '/home/youngmo/ros2_ws/src/opencv_py' returned '0': PYTHONPATH=/home/youngmo/ros2_ws/build/opencv_py/prefix_override:/usr/lib/python3/dist-packages/colcon_core/task/python/colcon_distutils_commands:/home/youngmo/ros2_ws/install/opencv_py/lib/python3.10/site-packages:${PYTHONPATH} /usr/bin/python3 -W ignore:setup.py install is deprecated -W ignore:easy_install command is deprecated setup.py egg_info --egg-base ../../build/opencv_py build --build-base /home/youngmo/ros2_ws/build/opencv_py/build install --record /home/youngmo/ros2_ws/build/opencv_py/install.log --single-version-externally-managed install_data
