[0.005s] Invoking command in '/home/youngmo/ros2_ws/build/ros_study_msgs': CMAKE_PREFIX_PATH=/opt/ros/humble /usr/bin/cmake /home/youngmo/ros2_ws/src/ros_study_msgs -DCMAKE_INSTALL_PREFIX=/home/youngmo/ros2_ws/install/ros_study_msgs
[0.116s] -- The C compiler identification is GNU 11.4.0
[0.206s] -- The CXX compiler identification is GNU 11.4.0
[0.218s] -- Detecting C compiler ABI info
[0.289s] -- Detecting C compiler ABI info - done
[0.298s] -- Check for working C compiler: /usr/bin/cc - skipped
[0.298s] -- Detecting C compile features
[0.299s] -- Detecting C compile features - done
[0.301s] -- Detecting CXX compiler ABI info
[0.384s] -- Detecting CXX compiler ABI info - done
[0.394s] -- Check for working CXX compiler: /usr/bin/c++ - skipped
[0.394s] -- Detecting CXX compile features
[0.394s] -- Detecting CXX compile features - done
[0.397s] -- Found ament_cmake: 1.3.11 (/opt/ros/humble/share/ament_cmake/cmake)
[0.541s] -- Found Python3: /usr/bin/python3 (found version "3.10.12") found components: Interpreter 
[0.606s] -- Found rosidl_default_generators: 1.2.0 (/opt/ros/humble/share/rosidl_default_generators/cmake)
[0.608s] -- Using all available rosidl_typesupport_c: rosidl_typesupport_fastrtps_c;rosidl_typesupport_introspection_c
[0.611s] -- Found rosidl_adapter: 3.1.6 (/opt/ros/humble/share/rosidl_adapter/cmake)
[0.634s] -- Using all available rosidl_typesupport_cpp: rosidl_typesupport_fastrtps_cpp;rosidl_typesupport_introspection_cpp
[0.796s] [31mCMake Error at /opt/ros/humble/share/rosidl_adapter/cmake/rosidl_adapt_interfaces.cmake:59 (message):
[0.796s]   execute_process(/usr/bin/python3 -m rosidl_adapter --package-name
[0.796s]   ros_study_msgs --arguments-file
[0.796s]   /home/youngmo/ros2_ws/build/ros_study_msgs/rosidl_adapter__arguments__ros_study_msgs.json
[0.796s]   --output-dir
[0.796s]   /home/youngmo/ros2_ws/build/ros_study_msgs/rosidl_adapter/ros_study_msgs
[0.796s]   --output-file
[0.796s]   /home/youngmo/ros2_ws/build/ros_study_msgs/rosidl_adapter/ros_study_msgs.idls)
[0.796s]   returned error code 1:
[0.796s] 
[0.796s]   Error with: ros_study_msgs MyAction_Feedback string[]str
[0.796s] 
[0.797s]   Traceback (most recent call last):
[0.797s] 
[0.797s]     File "/usr/lib/python3.10/runpy.py", line 196, in _run_module_as_main
[0.797s]       return _run_code(code, main_globals, None,
[0.797s]     File "/usr/lib/python3.10/runpy.py", line 86, in _run_code
[0.797s]       exec(code, run_globals)
[0.797s]     File "/opt/ros/humble/local/lib/python3.10/dist-packages/rosidl_adapter/__main__.py", line 19, in <module>
[0.797s]       sys.exit(main())
[0.797s]     File "/opt/ros/humble/local/lib/python3.10/dist-packages/rosidl_adapter/main.py", line 53, in main
[0.797s]       abs_idl_file = convert_to_idl(
[0.797s]     File "/opt/ros/humble/local/lib/python3.10/dist-packages/rosidl_adapter/__init__.py", line 29, in convert_to_idl
[0.797s]       return convert_action_to_idl(
[0.797s]     File "/opt/ros/humble/local/lib/python3.10/dist-packages/rosidl_adapter/action/__init__.py", line 28, in convert_action_to_idl
[0.797s]       action = parse_action_string(package_name, input_file.stem, content)
[0.797s]     File "/opt/ros/humble/local/lib/python3.10/dist-packages/rosidl_adapter/parser.py", line 906, in parse_action_string
[0.797s]       feedback_message = parse_message_string(
[0.797s]     File "/opt/ros/humble/local/lib/python3.10/dist-packages/rosidl_adapter/parser.py", line 510, in parse_message_string
[0.797s]       raise InvalidFieldDefinition(line)
[0.797s] 
[0.797s]   rosidl_adapter.parser.InvalidFieldDefinition: string[]str
[0.797s] 
[0.797s] Call Stack (most recent call first):
[0.798s]   /opt/ros/humble/share/rosidl_cmake/cmake/rosidl_generate_interfaces.cmake:130 (rosidl_adapt_interfaces)
[0.798s]   CMakeLists.txt:26 (rosidl_generate_interfaces)
[0.798s] 
[0.798s] [0m
[0.798s] -- Configuring incomplete, errors occurred!
[0.798s] See also "/home/youngmo/ros2_ws/build/ros_study_msgs/CMakeFiles/CMakeOutput.log".
[0.807s] Invoked command in '/home/youngmo/ros2_ws/build/ros_study_msgs' returned '1': CMAKE_PREFIX_PATH=/opt/ros/humble /usr/bin/cmake /home/youngmo/ros2_ws/src/ros_study_msgs -DCMAKE_INSTALL_PREFIX=/home/youngmo/ros2_ws/install/ros_study_msgs
