-- Found ament_cmake: 1.3.11 (/opt/ros/humble/share/ament_cmake/cmake)
-- Found builtin_interfaces: 1.2.1 (/opt/ros/humble/share/builtin_interfaces/cmake)
-- Found rosidl_generator_c: 3.1.6 (/opt/ros/humble/share/rosidl_generator_c/cmake)
-- Found rosidl_adapter: 3.1.6 (/opt/ros/humble/share/rosidl_adapter/cmake)
-- Found rosidl_generator_cpp: 3.1.6 (/opt/ros/humble/share/rosidl_generator_cpp/cmake)
-- Using all available rosidl_typesupport_c: rosidl_typesupport_fastrtps_c;rosidl_typesupport_introspection_c
-- Using all available rosidl_typesupport_cpp: rosidl_typesupport_fastrtps_cpp;rosidl_typesupport_introspection_cpp
-- Found rosidl_default_generators: 1.2.0 (/opt/ros/humble/share/rosidl_default_generators/cmake)
-- Found ament_cmake_ros: 0.10.0 (/opt/ros/humble/share/ament_cmake_ros/cmake)
-- Using all available rosidl_typesupport_c: rosidl_typesupport_fastrtps_c;rosidl_typesupport_introspection_c
-- Using all available rosidl_typesupport_cpp: rosidl_typesupport_fastrtps_cpp;rosidl_typesupport_introspection_cpp
-- Found python_cmake_module: 0.10.0 (/opt/ros/humble/share/python_cmake_module/cmake)
-- Using PYTHON_EXECUTABLE: /usr/bin/python3
-- Using PYTHON_INCLUDE_DIRS: /usr/include/python3.10
-- Using PYTHON_LIBRARIES: /usr/lib/x86_64-linux-gnu/libpython3.10.so
-- Found ament_lint_auto: 0.12.12 (/opt/ros/humble/share/ament_lint_auto/cmake)
-- Added test 'lint_cmake' to check CMake code style
-- Added test 'xmllint' to check XML markup files
-- Configuring done
-- Generating done
-- Build files have been written to: /home/youngmo/ros2_ws/build/hangman_interfaces
[  2%] [34m[1mGenerating C code for ROS interfaces[0m
[  4%] [34m[1mGenerating C++ code for ROS interfaces[0m
[  4%] Built target ament_cmake_python_copy_hangman_interfaces
running egg_info
writing hangman_interfaces.egg-info/PKG-INFO
writing dependency_links to hangman_interfaces.egg-info/dependency_links.txt
writing top-level names to hangman_interfaces.egg-info/top_level.txt
reading manifest file 'hangman_interfaces.egg-info/SOURCES.txt'
writing manifest file 'hangman_interfaces.egg-info/SOURCES.txt'
[  4%] Built target ament_cmake_python_build_hangman_interfaces_egg
[35m[1mConsolidate compiler generated dependencies of target hangman_interfaces__rosidl_generator_c[0m
[  6%] [32mBuilding C object CMakeFiles/hangman_interfaces__rosidl_generator_c.dir/rosidl_generator_c/hangman_interfaces/action/detail/game_progress__functions.c.o[0m
[  6%] Built target hangman_interfaces__cpp
[ 10%] [32mBuilding C object CMakeFiles/hangman_interfaces__rosidl_generator_c.dir/rosidl_generator_c/hangman_interfaces/srv/detail/check_letter__functions.c.o[0m
[ 10%] [32mBuilding C object CMakeFiles/hangman_interfaces__rosidl_generator_c.dir/rosidl_generator_c/hangman_interfaces/msg/detail/progress__functions.c.o[0m
[ 12%] [34m[1mGenerating C++ type support dispatch for ROS interfaces[0m
[ 14%] [34m[1mGenerating C++ type support for eProsima Fast-RTPS[0m
[ 17%] [34m[1mGenerating C++ introspection for ROS interfaces[0m
[ 19%] [32m[1mLinking C shared library libhangman_interfaces__rosidl_generator_c.so[0m
[ 19%] Built target hangman_interfaces__rosidl_generator_c
[ 21%] [34m[1mGenerating C type support for eProsima Fast-RTPS[0m
[ 23%] [34m[1mGenerating C type support dispatch for ROS interfaces[0m
[ 25%] [34m[1mGenerating C introspection for ROS interfaces[0m
[35m[1mConsolidate compiler generated dependencies of target hangman_interfaces__rosidl_typesupport_cpp[0m
[ 27%] [32mBuilding CXX object CMakeFiles/hangman_interfaces__rosidl_typesupport_cpp.dir/rosidl_typesupport_cpp/hangman_interfaces/msg/progress__type_support.cpp.o[0m
[ 29%] [32mBuilding CXX object CMakeFiles/hangman_interfaces__rosidl_typesupport_cpp.dir/rosidl_typesupport_cpp/hangman_interfaces/srv/check_letter__type_support.cpp.o[0m
[ 31%] [32mBuilding CXX object CMakeFiles/hangman_interfaces__rosidl_typesupport_cpp.dir/rosidl_typesupport_cpp/hangman_interfaces/action/game_progress__type_support.cpp.o[0m
[35m[1mConsolidate compiler generated dependencies of target hangman_interfaces__rosidl_typesupport_introspection_cpp[0m
[ 34%] [32mBuilding CXX object CMakeFiles/hangman_interfaces__rosidl_typesupport_introspection_cpp.dir/rosidl_typesupport_introspection_cpp/hangman_interfaces/srv/detail/check_letter__type_support.cpp.o[0m
[ 36%] [32mBuilding CXX object CMakeFiles/hangman_interfaces__rosidl_typesupport_introspection_cpp.dir/rosidl_typesupport_introspection_cpp/hangman_interfaces/action/detail/game_progress__type_support.cpp.o[0m
[ 38%] [32mBuilding CXX object CMakeFiles/hangman_interfaces__rosidl_typesupport_introspection_cpp.dir/rosidl_typesupport_introspection_cpp/hangman_interfaces/msg/detail/progress__type_support.cpp.o[0m
[35m[1mConsolidate compiler generated dependencies of target hangman_interfaces__rosidl_typesupport_fastrtps_cpp[0m
[ 44%] [32mBuilding CXX object CMakeFiles/hangman_interfaces__rosidl_typesupport_fastrtps_cpp.dir/rosidl_typesupport_fastrtps_cpp/hangman_interfaces/srv/detail/dds_fastrtps/check_letter__type_support.cpp.o[0m
[ 44%] [32mBuilding CXX object CMakeFiles/hangman_interfaces__rosidl_typesupport_fastrtps_cpp.dir/rosidl_typesupport_fastrtps_cpp/hangman_interfaces/msg/detail/dds_fastrtps/progress__type_support.cpp.o[0m
[ 44%] [32mBuilding CXX object CMakeFiles/hangman_interfaces__rosidl_typesupport_fastrtps_cpp.dir/rosidl_typesupport_fastrtps_cpp/hangman_interfaces/action/detail/dds_fastrtps/game_progress__type_support.cpp.o[0m
[35m[1mConsolidate compiler generated dependencies of target hangman_interfaces__rosidl_typesupport_c[0m
[ 46%] [32mBuilding CXX object CMakeFiles/hangman_interfaces__rosidl_typesupport_c.dir/rosidl_typesupport_c/hangman_interfaces/srv/check_letter__type_support.cpp.o[0m
[ 48%] [32mBuilding CXX object CMakeFiles/hangman_interfaces__rosidl_typesupport_c.dir/rosidl_typesupport_c/hangman_interfaces/msg/progress__type_support.cpp.o[0m
[ 51%] [32mBuilding CXX object CMakeFiles/hangman_interfaces__rosidl_typesupport_c.dir/rosidl_typesupport_c/hangman_interfaces/action/game_progress__type_support.cpp.o[0m
[35m[1mConsolidate compiler generated dependencies of target hangman_interfaces__rosidl_typesupport_fastrtps_c[0m
[ 53%] [32m[1mLinking CXX shared library libhangman_interfaces__rosidl_typesupport_c.so[0m
[ 57%] [32mBuilding CXX object CMakeFiles/hangman_interfaces__rosidl_typesupport_fastrtps_c.dir/rosidl_typesupport_fastrtps_c/hangman_interfaces/action/detail/game_progress__type_support_c.cpp.o[0m
[ 57%] [32mBuilding CXX object CMakeFiles/hangman_interfaces__rosidl_typesupport_fastrtps_c.dir/rosidl_typesupport_fastrtps_c/hangman_interfaces/msg/detail/progress__type_support_c.cpp.o[0m
[ 59%] [32mBuilding CXX object CMakeFiles/hangman_interfaces__rosidl_typesupport_fastrtps_c.dir/rosidl_typesupport_fastrtps_c/hangman_interfaces/srv/detail/check_letter__type_support_c.cpp.o[0m
[35m[1mConsolidate compiler generated dependencies of target hangman_interfaces__rosidl_typesupport_introspection_c[0m
[ 59%] Built target hangman_interfaces__rosidl_typesupport_c
[ 63%] [32mBuilding C object CMakeFiles/hangman_interfaces__rosidl_typesupport_introspection_c.dir/rosidl_typesupport_introspection_c/hangman_interfaces/srv/detail/check_letter__type_support.c.o[0m
[ 63%] [32mBuilding C object CMakeFiles/hangman_interfaces__rosidl_typesupport_introspection_c.dir/rosidl_typesupport_introspection_c/hangman_interfaces/action/detail/game_progress__type_support.c.o[0m
[ 65%] [32mBuilding C object CMakeFiles/hangman_interfaces__rosidl_typesupport_introspection_c.dir/rosidl_typesupport_introspection_c/hangman_interfaces/msg/detail/progress__type_support.c.o[0m
[ 68%] [32m[1mLinking C shared library libhangman_interfaces__rosidl_typesupport_introspection_c.so[0m
[ 68%] Built target hangman_interfaces__rosidl_typesupport_introspection_c
[ 70%] [32m[1mLinking CXX shared library libhangman_interfaces__rosidl_typesupport_cpp.so[0m
[ 70%] Built target hangman_interfaces__rosidl_typesupport_cpp
[ 72%] [32m[1mLinking CXX shared library libhangman_interfaces__rosidl_typesupport_fastrtps_c.so[0m
[ 74%] [32m[1mLinking CXX shared library libhangman_interfaces__rosidl_typesupport_introspection_cpp.so[0m
[ 74%] Built target hangman_interfaces__rosidl_typesupport_fastrtps_c
[ 76%] [32m[1mLinking CXX shared library libhangman_interfaces__rosidl_typesupport_fastrtps_cpp.so[0m
[ 76%] Built target hangman_interfaces__rosidl_typesupport_introspection_cpp
[ 76%] Built target hangman_interfaces__rosidl_typesupport_fastrtps_cpp
[ 76%] Built target hangman_interfaces
[ 78%] [34m[1mGenerating Python code for ROS interfaces[0m
[ 78%] Built target hangman_interfaces__py
[35m[1mConsolidate compiler generated dependencies of target hangman_interfaces__rosidl_generator_py[0m
[ 80%] [32mBuilding C object CMakeFiles/hangman_interfaces__rosidl_generator_py.dir/rosidl_generator_py/hangman_interfaces/srv/_check_letter_s.c.o[0m
[ 82%] [32mBuilding C object CMakeFiles/hangman_interfaces__rosidl_generator_py.dir/rosidl_generator_py/hangman_interfaces/action/_game_progress_s.c.o[0m
[ 85%] [32mBuilding C object CMakeFiles/hangman_interfaces__rosidl_generator_py.dir/rosidl_generator_py/hangman_interfaces/msg/_progress_s.c.o[0m
[ 87%] [32m[1mLinking C shared library rosidl_generator_py/hangman_interfaces/libhangman_interfaces__rosidl_generator_py.so[0m
[ 87%] Built target hangman_interfaces__rosidl_generator_py
[35m[1mConsolidate compiler generated dependencies of target hangman_interfaces__rosidl_typesupport_fastrtps_c__pyext[0m
[35m[1mConsolidate compiler generated dependencies of target hangman_interfaces__rosidl_typesupport_introspection_c__pyext[0m
[35m[1mConsolidate compiler generated dependencies of target hangman_interfaces__rosidl_typesupport_c__pyext[0m
[ 89%] [32mBuilding C object CMakeFiles/hangman_interfaces__rosidl_typesupport_fastrtps_c__pyext.dir/rosidl_generator_py/hangman_interfaces/_hangman_interfaces_s.ep.rosidl_typesupport_fastrtps_c.c.o[0m
[ 91%] [32mBuilding C object CMakeFiles/hangman_interfaces__rosidl_typesupport_c__pyext.dir/rosidl_generator_py/hangman_interfaces/_hangman_interfaces_s.ep.rosidl_typesupport_c.c.o[0m
[ 93%] [32mBuilding C object CMakeFiles/hangman_interfaces__rosidl_typesupport_introspection_c__pyext.dir/rosidl_generator_py/hangman_interfaces/_hangman_interfaces_s.ep.rosidl_typesupport_introspection_c.c.o[0m
[ 95%] [32m[1mLinking C shared library rosidl_generator_py/hangman_interfaces/hangman_interfaces_s__rosidl_typesupport_fastrtps_c.cpython-310-x86_64-linux-gnu.so[0m
[ 97%] [32m[1mLinking C shared library rosidl_generator_py/hangman_interfaces/hangman_interfaces_s__rosidl_typesupport_c.cpython-310-x86_64-linux-gnu.so[0m
[100%] [32m[1mLinking C shared library rosidl_generator_py/hangman_interfaces/hangman_interfaces_s__rosidl_typesupport_introspection_c.cpython-310-x86_64-linux-gnu.so[0m
[100%] Built target hangman_interfaces__rosidl_typesupport_c__pyext
[100%] Built target hangman_interfaces__rosidl_typesupport_fastrtps_c__pyext
[100%] Built target hangman_interfaces__rosidl_typesupport_introspection_c__pyext
-- Install configuration: ""
-- Up-to-date: /home/youngmo/ros2_ws/install/hangman_interfaces/share/ament_index/resource_index/rosidl_interfaces/hangman_interfaces
-- Up-to-date: /home/youngmo/ros2_ws/install/hangman_interfaces/include/hangman_interfaces/hangman_interfaces
-- Up-to-date: /home/youngmo/ros2_ws/install/hangman_interfaces/include/hangman_interfaces/hangman_interfaces/srv
-- Up-to-date: /home/youngmo/ros2_ws/install/hangman_interfaces/include/hangman_interfaces/hangman_interfaces/srv/detail
-- Installing: /home/youngmo/ros2_ws/install/hangman_interfaces/include/hangman_interfaces/hangman_interfaces/srv/detail/check_letter__type_support.h
-- Installing: /home/youngmo/ros2_ws/install/hangman_interfaces/include/hangman_interfaces/hangman_interfaces/srv/detail/check_letter__functions.h
-- Installing: /home/youngmo/ros2_ws/install/hangman_interfaces/include/hangman_interfaces/hangman_interfaces/srv/detail/check_letter__struct.h
-- Installing: /home/youngmo/ros2_ws/install/hangman_interfaces/include/hangman_interfaces/hangman_interfaces/srv/detail/check_letter__functions.c
-- Installing: /home/youngmo/ros2_ws/install/hangman_interfaces/include/hangman_interfaces/hangman_interfaces/srv/check_letter.h
-- Up-to-date: /home/youngmo/ros2_ws/install/hangman_interfaces/include/hangman_interfaces/hangman_interfaces/action
-- Up-to-date: /home/youngmo/ros2_ws/install/hangman_interfaces/include/hangman_interfaces/hangman_interfaces/action/detail
-- Installing: /home/youngmo/ros2_ws/install/hangman_interfaces/include/hangman_interfaces/hangman_interfaces/action/detail/game_progress__type_support.h
-- Installing: /home/youngmo/ros2_ws/install/hangman_interfaces/include/hangman_interfaces/hangman_interfaces/action/detail/game_progress__functions.c
-- Installing: /home/youngmo/ros2_ws/install/hangman_interfaces/include/hangman_interfaces/hangman_interfaces/action/detail/game_progress__functions.h
-- Installing: /home/youngmo/ros2_ws/install/hangman_interfaces/include/hangman_interfaces/hangman_interfaces/action/detail/game_progress__struct.h
-- Installing: /home/youngmo/ros2_ws/install/hangman_interfaces/include/hangman_interfaces/hangman_interfaces/action/game_progress.h
-- Up-to-date: /home/youngmo/ros2_ws/install/hangman_interfaces/include/hangman_interfaces/hangman_interfaces/msg
-- Installing: /home/youngmo/ros2_ws/install/hangman_interfaces/include/hangman_interfaces/hangman_interfaces/msg/progress.h
-- Up-to-date: /home/youngmo/ros2_ws/install/hangman_interfaces/include/hangman_interfaces/hangman_interfaces/msg/detail
-- Installing: /home/youngmo/ros2_ws/install/hangman_interfaces/include/hangman_interfaces/hangman_interfaces/msg/detail/progress__functions.c
-- Installing: /home/youngmo/ros2_ws/install/hangman_interfaces/include/hangman_interfaces/hangman_interfaces/msg/detail/progress__functions.h
-- Installing: /home/youngmo/ros2_ws/install/hangman_interfaces/include/hangman_interfaces/hangman_interfaces/msg/detail/progress__type_support.h
-- Installing: /home/youngmo/ros2_ws/install/hangman_interfaces/include/hangman_interfaces/hangman_interfaces/msg/detail/progress__struct.h
-- Up-to-date: /home/youngmo/ros2_ws/install/hangman_interfaces/include/hangman_interfaces/hangman_interfaces/msg/rosidl_generator_c__visibility_control.h
-- Up-to-date: /home/youngmo/ros2_ws/install/hangman_interfaces/share/hangman_interfaces/environment/library_path.sh
-- Installing: /home/youngmo/ros2_ws/install/hangman_interfaces/share/hangman_interfaces/environment/library_path.dsv
-- Installing: /home/youngmo/ros2_ws/install/hangman_interfaces/lib/libhangman_interfaces__rosidl_generator_c.so
-- Set runtime path of "/home/youngmo/ros2_ws/install/hangman_interfaces/lib/libhangman_interfaces__rosidl_generator_c.so" to ""
-- Up-to-date: /home/youngmo/ros2_ws/install/hangman_interfaces/include/hangman_interfaces/hangman_interfaces
-- Up-to-date: /home/youngmo/ros2_ws/install/hangman_interfaces/include/hangman_interfaces/hangman_interfaces/srv
-- Up-to-date: /home/youngmo/ros2_ws/install/hangman_interfaces/include/hangman_interfaces/hangman_interfaces/srv/detail
-- Installing: /home/youngmo/ros2_ws/install/hangman_interfaces/include/hangman_interfaces/hangman_interfaces/srv/detail/check_letter__rosidl_typesupport_fastrtps_c.h
-- Up-to-date: /home/youngmo/ros2_ws/install/hangman_interfaces/include/hangman_interfaces/hangman_interfaces/action
-- Up-to-date: /home/youngmo/ros2_ws/install/hangman_interfaces/include/hangman_interfaces/hangman_interfaces/action/detail
-- Installing: /home/youngmo/ros2_ws/install/hangman_interfaces/include/hangman_interfaces/hangman_interfaces/action/detail/game_progress__rosidl_typesupport_fastrtps_c.h
-- Up-to-date: /home/youngmo/ros2_ws/install/hangman_interfaces/include/hangman_interfaces/hangman_interfaces/msg
-- Up-to-date: /home/youngmo/ros2_ws/install/hangman_interfaces/include/hangman_interfaces/hangman_interfaces/msg/detail
-- Installing: /home/youngmo/ros2_ws/install/hangman_interfaces/include/hangman_interfaces/hangman_interfaces/msg/detail/progress__rosidl_typesupport_fastrtps_c.h
-- Up-to-date: /home/youngmo/ros2_ws/install/hangman_interfaces/include/hangman_interfaces/hangman_interfaces/msg/rosidl_typesupport_fastrtps_c__visibility_control.h
-- Installing: /home/youngmo/ros2_ws/install/hangman_interfaces/lib/libhangman_interfaces__rosidl_typesupport_fastrtps_c.so
-- Set runtime path of "/home/youngmo/ros2_ws/install/hangman_interfaces/lib/libhangman_interfaces__rosidl_typesupport_fastrtps_c.so" to ""
-- Up-to-date: /home/youngmo/ros2_ws/install/hangman_interfaces/include/hangman_interfaces/hangman_interfaces
-- Up-to-date: /home/youngmo/ros2_ws/install/hangman_interfaces/include/hangman_interfaces/hangman_interfaces/srv
-- Installing: /home/youngmo/ros2_ws/install/hangman_interfaces/include/hangman_interfaces/hangman_interfaces/srv/check_letter.hpp
-- Up-to-date: /home/youngmo/ros2_ws/install/hangman_interfaces/include/hangman_interfaces/hangman_interfaces/srv/detail
-- Installing: /home/youngmo/ros2_ws/install/hangman_interfaces/include/hangman_interfaces/hangman_interfaces/srv/detail/check_letter__builder.hpp
-- Installing: /home/youngmo/ros2_ws/install/hangman_interfaces/include/hangman_interfaces/hangman_interfaces/srv/detail/check_letter__type_support.hpp
-- Installing: /home/youngmo/ros2_ws/install/hangman_interfaces/include/hangman_interfaces/hangman_interfaces/srv/detail/check_letter__traits.hpp
-- Installing: /home/youngmo/ros2_ws/install/hangman_interfaces/include/hangman_interfaces/hangman_interfaces/srv/detail/check_letter__struct.hpp
-- Up-to-date: /home/youngmo/ros2_ws/install/hangman_interfaces/include/hangman_interfaces/hangman_interfaces/action
-- Installing: /home/youngmo/ros2_ws/install/hangman_interfaces/include/hangman_interfaces/hangman_interfaces/action/game_progress.hpp
-- Up-to-date: /home/youngmo/ros2_ws/install/hangman_interfaces/include/hangman_interfaces/hangman_interfaces/action/detail
-- Installing: /home/youngmo/ros2_ws/install/hangman_interfaces/include/hangman_interfaces/hangman_interfaces/action/detail/game_progress__traits.hpp
-- Installing: /home/youngmo/ros2_ws/install/hangman_interfaces/include/hangman_interfaces/hangman_interfaces/action/detail/game_progress__struct.hpp
-- Installing: /home/youngmo/ros2_ws/install/hangman_interfaces/include/hangman_interfaces/hangman_interfaces/action/detail/game_progress__type_support.hpp
-- Installing: /home/youngmo/ros2_ws/install/hangman_interfaces/include/hangman_interfaces/hangman_interfaces/action/detail/game_progress__builder.hpp
-- Up-to-date: /home/youngmo/ros2_ws/install/hangman_interfaces/include/hangman_interfaces/hangman_interfaces/msg
-- Up-to-date: /home/youngmo/ros2_ws/install/hangman_interfaces/include/hangman_interfaces/hangman_interfaces/msg/rosidl_generator_cpp__visibility_control.hpp
-- Up-to-date: /home/youngmo/ros2_ws/install/hangman_interfaces/include/hangman_interfaces/hangman_interfaces/msg/detail
-- Installing: /home/youngmo/ros2_ws/install/hangman_interfaces/include/hangman_interfaces/hangman_interfaces/msg/detail/progress__type_support.hpp
-- Installing: /home/youngmo/ros2_ws/install/hangman_interfaces/include/hangman_interfaces/hangman_interfaces/msg/detail/progress__builder.hpp
-- Installing: /home/youngmo/ros2_ws/install/hangman_interfaces/include/hangman_interfaces/hangman_interfaces/msg/detail/progress__traits.hpp
-- Installing: /home/youngmo/ros2_ws/install/hangman_interfaces/include/hangman_interfaces/hangman_interfaces/msg/detail/progress__struct.hpp
-- Installing: /home/youngmo/ros2_ws/install/hangman_interfaces/include/hangman_interfaces/hangman_interfaces/msg/progress.hpp
-- Up-to-date: /home/youngmo/ros2_ws/install/hangman_interfaces/include/hangman_interfaces/hangman_interfaces
-- Up-to-date: /home/youngmo/ros2_ws/install/hangman_interfaces/include/hangman_interfaces/hangman_interfaces/srv
-- Up-to-date: /home/youngmo/ros2_ws/install/hangman_interfaces/include/hangman_interfaces/hangman_interfaces/srv/detail
-- Installing: /home/youngmo/ros2_ws/install/hangman_interfaces/include/hangman_interfaces/hangman_interfaces/srv/detail/check_letter__rosidl_typesupport_fastrtps_cpp.hpp
-- Up-to-date: /home/youngmo/ros2_ws/install/hangman_interfaces/include/hangman_interfaces/hangman_interfaces/srv/detail/dds_fastrtps
-- Up-to-date: /home/youngmo/ros2_ws/install/hangman_interfaces/include/hangman_interfaces/hangman_interfaces/action
-- Up-to-date: /home/youngmo/ros2_ws/install/hangman_interfaces/include/hangman_interfaces/hangman_interfaces/action/detail
-- Up-to-date: /home/youngmo/ros2_ws/install/hangman_interfaces/include/hangman_interfaces/hangman_interfaces/action/detail/dds_fastrtps
-- Installing: /home/youngmo/ros2_ws/install/hangman_interfaces/include/hangman_interfaces/hangman_interfaces/action/detail/game_progress__rosidl_typesupport_fastrtps_cpp.hpp
-- Up-to-date: /home/youngmo/ros2_ws/install/hangman_interfaces/include/hangman_interfaces/hangman_interfaces/msg
-- Up-to-date: /home/youngmo/ros2_ws/install/hangman_interfaces/include/hangman_interfaces/hangman_interfaces/msg/detail
-- Up-to-date: /home/youngmo/ros2_ws/install/hangman_interfaces/include/hangman_interfaces/hangman_interfaces/msg/detail/dds_fastrtps
-- Installing: /home/youngmo/ros2_ws/install/hangman_interfaces/include/hangman_interfaces/hangman_interfaces/msg/detail/progress__rosidl_typesupport_fastrtps_cpp.hpp
-- Up-to-date: /home/youngmo/ros2_ws/install/hangman_interfaces/include/hangman_interfaces/hangman_interfaces/msg/rosidl_typesupport_fastrtps_cpp__visibility_control.h
-- Installing: /home/youngmo/ros2_ws/install/hangman_interfaces/lib/libhangman_interfaces__rosidl_typesupport_fastrtps_cpp.so
-- Set runtime path of "/home/youngmo/ros2_ws/install/hangman_interfaces/lib/libhangman_interfaces__rosidl_typesupport_fastrtps_cpp.so" to ""
-- Up-to-date: /home/youngmo/ros2_ws/install/hangman_interfaces/include/hangman_interfaces/hangman_interfaces
-- Up-to-date: /home/youngmo/ros2_ws/install/hangman_interfaces/include/hangman_interfaces/hangman_interfaces/srv
-- Up-to-date: /home/youngmo/ros2_ws/install/hangman_interfaces/include/hangman_interfaces/hangman_interfaces/srv/detail
-- Installing: /home/youngmo/ros2_ws/install/hangman_interfaces/include/hangman_interfaces/hangman_interfaces/srv/detail/check_letter__type_support.c
-- Installing: /home/youngmo/ros2_ws/install/hangman_interfaces/include/hangman_interfaces/hangman_interfaces/srv/detail/check_letter__rosidl_typesupport_introspection_c.h
-- Up-to-date: /home/youngmo/ros2_ws/install/hangman_interfaces/include/hangman_interfaces/hangman_interfaces/action
-- Up-to-date: /home/youngmo/ros2_ws/install/hangman_interfaces/include/hangman_interfaces/hangman_interfaces/action/detail
-- Installing: /home/youngmo/ros2_ws/install/hangman_interfaces/include/hangman_interfaces/hangman_interfaces/action/detail/game_progress__rosidl_typesupport_introspection_c.h
-- Installing: /home/youngmo/ros2_ws/install/hangman_interfaces/include/hangman_interfaces/hangman_interfaces/action/detail/game_progress__type_support.c
-- Up-to-date: /home/youngmo/ros2_ws/install/hangman_interfaces/include/hangman_interfaces/hangman_interfaces/msg
-- Up-to-date: /home/youngmo/ros2_ws/install/hangman_interfaces/include/hangman_interfaces/hangman_interfaces/msg/rosidl_typesupport_introspection_c__visibility_control.h
-- Up-to-date: /home/youngmo/ros2_ws/install/hangman_interfaces/include/hangman_interfaces/hangman_interfaces/msg/detail
-- Installing: /home/youngmo/ros2_ws/install/hangman_interfaces/include/hangman_interfaces/hangman_interfaces/msg/detail/progress__rosidl_typesupport_introspection_c.h
-- Installing: /home/youngmo/ros2_ws/install/hangman_interfaces/include/hangman_interfaces/hangman_interfaces/msg/detail/progress__type_support.c
-- Installing: /home/youngmo/ros2_ws/install/hangman_interfaces/lib/libhangman_interfaces__rosidl_typesupport_introspection_c.so
-- Set runtime path of "/home/youngmo/ros2_ws/install/hangman_interfaces/lib/libhangman_interfaces__rosidl_typesupport_introspection_c.so" to ""
-- Installing: /home/youngmo/ros2_ws/install/hangman_interfaces/lib/libhangman_interfaces__rosidl_typesupport_c.so
-- Set runtime path of "/home/youngmo/ros2_ws/install/hangman_interfaces/lib/libhangman_interfaces__rosidl_typesupport_c.so" to ""
-- Up-to-date: /home/youngmo/ros2_ws/install/hangman_interfaces/include/hangman_interfaces/hangman_interfaces
-- Up-to-date: /home/youngmo/ros2_ws/install/hangman_interfaces/include/hangman_interfaces/hangman_interfaces/srv
-- Up-to-date: /home/youngmo/ros2_ws/install/hangman_interfaces/include/hangman_interfaces/hangman_interfaces/srv/detail
-- Installing: /home/youngmo/ros2_ws/install/hangman_interfaces/include/hangman_interfaces/hangman_interfaces/srv/detail/check_letter__type_support.cpp
-- Installing: /home/youngmo/ros2_ws/install/hangman_interfaces/include/hangman_interfaces/hangman_interfaces/srv/detail/check_letter__rosidl_typesupport_introspection_cpp.hpp
-- Up-to-date: /home/youngmo/ros2_ws/install/hangman_interfaces/include/hangman_interfaces/hangman_interfaces/action
-- Up-to-date: /home/youngmo/ros2_ws/install/hangman_interfaces/include/hangman_interfaces/hangman_interfaces/action/detail
-- Installing: /home/youngmo/ros2_ws/install/hangman_interfaces/include/hangman_interfaces/hangman_interfaces/action/detail/game_progress__type_support.cpp
-- Installing: /home/youngmo/ros2_ws/install/hangman_interfaces/include/hangman_interfaces/hangman_interfaces/action/detail/game_progress__rosidl_typesupport_introspection_cpp.hpp
-- Up-to-date: /home/youngmo/ros2_ws/install/hangman_interfaces/include/hangman_interfaces/hangman_interfaces/msg
-- Up-to-date: /home/youngmo/ros2_ws/install/hangman_interfaces/include/hangman_interfaces/hangman_interfaces/msg/detail
-- Installing: /home/youngmo/ros2_ws/install/hangman_interfaces/include/hangman_interfaces/hangman_interfaces/msg/detail/progress__rosidl_typesupport_introspection_cpp.hpp
-- Installing: /home/youngmo/ros2_ws/install/hangman_interfaces/include/hangman_interfaces/hangman_interfaces/msg/detail/progress__type_support.cpp
-- Installing: /home/youngmo/ros2_ws/install/hangman_interfaces/lib/libhangman_interfaces__rosidl_typesupport_introspection_cpp.so
-- Set runtime path of "/home/youngmo/ros2_ws/install/hangman_interfaces/lib/libhangman_interfaces__rosidl_typesupport_introspection_cpp.so" to ""
-- Installing: /home/youngmo/ros2_ws/install/hangman_interfaces/lib/libhangman_interfaces__rosidl_typesupport_cpp.so
-- Set runtime path of "/home/youngmo/ros2_ws/install/hangman_interfaces/lib/libhangman_interfaces__rosidl_typesupport_cpp.so" to ""
-- Up-to-date: /home/youngmo/ros2_ws/install/hangman_interfaces/share/hangman_interfaces/environment/pythonpath.sh
-- Installing: /home/youngmo/ros2_ws/install/hangman_interfaces/share/hangman_interfaces/environment/pythonpath.dsv
-- Up-to-date: /home/youngmo/ros2_ws/install/hangman_interfaces/local/lib/python3.10/dist-packages/hangman_interfaces-0.0.0-py3.10.egg-info
-- Installing: /home/youngmo/ros2_ws/install/hangman_interfaces/local/lib/python3.10/dist-packages/hangman_interfaces-0.0.0-py3.10.egg-info/dependency_links.txt
-- Installing: /home/youngmo/ros2_ws/install/hangman_interfaces/local/lib/python3.10/dist-packages/hangman_interfaces-0.0.0-py3.10.egg-info/top_level.txt
-- Installing: /home/youngmo/ros2_ws/install/hangman_interfaces/local/lib/python3.10/dist-packages/hangman_interfaces-0.0.0-py3.10.egg-info/SOURCES.txt
-- Installing: /home/youngmo/ros2_ws/install/hangman_interfaces/local/lib/python3.10/dist-packages/hangman_interfaces-0.0.0-py3.10.egg-info/PKG-INFO
-- Up-to-date: /home/youngmo/ros2_ws/install/hangman_interfaces/local/lib/python3.10/dist-packages/hangman_interfaces
-- Installing: /home/youngmo/ros2_ws/install/hangman_interfaces/local/lib/python3.10/dist-packages/hangman_interfaces/hangman_interfaces_s__rosidl_typesupport_fastrtps_c.cpython-310-x86_64-linux-gnu.so
-- Up-to-date: /home/youngmo/ros2_ws/install/hangman_interfaces/local/lib/python3.10/dist-packages/hangman_interfaces/srv
-- Installing: /home/youngmo/ros2_ws/install/hangman_interfaces/local/lib/python3.10/dist-packages/hangman_interfaces/srv/_check_letter.py
-- Installing: /home/youngmo/ros2_ws/install/hangman_interfaces/local/lib/python3.10/dist-packages/hangman_interfaces/srv/_check_letter_s.c
-- Installing: /home/youngmo/ros2_ws/install/hangman_interfaces/local/lib/python3.10/dist-packages/hangman_interfaces/srv/__init__.py
-- Installing: /home/youngmo/ros2_ws/install/hangman_interfaces/local/lib/python3.10/dist-packages/hangman_interfaces/hangman_interfaces_s__rosidl_typesupport_introspection_c.cpython-310-x86_64-linux-gnu.so
-- Up-to-date: /home/youngmo/ros2_ws/install/hangman_interfaces/local/lib/python3.10/dist-packages/hangman_interfaces/action
-- Installing: /home/youngmo/ros2_ws/install/hangman_interfaces/local/lib/python3.10/dist-packages/hangman_interfaces/action/_game_progress.py
-- Installing: /home/youngmo/ros2_ws/install/hangman_interfaces/local/lib/python3.10/dist-packages/hangman_interfaces/action/__init__.py
-- Installing: /home/youngmo/ros2_ws/install/hangman_interfaces/local/lib/python3.10/dist-packages/hangman_interfaces/action/_game_progress_s.c
-- Installing: /home/youngmo/ros2_ws/install/hangman_interfaces/local/lib/python3.10/dist-packages/hangman_interfaces/hangman_interfaces_s__rosidl_typesupport_c.cpython-310-x86_64-linux-gnu.so
-- Installing: /home/youngmo/ros2_ws/install/hangman_interfaces/local/lib/python3.10/dist-packages/hangman_interfaces/_hangman_interfaces_s.ep.rosidl_typesupport_c.c
-- Installing: /home/youngmo/ros2_ws/install/hangman_interfaces/local/lib/python3.10/dist-packages/hangman_interfaces/libhangman_interfaces__rosidl_generator_py.so
-- Installing: /home/youngmo/ros2_ws/install/hangman_interfaces/local/lib/python3.10/dist-packages/hangman_interfaces/__init__.py
-- Installing: /home/youngmo/ros2_ws/install/hangman_interfaces/local/lib/python3.10/dist-packages/hangman_interfaces/_hangman_interfaces_s.ep.rosidl_typesupport_introspection_c.c
-- Up-to-date: /home/youngmo/ros2_ws/install/hangman_interfaces/local/lib/python3.10/dist-packages/hangman_interfaces/msg
-- Installing: /home/youngmo/ros2_ws/install/hangman_interfaces/local/lib/python3.10/dist-packages/hangman_interfaces/msg/__init__.py
-- Installing: /home/youngmo/ros2_ws/install/hangman_interfaces/local/lib/python3.10/dist-packages/hangman_interfaces/msg/_progress.py
-- Installing: /home/youngmo/ros2_ws/install/hangman_interfaces/local/lib/python3.10/dist-packages/hangman_interfaces/msg/_progress_s.c
-- Installing: /home/youngmo/ros2_ws/install/hangman_interfaces/local/lib/python3.10/dist-packages/hangman_interfaces/_hangman_interfaces_s.ep.rosidl_typesupport_fastrtps_c.c
Listing '/home/youngmo/ros2_ws/install/hangman_interfaces/local/lib/python3.10/dist-packages/hangman_interfaces'...
Compiling '/home/youngmo/ros2_ws/install/hangman_interfaces/local/lib/python3.10/dist-packages/hangman_interfaces/__init__.py'...
Listing '/home/youngmo/ros2_ws/install/hangman_interfaces/local/lib/python3.10/dist-packages/hangman_interfaces/action'...
Compiling '/home/youngmo/ros2_ws/install/hangman_interfaces/local/lib/python3.10/dist-packages/hangman_interfaces/action/__init__.py'...
Compiling '/home/youngmo/ros2_ws/install/hangman_interfaces/local/lib/python3.10/dist-packages/hangman_interfaces/action/_game_progress.py'...
Listing '/home/youngmo/ros2_ws/install/hangman_interfaces/local/lib/python3.10/dist-packages/hangman_interfaces/msg'...
Compiling '/home/youngmo/ros2_ws/install/hangman_interfaces/local/lib/python3.10/dist-packages/hangman_interfaces/msg/__init__.py'...
Compiling '/home/youngmo/ros2_ws/install/hangman_interfaces/local/lib/python3.10/dist-packages/hangman_interfaces/msg/_progress.py'...
Listing '/home/youngmo/ros2_ws/install/hangman_interfaces/local/lib/python3.10/dist-packages/hangman_interfaces/srv'...
Compiling '/home/youngmo/ros2_ws/install/hangman_interfaces/local/lib/python3.10/dist-packages/hangman_interfaces/srv/__init__.py'...
Compiling '/home/youngmo/ros2_ws/install/hangman_interfaces/local/lib/python3.10/dist-packages/hangman_interfaces/srv/_check_letter.py'...
-- Installing: /home/youngmo/ros2_ws/install/hangman_interfaces/local/lib/python3.10/dist-packages/hangman_interfaces/hangman_interfaces_s__rosidl_typesupport_fastrtps_c.cpython-310-x86_64-linux-gnu.so
-- Set runtime path of "/home/youngmo/ros2_ws/install/hangman_interfaces/local/lib/python3.10/dist-packages/hangman_interfaces/hangman_interfaces_s__rosidl_typesupport_fastrtps_c.cpython-310-x86_64-linux-gnu.so" to ""
-- Installing: /home/youngmo/ros2_ws/install/hangman_interfaces/local/lib/python3.10/dist-packages/hangman_interfaces/hangman_interfaces_s__rosidl_typesupport_introspection_c.cpython-310-x86_64-linux-gnu.so
-- Set runtime path of "/home/youngmo/ros2_ws/install/hangman_interfaces/local/lib/python3.10/dist-packages/hangman_interfaces/hangman_interfaces_s__rosidl_typesupport_introspection_c.cpython-310-x86_64-linux-gnu.so" to ""
-- Installing: /home/youngmo/ros2_ws/install/hangman_interfaces/local/lib/python3.10/dist-packages/hangman_interfaces/hangman_interfaces_s__rosidl_typesupport_c.cpython-310-x86_64-linux-gnu.so
-- Set runtime path of "/home/youngmo/ros2_ws/install/hangman_interfaces/local/lib/python3.10/dist-packages/hangman_interfaces/hangman_interfaces_s__rosidl_typesupport_c.cpython-310-x86_64-linux-gnu.so" to ""
-- Installing: /home/youngmo/ros2_ws/install/hangman_interfaces/lib/libhangman_interfaces__rosidl_generator_py.so
-- Set runtime path of "/home/youngmo/ros2_ws/install/hangman_interfaces/lib/libhangman_interfaces__rosidl_generator_py.so" to ""
-- Installing: /home/youngmo/ros2_ws/install/hangman_interfaces/share/hangman_interfaces/msg/Progress.idl
-- Up-to-date: /home/youngmo/ros2_ws/install/hangman_interfaces/share/hangman_interfaces/srv/CheckLetter.idl
-- Up-to-date: /home/youngmo/ros2_ws/install/hangman_interfaces/share/hangman_interfaces/action/GameProgress.idl
-- Installing: /home/youngmo/ros2_ws/install/hangman_interfaces/share/hangman_interfaces/msg/Progress.msg
-- Up-to-date: /home/youngmo/ros2_ws/install/hangman_interfaces/share/hangman_interfaces/srv/CheckLetter.srv
-- Up-to-date: /home/youngmo/ros2_ws/install/hangman_interfaces/share/hangman_interfaces/srv/CheckLetter_Request.msg
-- Up-to-date: /home/youngmo/ros2_ws/install/hangman_interfaces/share/hangman_interfaces/srv/CheckLetter_Response.msg
-- Up-to-date: /home/youngmo/ros2_ws/install/hangman_interfaces/share/hangman_interfaces/action/GameProgress.action
-- Up-to-date: /home/youngmo/ros2_ws/install/hangman_interfaces/share/ament_index/resource_index/package_run_dependencies/hangman_interfaces
-- Installing: /home/youngmo/ros2_ws/install/hangman_interfaces/share/ament_index/resource_index/parent_prefix_path/hangman_interfaces
-- Up-to-date: /home/youngmo/ros2_ws/install/hangman_interfaces/share/hangman_interfaces/environment/ament_prefix_path.sh
-- Installing: /home/youngmo/ros2_ws/install/hangman_interfaces/share/hangman_interfaces/environment/ament_prefix_path.dsv
-- Up-to-date: /home/youngmo/ros2_ws/install/hangman_interfaces/share/hangman_interfaces/environment/path.sh
-- Installing: /home/youngmo/ros2_ws/install/hangman_interfaces/share/hangman_interfaces/environment/path.dsv
-- Up-to-date: /home/youngmo/ros2_ws/install/hangman_interfaces/share/hangman_interfaces/local_setup.bash
-- Up-to-date: /home/youngmo/ros2_ws/install/hangman_interfaces/share/hangman_interfaces/local_setup.sh
-- Up-to-date: /home/youngmo/ros2_ws/install/hangman_interfaces/share/hangman_interfaces/local_setup.zsh
-- Installing: /home/youngmo/ros2_ws/install/hangman_interfaces/share/hangman_interfaces/local_setup.dsv
-- Installing: /home/youngmo/ros2_ws/install/hangman_interfaces/share/hangman_interfaces/package.dsv
-- Up-to-date: /home/youngmo/ros2_ws/install/hangman_interfaces/share/ament_index/resource_index/packages/hangman_interfaces
-- Up-to-date: /home/youngmo/ros2_ws/install/hangman_interfaces/share/hangman_interfaces/cmake/export_hangman_interfaces__rosidl_generator_cExport.cmake
-- Up-to-date: /home/youngmo/ros2_ws/install/hangman_interfaces/share/hangman_interfaces/cmake/export_hangman_interfaces__rosidl_generator_cExport-noconfig.cmake
-- Up-to-date: /home/youngmo/ros2_ws/install/hangman_interfaces/share/hangman_interfaces/cmake/export_hangman_interfaces__rosidl_typesupport_fastrtps_cExport.cmake
-- Up-to-date: /home/youngmo/ros2_ws/install/hangman_interfaces/share/hangman_interfaces/cmake/export_hangman_interfaces__rosidl_typesupport_fastrtps_cExport-noconfig.cmake
-- Up-to-date: /home/youngmo/ros2_ws/install/hangman_interfaces/share/hangman_interfaces/cmake/export_hangman_interfaces__rosidl_generator_cppExport.cmake
-- Up-to-date: /home/youngmo/ros2_ws/install/hangman_interfaces/share/hangman_interfaces/cmake/export_hangman_interfaces__rosidl_typesupport_fastrtps_cppExport.cmake
-- Up-to-date: /home/youngmo/ros2_ws/install/hangman_interfaces/share/hangman_interfaces/cmake/export_hangman_interfaces__rosidl_typesupport_fastrtps_cppExport-noconfig.cmake
-- Up-to-date: /home/youngmo/ros2_ws/install/hangman_interfaces/share/hangman_interfaces/cmake/hangman_interfaces__rosidl_typesupport_introspection_cExport.cmake
-- Up-to-date: /home/youngmo/ros2_ws/install/hangman_interfaces/share/hangman_interfaces/cmake/hangman_interfaces__rosidl_typesupport_introspection_cExport-noconfig.cmake
-- Up-to-date: /home/youngmo/ros2_ws/install/hangman_interfaces/share/hangman_interfaces/cmake/hangman_interfaces__rosidl_typesupport_cExport.cmake
-- Up-to-date: /home/youngmo/ros2_ws/install/hangman_interfaces/share/hangman_interfaces/cmake/hangman_interfaces__rosidl_typesupport_cExport-noconfig.cmake
-- Up-to-date: /home/youngmo/ros2_ws/install/hangman_interfaces/share/hangman_interfaces/cmake/hangman_interfaces__rosidl_typesupport_introspection_cppExport.cmake
-- Up-to-date: /home/youngmo/ros2_ws/install/hangman_interfaces/share/hangman_interfaces/cmake/hangman_interfaces__rosidl_typesupport_introspection_cppExport-noconfig.cmake
-- Up-to-date: /home/youngmo/ros2_ws/install/hangman_interfaces/share/hangman_interfaces/cmake/hangman_interfaces__rosidl_typesupport_cppExport.cmake
-- Up-to-date: /home/youngmo/ros2_ws/install/hangman_interfaces/share/hangman_interfaces/cmake/hangman_interfaces__rosidl_typesupport_cppExport-noconfig.cmake
-- Up-to-date: /home/youngmo/ros2_ws/install/hangman_interfaces/share/hangman_interfaces/cmake/export_hangman_interfaces__rosidl_generator_pyExport.cmake
-- Up-to-date: /home/youngmo/ros2_ws/install/hangman_interfaces/share/hangman_interfaces/cmake/export_hangman_interfaces__rosidl_generator_pyExport-noconfig.cmake
-- Up-to-date: /home/youngmo/ros2_ws/install/hangman_interfaces/share/hangman_interfaces/cmake/ament_cmake_export_dependencies-extras.cmake
-- Up-to-date: /home/youngmo/ros2_ws/install/hangman_interfaces/share/hangman_interfaces/cmake/rosidl_cmake-extras.cmake
-- Up-to-date: /home/youngmo/ros2_ws/install/hangman_interfaces/share/hangman_interfaces/cmake/ament_cmake_export_include_directories-extras.cmake
-- Up-to-date: /home/youngmo/ros2_ws/install/hangman_interfaces/share/hangman_interfaces/cmake/ament_cmake_export_libraries-extras.cmake
-- Up-to-date: /home/youngmo/ros2_ws/install/hangman_interfaces/share/hangman_interfaces/cmake/ament_cmake_export_targets-extras.cmake
-- Up-to-date: /home/youngmo/ros2_ws/install/hangman_interfaces/share/hangman_interfaces/cmake/rosidl_cmake_export_typesupport_targets-extras.cmake
-- Up-to-date: /home/youngmo/ros2_ws/install/hangman_interfaces/share/hangman_interfaces/cmake/rosidl_cmake_export_typesupport_libraries-extras.cmake
-- Up-to-date: /home/youngmo/ros2_ws/install/hangman_interfaces/share/hangman_interfaces/cmake/hangman_interfacesConfig.cmake
-- Up-to-date: /home/youngmo/ros2_ws/install/hangman_interfaces/share/hangman_interfaces/cmake/hangman_interfacesConfig-version.cmake
-- Up-to-date: /home/youngmo/ros2_ws/install/hangman_interfaces/share/hangman_interfaces/package.xml
