[0.009s] Invoking command in '/home/youngmo/ros2_ws/build/hangman_interfaces': CMAKE_PREFIX_PATH=${CMAKE_PREFIX_PATH}:/home/youngmo/ros2_ws/install/ros_study_py:/home/youngmo/ros2_ws/install/ex_calculator_py:/home/youngmo/ros2_ws/install/hangman_game:/opt/ros/humble /usr/bin/cmake --build /home/youngmo/ros2_ws/build/hangman_interfaces -- -j16 -l16
[0.046s] -- Found ament_cmake: 1.3.11 (/opt/ros/humble/share/ament_cmake/cmake)
[0.123s] -- Found builtin_interfaces: 1.2.1 (/opt/ros/humble/share/builtin_interfaces/cmake)
[0.140s] -- Found rosidl_generator_c: 3.1.6 (/opt/ros/humble/share/rosidl_generator_c/cmake)
[0.141s] -- Found rosidl_adapter: 3.1.6 (/opt/ros/humble/share/rosidl_adapter/cmake)
[0.143s] -- Found rosidl_generator_cpp: 3.1.6 (/opt/ros/humble/share/rosidl_generator_cpp/cmake)
[0.147s] -- Using all available rosidl_typesupport_c: rosidl_typesupport_fastrtps_c;rosidl_typesupport_introspection_c
[0.153s] -- Using all available rosidl_typesupport_cpp: rosidl_typesupport_fastrtps_cpp;rosidl_typesupport_introspection_cpp
[0.158s] -- Found rosidl_default_generators: 1.2.0 (/opt/ros/humble/share/rosidl_default_generators/cmake)
[0.349s] -- Found ament_cmake_ros: 0.10.0 (/opt/ros/humble/share/ament_cmake_ros/cmake)
[0.599s] -- Using all available rosidl_typesupport_c: rosidl_typesupport_fastrtps_c;rosidl_typesupport_introspection_c
[0.695s] -- Using all available rosidl_typesupport_cpp: rosidl_typesupport_fastrtps_cpp;rosidl_typesupport_introspection_cpp
[0.720s] -- Found python_cmake_module: 0.10.0 (/opt/ros/humble/share/python_cmake_module/cmake)
[0.735s] -- Using PYTHON_EXECUTABLE: /usr/bin/python3
[0.735s] -- Using PYTHON_INCLUDE_DIRS: /usr/include/python3.10
[0.735s] -- Using PYTHON_LIBRARIES: /usr/lib/x86_64-linux-gnu/libpython3.10.so
[0.745s] -- Found ament_lint_auto: 0.12.12 (/opt/ros/humble/share/ament_lint_auto/cmake)
[0.751s] -- Added test 'lint_cmake' to check CMake code style
[0.751s] -- Added test 'xmllint' to check XML markup files
[0.751s] -- Configuring done
[0.764s] -- Generating done
[0.769s] -- Build files have been written to: /home/youngmo/ros2_ws/build/hangman_interfaces
[0.789s] [  2%] [34m[1mGenerating C code for ROS interfaces[0m
[0.803s] [  4%] [34m[1mGenerating C++ code for ROS interfaces[0m
[0.805s] [  4%] Built target ament_cmake_python_copy_hangman_interfaces
[0.984s] running egg_info
[0.985s] writing hangman_interfaces.egg-info/PKG-INFO
[0.986s] writing dependency_links to hangman_interfaces.egg-info/dependency_links.txt
[0.987s] writing top-level names to hangman_interfaces.egg-info/top_level.txt
[0.990s] reading manifest file 'hangman_interfaces.egg-info/SOURCES.txt'
[0.993s] writing manifest file 'hangman_interfaces.egg-info/SOURCES.txt'
[1.018s] [  4%] Built target ament_cmake_python_build_hangman_interfaces_egg
[1.250s] [35m[1mConsolidate compiler generated dependencies of target hangman_interfaces__rosidl_generator_c[0m
[1.261s] [  6%] [32mBuilding C object CMakeFiles/hangman_interfaces__rosidl_generator_c.dir/rosidl_generator_c/hangman_interfaces/action/detail/game_progress__functions.c.o[0m
[1.261s] [  6%] Built target hangman_interfaces__cpp
[1.261s] [ 10%] [32mBuilding C object CMakeFiles/hangman_interfaces__rosidl_generator_c.dir/rosidl_generator_c/hangman_interfaces/srv/detail/check_letter__functions.c.o[0m
[1.261s] [ 10%] [32mBuilding C object CMakeFiles/hangman_interfaces__rosidl_generator_c.dir/rosidl_generator_c/hangman_interfaces/msg/detail/progress__functions.c.o[0m
[1.269s] [ 12%] [34m[1mGenerating C++ type support dispatch for ROS interfaces[0m
[1.269s] [ 14%] [34m[1mGenerating C++ type support for eProsima Fast-RTPS[0m
[1.274s] [ 17%] [34m[1mGenerating C++ introspection for ROS interfaces[0m
[1.394s] [ 19%] [32m[1mLinking C shared library libhangman_interfaces__rosidl_generator_c.so[0m
[1.443s] [ 19%] Built target hangman_interfaces__rosidl_generator_c
[1.451s] [ 21%] [34m[1mGenerating C type support for eProsima Fast-RTPS[0m
[1.454s] [ 23%] [34m[1mGenerating C type support dispatch for ROS interfaces[0m
[1.459s] [ 25%] [34m[1mGenerating C introspection for ROS interfaces[0m
[1.579s] [35m[1mConsolidate compiler generated dependencies of target hangman_interfaces__rosidl_typesupport_cpp[0m
[1.587s] [ 27%] [32mBuilding CXX object CMakeFiles/hangman_interfaces__rosidl_typesupport_cpp.dir/rosidl_typesupport_cpp/hangman_interfaces/msg/progress__type_support.cpp.o[0m
[1.587s] [ 29%] [32mBuilding CXX object CMakeFiles/hangman_interfaces__rosidl_typesupport_cpp.dir/rosidl_typesupport_cpp/hangman_interfaces/srv/check_letter__type_support.cpp.o[0m
[1.589s] [ 31%] [32mBuilding CXX object CMakeFiles/hangman_interfaces__rosidl_typesupport_cpp.dir/rosidl_typesupport_cpp/hangman_interfaces/action/game_progress__type_support.cpp.o[0m
[1.671s] [35m[1mConsolidate compiler generated dependencies of target hangman_interfaces__rosidl_typesupport_introspection_cpp[0m
[1.679s] [ 34%] [32mBuilding CXX object CMakeFiles/hangman_interfaces__rosidl_typesupport_introspection_cpp.dir/rosidl_typesupport_introspection_cpp/hangman_interfaces/srv/detail/check_letter__type_support.cpp.o[0m
[1.679s] [ 36%] [32mBuilding CXX object CMakeFiles/hangman_interfaces__rosidl_typesupport_introspection_cpp.dir/rosidl_typesupport_introspection_cpp/hangman_interfaces/action/detail/game_progress__type_support.cpp.o[0m
[1.679s] [ 38%] [32mBuilding CXX object CMakeFiles/hangman_interfaces__rosidl_typesupport_introspection_cpp.dir/rosidl_typesupport_introspection_cpp/hangman_interfaces/msg/detail/progress__type_support.cpp.o[0m
[1.709s] [35m[1mConsolidate compiler generated dependencies of target hangman_interfaces__rosidl_typesupport_fastrtps_cpp[0m
[1.726s] [ 44%] [32mBuilding CXX object CMakeFiles/hangman_interfaces__rosidl_typesupport_fastrtps_cpp.dir/rosidl_typesupport_fastrtps_cpp/hangman_interfaces/srv/detail/dds_fastrtps/check_letter__type_support.cpp.o[0m
[1.726s] [ 44%] [32mBuilding CXX object CMakeFiles/hangman_interfaces__rosidl_typesupport_fastrtps_cpp.dir/rosidl_typesupport_fastrtps_cpp/hangman_interfaces/msg/detail/dds_fastrtps/progress__type_support.cpp.o[0m
[1.726s] [ 44%] [32mBuilding CXX object CMakeFiles/hangman_interfaces__rosidl_typesupport_fastrtps_cpp.dir/rosidl_typesupport_fastrtps_cpp/hangman_interfaces/action/detail/dds_fastrtps/game_progress__type_support.cpp.o[0m
[1.776s] [35m[1mConsolidate compiler generated dependencies of target hangman_interfaces__rosidl_typesupport_c[0m
[1.787s] [ 46%] [32mBuilding CXX object CMakeFiles/hangman_interfaces__rosidl_typesupport_c.dir/rosidl_typesupport_c/hangman_interfaces/srv/check_letter__type_support.cpp.o[0m
[1.787s] [ 48%] [32mBuilding CXX object CMakeFiles/hangman_interfaces__rosidl_typesupport_c.dir/rosidl_typesupport_c/hangman_interfaces/msg/progress__type_support.cpp.o[0m
[1.788s] [ 51%] [32mBuilding CXX object CMakeFiles/hangman_interfaces__rosidl_typesupport_c.dir/rosidl_typesupport_c/hangman_interfaces/action/game_progress__type_support.cpp.o[0m
[1.813s] [35m[1mConsolidate compiler generated dependencies of target hangman_interfaces__rosidl_typesupport_fastrtps_c[0m
[1.824s] [ 53%] [32m[1mLinking CXX shared library libhangman_interfaces__rosidl_typesupport_c.so[0m
[1.825s] [ 57%] [32mBuilding CXX object CMakeFiles/hangman_interfaces__rosidl_typesupport_fastrtps_c.dir/rosidl_typesupport_fastrtps_c/hangman_interfaces/action/detail/game_progress__type_support_c.cpp.o[0m
[1.826s] [ 57%] [32mBuilding CXX object CMakeFiles/hangman_interfaces__rosidl_typesupport_fastrtps_c.dir/rosidl_typesupport_fastrtps_c/hangman_interfaces/msg/detail/progress__type_support_c.cpp.o[0m
[1.827s] [ 59%] [32mBuilding CXX object CMakeFiles/hangman_interfaces__rosidl_typesupport_fastrtps_c.dir/rosidl_typesupport_fastrtps_c/hangman_interfaces/srv/detail/check_letter__type_support_c.cpp.o[0m
[1.849s] [35m[1mConsolidate compiler generated dependencies of target hangman_interfaces__rosidl_typesupport_introspection_c[0m
[1.857s] [ 59%] Built target hangman_interfaces__rosidl_typesupport_c
[1.861s] [ 63%] [32mBuilding C object CMakeFiles/hangman_interfaces__rosidl_typesupport_introspection_c.dir/rosidl_typesupport_introspection_c/hangman_interfaces/srv/detail/check_letter__type_support.c.o[0m
[1.861s] [ 63%] [32mBuilding C object CMakeFiles/hangman_interfaces__rosidl_typesupport_introspection_c.dir/rosidl_typesupport_introspection_c/hangman_interfaces/action/detail/game_progress__type_support.c.o[0m
[1.862s] [ 65%] [32mBuilding C object CMakeFiles/hangman_interfaces__rosidl_typesupport_introspection_c.dir/rosidl_typesupport_introspection_c/hangman_interfaces/msg/detail/progress__type_support.c.o[0m
[1.894s] [ 68%] [32m[1mLinking C shared library libhangman_interfaces__rosidl_typesupport_introspection_c.so[0m
[1.917s] [ 68%] Built target hangman_interfaces__rosidl_typesupport_introspection_c
[1.965s] [ 70%] [32m[1mLinking CXX shared library libhangman_interfaces__rosidl_typesupport_cpp.so[0m
[1.996s] [ 70%] Built target hangman_interfaces__rosidl_typesupport_cpp
[2.108s] [ 72%] [32m[1mLinking CXX shared library libhangman_interfaces__rosidl_typesupport_fastrtps_c.so[0m
[2.134s] [ 74%] [32m[1mLinking CXX shared library libhangman_interfaces__rosidl_typesupport_introspection_cpp.so[0m
[2.185s] [ 74%] Built target hangman_interfaces__rosidl_typesupport_fastrtps_c
[2.188s] [ 76%] [32m[1mLinking CXX shared library libhangman_interfaces__rosidl_typesupport_fastrtps_cpp.so[0m
[2.216s] [ 76%] Built target hangman_interfaces__rosidl_typesupport_introspection_cpp
[2.270s] [ 76%] Built target hangman_interfaces__rosidl_typesupport_fastrtps_cpp
[2.295s] [ 76%] Built target hangman_interfaces
[2.312s] [ 78%] [34m[1mGenerating Python code for ROS interfaces[0m
[2.916s] [ 78%] Built target hangman_interfaces__py
[2.927s] [35m[1mConsolidate compiler generated dependencies of target hangman_interfaces__rosidl_generator_py[0m
[2.944s] [ 80%] [32mBuilding C object CMakeFiles/hangman_interfaces__rosidl_generator_py.dir/rosidl_generator_py/hangman_interfaces/srv/_check_letter_s.c.o[0m
[2.945s] [ 82%] [32mBuilding C object CMakeFiles/hangman_interfaces__rosidl_generator_py.dir/rosidl_generator_py/hangman_interfaces/action/_game_progress_s.c.o[0m
[2.947s] [ 85%] [32mBuilding C object CMakeFiles/hangman_interfaces__rosidl_generator_py.dir/rosidl_generator_py/hangman_interfaces/msg/_progress_s.c.o[0m
[3.077s] [ 87%] [32m[1mLinking C shared library rosidl_generator_py/hangman_interfaces/libhangman_interfaces__rosidl_generator_py.so[0m
[3.111s] [ 87%] Built target hangman_interfaces__rosidl_generator_py
[3.121s] [35m[1mConsolidate compiler generated dependencies of target hangman_interfaces__rosidl_typesupport_fastrtps_c__pyext[0m
[3.124s] [35m[1mConsolidate compiler generated dependencies of target hangman_interfaces__rosidl_typesupport_introspection_c__pyext[0m
[3.125s] [35m[1mConsolidate compiler generated dependencies of target hangman_interfaces__rosidl_typesupport_c__pyext[0m
[3.134s] [ 89%] [32mBuilding C object CMakeFiles/hangman_interfaces__rosidl_typesupport_fastrtps_c__pyext.dir/rosidl_generator_py/hangman_interfaces/_hangman_interfaces_s.ep.rosidl_typesupport_fastrtps_c.c.o[0m
[3.136s] [ 91%] [32mBuilding C object CMakeFiles/hangman_interfaces__rosidl_typesupport_c__pyext.dir/rosidl_generator_py/hangman_interfaces/_hangman_interfaces_s.ep.rosidl_typesupport_c.c.o[0m
[3.143s] [ 93%] [32mBuilding C object CMakeFiles/hangman_interfaces__rosidl_typesupport_introspection_c__pyext.dir/rosidl_generator_py/hangman_interfaces/_hangman_interfaces_s.ep.rosidl_typesupport_introspection_c.c.o[0m
[3.202s] [ 95%] [32m[1mLinking C shared library rosidl_generator_py/hangman_interfaces/hangman_interfaces_s__rosidl_typesupport_fastrtps_c.cpython-310-x86_64-linux-gnu.so[0m
[3.204s] [ 97%] [32m[1mLinking C shared library rosidl_generator_py/hangman_interfaces/hangman_interfaces_s__rosidl_typesupport_c.cpython-310-x86_64-linux-gnu.so[0m
[3.217s] [100%] [32m[1mLinking C shared library rosidl_generator_py/hangman_interfaces/hangman_interfaces_s__rosidl_typesupport_introspection_c.cpython-310-x86_64-linux-gnu.so[0m
[3.231s] [100%] Built target hangman_interfaces__rosidl_typesupport_c__pyext
[3.241s] [100%] Built target hangman_interfaces__rosidl_typesupport_fastrtps_c__pyext
[3.250s] [100%] Built target hangman_interfaces__rosidl_typesupport_introspection_c__pyext
[3.265s] Invoked command in '/home/youngmo/ros2_ws/build/hangman_interfaces' returned '0': CMAKE_PREFIX_PATH=${CMAKE_PREFIX_PATH}:/home/youngmo/ros2_ws/install/ros_study_py:/home/youngmo/ros2_ws/install/ex_calculator_py:/home/youngmo/ros2_ws/install/hangman_game:/opt/ros/humble /usr/bin/cmake --build /home/youngmo/ros2_ws/build/hangman_interfaces -- -j16 -l16
[3.266s] Invoking command in '/home/youngmo/ros2_ws/build/hangman_interfaces': CMAKE_PREFIX_PATH=${CMAKE_PREFIX_PATH}:/home/youngmo/ros2_ws/install/ros_study_py:/home/youngmo/ros2_ws/install/ex_calculator_py:/home/youngmo/ros2_ws/install/hangman_game:/opt/ros/humble /usr/bin/cmake --install /home/youngmo/ros2_ws/build/hangman_interfaces
[3.276s] -- Install configuration: ""
[3.277s] -- Up-to-date: /home/youngmo/ros2_ws/install/hangman_interfaces/share/ament_index/resource_index/rosidl_interfaces/hangman_interfaces
[3.277s] -- Up-to-date: /home/youngmo/ros2_ws/install/hangman_interfaces/include/hangman_interfaces/hangman_interfaces
[3.277s] -- Up-to-date: /home/youngmo/ros2_ws/install/hangman_interfaces/include/hangman_interfaces/hangman_interfaces/srv
[3.277s] -- Up-to-date: /home/youngmo/ros2_ws/install/hangman_interfaces/include/hangman_interfaces/hangman_interfaces/srv/detail
[3.277s] -- Installing: /home/youngmo/ros2_ws/install/hangman_interfaces/include/hangman_interfaces/hangman_interfaces/srv/detail/check_letter__type_support.h
[3.277s] -- Installing: /home/youngmo/ros2_ws/install/hangman_interfaces/include/hangman_interfaces/hangman_interfaces/srv/detail/check_letter__functions.h
[3.277s] -- Installing: /home/youngmo/ros2_ws/install/hangman_interfaces/include/hangman_interfaces/hangman_interfaces/srv/detail/check_letter__struct.h
[3.277s] -- Installing: /home/youngmo/ros2_ws/install/hangman_interfaces/include/hangman_interfaces/hangman_interfaces/srv/detail/check_letter__functions.c
[3.278s] -- Installing: /home/youngmo/ros2_ws/install/hangman_interfaces/include/hangman_interfaces/hangman_interfaces/srv/check_letter.h
[3.278s] -- Up-to-date: /home/youngmo/ros2_ws/install/hangman_interfaces/include/hangman_interfaces/hangman_interfaces/action
[3.278s] -- Up-to-date: /home/youngmo/ros2_ws/install/hangman_interfaces/include/hangman_interfaces/hangman_interfaces/action/detail
[3.278s] -- Installing: /home/youngmo/ros2_ws/install/hangman_interfaces/include/hangman_interfaces/hangman_interfaces/action/detail/game_progress__type_support.h
[3.278s] -- Installing: /home/youngmo/ros2_ws/install/hangman_interfaces/include/hangman_interfaces/hangman_interfaces/action/detail/game_progress__functions.c
[3.278s] -- Installing: /home/youngmo/ros2_ws/install/hangman_interfaces/include/hangman_interfaces/hangman_interfaces/action/detail/game_progress__functions.h
[3.278s] -- Installing: /home/youngmo/ros2_ws/install/hangman_interfaces/include/hangman_interfaces/hangman_interfaces/action/detail/game_progress__struct.h
[3.278s] -- Installing: /home/youngmo/ros2_ws/install/hangman_interfaces/include/hangman_interfaces/hangman_interfaces/action/game_progress.h
[3.278s] -- Up-to-date: /home/youngmo/ros2_ws/install/hangman_interfaces/include/hangman_interfaces/hangman_interfaces/msg
[3.278s] -- Installing: /home/youngmo/ros2_ws/install/hangman_interfaces/include/hangman_interfaces/hangman_interfaces/msg/progress.h
[3.278s] -- Up-to-date: /home/youngmo/ros2_ws/install/hangman_interfaces/include/hangman_interfaces/hangman_interfaces/msg/detail
[3.278s] -- Installing: /home/youngmo/ros2_ws/install/hangman_interfaces/include/hangman_interfaces/hangman_interfaces/msg/detail/progress__functions.c
[3.278s] -- Installing: /home/youngmo/ros2_ws/install/hangman_interfaces/include/hangman_interfaces/hangman_interfaces/msg/detail/progress__functions.h
[3.278s] -- Installing: /home/youngmo/ros2_ws/install/hangman_interfaces/include/hangman_interfaces/hangman_interfaces/msg/detail/progress__type_support.h
[3.278s] -- Installing: /home/youngmo/ros2_ws/install/hangman_interfaces/include/hangman_interfaces/hangman_interfaces/msg/detail/progress__struct.h
[3.279s] -- Up-to-date: /home/youngmo/ros2_ws/install/hangman_interfaces/include/hangman_interfaces/hangman_interfaces/msg/rosidl_generator_c__visibility_control.h
[3.279s] -- Up-to-date: /home/youngmo/ros2_ws/install/hangman_interfaces/share/hangman_interfaces/environment/library_path.sh
[3.279s] -- Installing: /home/youngmo/ros2_ws/install/hangman_interfaces/share/hangman_interfaces/environment/library_path.dsv
[3.279s] -- Installing: /home/youngmo/ros2_ws/install/hangman_interfaces/lib/libhangman_interfaces__rosidl_generator_c.so
[3.279s] -- Set runtime path of "/home/youngmo/ros2_ws/install/hangman_interfaces/lib/libhangman_interfaces__rosidl_generator_c.so" to ""
[3.279s] -- Up-to-date: /home/youngmo/ros2_ws/install/hangman_interfaces/include/hangman_interfaces/hangman_interfaces
[3.279s] -- Up-to-date: /home/youngmo/ros2_ws/install/hangman_interfaces/include/hangman_interfaces/hangman_interfaces/srv
[3.280s] -- Up-to-date: /home/youngmo/ros2_ws/install/hangman_interfaces/include/hangman_interfaces/hangman_interfaces/srv/detail
[3.280s] -- Installing: /home/youngmo/ros2_ws/install/hangman_interfaces/include/hangman_interfaces/hangman_interfaces/srv/detail/check_letter__rosidl_typesupport_fastrtps_c.h
[3.280s] -- Up-to-date: /home/youngmo/ros2_ws/install/hangman_interfaces/include/hangman_interfaces/hangman_interfaces/action
[3.280s] -- Up-to-date: /home/youngmo/ros2_ws/install/hangman_interfaces/include/hangman_interfaces/hangman_interfaces/action/detail
[3.280s] -- Installing: /home/youngmo/ros2_ws/install/hangman_interfaces/include/hangman_interfaces/hangman_interfaces/action/detail/game_progress__rosidl_typesupport_fastrtps_c.h
[3.280s] -- Up-to-date: /home/youngmo/ros2_ws/install/hangman_interfaces/include/hangman_interfaces/hangman_interfaces/msg
[3.280s] -- Up-to-date: /home/youngmo/ros2_ws/install/hangman_interfaces/include/hangman_interfaces/hangman_interfaces/msg/detail
[3.280s] -- Installing: /home/youngmo/ros2_ws/install/hangman_interfaces/include/hangman_interfaces/hangman_interfaces/msg/detail/progress__rosidl_typesupport_fastrtps_c.h
[3.280s] -- Up-to-date: /home/youngmo/ros2_ws/install/hangman_interfaces/include/hangman_interfaces/hangman_interfaces/msg/rosidl_typesupport_fastrtps_c__visibility_control.h
[3.280s] -- Installing: /home/youngmo/ros2_ws/install/hangman_interfaces/lib/libhangman_interfaces__rosidl_typesupport_fastrtps_c.so
[3.280s] -- Set runtime path of "/home/youngmo/ros2_ws/install/hangman_interfaces/lib/libhangman_interfaces__rosidl_typesupport_fastrtps_c.so" to ""
[3.280s] -- Up-to-date: /home/youngmo/ros2_ws/install/hangman_interfaces/include/hangman_interfaces/hangman_interfaces
[3.280s] -- Up-to-date: /home/youngmo/ros2_ws/install/hangman_interfaces/include/hangman_interfaces/hangman_interfaces/srv
[3.280s] -- Installing: /home/youngmo/ros2_ws/install/hangman_interfaces/include/hangman_interfaces/hangman_interfaces/srv/check_letter.hpp
[3.280s] -- Up-to-date: /home/youngmo/ros2_ws/install/hangman_interfaces/include/hangman_interfaces/hangman_interfaces/srv/detail
[3.280s] -- Installing: /home/youngmo/ros2_ws/install/hangman_interfaces/include/hangman_interfaces/hangman_interfaces/srv/detail/check_letter__builder.hpp
[3.280s] -- Installing: /home/youngmo/ros2_ws/install/hangman_interfaces/include/hangman_interfaces/hangman_interfaces/srv/detail/check_letter__type_support.hpp
[3.280s] -- Installing: /home/youngmo/ros2_ws/install/hangman_interfaces/include/hangman_interfaces/hangman_interfaces/srv/detail/check_letter__traits.hpp
[3.281s] -- Installing: /home/youngmo/ros2_ws/install/hangman_interfaces/include/hangman_interfaces/hangman_interfaces/srv/detail/check_letter__struct.hpp
[3.281s] -- Up-to-date: /home/youngmo/ros2_ws/install/hangman_interfaces/include/hangman_interfaces/hangman_interfaces/action
[3.281s] -- Installing: /home/youngmo/ros2_ws/install/hangman_interfaces/include/hangman_interfaces/hangman_interfaces/action/game_progress.hpp
[3.281s] -- Up-to-date: /home/youngmo/ros2_ws/install/hangman_interfaces/include/hangman_interfaces/hangman_interfaces/action/detail
[3.281s] -- Installing: /home/youngmo/ros2_ws/install/hangman_interfaces/include/hangman_interfaces/hangman_interfaces/action/detail/game_progress__traits.hpp
[3.281s] -- Installing: /home/youngmo/ros2_ws/install/hangman_interfaces/include/hangman_interfaces/hangman_interfaces/action/detail/game_progress__struct.hpp
[3.281s] -- Installing: /home/youngmo/ros2_ws/install/hangman_interfaces/include/hangman_interfaces/hangman_interfaces/action/detail/game_progress__type_support.hpp
[3.281s] -- Installing: /home/youngmo/ros2_ws/install/hangman_interfaces/include/hangman_interfaces/hangman_interfaces/action/detail/game_progress__builder.hpp
[3.281s] -- Up-to-date: /home/youngmo/ros2_ws/install/hangman_interfaces/include/hangman_interfaces/hangman_interfaces/msg
[3.281s] -- Up-to-date: /home/youngmo/ros2_ws/install/hangman_interfaces/include/hangman_interfaces/hangman_interfaces/msg/rosidl_generator_cpp__visibility_control.hpp
[3.281s] -- Up-to-date: /home/youngmo/ros2_ws/install/hangman_interfaces/include/hangman_interfaces/hangman_interfaces/msg/detail
[3.281s] -- Installing: /home/youngmo/ros2_ws/install/hangman_interfaces/include/hangman_interfaces/hangman_interfaces/msg/detail/progress__type_support.hpp
[3.281s] -- Installing: /home/youngmo/ros2_ws/install/hangman_interfaces/include/hangman_interfaces/hangman_interfaces/msg/detail/progress__builder.hpp
[3.281s] -- Installing: /home/youngmo/ros2_ws/install/hangman_interfaces/include/hangman_interfaces/hangman_interfaces/msg/detail/progress__traits.hpp
[3.281s] -- Installing: /home/youngmo/ros2_ws/install/hangman_interfaces/include/hangman_interfaces/hangman_interfaces/msg/detail/progress__struct.hpp
[3.281s] -- Installing: /home/youngmo/ros2_ws/install/hangman_interfaces/include/hangman_interfaces/hangman_interfaces/msg/progress.hpp
[3.282s] -- Up-to-date: /home/youngmo/ros2_ws/install/hangman_interfaces/include/hangman_interfaces/hangman_interfaces
[3.282s] -- Up-to-date: /home/youngmo/ros2_ws/install/hangman_interfaces/include/hangman_interfaces/hangman_interfaces/srv
[3.282s] -- Up-to-date: /home/youngmo/ros2_ws/install/hangman_interfaces/include/hangman_interfaces/hangman_interfaces/srv/detail
[3.282s] -- Installing: /home/youngmo/ros2_ws/install/hangman_interfaces/include/hangman_interfaces/hangman_interfaces/srv/detail/check_letter__rosidl_typesupport_fastrtps_cpp.hpp
[3.282s] -- Up-to-date: /home/youngmo/ros2_ws/install/hangman_interfaces/include/hangman_interfaces/hangman_interfaces/srv/detail/dds_fastrtps
[3.282s] -- Up-to-date: /home/youngmo/ros2_ws/install/hangman_interfaces/include/hangman_interfaces/hangman_interfaces/action
[3.282s] -- Up-to-date: /home/youngmo/ros2_ws/install/hangman_interfaces/include/hangman_interfaces/hangman_interfaces/action/detail
[3.282s] -- Up-to-date: /home/youngmo/ros2_ws/install/hangman_interfaces/include/hangman_interfaces/hangman_interfaces/action/detail/dds_fastrtps
[3.282s] -- Installing: /home/youngmo/ros2_ws/install/hangman_interfaces/include/hangman_interfaces/hangman_interfaces/action/detail/game_progress__rosidl_typesupport_fastrtps_cpp.hpp
[3.282s] -- Up-to-date: /home/youngmo/ros2_ws/install/hangman_interfaces/include/hangman_interfaces/hangman_interfaces/msg
[3.282s] -- Up-to-date: /home/youngmo/ros2_ws/install/hangman_interfaces/include/hangman_interfaces/hangman_interfaces/msg/detail
[3.282s] -- Up-to-date: /home/youngmo/ros2_ws/install/hangman_interfaces/include/hangman_interfaces/hangman_interfaces/msg/detail/dds_fastrtps
[3.282s] -- Installing: /home/youngmo/ros2_ws/install/hangman_interfaces/include/hangman_interfaces/hangman_interfaces/msg/detail/progress__rosidl_typesupport_fastrtps_cpp.hpp
[3.282s] -- Up-to-date: /home/youngmo/ros2_ws/install/hangman_interfaces/include/hangman_interfaces/hangman_interfaces/msg/rosidl_typesupport_fastrtps_cpp__visibility_control.h
[3.282s] -- Installing: /home/youngmo/ros2_ws/install/hangman_interfaces/lib/libhangman_interfaces__rosidl_typesupport_fastrtps_cpp.so
[3.283s] -- Set runtime path of "/home/youngmo/ros2_ws/install/hangman_interfaces/lib/libhangman_interfaces__rosidl_typesupport_fastrtps_cpp.so" to ""
[3.283s] -- Up-to-date: /home/youngmo/ros2_ws/install/hangman_interfaces/include/hangman_interfaces/hangman_interfaces
[3.283s] -- Up-to-date: /home/youngmo/ros2_ws/install/hangman_interfaces/include/hangman_interfaces/hangman_interfaces/srv
[3.283s] -- Up-to-date: /home/youngmo/ros2_ws/install/hangman_interfaces/include/hangman_interfaces/hangman_interfaces/srv/detail
[3.283s] -- Installing: /home/youngmo/ros2_ws/install/hangman_interfaces/include/hangman_interfaces/hangman_interfaces/srv/detail/check_letter__type_support.c
[3.283s] -- Installing: /home/youngmo/ros2_ws/install/hangman_interfaces/include/hangman_interfaces/hangman_interfaces/srv/detail/check_letter__rosidl_typesupport_introspection_c.h
[3.283s] -- Up-to-date: /home/youngmo/ros2_ws/install/hangman_interfaces/include/hangman_interfaces/hangman_interfaces/action
[3.283s] -- Up-to-date: /home/youngmo/ros2_ws/install/hangman_interfaces/include/hangman_interfaces/hangman_interfaces/action/detail
[3.284s] -- Installing: /home/youngmo/ros2_ws/install/hangman_interfaces/include/hangman_interfaces/hangman_interfaces/action/detail/game_progress__rosidl_typesupport_introspection_c.h
[3.284s] -- Installing: /home/youngmo/ros2_ws/install/hangman_interfaces/include/hangman_interfaces/hangman_interfaces/action/detail/game_progress__type_support.c
[3.284s] -- Up-to-date: /home/youngmo/ros2_ws/install/hangman_interfaces/include/hangman_interfaces/hangman_interfaces/msg
[3.284s] -- Up-to-date: /home/youngmo/ros2_ws/install/hangman_interfaces/include/hangman_interfaces/hangman_interfaces/msg/rosidl_typesupport_introspection_c__visibility_control.h
[3.284s] -- Up-to-date: /home/youngmo/ros2_ws/install/hangman_interfaces/include/hangman_interfaces/hangman_interfaces/msg/detail
[3.284s] -- Installing: /home/youngmo/ros2_ws/install/hangman_interfaces/include/hangman_interfaces/hangman_interfaces/msg/detail/progress__rosidl_typesupport_introspection_c.h
[3.284s] -- Installing: /home/youngmo/ros2_ws/install/hangman_interfaces/include/hangman_interfaces/hangman_interfaces/msg/detail/progress__type_support.c
[3.284s] -- Installing: /home/youngmo/ros2_ws/install/hangman_interfaces/lib/libhangman_interfaces__rosidl_typesupport_introspection_c.so
[3.284s] -- Set runtime path of "/home/youngmo/ros2_ws/install/hangman_interfaces/lib/libhangman_interfaces__rosidl_typesupport_introspection_c.so" to ""
[3.284s] -- Installing: /home/youngmo/ros2_ws/install/hangman_interfaces/lib/libhangman_interfaces__rosidl_typesupport_c.so
[3.284s] -- Set runtime path of "/home/youngmo/ros2_ws/install/hangman_interfaces/lib/libhangman_interfaces__rosidl_typesupport_c.so" to ""
[3.284s] -- Up-to-date: /home/youngmo/ros2_ws/install/hangman_interfaces/include/hangman_interfaces/hangman_interfaces
[3.284s] -- Up-to-date: /home/youngmo/ros2_ws/install/hangman_interfaces/include/hangman_interfaces/hangman_interfaces/srv
[3.284s] -- Up-to-date: /home/youngmo/ros2_ws/install/hangman_interfaces/include/hangman_interfaces/hangman_interfaces/srv/detail
[3.284s] -- Installing: /home/youngmo/ros2_ws/install/hangman_interfaces/include/hangman_interfaces/hangman_interfaces/srv/detail/check_letter__type_support.cpp
[3.284s] -- Installing: /home/youngmo/ros2_ws/install/hangman_interfaces/include/hangman_interfaces/hangman_interfaces/srv/detail/check_letter__rosidl_typesupport_introspection_cpp.hpp
[3.284s] -- Up-to-date: /home/youngmo/ros2_ws/install/hangman_interfaces/include/hangman_interfaces/hangman_interfaces/action
[3.284s] -- Up-to-date: /home/youngmo/ros2_ws/install/hangman_interfaces/include/hangman_interfaces/hangman_interfaces/action/detail
[3.285s] -- Installing: /home/youngmo/ros2_ws/install/hangman_interfaces/include/hangman_interfaces/hangman_interfaces/action/detail/game_progress__type_support.cpp
[3.285s] -- Installing: /home/youngmo/ros2_ws/install/hangman_interfaces/include/hangman_interfaces/hangman_interfaces/action/detail/game_progress__rosidl_typesupport_introspection_cpp.hpp
[3.285s] -- Up-to-date: /home/youngmo/ros2_ws/install/hangman_interfaces/include/hangman_interfaces/hangman_interfaces/msg
[3.285s] -- Up-to-date: /home/youngmo/ros2_ws/install/hangman_interfaces/include/hangman_interfaces/hangman_interfaces/msg/detail
[3.285s] -- Installing: /home/youngmo/ros2_ws/install/hangman_interfaces/include/hangman_interfaces/hangman_interfaces/msg/detail/progress__rosidl_typesupport_introspection_cpp.hpp
[3.285s] -- Installing: /home/youngmo/ros2_ws/install/hangman_interfaces/include/hangman_interfaces/hangman_interfaces/msg/detail/progress__type_support.cpp
[3.285s] -- Installing: /home/youngmo/ros2_ws/install/hangman_interfaces/lib/libhangman_interfaces__rosidl_typesupport_introspection_cpp.so
[3.285s] -- Set runtime path of "/home/youngmo/ros2_ws/install/hangman_interfaces/lib/libhangman_interfaces__rosidl_typesupport_introspection_cpp.so" to ""
[3.285s] -- Installing: /home/youngmo/ros2_ws/install/hangman_interfaces/lib/libhangman_interfaces__rosidl_typesupport_cpp.so
[3.285s] -- Set runtime path of "/home/youngmo/ros2_ws/install/hangman_interfaces/lib/libhangman_interfaces__rosidl_typesupport_cpp.so" to ""
[3.285s] -- Up-to-date: /home/youngmo/ros2_ws/install/hangman_interfaces/share/hangman_interfaces/environment/pythonpath.sh
[3.285s] -- Installing: /home/youngmo/ros2_ws/install/hangman_interfaces/share/hangman_interfaces/environment/pythonpath.dsv
[3.285s] -- Up-to-date: /home/youngmo/ros2_ws/install/hangman_interfaces/local/lib/python3.10/dist-packages/hangman_interfaces-0.0.0-py3.10.egg-info
[3.285s] -- Installing: /home/youngmo/ros2_ws/install/hangman_interfaces/local/lib/python3.10/dist-packages/hangman_interfaces-0.0.0-py3.10.egg-info/dependency_links.txt
[3.285s] -- Installing: /home/youngmo/ros2_ws/install/hangman_interfaces/local/lib/python3.10/dist-packages/hangman_interfaces-0.0.0-py3.10.egg-info/top_level.txt
[3.285s] -- Installing: /home/youngmo/ros2_ws/install/hangman_interfaces/local/lib/python3.10/dist-packages/hangman_interfaces-0.0.0-py3.10.egg-info/SOURCES.txt
[3.285s] -- Installing: /home/youngmo/ros2_ws/install/hangman_interfaces/local/lib/python3.10/dist-packages/hangman_interfaces-0.0.0-py3.10.egg-info/PKG-INFO
[3.286s] -- Up-to-date: /home/youngmo/ros2_ws/install/hangman_interfaces/local/lib/python3.10/dist-packages/hangman_interfaces
[3.286s] -- Installing: /home/youngmo/ros2_ws/install/hangman_interfaces/local/lib/python3.10/dist-packages/hangman_interfaces/hangman_interfaces_s__rosidl_typesupport_fastrtps_c.cpython-310-x86_64-linux-gnu.so
[3.286s] -- Up-to-date: /home/youngmo/ros2_ws/install/hangman_interfaces/local/lib/python3.10/dist-packages/hangman_interfaces/srv
[3.286s] -- Installing: /home/youngmo/ros2_ws/install/hangman_interfaces/local/lib/python3.10/dist-packages/hangman_interfaces/srv/_check_letter.py
[3.286s] -- Installing: /home/youngmo/ros2_ws/install/hangman_interfaces/local/lib/python3.10/dist-packages/hangman_interfaces/srv/_check_letter_s.c
[3.286s] -- Installing: /home/youngmo/ros2_ws/install/hangman_interfaces/local/lib/python3.10/dist-packages/hangman_interfaces/srv/__init__.py
[3.286s] -- Installing: /home/youngmo/ros2_ws/install/hangman_interfaces/local/lib/python3.10/dist-packages/hangman_interfaces/hangman_interfaces_s__rosidl_typesupport_introspection_c.cpython-310-x86_64-linux-gnu.so
[3.286s] -- Up-to-date: /home/youngmo/ros2_ws/install/hangman_interfaces/local/lib/python3.10/dist-packages/hangman_interfaces/action
[3.286s] -- Installing: /home/youngmo/ros2_ws/install/hangman_interfaces/local/lib/python3.10/dist-packages/hangman_interfaces/action/_game_progress.py
[3.287s] -- Installing: /home/youngmo/ros2_ws/install/hangman_interfaces/local/lib/python3.10/dist-packages/hangman_interfaces/action/__init__.py
[3.287s] -- Installing: /home/youngmo/ros2_ws/install/hangman_interfaces/local/lib/python3.10/dist-packages/hangman_interfaces/action/_game_progress_s.c
[3.287s] -- Installing: /home/youngmo/ros2_ws/install/hangman_interfaces/local/lib/python3.10/dist-packages/hangman_interfaces/hangman_interfaces_s__rosidl_typesupport_c.cpython-310-x86_64-linux-gnu.so
[3.287s] -- Installing: /home/youngmo/ros2_ws/install/hangman_interfaces/local/lib/python3.10/dist-packages/hangman_interfaces/_hangman_interfaces_s.ep.rosidl_typesupport_c.c
[3.287s] -- Installing: /home/youngmo/ros2_ws/install/hangman_interfaces/local/lib/python3.10/dist-packages/hangman_interfaces/libhangman_interfaces__rosidl_generator_py.so
[3.287s] -- Installing: /home/youngmo/ros2_ws/install/hangman_interfaces/local/lib/python3.10/dist-packages/hangman_interfaces/__init__.py
[3.287s] -- Installing: /home/youngmo/ros2_ws/install/hangman_interfaces/local/lib/python3.10/dist-packages/hangman_interfaces/_hangman_interfaces_s.ep.rosidl_typesupport_introspection_c.c
[3.287s] -- Up-to-date: /home/youngmo/ros2_ws/install/hangman_interfaces/local/lib/python3.10/dist-packages/hangman_interfaces/msg
[3.287s] -- Installing: /home/youngmo/ros2_ws/install/hangman_interfaces/local/lib/python3.10/dist-packages/hangman_interfaces/msg/__init__.py
[3.287s] -- Installing: /home/youngmo/ros2_ws/install/hangman_interfaces/local/lib/python3.10/dist-packages/hangman_interfaces/msg/_progress.py
[3.287s] -- Installing: /home/youngmo/ros2_ws/install/hangman_interfaces/local/lib/python3.10/dist-packages/hangman_interfaces/msg/_progress_s.c
[3.287s] -- Installing: /home/youngmo/ros2_ws/install/hangman_interfaces/local/lib/python3.10/dist-packages/hangman_interfaces/_hangman_interfaces_s.ep.rosidl_typesupport_fastrtps_c.c
[3.315s] Listing '/home/youngmo/ros2_ws/install/hangman_interfaces/local/lib/python3.10/dist-packages/hangman_interfaces'...
[3.316s] Compiling '/home/youngmo/ros2_ws/install/hangman_interfaces/local/lib/python3.10/dist-packages/hangman_interfaces/__init__.py'...
[3.316s] Listing '/home/youngmo/ros2_ws/install/hangman_interfaces/local/lib/python3.10/dist-packages/hangman_interfaces/action'...
[3.316s] Compiling '/home/youngmo/ros2_ws/install/hangman_interfaces/local/lib/python3.10/dist-packages/hangman_interfaces/action/__init__.py'...
[3.316s] Compiling '/home/youngmo/ros2_ws/install/hangman_interfaces/local/lib/python3.10/dist-packages/hangman_interfaces/action/_game_progress.py'...
[3.316s] Listing '/home/youngmo/ros2_ws/install/hangman_interfaces/local/lib/python3.10/dist-packages/hangman_interfaces/msg'...
[3.316s] Compiling '/home/youngmo/ros2_ws/install/hangman_interfaces/local/lib/python3.10/dist-packages/hangman_interfaces/msg/__init__.py'...
[3.316s] Compiling '/home/youngmo/ros2_ws/install/hangman_interfaces/local/lib/python3.10/dist-packages/hangman_interfaces/msg/_progress.py'...
[3.316s] Listing '/home/youngmo/ros2_ws/install/hangman_interfaces/local/lib/python3.10/dist-packages/hangman_interfaces/srv'...
[3.316s] Compiling '/home/youngmo/ros2_ws/install/hangman_interfaces/local/lib/python3.10/dist-packages/hangman_interfaces/srv/__init__.py'...
[3.316s] Compiling '/home/youngmo/ros2_ws/install/hangman_interfaces/local/lib/python3.10/dist-packages/hangman_interfaces/srv/_check_letter.py'...
[3.319s] -- Installing: /home/youngmo/ros2_ws/install/hangman_interfaces/local/lib/python3.10/dist-packages/hangman_interfaces/hangman_interfaces_s__rosidl_typesupport_fastrtps_c.cpython-310-x86_64-linux-gnu.so
[3.319s] -- Set runtime path of "/home/youngmo/ros2_ws/install/hangman_interfaces/local/lib/python3.10/dist-packages/hangman_interfaces/hangman_interfaces_s__rosidl_typesupport_fastrtps_c.cpython-310-x86_64-linux-gnu.so" to ""
[3.319s] -- Installing: /home/youngmo/ros2_ws/install/hangman_interfaces/local/lib/python3.10/dist-packages/hangman_interfaces/hangman_interfaces_s__rosidl_typesupport_introspection_c.cpython-310-x86_64-linux-gnu.so
[3.319s] -- Set runtime path of "/home/youngmo/ros2_ws/install/hangman_interfaces/local/lib/python3.10/dist-packages/hangman_interfaces/hangman_interfaces_s__rosidl_typesupport_introspection_c.cpython-310-x86_64-linux-gnu.so" to ""
[3.319s] -- Installing: /home/youngmo/ros2_ws/install/hangman_interfaces/local/lib/python3.10/dist-packages/hangman_interfaces/hangman_interfaces_s__rosidl_typesupport_c.cpython-310-x86_64-linux-gnu.so
[3.320s] -- Set runtime path of "/home/youngmo/ros2_ws/install/hangman_interfaces/local/lib/python3.10/dist-packages/hangman_interfaces/hangman_interfaces_s__rosidl_typesupport_c.cpython-310-x86_64-linux-gnu.so" to ""
[3.320s] -- Installing: /home/youngmo/ros2_ws/install/hangman_interfaces/lib/libhangman_interfaces__rosidl_generator_py.so
[3.320s] -- Set runtime path of "/home/youngmo/ros2_ws/install/hangman_interfaces/lib/libhangman_interfaces__rosidl_generator_py.so" to ""
[3.320s] -- Installing: /home/youngmo/ros2_ws/install/hangman_interfaces/share/hangman_interfaces/msg/Progress.idl
[3.320s] -- Up-to-date: /home/youngmo/ros2_ws/install/hangman_interfaces/share/hangman_interfaces/srv/CheckLetter.idl
[3.320s] -- Up-to-date: /home/youngmo/ros2_ws/install/hangman_interfaces/share/hangman_interfaces/action/GameProgress.idl
[3.321s] -- Installing: /home/youngmo/ros2_ws/install/hangman_interfaces/share/hangman_interfaces/msg/Progress.msg
[3.321s] -- Up-to-date: /home/youngmo/ros2_ws/install/hangman_interfaces/share/hangman_interfaces/srv/CheckLetter.srv
[3.321s] -- Up-to-date: /home/youngmo/ros2_ws/install/hangman_interfaces/share/hangman_interfaces/srv/CheckLetter_Request.msg
[3.321s] -- Up-to-date: /home/youngmo/ros2_ws/install/hangman_interfaces/share/hangman_interfaces/srv/CheckLetter_Response.msg
[3.321s] -- Up-to-date: /home/youngmo/ros2_ws/install/hangman_interfaces/share/hangman_interfaces/action/GameProgress.action
[3.321s] -- Up-to-date: /home/youngmo/ros2_ws/install/hangman_interfaces/share/ament_index/resource_index/package_run_dependencies/hangman_interfaces
[3.321s] -- Installing: /home/youngmo/ros2_ws/install/hangman_interfaces/share/ament_index/resource_index/parent_prefix_path/hangman_interfaces
[3.321s] -- Up-to-date: /home/youngmo/ros2_ws/install/hangman_interfaces/share/hangman_interfaces/environment/ament_prefix_path.sh
[3.321s] -- Installing: /home/youngmo/ros2_ws/install/hangman_interfaces/share/hangman_interfaces/environment/ament_prefix_path.dsv
[3.321s] -- Up-to-date: /home/youngmo/ros2_ws/install/hangman_interfaces/share/hangman_interfaces/environment/path.sh
[3.321s] -- Installing: /home/youngmo/ros2_ws/install/hangman_interfaces/share/hangman_interfaces/environment/path.dsv
[3.322s] -- Up-to-date: /home/youngmo/ros2_ws/install/hangman_interfaces/share/hangman_interfaces/local_setup.bash
[3.322s] -- Up-to-date: /home/youngmo/ros2_ws/install/hangman_interfaces/share/hangman_interfaces/local_setup.sh
[3.322s] -- Up-to-date: /home/youngmo/ros2_ws/install/hangman_interfaces/share/hangman_interfaces/local_setup.zsh
[3.322s] -- Installing: /home/youngmo/ros2_ws/install/hangman_interfaces/share/hangman_interfaces/local_setup.dsv
[3.322s] -- Installing: /home/youngmo/ros2_ws/install/hangman_interfaces/share/hangman_interfaces/package.dsv
[3.322s] -- Up-to-date: /home/youngmo/ros2_ws/install/hangman_interfaces/share/ament_index/resource_index/packages/hangman_interfaces
[3.322s] -- Up-to-date: /home/youngmo/ros2_ws/install/hangman_interfaces/share/hangman_interfaces/cmake/export_hangman_interfaces__rosidl_generator_cExport.cmake
[3.322s] -- Up-to-date: /home/youngmo/ros2_ws/install/hangman_interfaces/share/hangman_interfaces/cmake/export_hangman_interfaces__rosidl_generator_cExport-noconfig.cmake
[3.322s] -- Up-to-date: /home/youngmo/ros2_ws/install/hangman_interfaces/share/hangman_interfaces/cmake/export_hangman_interfaces__rosidl_typesupport_fastrtps_cExport.cmake
[3.322s] -- Up-to-date: /home/youngmo/ros2_ws/install/hangman_interfaces/share/hangman_interfaces/cmake/export_hangman_interfaces__rosidl_typesupport_fastrtps_cExport-noconfig.cmake
[3.322s] -- Up-to-date: /home/youngmo/ros2_ws/install/hangman_interfaces/share/hangman_interfaces/cmake/export_hangman_interfaces__rosidl_generator_cppExport.cmake
[3.322s] -- Up-to-date: /home/youngmo/ros2_ws/install/hangman_interfaces/share/hangman_interfaces/cmake/export_hangman_interfaces__rosidl_typesupport_fastrtps_cppExport.cmake
[3.323s] -- Up-to-date: /home/youngmo/ros2_ws/install/hangman_interfaces/share/hangman_interfaces/cmake/export_hangman_interfaces__rosidl_typesupport_fastrtps_cppExport-noconfig.cmake
[3.323s] -- Up-to-date: /home/youngmo/ros2_ws/install/hangman_interfaces/share/hangman_interfaces/cmake/hangman_interfaces__rosidl_typesupport_introspection_cExport.cmake
[3.323s] -- Up-to-date: /home/youngmo/ros2_ws/install/hangman_interfaces/share/hangman_interfaces/cmake/hangman_interfaces__rosidl_typesupport_introspection_cExport-noconfig.cmake
[3.323s] -- Up-to-date: /home/youngmo/ros2_ws/install/hangman_interfaces/share/hangman_interfaces/cmake/hangman_interfaces__rosidl_typesupport_cExport.cmake
[3.323s] -- Up-to-date: /home/youngmo/ros2_ws/install/hangman_interfaces/share/hangman_interfaces/cmake/hangman_interfaces__rosidl_typesupport_cExport-noconfig.cmake
[3.323s] -- Up-to-date: /home/youngmo/ros2_ws/install/hangman_interfaces/share/hangman_interfaces/cmake/hangman_interfaces__rosidl_typesupport_introspection_cppExport.cmake
[3.323s] -- Up-to-date: /home/youngmo/ros2_ws/install/hangman_interfaces/share/hangman_interfaces/cmake/hangman_interfaces__rosidl_typesupport_introspection_cppExport-noconfig.cmake
[3.323s] -- Up-to-date: /home/youngmo/ros2_ws/install/hangman_interfaces/share/hangman_interfaces/cmake/hangman_interfaces__rosidl_typesupport_cppExport.cmake
[3.323s] -- Up-to-date: /home/youngmo/ros2_ws/install/hangman_interfaces/share/hangman_interfaces/cmake/hangman_interfaces__rosidl_typesupport_cppExport-noconfig.cmake
[3.323s] -- Up-to-date: /home/youngmo/ros2_ws/install/hangman_interfaces/share/hangman_interfaces/cmake/export_hangman_interfaces__rosidl_generator_pyExport.cmake
[3.323s] -- Up-to-date: /home/youngmo/ros2_ws/install/hangman_interfaces/share/hangman_interfaces/cmake/export_hangman_interfaces__rosidl_generator_pyExport-noconfig.cmake
[3.323s] -- Up-to-date: /home/youngmo/ros2_ws/install/hangman_interfaces/share/hangman_interfaces/cmake/ament_cmake_export_dependencies-extras.cmake
[3.323s] -- Up-to-date: /home/youngmo/ros2_ws/install/hangman_interfaces/share/hangman_interfaces/cmake/rosidl_cmake-extras.cmake
[3.323s] -- Up-to-date: /home/youngmo/ros2_ws/install/hangman_interfaces/share/hangman_interfaces/cmake/ament_cmake_export_include_directories-extras.cmake
[3.323s] -- Up-to-date: /home/youngmo/ros2_ws/install/hangman_interfaces/share/hangman_interfaces/cmake/ament_cmake_export_libraries-extras.cmake
[3.323s] -- Up-to-date: /home/youngmo/ros2_ws/install/hangman_interfaces/share/hangman_interfaces/cmake/ament_cmake_export_targets-extras.cmake
[3.323s] -- Up-to-date: /home/youngmo/ros2_ws/install/hangman_interfaces/share/hangman_interfaces/cmake/rosidl_cmake_export_typesupport_targets-extras.cmake
[3.323s] -- Up-to-date: /home/youngmo/ros2_ws/install/hangman_interfaces/share/hangman_interfaces/cmake/rosidl_cmake_export_typesupport_libraries-extras.cmake
[3.323s] -- Up-to-date: /home/youngmo/ros2_ws/install/hangman_interfaces/share/hangman_interfaces/cmake/hangman_interfacesConfig.cmake
[3.323s] -- Up-to-date: /home/youngmo/ros2_ws/install/hangman_interfaces/share/hangman_interfaces/cmake/hangman_interfacesConfig-version.cmake
[3.323s] -- Up-to-date: /home/youngmo/ros2_ws/install/hangman_interfaces/share/hangman_interfaces/package.xml
[3.326s] Invoked command in '/home/youngmo/ros2_ws/build/hangman_interfaces' returned '0': CMAKE_PREFIX_PATH=${CMAKE_PREFIX_PATH}:/home/youngmo/ros2_ws/install/ros_study_py:/home/youngmo/ros2_ws/install/ex_calculator_py:/home/youngmo/ros2_ws/install/hangman_game:/opt/ros/humble /usr/bin/cmake --install /home/youngmo/ros2_ws/build/hangman_interfaces
