running egg_info
writing ../../build/ros_study_py/ros_study_py.egg-info/PKG-INFO
writing dependency_links to ../../build/ros_study_py/ros_study_py.egg-info/dependency_links.txt
writing entry points to ../../build/ros_study_py/ros_study_py.egg-info/entry_points.txt
writing requirements to ../../build/ros_study_py/ros_study_py.egg-info/requires.txt
writing top-level names to ../../build/ros_study_py/ros_study_py.egg-info/top_level.txt
reading manifest file '../../build/ros_study_py/ros_study_py.egg-info/SOURCES.txt'
writing manifest file '../../build/ros_study_py/ros_study_py.egg-info/SOURCES.txt'
running build
running build_py
running install
running install_lib
running install_data
running install_egg_info
removing '/home/youngmo/ros2_ws/install/ros_study_py/lib/python3.10/site-packages/ros_study_py-0.0.0-py3.10.egg-info' (and everything under it)
Copying ../../build/ros_study_py/ros_study_py.egg-info to /home/youngmo/ros2_ws/install/ros_study_py/lib/python3.10/site-packages/ros_study_py-0.0.0-py3.10.egg-info
running install_scripts
Installing my_msg_subscriber script to /home/youngmo/ros2_ws/install/ros_study_py/lib/ros_study_py
Installing my_msg_test script to /home/youngmo/ros2_ws/install/ros_study_py/lib/ros_study_py
Installing my_service_client script to /home/youngmo/ros2_ws/install/ros_study_py/lib/ros_study_py
Installing my_service_server script to /home/youngmo/ros2_ws/install/ros_study_py/lib/ros_study_py
writing list of installed files to '/home/youngmo/ros2_ws/build/ros_study_py/install.log'
