[0.007s] Invoking command in '/home/youngmo/ros2_ws/build/ros_study_msgs': CMAKE_PREFIX_PATH=${CMAKE_PREFIX_PATH}:/home/youngmo/ros2_ws/install/ros_study_py:/home/youngmo/ros2_ws/install/ex_calculator_py:/opt/ros/humble /usr/bin/cmake /home/youngmo/ros2_ws/src/ros_study_msgs -DCMAKE_INSTALL_PREFIX=/home/youngmo/ros2_ws/install/ros_study_msgs
[0.062s] -- The C compiler identification is GNU 11.4.0
[0.113s] -- The CXX compiler identification is GNU 11.4.0
[0.118s] -- Detecting C compiler ABI info
[0.170s] -- Detecting C compiler ABI info - done
[0.177s] -- Check for working C compiler: /usr/bin/cc - skipped
[0.177s] -- Detecting C compile features
[0.177s] -- Detecting C compile features - done
[0.179s] -- Detecting CXX compiler ABI info
[0.273s] -- Detecting CXX compiler ABI info - done
[0.282s] -- Check for working CXX compiler: /usr/bin/c++ - skipped
[0.282s] -- Detecting CXX compile features
[0.283s] -- Detecting CXX compile features - done
[0.285s] -- Found ament_cmake: 1.3.11 (/opt/ros/humble/share/ament_cmake/cmake)
[0.406s] -- Found Python3: /usr/bin/python3 (found version "3.10.12") found components: Interpreter 
[0.464s] -- Found builtin_interfaces: 1.2.1 (/opt/ros/humble/share/builtin_interfaces/cmake)
[0.478s] -- Found rosidl_generator_c: 3.1.6 (/opt/ros/humble/share/rosidl_generator_c/cmake)
[0.479s] -- Found rosidl_adapter: 3.1.6 (/opt/ros/humble/share/rosidl_adapter/cmake)
[0.484s] -- Found rosidl_generator_cpp: 3.1.6 (/opt/ros/humble/share/rosidl_generator_cpp/cmake)
[0.489s] -- Using all available rosidl_typesupport_c: rosidl_typesupport_fastrtps_c;rosidl_typesupport_introspection_c
[0.495s] -- Using all available rosidl_typesupport_cpp: rosidl_typesupport_fastrtps_cpp;rosidl_typesupport_introspection_cpp
[0.502s] -- Found rosidl_default_generators: 1.2.0 (/opt/ros/humble/share/rosidl_default_generators/cmake)
[0.696s] -- Found ament_cmake_ros: 0.10.0 (/opt/ros/humble/share/ament_cmake_ros/cmake)
[0.945s] -- Using all available rosidl_typesupport_c: rosidl_typesupport_fastrtps_c;rosidl_typesupport_introspection_c
[1.064s] -- Using all available rosidl_typesupport_cpp: rosidl_typesupport_fastrtps_cpp;rosidl_typesupport_introspection_cpp
[1.088s] -- Found PythonInterp: /usr/bin/python3 (found suitable version "3.10.12", minimum required is "3.6") 
[1.090s] -- Found python_cmake_module: 0.10.0 (/opt/ros/humble/share/python_cmake_module/cmake)
[1.118s] -- Found PythonLibs: /usr/lib/x86_64-linux-gnu/libpython3.10.so (found suitable version "3.10.12", minimum required is "3.5") 
[1.118s] -- Using PYTHON_EXECUTABLE: /usr/bin/python3
[1.118s] -- Using PYTHON_INCLUDE_DIRS: /usr/include/python3.10
[1.118s] -- Using PYTHON_LIBRARIES: /usr/lib/x86_64-linux-gnu/libpython3.10.so
[1.140s] -- Found PythonExtra: .so  
[1.174s] -- Found ament_lint_auto: 0.12.12 (/opt/ros/humble/share/ament_lint_auto/cmake)
[1.180s] -- Added test 'lint_cmake' to check CMake code style
[1.180s] -- Added test 'xmllint' to check XML markup files
[1.181s] -- Configuring done
[1.197s] -- Generating done
[1.202s] -- Build files have been written to: /home/youngmo/ros2_ws/build/ros_study_msgs
[1.206s] Invoked command in '/home/youngmo/ros2_ws/build/ros_study_msgs' returned '0': CMAKE_PREFIX_PATH=${CMAKE_PREFIX_PATH}:/home/youngmo/ros2_ws/install/ros_study_py:/home/youngmo/ros2_ws/install/ex_calculator_py:/opt/ros/humble /usr/bin/cmake /home/youngmo/ros2_ws/src/ros_study_msgs -DCMAKE_INSTALL_PREFIX=/home/youngmo/ros2_ws/install/ros_study_msgs
[1.209s] Invoking command in '/home/youngmo/ros2_ws/build/ros_study_msgs': CMAKE_PREFIX_PATH=${CMAKE_PREFIX_PATH}:/home/youngmo/ros2_ws/install/ros_study_py:/home/youngmo/ros2_ws/install/ex_calculator_py:/opt/ros/humble /usr/bin/cmake --build /home/youngmo/ros2_ws/build/ros_study_msgs -- -j16 -l16
[1.243s] [  1%] [34m[1mGenerating C code for ROS interfaces[0m
[1.254s] [  2%] [34m[1mGenerating C++ code for ROS interfaces[0m
[1.261s] [  2%] Built target ament_cmake_python_copy_ros_study_msgs
[1.392s] running egg_info
[1.393s] creating ros_study_msgs.egg-info
[1.393s] writing ros_study_msgs.egg-info/PKG-INFO
[1.393s] writing dependency_links to ros_study_msgs.egg-info/dependency_links.txt
[1.393s] writing top-level names to ros_study_msgs.egg-info/top_level.txt
[1.393s] writing manifest file 'ros_study_msgs.egg-info/SOURCES.txt'
[1.393s] reading manifest file 'ros_study_msgs.egg-info/SOURCES.txt'
[1.394s] writing manifest file 'ros_study_msgs.egg-info/SOURCES.txt'
[1.413s] [  2%] Built target ament_cmake_python_build_ros_study_msgs_egg
[1.870s] [  4%] [32mBuilding C object CMakeFiles/ros_study_msgs__rosidl_generator_c.dir/rosidl_generator_c/ros_study_msgs/msg/detail/my_msg__functions.c.o[0m
[1.874s] [  5%] [32mBuilding C object CMakeFiles/ros_study_msgs__rosidl_generator_c.dir/rosidl_generator_c/ros_study_msgs/srv/detail/arithmetic_operator__functions.c.o[0m
[1.874s] [  7%] [32mBuilding C object CMakeFiles/ros_study_msgs__rosidl_generator_c.dir/rosidl_generator_c/ros_study_msgs/msg/detail/arithmetic_argument__functions.c.o[0m
[1.874s] [  8%] [32mBuilding C object CMakeFiles/ros_study_msgs__rosidl_generator_c.dir/rosidl_generator_c/ros_study_msgs/action/detail/arithmetic_checker__functions.c.o[0m
[1.874s] [  9%] [32mBuilding C object CMakeFiles/ros_study_msgs__rosidl_generator_c.dir/rosidl_generator_c/ros_study_msgs/srv/detail/my_srv__functions.c.o[0m
[1.875s] [ 11%] [32mBuilding C object CMakeFiles/ros_study_msgs__rosidl_generator_c.dir/rosidl_generator_c/ros_study_msgs/action/detail/my_action__functions.c.o[0m
[1.890s] [ 11%] Built target ros_study_msgs__cpp
[1.900s] [ 14%] [34m[1mGenerating C++ introspection for ROS interfaces[0m
[1.901s] [ 14%] [34m[1mGenerating C++ type support dispatch for ROS interfaces[0m
[1.901s] [ 15%] [34m[1mGenerating C++ type support for eProsima Fast-RTPS[0m
[2.007s] [ 16%] [32m[1mLinking C shared library libros_study_msgs__rosidl_generator_c.so[0m
[2.057s] [ 16%] Built target ros_study_msgs__rosidl_generator_c
[2.065s] [ 18%] [34m[1mGenerating C introspection for ROS interfaces[0m
[2.066s] [ 19%] [34m[1mGenerating C type support for eProsima Fast-RTPS[0m
[2.067s] [ 21%] [34m[1mGenerating C type support dispatch for ROS interfaces[0m
[2.367s] [ 23%] [32mBuilding CXX object CMakeFiles/ros_study_msgs__rosidl_typesupport_cpp.dir/rosidl_typesupport_cpp/ros_study_msgs/srv/my_srv__type_support.cpp.o[0m
[2.367s] [ 23%] [32mBuilding CXX object CMakeFiles/ros_study_msgs__rosidl_typesupport_cpp.dir/rosidl_typesupport_cpp/ros_study_msgs/srv/arithmetic_operator__type_support.cpp.o[0m
[2.368s] [ 25%] [32mBuilding CXX object CMakeFiles/ros_study_msgs__rosidl_typesupport_cpp.dir/rosidl_typesupport_cpp/ros_study_msgs/msg/my_msg__type_support.cpp.o[0m
[2.368s] [ 26%] [32mBuilding CXX object CMakeFiles/ros_study_msgs__rosidl_typesupport_cpp.dir/rosidl_typesupport_cpp/ros_study_msgs/action/my_action__type_support.cpp.o[0m
[2.369s] [ 28%] [32mBuilding CXX object CMakeFiles/ros_study_msgs__rosidl_typesupport_cpp.dir/rosidl_typesupport_cpp/ros_study_msgs/action/arithmetic_checker__type_support.cpp.o[0m
[2.369s] [ 29%] [32mBuilding CXX object CMakeFiles/ros_study_msgs__rosidl_typesupport_cpp.dir/rosidl_typesupport_cpp/ros_study_msgs/msg/arithmetic_argument__type_support.cpp.o[0m
[2.508s] [ 32%] [32mBuilding CXX object CMakeFiles/ros_study_msgs__rosidl_typesupport_introspection_cpp.dir/rosidl_typesupport_introspection_cpp/ros_study_msgs/srv/detail/arithmetic_operator__type_support.cpp.o[0m
[2.509s] [ 32%] [32mBuilding CXX object CMakeFiles/ros_study_msgs__rosidl_typesupport_introspection_cpp.dir/rosidl_typesupport_introspection_cpp/ros_study_msgs/srv/detail/my_srv__type_support.cpp.o[0m
[2.515s] [ 33%] [32mBuilding CXX object CMakeFiles/ros_study_msgs__rosidl_typesupport_introspection_cpp.dir/rosidl_typesupport_introspection_cpp/ros_study_msgs/action/detail/my_action__type_support.cpp.o[0m
[2.519s] [ 35%] [32mBuilding CXX object CMakeFiles/ros_study_msgs__rosidl_typesupport_introspection_cpp.dir/rosidl_typesupport_introspection_cpp/ros_study_msgs/msg/detail/arithmetic_argument__type_support.cpp.o[0m
[2.523s] [ 36%] [32mBuilding CXX object CMakeFiles/ros_study_msgs__rosidl_typesupport_introspection_cpp.dir/rosidl_typesupport_introspection_cpp/ros_study_msgs/msg/detail/my_msg__type_support.cpp.o[0m
[2.523s] [ 38%] [32mBuilding CXX object CMakeFiles/ros_study_msgs__rosidl_typesupport_introspection_cpp.dir/rosidl_typesupport_introspection_cpp/ros_study_msgs/action/detail/arithmetic_checker__type_support.cpp.o[0m
[2.569s] [ 39%] [32mBuilding CXX object CMakeFiles/ros_study_msgs__rosidl_typesupport_c.dir/rosidl_typesupport_c/ros_study_msgs/msg/my_msg__type_support.cpp.o[0m
[2.576s] [ 40%] [32mBuilding CXX object CMakeFiles/ros_study_msgs__rosidl_typesupport_c.dir/rosidl_typesupport_c/ros_study_msgs/srv/my_srv__type_support.cpp.o[0m
[2.579s] [ 42%] [32mBuilding CXX object CMakeFiles/ros_study_msgs__rosidl_typesupport_c.dir/rosidl_typesupport_c/ros_study_msgs/action/my_action__type_support.cpp.o[0m
[2.583s] [ 43%] [32mBuilding CXX object CMakeFiles/ros_study_msgs__rosidl_typesupport_c.dir/rosidl_typesupport_c/ros_study_msgs/msg/arithmetic_argument__type_support.cpp.o[0m
[2.590s] [ 45%] [32mBuilding CXX object CMakeFiles/ros_study_msgs__rosidl_typesupport_c.dir/rosidl_typesupport_c/ros_study_msgs/srv/arithmetic_operator__type_support.cpp.o[0m
[2.632s] [ 46%] [32mBuilding CXX object CMakeFiles/ros_study_msgs__rosidl_typesupport_c.dir/rosidl_typesupport_c/ros_study_msgs/action/arithmetic_checker__type_support.cpp.o[0m
[2.657s] [ 47%] [32mBuilding CXX object CMakeFiles/ros_study_msgs__rosidl_typesupport_fastrtps_cpp.dir/rosidl_typesupport_fastrtps_cpp/ros_study_msgs/msg/detail/dds_fastrtps/my_msg__type_support.cpp.o[0m
[2.659s] [ 49%] [32mBuilding CXX object CMakeFiles/ros_study_msgs__rosidl_typesupport_fastrtps_cpp.dir/rosidl_typesupport_fastrtps_cpp/ros_study_msgs/srv/detail/dds_fastrtps/my_srv__type_support.cpp.o[0m
[2.661s] [ 50%] [32m[1mLinking CXX shared library libros_study_msgs__rosidl_typesupport_cpp.so[0m
[2.666s] [ 53%] [32mBuilding CXX object CMakeFiles/ros_study_msgs__rosidl_typesupport_fastrtps_cpp.dir/rosidl_typesupport_fastrtps_cpp/ros_study_msgs/action/detail/dds_fastrtps/arithmetic_checker__type_support.cpp.o[0m
[2.667s] [ 53%] [32mBuilding CXX object CMakeFiles/ros_study_msgs__rosidl_typesupport_fastrtps_cpp.dir/rosidl_typesupport_fastrtps_cpp/ros_study_msgs/action/detail/dds_fastrtps/my_action__type_support.cpp.o[0m
[2.675s] [ 54%] [32mBuilding CXX object CMakeFiles/ros_study_msgs__rosidl_typesupport_fastrtps_cpp.dir/rosidl_typesupport_fastrtps_cpp/ros_study_msgs/msg/detail/dds_fastrtps/arithmetic_argument__type_support.cpp.o[0m
[2.683s] [ 56%] [32mBuilding CXX object CMakeFiles/ros_study_msgs__rosidl_typesupport_fastrtps_cpp.dir/rosidl_typesupport_fastrtps_cpp/ros_study_msgs/srv/detail/dds_fastrtps/arithmetic_operator__type_support.cpp.o[0m
[2.724s] [ 57%] [32m[1mLinking CXX shared library libros_study_msgs__rosidl_typesupport_c.so[0m
[2.782s] [ 59%] [32mBuilding C object CMakeFiles/ros_study_msgs__rosidl_typesupport_introspection_c.dir/rosidl_typesupport_introspection_c/ros_study_msgs/msg/detail/arithmetic_argument__type_support.c.o[0m
[2.784s] [ 59%] Built target ros_study_msgs__rosidl_typesupport_cpp
[2.786s] [ 60%] [32mBuilding C object CMakeFiles/ros_study_msgs__rosidl_typesupport_introspection_c.dir/rosidl_typesupport_introspection_c/ros_study_msgs/msg/detail/my_msg__type_support.c.o[0m
[2.796s] [ 61%] [32mBuilding C object CMakeFiles/ros_study_msgs__rosidl_typesupport_introspection_c.dir/rosidl_typesupport_introspection_c/ros_study_msgs/srv/detail/my_srv__type_support.c.o[0m
[2.802s] [ 63%] [32mBuilding C object CMakeFiles/ros_study_msgs__rosidl_typesupport_introspection_c.dir/rosidl_typesupport_introspection_c/ros_study_msgs/action/detail/my_action__type_support.c.o[0m
[2.804s] [ 63%] Built target ros_study_msgs__rosidl_typesupport_c
[2.809s] [ 64%] [32mBuilding CXX object CMakeFiles/ros_study_msgs__rosidl_typesupport_fastrtps_c.dir/rosidl_typesupport_fastrtps_c/ros_study_msgs/msg/detail/my_msg__type_support_c.cpp.o[0m
[2.811s] [ 66%] [32mBuilding CXX object CMakeFiles/ros_study_msgs__rosidl_typesupport_fastrtps_c.dir/rosidl_typesupport_fastrtps_c/ros_study_msgs/msg/detail/arithmetic_argument__type_support_c.cpp.o[0m
[2.814s] [ 67%] [32mBuilding C object CMakeFiles/ros_study_msgs__rosidl_typesupport_introspection_c.dir/rosidl_typesupport_introspection_c/ros_study_msgs/srv/detail/arithmetic_operator__type_support.c.o[0m
[2.814s] [ 69%] [32mBuilding C object CMakeFiles/ros_study_msgs__rosidl_typesupport_introspection_c.dir/rosidl_typesupport_introspection_c/ros_study_msgs/action/detail/arithmetic_checker__type_support.c.o[0m
[2.831s] [ 70%] [32mBuilding CXX object CMakeFiles/ros_study_msgs__rosidl_typesupport_fastrtps_c.dir/rosidl_typesupport_fastrtps_c/ros_study_msgs/srv/detail/my_srv__type_support_c.cpp.o[0m
[2.844s] [ 71%] [32mBuilding CXX object CMakeFiles/ros_study_msgs__rosidl_typesupport_fastrtps_c.dir/rosidl_typesupport_fastrtps_c/ros_study_msgs/srv/detail/arithmetic_operator__type_support_c.cpp.o[0m
[2.853s] [ 73%] [32mBuilding CXX object CMakeFiles/ros_study_msgs__rosidl_typesupport_fastrtps_c.dir/rosidl_typesupport_fastrtps_c/ros_study_msgs/action/detail/my_action__type_support_c.cpp.o[0m
[2.872s] [ 74%] [32mBuilding CXX object CMakeFiles/ros_study_msgs__rosidl_typesupport_fastrtps_c.dir/rosidl_typesupport_fastrtps_c/ros_study_msgs/action/detail/arithmetic_checker__type_support_c.cpp.o[0m
[2.956s] [ 76%] [32m[1mLinking C shared library libros_study_msgs__rosidl_typesupport_introspection_c.so[0m
[2.986s] [ 76%] Built target ros_study_msgs__rosidl_typesupport_introspection_c
[3.022s] [ 77%] [32m[1mLinking CXX shared library libros_study_msgs__rosidl_typesupport_introspection_cpp.so[0m
[3.099s] [ 77%] Built target ros_study_msgs__rosidl_typesupport_introspection_cpp
[3.108s] [ 78%] [32m[1mLinking CXX shared library libros_study_msgs__rosidl_typesupport_fastrtps_cpp.so[0m
[3.191s] [ 78%] Built target ros_study_msgs__rosidl_typesupport_fastrtps_cpp
[3.198s] [ 80%] [32m[1mLinking CXX shared library libros_study_msgs__rosidl_typesupport_fastrtps_c.so[0m
[3.279s] [ 80%] Built target ros_study_msgs__rosidl_typesupport_fastrtps_c
[3.298s] [ 80%] Built target ros_study_msgs
[3.321s] [ 81%] [34m[1mGenerating Python code for ROS interfaces[0m
[4.797s] [ 81%] Built target ros_study_msgs__py
[4.820s] [ 83%] [32mBuilding C object CMakeFiles/ros_study_msgs__rosidl_generator_py.dir/rosidl_generator_py/ros_study_msgs/msg/_arithmetic_argument_s.c.o[0m
[4.820s] [ 84%] [32mBuilding C object CMakeFiles/ros_study_msgs__rosidl_generator_py.dir/rosidl_generator_py/ros_study_msgs/action/_my_action_s.c.o[0m
[4.821s] [ 87%] [32mBuilding C object CMakeFiles/ros_study_msgs__rosidl_generator_py.dir/rosidl_generator_py/ros_study_msgs/msg/_my_msg_s.c.o[0m
[4.822s] [ 87%] [32mBuilding C object CMakeFiles/ros_study_msgs__rosidl_generator_py.dir/rosidl_generator_py/ros_study_msgs/srv/_my_srv_s.c.o[0m
[4.822s] [ 88%] [32mBuilding C object CMakeFiles/ros_study_msgs__rosidl_generator_py.dir/rosidl_generator_py/ros_study_msgs/srv/_arithmetic_operator_s.c.o[0m
[4.822s] [ 90%] [32mBuilding C object CMakeFiles/ros_study_msgs__rosidl_generator_py.dir/rosidl_generator_py/ros_study_msgs/action/_arithmetic_checker_s.c.o[0m
[4.964s] [ 91%] [32m[1mLinking C shared library rosidl_generator_py/ros_study_msgs/libros_study_msgs__rosidl_generator_py.so[0m
[4.999s] [ 91%] Built target ros_study_msgs__rosidl_generator_py
[5.021s] [ 92%] [32mBuilding C object CMakeFiles/ros_study_msgs__rosidl_typesupport_fastrtps_c__pyext.dir/rosidl_generator_py/ros_study_msgs/_ros_study_msgs_s.ep.rosidl_typesupport_fastrtps_c.c.o[0m
[5.023s] [ 94%] [32mBuilding C object CMakeFiles/ros_study_msgs__rosidl_typesupport_c__pyext.dir/rosidl_generator_py/ros_study_msgs/_ros_study_msgs_s.ep.rosidl_typesupport_c.c.o[0m
[5.023s] [ 95%] [32mBuilding C object CMakeFiles/ros_study_msgs__rosidl_typesupport_introspection_c__pyext.dir/rosidl_generator_py/ros_study_msgs/_ros_study_msgs_s.ep.rosidl_typesupport_introspection_c.c.o[0m
[5.170s] [ 97%] [32m[1mLinking C shared library rosidl_generator_py/ros_study_msgs/ros_study_msgs_s__rosidl_typesupport_fastrtps_c.cpython-310-x86_64-linux-gnu.so[0m
[5.171s] [ 98%] [32m[1mLinking C shared library rosidl_generator_py/ros_study_msgs/ros_study_msgs_s__rosidl_typesupport_introspection_c.cpython-310-x86_64-linux-gnu.so[0m
[5.179s] [100%] [32m[1mLinking C shared library rosidl_generator_py/ros_study_msgs/ros_study_msgs_s__rosidl_typesupport_c.cpython-310-x86_64-linux-gnu.so[0m
[5.216s] [100%] Built target ros_study_msgs__rosidl_typesupport_fastrtps_c__pyext
[5.216s] [100%] Built target ros_study_msgs__rosidl_typesupport_introspection_c__pyext
[5.229s] [100%] Built target ros_study_msgs__rosidl_typesupport_c__pyext
[5.244s] Invoked command in '/home/youngmo/ros2_ws/build/ros_study_msgs' returned '0': CMAKE_PREFIX_PATH=${CMAKE_PREFIX_PATH}:/home/youngmo/ros2_ws/install/ros_study_py:/home/youngmo/ros2_ws/install/ex_calculator_py:/opt/ros/humble /usr/bin/cmake --build /home/youngmo/ros2_ws/build/ros_study_msgs -- -j16 -l16
[5.268s] Invoking command in '/home/youngmo/ros2_ws/build/ros_study_msgs': CMAKE_PREFIX_PATH=${CMAKE_PREFIX_PATH}:/home/youngmo/ros2_ws/install/ros_study_py:/home/youngmo/ros2_ws/install/ex_calculator_py:/opt/ros/humble /usr/bin/cmake --install /home/youngmo/ros2_ws/build/ros_study_msgs
[5.277s] -- Install configuration: ""
[5.278s] -- Installing: /home/youngmo/ros2_ws/install/ros_study_msgs/share/ament_index/resource_index/rosidl_interfaces/ros_study_msgs
[5.278s] -- Installing: /home/youngmo/ros2_ws/install/ros_study_msgs/include/ros_study_msgs/ros_study_msgs
[5.278s] -- Installing: /home/youngmo/ros2_ws/install/ros_study_msgs/include/ros_study_msgs/ros_study_msgs/srv
[5.279s] -- Installing: /home/youngmo/ros2_ws/install/ros_study_msgs/include/ros_study_msgs/ros_study_msgs/srv/my_srv.h
[5.279s] -- Installing: /home/youngmo/ros2_ws/install/ros_study_msgs/include/ros_study_msgs/ros_study_msgs/srv/detail
[5.279s] -- Installing: /home/youngmo/ros2_ws/install/ros_study_msgs/include/ros_study_msgs/ros_study_msgs/srv/detail/arithmetic_operator__functions.c
[5.279s] -- Installing: /home/youngmo/ros2_ws/install/ros_study_msgs/include/ros_study_msgs/ros_study_msgs/srv/detail/my_srv__functions.c
[5.279s] -- Installing: /home/youngmo/ros2_ws/install/ros_study_msgs/include/ros_study_msgs/ros_study_msgs/srv/detail/my_srv__type_support.h
[5.279s] -- Installing: /home/youngmo/ros2_ws/install/ros_study_msgs/include/ros_study_msgs/ros_study_msgs/srv/detail/arithmetic_operator__type_support.h
[5.279s] -- Installing: /home/youngmo/ros2_ws/install/ros_study_msgs/include/ros_study_msgs/ros_study_msgs/srv/detail/my_srv__functions.h
[5.279s] -- Installing: /home/youngmo/ros2_ws/install/ros_study_msgs/include/ros_study_msgs/ros_study_msgs/srv/detail/my_srv__struct.h
[5.279s] -- Installing: /home/youngmo/ros2_ws/install/ros_study_msgs/include/ros_study_msgs/ros_study_msgs/srv/detail/arithmetic_operator__functions.h
[5.280s] -- Installing: /home/youngmo/ros2_ws/install/ros_study_msgs/include/ros_study_msgs/ros_study_msgs/srv/detail/arithmetic_operator__struct.h
[5.280s] -- Installing: /home/youngmo/ros2_ws/install/ros_study_msgs/include/ros_study_msgs/ros_study_msgs/srv/arithmetic_operator.h
[5.280s] -- Installing: /home/youngmo/ros2_ws/install/ros_study_msgs/include/ros_study_msgs/ros_study_msgs/action
[5.280s] -- Installing: /home/youngmo/ros2_ws/install/ros_study_msgs/include/ros_study_msgs/ros_study_msgs/action/detail
[5.280s] -- Installing: /home/youngmo/ros2_ws/install/ros_study_msgs/include/ros_study_msgs/ros_study_msgs/action/detail/my_action__functions.c
[5.282s] -- Installing: /home/youngmo/ros2_ws/install/ros_study_msgs/include/ros_study_msgs/ros_study_msgs/action/detail/my_action__type_support.h
[5.282s] -- Installing: /home/youngmo/ros2_ws/install/ros_study_msgs/include/ros_study_msgs/ros_study_msgs/action/detail/my_action__struct.h
[5.282s] -- Installing: /home/youngmo/ros2_ws/install/ros_study_msgs/include/ros_study_msgs/ros_study_msgs/action/detail/arithmetic_checker__functions.c
[5.282s] -- Installing: /home/youngmo/ros2_ws/install/ros_study_msgs/include/ros_study_msgs/ros_study_msgs/action/detail/arithmetic_checker__functions.h
[5.282s] -- Installing: /home/youngmo/ros2_ws/install/ros_study_msgs/include/ros_study_msgs/ros_study_msgs/action/detail/arithmetic_checker__type_support.h
[5.282s] -- Installing: /home/youngmo/ros2_ws/install/ros_study_msgs/include/ros_study_msgs/ros_study_msgs/action/detail/my_action__functions.h
[5.282s] -- Installing: /home/youngmo/ros2_ws/install/ros_study_msgs/include/ros_study_msgs/ros_study_msgs/action/detail/arithmetic_checker__struct.h
[5.282s] -- Installing: /home/youngmo/ros2_ws/install/ros_study_msgs/include/ros_study_msgs/ros_study_msgs/action/my_action.h
[5.282s] -- Installing: /home/youngmo/ros2_ws/install/ros_study_msgs/include/ros_study_msgs/ros_study_msgs/action/arithmetic_checker.h
[5.282s] -- Installing: /home/youngmo/ros2_ws/install/ros_study_msgs/include/ros_study_msgs/ros_study_msgs/msg
[5.282s] -- Installing: /home/youngmo/ros2_ws/install/ros_study_msgs/include/ros_study_msgs/ros_study_msgs/msg/arithmetic_argument.h
[5.282s] -- Installing: /home/youngmo/ros2_ws/install/ros_study_msgs/include/ros_study_msgs/ros_study_msgs/msg/my_msg.h
[5.283s] -- Installing: /home/youngmo/ros2_ws/install/ros_study_msgs/include/ros_study_msgs/ros_study_msgs/msg/detail
[5.283s] -- Installing: /home/youngmo/ros2_ws/install/ros_study_msgs/include/ros_study_msgs/ros_study_msgs/msg/detail/arithmetic_argument__struct.h
[5.283s] -- Installing: /home/youngmo/ros2_ws/install/ros_study_msgs/include/ros_study_msgs/ros_study_msgs/msg/detail/my_msg__struct.h
[5.283s] -- Installing: /home/youngmo/ros2_ws/install/ros_study_msgs/include/ros_study_msgs/ros_study_msgs/msg/detail/my_msg__functions.c
[5.283s] -- Installing: /home/youngmo/ros2_ws/install/ros_study_msgs/include/ros_study_msgs/ros_study_msgs/msg/detail/arithmetic_argument__functions.c
[5.283s] -- Installing: /home/youngmo/ros2_ws/install/ros_study_msgs/include/ros_study_msgs/ros_study_msgs/msg/detail/arithmetic_argument__functions.h
[5.283s] -- Installing: /home/youngmo/ros2_ws/install/ros_study_msgs/include/ros_study_msgs/ros_study_msgs/msg/detail/my_msg__type_support.h
[5.283s] -- Installing: /home/youngmo/ros2_ws/install/ros_study_msgs/include/ros_study_msgs/ros_study_msgs/msg/detail/my_msg__functions.h
[5.283s] -- Installing: /home/youngmo/ros2_ws/install/ros_study_msgs/include/ros_study_msgs/ros_study_msgs/msg/detail/arithmetic_argument__type_support.h
[5.283s] -- Installing: /home/youngmo/ros2_ws/install/ros_study_msgs/include/ros_study_msgs/ros_study_msgs/msg/rosidl_generator_c__visibility_control.h
[5.283s] -- Installing: /home/youngmo/ros2_ws/install/ros_study_msgs/share/ros_study_msgs/environment/library_path.sh
[5.283s] -- Installing: /home/youngmo/ros2_ws/install/ros_study_msgs/share/ros_study_msgs/environment/library_path.dsv
[5.283s] -- Installing: /home/youngmo/ros2_ws/install/ros_study_msgs/lib/libros_study_msgs__rosidl_generator_c.so
[5.283s] -- Set runtime path of "/home/youngmo/ros2_ws/install/ros_study_msgs/lib/libros_study_msgs__rosidl_generator_c.so" to ""
[5.285s] -- Up-to-date: /home/youngmo/ros2_ws/install/ros_study_msgs/include/ros_study_msgs/ros_study_msgs
[5.285s] -- Up-to-date: /home/youngmo/ros2_ws/install/ros_study_msgs/include/ros_study_msgs/ros_study_msgs/srv
[5.285s] -- Up-to-date: /home/youngmo/ros2_ws/install/ros_study_msgs/include/ros_study_msgs/ros_study_msgs/srv/detail
[5.285s] -- Installing: /home/youngmo/ros2_ws/install/ros_study_msgs/include/ros_study_msgs/ros_study_msgs/srv/detail/arithmetic_operator__rosidl_typesupport_fastrtps_c.h
[5.285s] -- Installing: /home/youngmo/ros2_ws/install/ros_study_msgs/include/ros_study_msgs/ros_study_msgs/srv/detail/my_srv__rosidl_typesupport_fastrtps_c.h
[5.285s] -- Up-to-date: /home/youngmo/ros2_ws/install/ros_study_msgs/include/ros_study_msgs/ros_study_msgs/action
[5.285s] -- Up-to-date: /home/youngmo/ros2_ws/install/ros_study_msgs/include/ros_study_msgs/ros_study_msgs/action/detail
[5.285s] -- Installing: /home/youngmo/ros2_ws/install/ros_study_msgs/include/ros_study_msgs/ros_study_msgs/action/detail/my_action__rosidl_typesupport_fastrtps_c.h
[5.285s] -- Installing: /home/youngmo/ros2_ws/install/ros_study_msgs/include/ros_study_msgs/ros_study_msgs/action/detail/arithmetic_checker__rosidl_typesupport_fastrtps_c.h
[5.285s] -- Up-to-date: /home/youngmo/ros2_ws/install/ros_study_msgs/include/ros_study_msgs/ros_study_msgs/msg
[5.285s] -- Up-to-date: /home/youngmo/ros2_ws/install/ros_study_msgs/include/ros_study_msgs/ros_study_msgs/msg/detail
[5.286s] -- Installing: /home/youngmo/ros2_ws/install/ros_study_msgs/include/ros_study_msgs/ros_study_msgs/msg/detail/arithmetic_argument__rosidl_typesupport_fastrtps_c.h
[5.286s] -- Installing: /home/youngmo/ros2_ws/install/ros_study_msgs/include/ros_study_msgs/ros_study_msgs/msg/detail/my_msg__rosidl_typesupport_fastrtps_c.h
[5.286s] -- Installing: /home/youngmo/ros2_ws/install/ros_study_msgs/include/ros_study_msgs/ros_study_msgs/msg/rosidl_typesupport_fastrtps_c__visibility_control.h
[5.286s] -- Installing: /home/youngmo/ros2_ws/install/ros_study_msgs/lib/libros_study_msgs__rosidl_typesupport_fastrtps_c.so
[5.286s] -- Set runtime path of "/home/youngmo/ros2_ws/install/ros_study_msgs/lib/libros_study_msgs__rosidl_typesupport_fastrtps_c.so" to ""
[5.286s] -- Up-to-date: /home/youngmo/ros2_ws/install/ros_study_msgs/include/ros_study_msgs/ros_study_msgs
[5.286s] -- Up-to-date: /home/youngmo/ros2_ws/install/ros_study_msgs/include/ros_study_msgs/ros_study_msgs/srv
[5.286s] -- Up-to-date: /home/youngmo/ros2_ws/install/ros_study_msgs/include/ros_study_msgs/ros_study_msgs/srv/detail
[5.286s] -- Installing: /home/youngmo/ros2_ws/install/ros_study_msgs/include/ros_study_msgs/ros_study_msgs/srv/detail/my_srv__traits.hpp
[5.286s] -- Installing: /home/youngmo/ros2_ws/install/ros_study_msgs/include/ros_study_msgs/ros_study_msgs/srv/detail/my_srv__type_support.hpp
[5.286s] -- Installing: /home/youngmo/ros2_ws/install/ros_study_msgs/include/ros_study_msgs/ros_study_msgs/srv/detail/arithmetic_operator__type_support.hpp
[5.286s] -- Installing: /home/youngmo/ros2_ws/install/ros_study_msgs/include/ros_study_msgs/ros_study_msgs/srv/detail/my_srv__builder.hpp
[5.286s] -- Installing: /home/youngmo/ros2_ws/install/ros_study_msgs/include/ros_study_msgs/ros_study_msgs/srv/detail/arithmetic_operator__traits.hpp
[5.286s] -- Installing: /home/youngmo/ros2_ws/install/ros_study_msgs/include/ros_study_msgs/ros_study_msgs/srv/detail/arithmetic_operator__struct.hpp
[5.286s] -- Installing: /home/youngmo/ros2_ws/install/ros_study_msgs/include/ros_study_msgs/ros_study_msgs/srv/detail/my_srv__struct.hpp
[5.286s] -- Installing: /home/youngmo/ros2_ws/install/ros_study_msgs/include/ros_study_msgs/ros_study_msgs/srv/detail/arithmetic_operator__builder.hpp
[5.287s] -- Installing: /home/youngmo/ros2_ws/install/ros_study_msgs/include/ros_study_msgs/ros_study_msgs/srv/my_srv.hpp
[5.287s] -- Installing: /home/youngmo/ros2_ws/install/ros_study_msgs/include/ros_study_msgs/ros_study_msgs/srv/arithmetic_operator.hpp
[5.287s] -- Up-to-date: /home/youngmo/ros2_ws/install/ros_study_msgs/include/ros_study_msgs/ros_study_msgs/action
[5.288s] -- Installing: /home/youngmo/ros2_ws/install/ros_study_msgs/include/ros_study_msgs/ros_study_msgs/action/my_action.hpp
[5.288s] -- Up-to-date: /home/youngmo/ros2_ws/install/ros_study_msgs/include/ros_study_msgs/ros_study_msgs/action/detail
[5.288s] -- Installing: /home/youngmo/ros2_ws/install/ros_study_msgs/include/ros_study_msgs/ros_study_msgs/action/detail/my_action__builder.hpp
[5.288s] -- Installing: /home/youngmo/ros2_ws/install/ros_study_msgs/include/ros_study_msgs/ros_study_msgs/action/detail/arithmetic_checker__traits.hpp
[5.288s] -- Installing: /home/youngmo/ros2_ws/install/ros_study_msgs/include/ros_study_msgs/ros_study_msgs/action/detail/arithmetic_checker__builder.hpp
[5.288s] -- Installing: /home/youngmo/ros2_ws/install/ros_study_msgs/include/ros_study_msgs/ros_study_msgs/action/detail/arithmetic_checker__type_support.hpp
[5.288s] -- Installing: /home/youngmo/ros2_ws/install/ros_study_msgs/include/ros_study_msgs/ros_study_msgs/action/detail/my_action__traits.hpp
[5.288s] -- Installing: /home/youngmo/ros2_ws/install/ros_study_msgs/include/ros_study_msgs/ros_study_msgs/action/detail/my_action__struct.hpp
[5.288s] -- Installing: /home/youngmo/ros2_ws/install/ros_study_msgs/include/ros_study_msgs/ros_study_msgs/action/detail/my_action__type_support.hpp
[5.288s] -- Installing: /home/youngmo/ros2_ws/install/ros_study_msgs/include/ros_study_msgs/ros_study_msgs/action/detail/arithmetic_checker__struct.hpp
[5.288s] -- Installing: /home/youngmo/ros2_ws/install/ros_study_msgs/include/ros_study_msgs/ros_study_msgs/action/arithmetic_checker.hpp
[5.288s] -- Up-to-date: /home/youngmo/ros2_ws/install/ros_study_msgs/include/ros_study_msgs/ros_study_msgs/msg
[5.288s] -- Installing: /home/youngmo/ros2_ws/install/ros_study_msgs/include/ros_study_msgs/ros_study_msgs/msg/rosidl_generator_cpp__visibility_control.hpp
[5.288s] -- Up-to-date: /home/youngmo/ros2_ws/install/ros_study_msgs/include/ros_study_msgs/ros_study_msgs/msg/detail
[5.288s] -- Installing: /home/youngmo/ros2_ws/install/ros_study_msgs/include/ros_study_msgs/ros_study_msgs/msg/detail/my_msg__struct.hpp
[5.288s] -- Installing: /home/youngmo/ros2_ws/install/ros_study_msgs/include/ros_study_msgs/ros_study_msgs/msg/detail/arithmetic_argument__traits.hpp
[5.288s] -- Installing: /home/youngmo/ros2_ws/install/ros_study_msgs/include/ros_study_msgs/ros_study_msgs/msg/detail/arithmetic_argument__struct.hpp
[5.288s] -- Installing: /home/youngmo/ros2_ws/install/ros_study_msgs/include/ros_study_msgs/ros_study_msgs/msg/detail/arithmetic_argument__type_support.hpp
[5.288s] -- Installing: /home/youngmo/ros2_ws/install/ros_study_msgs/include/ros_study_msgs/ros_study_msgs/msg/detail/arithmetic_argument__builder.hpp
[5.289s] -- Installing: /home/youngmo/ros2_ws/install/ros_study_msgs/include/ros_study_msgs/ros_study_msgs/msg/detail/my_msg__traits.hpp
[5.289s] -- Installing: /home/youngmo/ros2_ws/install/ros_study_msgs/include/ros_study_msgs/ros_study_msgs/msg/detail/my_msg__type_support.hpp
[5.289s] -- Installing: /home/youngmo/ros2_ws/install/ros_study_msgs/include/ros_study_msgs/ros_study_msgs/msg/detail/my_msg__builder.hpp
[5.289s] -- Installing: /home/youngmo/ros2_ws/install/ros_study_msgs/include/ros_study_msgs/ros_study_msgs/msg/arithmetic_argument.hpp
[5.289s] -- Installing: /home/youngmo/ros2_ws/install/ros_study_msgs/include/ros_study_msgs/ros_study_msgs/msg/my_msg.hpp
[5.289s] -- Up-to-date: /home/youngmo/ros2_ws/install/ros_study_msgs/include/ros_study_msgs/ros_study_msgs
[5.289s] -- Up-to-date: /home/youngmo/ros2_ws/install/ros_study_msgs/include/ros_study_msgs/ros_study_msgs/srv
[5.289s] -- Up-to-date: /home/youngmo/ros2_ws/install/ros_study_msgs/include/ros_study_msgs/ros_study_msgs/srv/detail
[5.289s] -- Installing: /home/youngmo/ros2_ws/install/ros_study_msgs/include/ros_study_msgs/ros_study_msgs/srv/detail/dds_fastrtps
[5.290s] -- Installing: /home/youngmo/ros2_ws/install/ros_study_msgs/include/ros_study_msgs/ros_study_msgs/srv/detail/arithmetic_operator__rosidl_typesupport_fastrtps_cpp.hpp
[5.290s] -- Installing: /home/youngmo/ros2_ws/install/ros_study_msgs/include/ros_study_msgs/ros_study_msgs/srv/detail/my_srv__rosidl_typesupport_fastrtps_cpp.hpp
[5.290s] -- Up-to-date: /home/youngmo/ros2_ws/install/ros_study_msgs/include/ros_study_msgs/ros_study_msgs/action
[5.290s] -- Up-to-date: /home/youngmo/ros2_ws/install/ros_study_msgs/include/ros_study_msgs/ros_study_msgs/action/detail
[5.290s] -- Installing: /home/youngmo/ros2_ws/install/ros_study_msgs/include/ros_study_msgs/ros_study_msgs/action/detail/my_action__rosidl_typesupport_fastrtps_cpp.hpp
[5.290s] -- Installing: /home/youngmo/ros2_ws/install/ros_study_msgs/include/ros_study_msgs/ros_study_msgs/action/detail/dds_fastrtps
[5.290s] -- Installing: /home/youngmo/ros2_ws/install/ros_study_msgs/include/ros_study_msgs/ros_study_msgs/action/detail/arithmetic_checker__rosidl_typesupport_fastrtps_cpp.hpp
[5.290s] -- Up-to-date: /home/youngmo/ros2_ws/install/ros_study_msgs/include/ros_study_msgs/ros_study_msgs/msg
[5.290s] -- Up-to-date: /home/youngmo/ros2_ws/install/ros_study_msgs/include/ros_study_msgs/ros_study_msgs/msg/detail
[5.290s] -- Installing: /home/youngmo/ros2_ws/install/ros_study_msgs/include/ros_study_msgs/ros_study_msgs/msg/detail/arithmetic_argument__rosidl_typesupport_fastrtps_cpp.hpp
[5.290s] -- Installing: /home/youngmo/ros2_ws/install/ros_study_msgs/include/ros_study_msgs/ros_study_msgs/msg/detail/my_msg__rosidl_typesupport_fastrtps_cpp.hpp
[5.290s] -- Installing: /home/youngmo/ros2_ws/install/ros_study_msgs/include/ros_study_msgs/ros_study_msgs/msg/detail/dds_fastrtps
[5.290s] -- Installing: /home/youngmo/ros2_ws/install/ros_study_msgs/include/ros_study_msgs/ros_study_msgs/msg/rosidl_typesupport_fastrtps_cpp__visibility_control.h
[5.290s] -- Installing: /home/youngmo/ros2_ws/install/ros_study_msgs/lib/libros_study_msgs__rosidl_typesupport_fastrtps_cpp.so
[5.290s] -- Set runtime path of "/home/youngmo/ros2_ws/install/ros_study_msgs/lib/libros_study_msgs__rosidl_typesupport_fastrtps_cpp.so" to ""
[5.290s] -- Up-to-date: /home/youngmo/ros2_ws/install/ros_study_msgs/include/ros_study_msgs/ros_study_msgs
[5.291s] -- Up-to-date: /home/youngmo/ros2_ws/install/ros_study_msgs/include/ros_study_msgs/ros_study_msgs/srv
[5.291s] -- Up-to-date: /home/youngmo/ros2_ws/install/ros_study_msgs/include/ros_study_msgs/ros_study_msgs/srv/detail
[5.291s] -- Installing: /home/youngmo/ros2_ws/install/ros_study_msgs/include/ros_study_msgs/ros_study_msgs/srv/detail/my_srv__type_support.c
[5.291s] -- Installing: /home/youngmo/ros2_ws/install/ros_study_msgs/include/ros_study_msgs/ros_study_msgs/srv/detail/arithmetic_operator__rosidl_typesupport_introspection_c.h
[5.291s] -- Installing: /home/youngmo/ros2_ws/install/ros_study_msgs/include/ros_study_msgs/ros_study_msgs/srv/detail/arithmetic_operator__type_support.c
[5.291s] -- Installing: /home/youngmo/ros2_ws/install/ros_study_msgs/include/ros_study_msgs/ros_study_msgs/srv/detail/my_srv__rosidl_typesupport_introspection_c.h
[5.291s] -- Up-to-date: /home/youngmo/ros2_ws/install/ros_study_msgs/include/ros_study_msgs/ros_study_msgs/action
[5.291s] -- Up-to-date: /home/youngmo/ros2_ws/install/ros_study_msgs/include/ros_study_msgs/ros_study_msgs/action/detail
[5.291s] -- Installing: /home/youngmo/ros2_ws/install/ros_study_msgs/include/ros_study_msgs/ros_study_msgs/action/detail/arithmetic_checker__rosidl_typesupport_introspection_c.h
[5.291s] -- Installing: /home/youngmo/ros2_ws/install/ros_study_msgs/include/ros_study_msgs/ros_study_msgs/action/detail/arithmetic_checker__type_support.c
[5.291s] -- Installing: /home/youngmo/ros2_ws/install/ros_study_msgs/include/ros_study_msgs/ros_study_msgs/action/detail/my_action__type_support.c
[5.291s] -- Installing: /home/youngmo/ros2_ws/install/ros_study_msgs/include/ros_study_msgs/ros_study_msgs/action/detail/my_action__rosidl_typesupport_introspection_c.h
[5.291s] -- Up-to-date: /home/youngmo/ros2_ws/install/ros_study_msgs/include/ros_study_msgs/ros_study_msgs/msg
[5.291s] -- Installing: /home/youngmo/ros2_ws/install/ros_study_msgs/include/ros_study_msgs/ros_study_msgs/msg/rosidl_typesupport_introspection_c__visibility_control.h
[5.291s] -- Up-to-date: /home/youngmo/ros2_ws/install/ros_study_msgs/include/ros_study_msgs/ros_study_msgs/msg/detail
[5.291s] -- Installing: /home/youngmo/ros2_ws/install/ros_study_msgs/include/ros_study_msgs/ros_study_msgs/msg/detail/my_msg__type_support.c
[5.291s] -- Installing: /home/youngmo/ros2_ws/install/ros_study_msgs/include/ros_study_msgs/ros_study_msgs/msg/detail/my_msg__rosidl_typesupport_introspection_c.h
[5.291s] -- Installing: /home/youngmo/ros2_ws/install/ros_study_msgs/include/ros_study_msgs/ros_study_msgs/msg/detail/arithmetic_argument__rosidl_typesupport_introspection_c.h
[5.292s] -- Installing: /home/youngmo/ros2_ws/install/ros_study_msgs/include/ros_study_msgs/ros_study_msgs/msg/detail/arithmetic_argument__type_support.c
[5.292s] -- Installing: /home/youngmo/ros2_ws/install/ros_study_msgs/lib/libros_study_msgs__rosidl_typesupport_introspection_c.so
[5.292s] -- Set runtime path of "/home/youngmo/ros2_ws/install/ros_study_msgs/lib/libros_study_msgs__rosidl_typesupport_introspection_c.so" to ""
[5.292s] -- Installing: /home/youngmo/ros2_ws/install/ros_study_msgs/lib/libros_study_msgs__rosidl_typesupport_c.so
[5.292s] -- Set runtime path of "/home/youngmo/ros2_ws/install/ros_study_msgs/lib/libros_study_msgs__rosidl_typesupport_c.so" to ""
[5.292s] -- Up-to-date: /home/youngmo/ros2_ws/install/ros_study_msgs/include/ros_study_msgs/ros_study_msgs
[5.292s] -- Up-to-date: /home/youngmo/ros2_ws/install/ros_study_msgs/include/ros_study_msgs/ros_study_msgs/srv
[5.292s] -- Up-to-date: /home/youngmo/ros2_ws/install/ros_study_msgs/include/ros_study_msgs/ros_study_msgs/srv/detail
[5.292s] -- Installing: /home/youngmo/ros2_ws/install/ros_study_msgs/include/ros_study_msgs/ros_study_msgs/srv/detail/arithmetic_operator__rosidl_typesupport_introspection_cpp.hpp
[5.292s] -- Installing: /home/youngmo/ros2_ws/install/ros_study_msgs/include/ros_study_msgs/ros_study_msgs/srv/detail/my_srv__type_support.cpp
[5.292s] -- Installing: /home/youngmo/ros2_ws/install/ros_study_msgs/include/ros_study_msgs/ros_study_msgs/srv/detail/arithmetic_operator__type_support.cpp
[5.292s] -- Installing: /home/youngmo/ros2_ws/install/ros_study_msgs/include/ros_study_msgs/ros_study_msgs/srv/detail/my_srv__rosidl_typesupport_introspection_cpp.hpp
[5.292s] -- Up-to-date: /home/youngmo/ros2_ws/install/ros_study_msgs/include/ros_study_msgs/ros_study_msgs/action
[5.292s] -- Up-to-date: /home/youngmo/ros2_ws/install/ros_study_msgs/include/ros_study_msgs/ros_study_msgs/action/detail
[5.292s] -- Installing: /home/youngmo/ros2_ws/install/ros_study_msgs/include/ros_study_msgs/ros_study_msgs/action/detail/my_action__rosidl_typesupport_introspection_cpp.hpp
[5.292s] -- Installing: /home/youngmo/ros2_ws/install/ros_study_msgs/include/ros_study_msgs/ros_study_msgs/action/detail/arithmetic_checker__type_support.cpp
[5.292s] -- Installing: /home/youngmo/ros2_ws/install/ros_study_msgs/include/ros_study_msgs/ros_study_msgs/action/detail/arithmetic_checker__rosidl_typesupport_introspection_cpp.hpp
[5.292s] -- Installing: /home/youngmo/ros2_ws/install/ros_study_msgs/include/ros_study_msgs/ros_study_msgs/action/detail/my_action__type_support.cpp
[5.293s] -- Up-to-date: /home/youngmo/ros2_ws/install/ros_study_msgs/include/ros_study_msgs/ros_study_msgs/msg
[5.293s] -- Up-to-date: /home/youngmo/ros2_ws/install/ros_study_msgs/include/ros_study_msgs/ros_study_msgs/msg/detail
[5.293s] -- Installing: /home/youngmo/ros2_ws/install/ros_study_msgs/include/ros_study_msgs/ros_study_msgs/msg/detail/my_msg__type_support.cpp
[5.293s] -- Installing: /home/youngmo/ros2_ws/install/ros_study_msgs/include/ros_study_msgs/ros_study_msgs/msg/detail/arithmetic_argument__rosidl_typesupport_introspection_cpp.hpp
[5.293s] -- Installing: /home/youngmo/ros2_ws/install/ros_study_msgs/include/ros_study_msgs/ros_study_msgs/msg/detail/arithmetic_argument__type_support.cpp
[5.293s] -- Installing: /home/youngmo/ros2_ws/install/ros_study_msgs/include/ros_study_msgs/ros_study_msgs/msg/detail/my_msg__rosidl_typesupport_introspection_cpp.hpp
[5.293s] -- Installing: /home/youngmo/ros2_ws/install/ros_study_msgs/lib/libros_study_msgs__rosidl_typesupport_introspection_cpp.so
[5.293s] -- Set runtime path of "/home/youngmo/ros2_ws/install/ros_study_msgs/lib/libros_study_msgs__rosidl_typesupport_introspection_cpp.so" to ""
[5.293s] -- Installing: /home/youngmo/ros2_ws/install/ros_study_msgs/lib/libros_study_msgs__rosidl_typesupport_cpp.so
[5.293s] -- Set runtime path of "/home/youngmo/ros2_ws/install/ros_study_msgs/lib/libros_study_msgs__rosidl_typesupport_cpp.so" to ""
[5.293s] -- Installing: /home/youngmo/ros2_ws/install/ros_study_msgs/share/ros_study_msgs/environment/pythonpath.sh
[5.293s] -- Installing: /home/youngmo/ros2_ws/install/ros_study_msgs/share/ros_study_msgs/environment/pythonpath.dsv
[5.293s] -- Installing: /home/youngmo/ros2_ws/install/ros_study_msgs/local/lib/python3.10/dist-packages/ros_study_msgs-0.0.0-py3.10.egg-info
[5.293s] -- Installing: /home/youngmo/ros2_ws/install/ros_study_msgs/local/lib/python3.10/dist-packages/ros_study_msgs-0.0.0-py3.10.egg-info/dependency_links.txt
[5.293s] -- Installing: /home/youngmo/ros2_ws/install/ros_study_msgs/local/lib/python3.10/dist-packages/ros_study_msgs-0.0.0-py3.10.egg-info/top_level.txt
[5.293s] -- Installing: /home/youngmo/ros2_ws/install/ros_study_msgs/local/lib/python3.10/dist-packages/ros_study_msgs-0.0.0-py3.10.egg-info/SOURCES.txt
[5.293s] -- Installing: /home/youngmo/ros2_ws/install/ros_study_msgs/local/lib/python3.10/dist-packages/ros_study_msgs-0.0.0-py3.10.egg-info/PKG-INFO
[5.293s] -- Installing: /home/youngmo/ros2_ws/install/ros_study_msgs/local/lib/python3.10/dist-packages/ros_study_msgs
[5.294s] -- Installing: /home/youngmo/ros2_ws/install/ros_study_msgs/local/lib/python3.10/dist-packages/ros_study_msgs/_ros_study_msgs_s.ep.rosidl_typesupport_fastrtps_c.c
[5.294s] -- Installing: /home/youngmo/ros2_ws/install/ros_study_msgs/local/lib/python3.10/dist-packages/ros_study_msgs/_ros_study_msgs_s.ep.rosidl_typesupport_introspection_c.c
[5.294s] -- Installing: /home/youngmo/ros2_ws/install/ros_study_msgs/local/lib/python3.10/dist-packages/ros_study_msgs/srv
[5.294s] -- Installing: /home/youngmo/ros2_ws/install/ros_study_msgs/local/lib/python3.10/dist-packages/ros_study_msgs/srv/_arithmetic_operator_s.c
[5.294s] -- Installing: /home/youngmo/ros2_ws/install/ros_study_msgs/local/lib/python3.10/dist-packages/ros_study_msgs/srv/_arithmetic_operator.py
[5.294s] -- Installing: /home/youngmo/ros2_ws/install/ros_study_msgs/local/lib/python3.10/dist-packages/ros_study_msgs/srv/_my_srv_s.c
[5.294s] -- Installing: /home/youngmo/ros2_ws/install/ros_study_msgs/local/lib/python3.10/dist-packages/ros_study_msgs/srv/_my_srv.py
[5.294s] -- Installing: /home/youngmo/ros2_ws/install/ros_study_msgs/local/lib/python3.10/dist-packages/ros_study_msgs/srv/__init__.py
[5.294s] -- Installing: /home/youngmo/ros2_ws/install/ros_study_msgs/local/lib/python3.10/dist-packages/ros_study_msgs/action
[5.294s] -- Installing: /home/youngmo/ros2_ws/install/ros_study_msgs/local/lib/python3.10/dist-packages/ros_study_msgs/action/_arithmetic_checker_s.c
[5.294s] -- Installing: /home/youngmo/ros2_ws/install/ros_study_msgs/local/lib/python3.10/dist-packages/ros_study_msgs/action/_arithmetic_checker.py
[5.294s] -- Installing: /home/youngmo/ros2_ws/install/ros_study_msgs/local/lib/python3.10/dist-packages/ros_study_msgs/action/__init__.py
[5.294s] -- Installing: /home/youngmo/ros2_ws/install/ros_study_msgs/local/lib/python3.10/dist-packages/ros_study_msgs/action/_my_action_s.c
[5.294s] -- Installing: /home/youngmo/ros2_ws/install/ros_study_msgs/local/lib/python3.10/dist-packages/ros_study_msgs/action/_my_action.py
[5.294s] -- Installing: /home/youngmo/ros2_ws/install/ros_study_msgs/local/lib/python3.10/dist-packages/ros_study_msgs/ros_study_msgs_s__rosidl_typesupport_introspection_c.cpython-310-x86_64-linux-gnu.so
[5.294s] -- Installing: /home/youngmo/ros2_ws/install/ros_study_msgs/local/lib/python3.10/dist-packages/ros_study_msgs/ros_study_msgs_s__rosidl_typesupport_fastrtps_c.cpython-310-x86_64-linux-gnu.so
[5.294s] -- Installing: /home/youngmo/ros2_ws/install/ros_study_msgs/local/lib/python3.10/dist-packages/ros_study_msgs/libros_study_msgs__rosidl_generator_py.so
[5.294s] -- Installing: /home/youngmo/ros2_ws/install/ros_study_msgs/local/lib/python3.10/dist-packages/ros_study_msgs/__init__.py
[5.294s] -- Installing: /home/youngmo/ros2_ws/install/ros_study_msgs/local/lib/python3.10/dist-packages/ros_study_msgs/msg
[5.294s] -- Installing: /home/youngmo/ros2_ws/install/ros_study_msgs/local/lib/python3.10/dist-packages/ros_study_msgs/msg/_arithmetic_argument.py
[5.294s] -- Installing: /home/youngmo/ros2_ws/install/ros_study_msgs/local/lib/python3.10/dist-packages/ros_study_msgs/msg/_my_msg.py
[5.295s] -- Installing: /home/youngmo/ros2_ws/install/ros_study_msgs/local/lib/python3.10/dist-packages/ros_study_msgs/msg/__init__.py
[5.295s] -- Installing: /home/youngmo/ros2_ws/install/ros_study_msgs/local/lib/python3.10/dist-packages/ros_study_msgs/msg/_arithmetic_argument_s.c
[5.295s] -- Installing: /home/youngmo/ros2_ws/install/ros_study_msgs/local/lib/python3.10/dist-packages/ros_study_msgs/msg/_my_msg_s.c
[5.295s] -- Installing: /home/youngmo/ros2_ws/install/ros_study_msgs/local/lib/python3.10/dist-packages/ros_study_msgs/_ros_study_msgs_s.ep.rosidl_typesupport_c.c
[5.295s] -- Installing: /home/youngmo/ros2_ws/install/ros_study_msgs/local/lib/python3.10/dist-packages/ros_study_msgs/ros_study_msgs_s__rosidl_typesupport_c.cpython-310-x86_64-linux-gnu.so
[5.341s] Listing '/home/youngmo/ros2_ws/install/ros_study_msgs/local/lib/python3.10/dist-packages/ros_study_msgs'...
[5.341s] Compiling '/home/youngmo/ros2_ws/install/ros_study_msgs/local/lib/python3.10/dist-packages/ros_study_msgs/__init__.py'...
[5.341s] Listing '/home/youngmo/ros2_ws/install/ros_study_msgs/local/lib/python3.10/dist-packages/ros_study_msgs/action'...
[5.341s] Compiling '/home/youngmo/ros2_ws/install/ros_study_msgs/local/lib/python3.10/dist-packages/ros_study_msgs/action/__init__.py'...
[5.341s] Compiling '/home/youngmo/ros2_ws/install/ros_study_msgs/local/lib/python3.10/dist-packages/ros_study_msgs/action/_arithmetic_checker.py'...
[5.341s] Compiling '/home/youngmo/ros2_ws/install/ros_study_msgs/local/lib/python3.10/dist-packages/ros_study_msgs/action/_my_action.py'...
[5.341s] Listing '/home/youngmo/ros2_ws/install/ros_study_msgs/local/lib/python3.10/dist-packages/ros_study_msgs/msg'...
[5.341s] Compiling '/home/youngmo/ros2_ws/install/ros_study_msgs/local/lib/python3.10/dist-packages/ros_study_msgs/msg/__init__.py'...
[5.341s] Compiling '/home/youngmo/ros2_ws/install/ros_study_msgs/local/lib/python3.10/dist-packages/ros_study_msgs/msg/_arithmetic_argument.py'...
[5.341s] Compiling '/home/youngmo/ros2_ws/install/ros_study_msgs/local/lib/python3.10/dist-packages/ros_study_msgs/msg/_my_msg.py'...
[5.341s] Listing '/home/youngmo/ros2_ws/install/ros_study_msgs/local/lib/python3.10/dist-packages/ros_study_msgs/srv'...
[5.341s] Compiling '/home/youngmo/ros2_ws/install/ros_study_msgs/local/lib/python3.10/dist-packages/ros_study_msgs/srv/__init__.py'...
[5.341s] Compiling '/home/youngmo/ros2_ws/install/ros_study_msgs/local/lib/python3.10/dist-packages/ros_study_msgs/srv/_arithmetic_operator.py'...
[5.341s] Compiling '/home/youngmo/ros2_ws/install/ros_study_msgs/local/lib/python3.10/dist-packages/ros_study_msgs/srv/_my_srv.py'...
[5.345s] -- Installing: /home/youngmo/ros2_ws/install/ros_study_msgs/local/lib/python3.10/dist-packages/ros_study_msgs/ros_study_msgs_s__rosidl_typesupport_fastrtps_c.cpython-310-x86_64-linux-gnu.so
[5.346s] -- Set runtime path of "/home/youngmo/ros2_ws/install/ros_study_msgs/local/lib/python3.10/dist-packages/ros_study_msgs/ros_study_msgs_s__rosidl_typesupport_fastrtps_c.cpython-310-x86_64-linux-gnu.so" to ""
[5.346s] -- Installing: /home/youngmo/ros2_ws/install/ros_study_msgs/local/lib/python3.10/dist-packages/ros_study_msgs/ros_study_msgs_s__rosidl_typesupport_introspection_c.cpython-310-x86_64-linux-gnu.so
[5.346s] -- Set runtime path of "/home/youngmo/ros2_ws/install/ros_study_msgs/local/lib/python3.10/dist-packages/ros_study_msgs/ros_study_msgs_s__rosidl_typesupport_introspection_c.cpython-310-x86_64-linux-gnu.so" to ""
[5.346s] -- Installing: /home/youngmo/ros2_ws/install/ros_study_msgs/local/lib/python3.10/dist-packages/ros_study_msgs/ros_study_msgs_s__rosidl_typesupport_c.cpython-310-x86_64-linux-gnu.so
[5.346s] -- Set runtime path of "/home/youngmo/ros2_ws/install/ros_study_msgs/local/lib/python3.10/dist-packages/ros_study_msgs/ros_study_msgs_s__rosidl_typesupport_c.cpython-310-x86_64-linux-gnu.so" to ""
[5.347s] -- Installing: /home/youngmo/ros2_ws/install/ros_study_msgs/lib/libros_study_msgs__rosidl_generator_py.so
[5.347s] -- Set runtime path of "/home/youngmo/ros2_ws/install/ros_study_msgs/lib/libros_study_msgs__rosidl_generator_py.so" to ""
[5.347s] -- Installing: /home/youngmo/ros2_ws/install/ros_study_msgs/share/ros_study_msgs/msg/MyMsg.idl
[5.347s] -- Installing: /home/youngmo/ros2_ws/install/ros_study_msgs/share/ros_study_msgs/msg/ArithmeticArgument.idl
[5.347s] -- Installing: /home/youngmo/ros2_ws/install/ros_study_msgs/share/ros_study_msgs/srv/MySrv.idl
[5.347s] -- Installing: /home/youngmo/ros2_ws/install/ros_study_msgs/share/ros_study_msgs/srv/ArithmeticOperator.idl
[5.347s] -- Installing: /home/youngmo/ros2_ws/install/ros_study_msgs/share/ros_study_msgs/action/MyAction.idl
[5.347s] -- Installing: /home/youngmo/ros2_ws/install/ros_study_msgs/share/ros_study_msgs/action/ArithmeticChecker.idl
[5.347s] -- Installing: /home/youngmo/ros2_ws/install/ros_study_msgs/share/ros_study_msgs/msg/MyMsg.msg
[5.347s] -- Installing: /home/youngmo/ros2_ws/install/ros_study_msgs/share/ros_study_msgs/msg/ArithmeticArgument.msg
[5.347s] -- Installing: /home/youngmo/ros2_ws/install/ros_study_msgs/share/ros_study_msgs/srv/MySrv.srv
[5.347s] -- Installing: /home/youngmo/ros2_ws/install/ros_study_msgs/share/ros_study_msgs/srv/MySrv_Request.msg
[5.347s] -- Installing: /home/youngmo/ros2_ws/install/ros_study_msgs/share/ros_study_msgs/srv/MySrv_Response.msg
[5.348s] -- Installing: /home/youngmo/ros2_ws/install/ros_study_msgs/share/ros_study_msgs/srv/ArithmeticOperator.srv
[5.348s] -- Installing: /home/youngmo/ros2_ws/install/ros_study_msgs/share/ros_study_msgs/srv/ArithmeticOperator_Request.msg
[5.348s] -- Installing: /home/youngmo/ros2_ws/install/ros_study_msgs/share/ros_study_msgs/srv/ArithmeticOperator_Response.msg
[5.348s] -- Installing: /home/youngmo/ros2_ws/install/ros_study_msgs/share/ros_study_msgs/action/MyAction.action
[5.348s] -- Installing: /home/youngmo/ros2_ws/install/ros_study_msgs/share/ros_study_msgs/action/ArithmeticChecker.action
[5.348s] -- Installing: /home/youngmo/ros2_ws/install/ros_study_msgs/share/ament_index/resource_index/package_run_dependencies/ros_study_msgs
[5.348s] -- Installing: /home/youngmo/ros2_ws/install/ros_study_msgs/share/ament_index/resource_index/parent_prefix_path/ros_study_msgs
[5.348s] -- Installing: /home/youngmo/ros2_ws/install/ros_study_msgs/share/ros_study_msgs/environment/ament_prefix_path.sh
[5.348s] -- Installing: /home/youngmo/ros2_ws/install/ros_study_msgs/share/ros_study_msgs/environment/ament_prefix_path.dsv
[5.348s] -- Installing: /home/youngmo/ros2_ws/install/ros_study_msgs/share/ros_study_msgs/environment/path.sh
[5.348s] -- Installing: /home/youngmo/ros2_ws/install/ros_study_msgs/share/ros_study_msgs/environment/path.dsv
[5.349s] -- Installing: /home/youngmo/ros2_ws/install/ros_study_msgs/share/ros_study_msgs/local_setup.bash
[5.349s] -- Installing: /home/youngmo/ros2_ws/install/ros_study_msgs/share/ros_study_msgs/local_setup.sh
[5.349s] -- Installing: /home/youngmo/ros2_ws/install/ros_study_msgs/share/ros_study_msgs/local_setup.zsh
[5.349s] -- Installing: /home/youngmo/ros2_ws/install/ros_study_msgs/share/ros_study_msgs/local_setup.dsv
[5.349s] -- Installing: /home/youngmo/ros2_ws/install/ros_study_msgs/share/ros_study_msgs/package.dsv
[5.349s] -- Installing: /home/youngmo/ros2_ws/install/ros_study_msgs/share/ament_index/resource_index/packages/ros_study_msgs
[5.349s] -- Installing: /home/youngmo/ros2_ws/install/ros_study_msgs/share/ros_study_msgs/cmake/export_ros_study_msgs__rosidl_generator_cExport.cmake
[5.349s] -- Installing: /home/youngmo/ros2_ws/install/ros_study_msgs/share/ros_study_msgs/cmake/export_ros_study_msgs__rosidl_generator_cExport-noconfig.cmake
[5.349s] -- Installing: /home/youngmo/ros2_ws/install/ros_study_msgs/share/ros_study_msgs/cmake/export_ros_study_msgs__rosidl_typesupport_fastrtps_cExport.cmake
[5.349s] -- Installing: /home/youngmo/ros2_ws/install/ros_study_msgs/share/ros_study_msgs/cmake/export_ros_study_msgs__rosidl_typesupport_fastrtps_cExport-noconfig.cmake
[5.349s] -- Installing: /home/youngmo/ros2_ws/install/ros_study_msgs/share/ros_study_msgs/cmake/export_ros_study_msgs__rosidl_generator_cppExport.cmake
[5.349s] -- Installing: /home/youngmo/ros2_ws/install/ros_study_msgs/share/ros_study_msgs/cmake/export_ros_study_msgs__rosidl_typesupport_fastrtps_cppExport.cmake
[5.349s] -- Installing: /home/youngmo/ros2_ws/install/ros_study_msgs/share/ros_study_msgs/cmake/export_ros_study_msgs__rosidl_typesupport_fastrtps_cppExport-noconfig.cmake
[5.349s] -- Installing: /home/youngmo/ros2_ws/install/ros_study_msgs/share/ros_study_msgs/cmake/ros_study_msgs__rosidl_typesupport_introspection_cExport.cmake
[5.349s] -- Installing: /home/youngmo/ros2_ws/install/ros_study_msgs/share/ros_study_msgs/cmake/ros_study_msgs__rosidl_typesupport_introspection_cExport-noconfig.cmake
[5.350s] -- Installing: /home/youngmo/ros2_ws/install/ros_study_msgs/share/ros_study_msgs/cmake/ros_study_msgs__rosidl_typesupport_cExport.cmake
[5.350s] -- Installing: /home/youngmo/ros2_ws/install/ros_study_msgs/share/ros_study_msgs/cmake/ros_study_msgs__rosidl_typesupport_cExport-noconfig.cmake
[5.350s] -- Installing: /home/youngmo/ros2_ws/install/ros_study_msgs/share/ros_study_msgs/cmake/ros_study_msgs__rosidl_typesupport_introspection_cppExport.cmake
[5.351s] -- Installing: /home/youngmo/ros2_ws/install/ros_study_msgs/share/ros_study_msgs/cmake/ros_study_msgs__rosidl_typesupport_introspection_cppExport-noconfig.cmake
[5.351s] -- Installing: /home/youngmo/ros2_ws/install/ros_study_msgs/share/ros_study_msgs/cmake/ros_study_msgs__rosidl_typesupport_cppExport.cmake
[5.351s] -- Installing: /home/youngmo/ros2_ws/install/ros_study_msgs/share/ros_study_msgs/cmake/ros_study_msgs__rosidl_typesupport_cppExport-noconfig.cmake
[5.351s] -- Installing: /home/youngmo/ros2_ws/install/ros_study_msgs/share/ros_study_msgs/cmake/export_ros_study_msgs__rosidl_generator_pyExport.cmake
[5.351s] -- Installing: /home/youngmo/ros2_ws/install/ros_study_msgs/share/ros_study_msgs/cmake/export_ros_study_msgs__rosidl_generator_pyExport-noconfig.cmake
[5.351s] -- Installing: /home/youngmo/ros2_ws/install/ros_study_msgs/share/ros_study_msgs/cmake/rosidl_cmake-extras.cmake
[5.351s] -- Installing: /home/youngmo/ros2_ws/install/ros_study_msgs/share/ros_study_msgs/cmake/ament_cmake_export_dependencies-extras.cmake
[5.351s] -- Installing: /home/youngmo/ros2_ws/install/ros_study_msgs/share/ros_study_msgs/cmake/ament_cmake_export_include_directories-extras.cmake
[5.351s] -- Installing: /home/youngmo/ros2_ws/install/ros_study_msgs/share/ros_study_msgs/cmake/ament_cmake_export_libraries-extras.cmake
[5.351s] -- Installing: /home/youngmo/ros2_ws/install/ros_study_msgs/share/ros_study_msgs/cmake/ament_cmake_export_targets-extras.cmake
[5.351s] -- Installing: /home/youngmo/ros2_ws/install/ros_study_msgs/share/ros_study_msgs/cmake/rosidl_cmake_export_typesupport_targets-extras.cmake
[5.351s] -- Installing: /home/youngmo/ros2_ws/install/ros_study_msgs/share/ros_study_msgs/cmake/rosidl_cmake_export_typesupport_libraries-extras.cmake
[5.353s] -- Installing: /home/youngmo/ros2_ws/install/ros_study_msgs/share/ros_study_msgs/cmake/ros_study_msgsConfig.cmake
[5.353s] -- Installing: /home/youngmo/ros2_ws/install/ros_study_msgs/share/ros_study_msgs/cmake/ros_study_msgsConfig-version.cmake
[5.353s] -- Installing: /home/youngmo/ros2_ws/install/ros_study_msgs/share/ros_study_msgs/package.xml
[5.354s] Invoked command in '/home/youngmo/ros2_ws/build/ros_study_msgs' returned '0': CMAKE_PREFIX_PATH=${CMAKE_PREFIX_PATH}:/home/youngmo/ros2_ws/install/ros_study_py:/home/youngmo/ros2_ws/install/ex_calculator_py:/opt/ros/humble /usr/bin/cmake --install /home/youngmo/ros2_ws/build/ros_study_msgs
