[ 20%] Built target user_input
[ 40%] Built target progress_action_server
[ 60%] Built target letter_publisher
[ 80%] Built target word_service
[100%] Built target progress_action_client
-- Install configuration: ""
-- Up-to-date: /home/youngmo/ros2_ws/install/hangman_game_cpp/lib/hangman_game_cpp/letter_publisher
-- Up-to-date: /home/youngmo/ros2_ws/install/hangman_game_cpp/lib/hangman_game_cpp/progress_action_client
-- Up-to-date: /home/youngmo/ros2_ws/install/hangman_game_cpp/lib/hangman_game_cpp/progress_action_server
-- Up-to-date: /home/youngmo/ros2_ws/install/hangman_game_cpp/lib/hangman_game_cpp/user_input
-- Up-to-date: /home/youngmo/ros2_ws/install/hangman_game_cpp/lib/hangman_game_cpp/word_service
-- Up-to-date: /home/youngmo/ros2_ws/install/hangman_game_cpp/share/ament_index/resource_index/package_run_dependencies/hangman_game_cpp
-- Up-to-date: /home/youngmo/ros2_ws/install/hangman_game_cpp/share/ament_index/resource_index/parent_prefix_path/hangman_game_cpp
-- Up-to-date: /home/youngmo/ros2_ws/install/hangman_game_cpp/share/hangman_game_cpp/environment/ament_prefix_path.sh
-- Up-to-date: /home/youngmo/ros2_ws/install/hangman_game_cpp/share/hangman_game_cpp/environment/ament_prefix_path.dsv
-- Up-to-date: /home/youngmo/ros2_ws/install/hangman_game_cpp/share/hangman_game_cpp/environment/path.sh
-- Up-to-date: /home/youngmo/ros2_ws/install/hangman_game_cpp/share/hangman_game_cpp/environment/path.dsv
-- Up-to-date: /home/youngmo/ros2_ws/install/hangman_game_cpp/share/hangman_game_cpp/local_setup.bash
-- Up-to-date: /home/youngmo/ros2_ws/install/hangman_game_cpp/share/hangman_game_cpp/local_setup.sh
-- Up-to-date: /home/youngmo/ros2_ws/install/hangman_game_cpp/share/hangman_game_cpp/local_setup.zsh
-- Up-to-date: /home/youngmo/ros2_ws/install/hangman_game_cpp/share/hangman_game_cpp/local_setup.dsv
-- Installing: /home/youngmo/ros2_ws/install/hangman_game_cpp/share/hangman_game_cpp/package.dsv
-- Up-to-date: /home/youngmo/ros2_ws/install/hangman_game_cpp/share/ament_index/resource_index/packages/hangman_game_cpp
-- Up-to-date: /home/youngmo/ros2_ws/install/hangman_game_cpp/share/hangman_game_cpp/cmake/hangman_game_cppConfig.cmake
-- Up-to-date: /home/youngmo/ros2_ws/install/hangman_game_cpp/share/hangman_game_cpp/cmake/hangman_game_cppConfig-version.cmake
-- Up-to-date: /home/youngmo/ros2_ws/install/hangman_game_cpp/share/hangman_game_cpp/package.xml
