/home/youngmo/ros2_ws/install/ex_calculator_py/lib/python3.10/site-packages/ex_calculator_py/__init__.py
/home/youngmo/ros2_ws/install/ex_calculator_py/lib/python3.10/site-packages/ex_calculator_py/checker/checker.py
/home/youngmo/ros2_ws/install/ex_calculator_py/lib/python3.10/site-packages/ex_calculator_py/checker/__init__.py
/home/youngmo/ros2_ws/install/ex_calculator_py/lib/python3.10/site-packages/ex_calculator_py/checker/main.py
/home/youngmo/ros2_ws/install/ex_calculator_py/lib/python3.10/site-packages/ex_calculator_py/arithmetic/operator.py
/home/youngmo/ros2_ws/install/ex_calculator_py/lib/python3.10/site-packages/ex_calculator_py/arithmetic/__init__.py
/home/youngmo/ros2_ws/install/ex_calculator_py/lib/python3.10/site-packages/ex_calculator_py/arithmetic/argument.py
/home/youngmo/ros2_ws/install/ex_calculator_py/lib/python3.10/site-packages/ex_calculator_py/calculator/__init__.py
/home/youngmo/ros2_ws/install/ex_calculator_py/lib/python3.10/site-packages/ex_calculator_py/calculator/calculator.py
/home/youngmo/ros2_ws/install/ex_calculator_py/lib/python3.10/site-packages/ex_calculator_py/calculator/main.py
/home/youngmo/ros2_ws/install/ex_calculator_py/lib/python3.10/site-packages/ex_calculator_py/__pycache__/__init__.cpython-310.pyc
/home/youngmo/ros2_ws/install/ex_calculator_py/lib/python3.10/site-packages/ex_calculator_py/checker/__pycache__/checker.cpython-310.pyc
/home/youngmo/ros2_ws/install/ex_calculator_py/lib/python3.10/site-packages/ex_calculator_py/checker/__pycache__/__init__.cpython-310.pyc
/home/youngmo/ros2_ws/install/ex_calculator_py/lib/python3.10/site-packages/ex_calculator_py/checker/__pycache__/main.cpython-310.pyc
/home/youngmo/ros2_ws/install/ex_calculator_py/lib/python3.10/site-packages/ex_calculator_py/arithmetic/__pycache__/operator.cpython-310.pyc
/home/youngmo/ros2_ws/install/ex_calculator_py/lib/python3.10/site-packages/ex_calculator_py/arithmetic/__pycache__/__init__.cpython-310.pyc
/home/youngmo/ros2_ws/install/ex_calculator_py/lib/python3.10/site-packages/ex_calculator_py/arithmetic/__pycache__/argument.cpython-310.pyc
/home/youngmo/ros2_ws/install/ex_calculator_py/lib/python3.10/site-packages/ex_calculator_py/calculator/__pycache__/__init__.cpython-310.pyc
/home/youngmo/ros2_ws/install/ex_calculator_py/lib/python3.10/site-packages/ex_calculator_py/calculator/__pycache__/calculator.cpython-310.pyc
/home/youngmo/ros2_ws/install/ex_calculator_py/lib/python3.10/site-packages/ex_calculator_py/calculator/__pycache__/main.cpython-310.pyc
/home/youngmo/ros2_ws/install/ex_calculator_py/share/ament_index/resource_index/packages/ex_calculator_py
/home/youngmo/ros2_ws/install/ex_calculator_py/share/ex_calculator_py/package.xml
/home/youngmo/ros2_ws/install/ex_calculator_py/share/ex_calculator_py/param/arithmetic_config.yaml
/home/youngmo/ros2_ws/install/ex_calculator_py/lib/python3.10/site-packages/ex_calculator_py-0.0.0-py3.10.egg-info/requires.txt
/home/youngmo/ros2_ws/install/ex_calculator_py/lib/python3.10/site-packages/ex_calculator_py-0.0.0-py3.10.egg-info/dependency_links.txt
/home/youngmo/ros2_ws/install/ex_calculator_py/lib/python3.10/site-packages/ex_calculator_py-0.0.0-py3.10.egg-info/zip-safe
/home/youngmo/ros2_ws/install/ex_calculator_py/lib/python3.10/site-packages/ex_calculator_py-0.0.0-py3.10.egg-info/top_level.txt
/home/youngmo/ros2_ws/install/ex_calculator_py/lib/python3.10/site-packages/ex_calculator_py-0.0.0-py3.10.egg-info/entry_points.txt
/home/youngmo/ros2_ws/install/ex_calculator_py/lib/python3.10/site-packages/ex_calculator_py-0.0.0-py3.10.egg-info/SOURCES.txt
/home/youngmo/ros2_ws/install/ex_calculator_py/lib/python3.10/site-packages/ex_calculator_py-0.0.0-py3.10.egg-info/PKG-INFO
/home/youngmo/ros2_ws/install/ex_calculator_py/lib/ex_calculator_py/argument
/home/youngmo/ros2_ws/install/ex_calculator_py/lib/ex_calculator_py/calculator
/home/youngmo/ros2_ws/install/ex_calculator_py/lib/ex_calculator_py/checker
/home/youngmo/ros2_ws/install/ex_calculator_py/lib/ex_calculator_py/operator
