[0.176s] Invoking command in '/home/youngmo/ros2_ws/build/hangman_game_cpp': CMAKE_PREFIX_PATH=/home/youngmo/ros2_ws/install/hangman_interfaces:/home/youngmo/ros2_ws/install/ros_study_cpp:/home/youngmo/ros2_ws/install/cpp_excalculator:/home/youngmo/ros2_ws/install/ros_study_msgs:/home/youngmo/ros2_ws/install/hangman_game_cpp:/home/youngmo/ros2_ws/install/ros_study_py:/home/youngmo/ros2_ws/install/ex_calculator_py:/home/youngmo/ros2_ws/install/opencv_py:/home/youngmo/ros2_ws/install/hangman_game:/opt/ros/humble LD_LIBRARY_PATH=/home/youngmo/ros2_ws/install/hangman_interfaces/lib:/home/youngmo/ros2_ws/install/ros_study_msgs/lib:/opt/ros/humble/opt/rviz_ogre_vendor/lib:/opt/ros/humble/lib/x86_64-linux-gnu:/opt/ros/humble/lib /usr/bin/cmake --build /home/youngmo/ros2_ws/build/hangman_game_cpp -- -j16 -l16
[0.230s] [ 50%] Built target progress_action_server
[0.230s] [ 70%] Built target progress_action_client
[0.231s] [ 70%] Built target word_service
[0.231s] [ 80%] Built target user_input
[0.235s] [100%] Built target letter_publisher
[0.493s] Invoked command in '/home/youngmo/ros2_ws/build/hangman_game_cpp' returned '0': CMAKE_PREFIX_PATH=/home/youngmo/ros2_ws/install/hangman_interfaces:/home/youngmo/ros2_ws/install/ros_study_cpp:/home/youngmo/ros2_ws/install/cpp_excalculator:/home/youngmo/ros2_ws/install/ros_study_msgs:/home/youngmo/ros2_ws/install/hangman_game_cpp:/home/youngmo/ros2_ws/install/ros_study_py:/home/youngmo/ros2_ws/install/ex_calculator_py:/home/youngmo/ros2_ws/install/opencv_py:/home/youngmo/ros2_ws/install/hangman_game:/opt/ros/humble LD_LIBRARY_PATH=/home/youngmo/ros2_ws/install/hangman_interfaces/lib:/home/youngmo/ros2_ws/install/ros_study_msgs/lib:/opt/ros/humble/opt/rviz_ogre_vendor/lib:/opt/ros/humble/lib/x86_64-linux-gnu:/opt/ros/humble/lib /usr/bin/cmake --build /home/youngmo/ros2_ws/build/hangman_game_cpp -- -j16 -l16
[0.494s] Invoking command in '/home/youngmo/ros2_ws/build/hangman_game_cpp': CMAKE_PREFIX_PATH=/home/youngmo/ros2_ws/install/hangman_interfaces:/home/youngmo/ros2_ws/install/ros_study_cpp:/home/youngmo/ros2_ws/install/cpp_excalculator:/home/youngmo/ros2_ws/install/ros_study_msgs:/home/youngmo/ros2_ws/install/hangman_game_cpp:/home/youngmo/ros2_ws/install/ros_study_py:/home/youngmo/ros2_ws/install/ex_calculator_py:/home/youngmo/ros2_ws/install/opencv_py:/home/youngmo/ros2_ws/install/hangman_game:/opt/ros/humble LD_LIBRARY_PATH=/home/youngmo/ros2_ws/install/hangman_interfaces/lib:/home/youngmo/ros2_ws/install/ros_study_msgs/lib:/opt/ros/humble/opt/rviz_ogre_vendor/lib:/opt/ros/humble/lib/x86_64-linux-gnu:/opt/ros/humble/lib /usr/bin/cmake --install /home/youngmo/ros2_ws/build/hangman_game_cpp
[0.517s] -- Install configuration: ""
[0.517s] -- Up-to-date: /home/youngmo/ros2_ws/install/hangman_game_cpp/lib/hangman_game_cpp/letter_publisher
[0.517s] -- Up-to-date: /home/youngmo/ros2_ws/install/hangman_game_cpp/lib/hangman_game_cpp/progress_action_client
[0.517s] -- Up-to-date: /home/youngmo/ros2_ws/install/hangman_game_cpp/lib/hangman_game_cpp/progress_action_server
[0.517s] -- Up-to-date: /home/youngmo/ros2_ws/install/hangman_game_cpp/lib/hangman_game_cpp/user_input
[0.517s] -- Up-to-date: /home/youngmo/ros2_ws/install/hangman_game_cpp/lib/hangman_game_cpp/word_service
[0.517s] -- Up-to-date: /home/youngmo/ros2_ws/install/hangman_game_cpp/share/ament_index/resource_index/package_run_dependencies/hangman_game_cpp
[0.517s] -- Up-to-date: /home/youngmo/ros2_ws/install/hangman_game_cpp/share/ament_index/resource_index/parent_prefix_path/hangman_game_cpp
[0.517s] -- Up-to-date: /home/youngmo/ros2_ws/install/hangman_game_cpp/share/hangman_game_cpp/environment/ament_prefix_path.sh
[0.517s] -- Up-to-date: /home/youngmo/ros2_ws/install/hangman_game_cpp/share/hangman_game_cpp/environment/ament_prefix_path.dsv
[0.517s] -- Up-to-date: /home/youngmo/ros2_ws/install/hangman_game_cpp/share/hangman_game_cpp/environment/path.sh
[0.517s] -- Up-to-date: /home/youngmo/ros2_ws/install/hangman_game_cpp/share/hangman_game_cpp/environment/path.dsv
[0.518s] -- Up-to-date: /home/youngmo/ros2_ws/install/hangman_game_cpp/share/hangman_game_cpp/local_setup.bash
[0.518s] -- Up-to-date: /home/youngmo/ros2_ws/install/hangman_game_cpp/share/hangman_game_cpp/local_setup.sh
[0.518s] -- Up-to-date: /home/youngmo/ros2_ws/install/hangman_game_cpp/share/hangman_game_cpp/local_setup.zsh
[0.518s] -- Up-to-date: /home/youngmo/ros2_ws/install/hangman_game_cpp/share/hangman_game_cpp/local_setup.dsv
[0.518s] -- Installing: /home/youngmo/ros2_ws/install/hangman_game_cpp/share/hangman_game_cpp/package.dsv
[0.518s] -- Up-to-date: /home/youngmo/ros2_ws/install/hangman_game_cpp/share/ament_index/resource_index/packages/hangman_game_cpp
[0.518s] -- Up-to-date: /home/youngmo/ros2_ws/install/hangman_game_cpp/share/hangman_game_cpp/cmake/hangman_game_cppConfig.cmake
[0.518s] -- Up-to-date: /home/youngmo/ros2_ws/install/hangman_game_cpp/share/hangman_game_cpp/cmake/hangman_game_cppConfig-version.cmake
[0.518s] -- Up-to-date: /home/youngmo/ros2_ws/install/hangman_game_cpp/share/hangman_game_cpp/package.xml
[0.527s] Invoked command in '/home/youngmo/ros2_ws/build/hangman_game_cpp' returned '0': CMAKE_PREFIX_PATH=/home/youngmo/ros2_ws/install/hangman_interfaces:/home/youngmo/ros2_ws/install/ros_study_cpp:/home/youngmo/ros2_ws/install/cpp_excalculator:/home/youngmo/ros2_ws/install/ros_study_msgs:/home/youngmo/ros2_ws/install/hangman_game_cpp:/home/youngmo/ros2_ws/install/ros_study_py:/home/youngmo/ros2_ws/install/ex_calculator_py:/home/youngmo/ros2_ws/install/opencv_py:/home/youngmo/ros2_ws/install/hangman_game:/opt/ros/humble LD_LIBRARY_PATH=/home/youngmo/ros2_ws/install/hangman_interfaces/lib:/home/youngmo/ros2_ws/install/ros_study_msgs/lib:/opt/ros/humble/opt/rviz_ogre_vendor/lib:/opt/ros/humble/lib/x86_64-linux-gnu:/opt/ros/humble/lib /usr/bin/cmake --install /home/youngmo/ros2_ws/build/hangman_game_cpp
