-- Found ament_cmake: 1.3.11 (/opt/ros/humble/share/ament_cmake/cmake)
-- Found rclcpp: 16.0.12 (/opt/ros/humble/share/rclcpp/cmake)
-- Found rosidl_generator_c: 3.1.6 (/opt/ros/humble/share/rosidl_generator_c/cmake)
-- Found rosidl_adapter: 3.1.6 (/opt/ros/humble/share/rosidl_adapter/cmake)
-- Found rosidl_generator_cpp: 3.1.6 (/opt/ros/humble/share/rosidl_generator_cpp/cmake)
-- Using all available rosidl_typesupport_c: rosidl_typesupport_fastrtps_c;rosidl_typesupport_introspection_c
-- Using all available rosidl_typesupport_cpp: rosidl_typesupport_fastrtps_cpp;rosidl_typesupport_introspection_cpp
-- Found rmw_implementation_cmake: 6.1.2 (/opt/ros/humble/share/rmw_implementation_cmake/cmake)
-- Found rmw_fastrtps_cpp: 6.2.7 (/opt/ros/humble/share/rmw_fastrtps_cpp/cmake)
-- Using RMW implementation 'rmw_fastrtps_cpp' as default
-- Found ros_study_msgs: 0.0.0 (/home/youngmo/ros2_ws/install/ros_study_msgs/share/ros_study_msgs/cmake)
-- Found ament_lint_auto: 0.12.12 (/opt/ros/humble/share/ament_lint_auto/cmake)
-- Added test 'cppcheck' to perform static code analysis on C / C++ code
-- Configured cppcheck include dirs: 
-- Configured cppcheck exclude dirs and/or files: 
-- Added test 'lint_cmake' to check CMake code style
-- Added test 'uncrustify' to check C / C++ code style
-- Configured uncrustify additional arguments: 
-- Added test 'xmllint' to check XML markup files
-- Configuring done
-- Generating done
-- Build files have been written to: /home/youngmo/ros2_ws/build/ros_study_cpp
[35m[1mConsolidate compiler generated dependencies of target my_msg_test[0m
[ 25%] [32mBuilding CXX object CMakeFiles/my_msg_sub.dir/src/my_msg_subscriber.cpp.o[0m
[ 75%] Built target my_msg_test
[100%] [32m[1mLinking CXX executable my_msg_sub[0m
[100%] Built target my_msg_sub
-- Install configuration: ""
-- Up-to-date: /home/youngmo/ros2_ws/install/ros_study_cpp/lib/ros_study_cpp/my_msg_test
-- Installing: /home/youngmo/ros2_ws/install/ros_study_cpp/lib/ros_study_cpp/my_msg_sub
-- Set runtime path of "/home/youngmo/ros2_ws/install/ros_study_cpp/lib/ros_study_cpp/my_msg_sub" to ""
-- Up-to-date: /home/youngmo/ros2_ws/install/ros_study_cpp/share/ament_index/resource_index/package_run_dependencies/ros_study_cpp
-- Up-to-date: /home/youngmo/ros2_ws/install/ros_study_cpp/share/ament_index/resource_index/parent_prefix_path/ros_study_cpp
-- Up-to-date: /home/youngmo/ros2_ws/install/ros_study_cpp/share/ros_study_cpp/environment/ament_prefix_path.sh
-- Installing: /home/youngmo/ros2_ws/install/ros_study_cpp/share/ros_study_cpp/environment/ament_prefix_path.dsv
-- Up-to-date: /home/youngmo/ros2_ws/install/ros_study_cpp/share/ros_study_cpp/environment/path.sh
-- Installing: /home/youngmo/ros2_ws/install/ros_study_cpp/share/ros_study_cpp/environment/path.dsv
-- Up-to-date: /home/youngmo/ros2_ws/install/ros_study_cpp/share/ros_study_cpp/local_setup.bash
-- Up-to-date: /home/youngmo/ros2_ws/install/ros_study_cpp/share/ros_study_cpp/local_setup.sh
-- Up-to-date: /home/youngmo/ros2_ws/install/ros_study_cpp/share/ros_study_cpp/local_setup.zsh
-- Installing: /home/youngmo/ros2_ws/install/ros_study_cpp/share/ros_study_cpp/local_setup.dsv
-- Installing: /home/youngmo/ros2_ws/install/ros_study_cpp/share/ros_study_cpp/package.dsv
-- Up-to-date: /home/youngmo/ros2_ws/install/ros_study_cpp/share/ament_index/resource_index/packages/ros_study_cpp
-- Up-to-date: /home/youngmo/ros2_ws/install/ros_study_cpp/share/ros_study_cpp/cmake/ros_study_cppConfig.cmake
-- Up-to-date: /home/youngmo/ros2_ws/install/ros_study_cpp/share/ros_study_cpp/cmake/ros_study_cppConfig-version.cmake
-- Up-to-date: /home/youngmo/ros2_ws/install/ros_study_cpp/share/ros_study_cpp/package.xml
