[0.008s] Invoking command in '/home/youngmo/ros2_ws/build/ros_study_cpp': CMAKE_PREFIX_PATH=/home/youngmo/ros2_ws/install/ros_study_msgs:/home/youngmo/ros2_ws/install/ros_study_cpp:/home/youngmo/ros2_ws/install/ros_study_py:/home/youngmo/ros2_ws/install/ex_calculator_py:/opt/ros/humble /usr/bin/cmake --build /home/youngmo/ros2_ws/build/ros_study_cpp -- -j16 -l16
[0.064s] [ 16%] Built target my_msg_test
[0.064s] [ 33%] Built target my_service_server
[0.064s] [ 50%] Built target my_msg_subscriber
[0.065s] [ 66%] Built target my_service_client
[0.067s] [ 83%] Built target my_action_server
[0.070s] [100%] Built target my_action_client
[0.238s] Invoked command in '/home/youngmo/ros2_ws/build/ros_study_cpp' returned '0': CMAKE_PREFIX_PATH=/home/youngmo/ros2_ws/install/ros_study_msgs:/home/youngmo/ros2_ws/install/ros_study_cpp:/home/youngmo/ros2_ws/install/ros_study_py:/home/youngmo/ros2_ws/install/ex_calculator_py:/opt/ros/humble /usr/bin/cmake --build /home/youngmo/ros2_ws/build/ros_study_cpp -- -j16 -l16
[0.240s] Invoking command in '/home/youngmo/ros2_ws/build/ros_study_cpp': CMAKE_PREFIX_PATH=/home/youngmo/ros2_ws/install/ros_study_msgs:/home/youngmo/ros2_ws/install/ros_study_cpp:/home/youngmo/ros2_ws/install/ros_study_py:/home/youngmo/ros2_ws/install/ex_calculator_py:/opt/ros/humble /usr/bin/cmake --install /home/youngmo/ros2_ws/build/ros_study_cpp
[0.248s] -- Install configuration: ""
[0.250s] -- Up-to-date: /home/youngmo/ros2_ws/install/ros_study_cpp/lib/ros_study_cpp/my_msg_test
[0.250s] -- Up-to-date: /home/youngmo/ros2_ws/install/ros_study_cpp/lib/ros_study_cpp/my_msg_subscriber
[0.250s] -- Up-to-date: /home/youngmo/ros2_ws/install/ros_study_cpp/lib/ros_study_cpp/my_service_client
[0.250s] -- Up-to-date: /home/youngmo/ros2_ws/install/ros_study_cpp/lib/ros_study_cpp/my_service_server
[0.251s] -- Up-to-date: /home/youngmo/ros2_ws/install/ros_study_cpp/lib/ros_study_cpp/my_action_client
[0.251s] -- Up-to-date: /home/youngmo/ros2_ws/install/ros_study_cpp/lib/ros_study_cpp/my_action_server
[0.251s] -- Up-to-date: /home/youngmo/ros2_ws/install/ros_study_cpp/share/ament_index/resource_index/package_run_dependencies/ros_study_cpp
[0.251s] -- Up-to-date: /home/youngmo/ros2_ws/install/ros_study_cpp/share/ament_index/resource_index/parent_prefix_path/ros_study_cpp
[0.251s] -- Up-to-date: /home/youngmo/ros2_ws/install/ros_study_cpp/share/ros_study_cpp/environment/ament_prefix_path.sh
[0.251s] -- Up-to-date: /home/youngmo/ros2_ws/install/ros_study_cpp/share/ros_study_cpp/environment/ament_prefix_path.dsv
[0.252s] -- Up-to-date: /home/youngmo/ros2_ws/install/ros_study_cpp/share/ros_study_cpp/environment/path.sh
[0.253s] -- Up-to-date: /home/youngmo/ros2_ws/install/ros_study_cpp/share/ros_study_cpp/environment/path.dsv
[0.253s] -- Up-to-date: /home/youngmo/ros2_ws/install/ros_study_cpp/share/ros_study_cpp/local_setup.bash
[0.253s] -- Up-to-date: /home/youngmo/ros2_ws/install/ros_study_cpp/share/ros_study_cpp/local_setup.sh
[0.253s] -- Up-to-date: /home/youngmo/ros2_ws/install/ros_study_cpp/share/ros_study_cpp/local_setup.zsh
[0.253s] -- Up-to-date: /home/youngmo/ros2_ws/install/ros_study_cpp/share/ros_study_cpp/local_setup.dsv
[0.253s] -- Installing: /home/youngmo/ros2_ws/install/ros_study_cpp/share/ros_study_cpp/package.dsv
[0.253s] -- Up-to-date: /home/youngmo/ros2_ws/install/ros_study_cpp/share/ament_index/resource_index/packages/ros_study_cpp
[0.253s] -- Up-to-date: /home/youngmo/ros2_ws/install/ros_study_cpp/share/ros_study_cpp/cmake/ros_study_cppConfig.cmake
[0.253s] -- Up-to-date: /home/youngmo/ros2_ws/install/ros_study_cpp/share/ros_study_cpp/cmake/ros_study_cppConfig-version.cmake
[0.253s] -- Up-to-date: /home/youngmo/ros2_ws/install/ros_study_cpp/share/ros_study_cpp/package.xml
[0.255s] Invoked command in '/home/youngmo/ros2_ws/build/ros_study_cpp' returned '0': CMAKE_PREFIX_PATH=/home/youngmo/ros2_ws/install/ros_study_msgs:/home/youngmo/ros2_ws/install/ros_study_cpp:/home/youngmo/ros2_ws/install/ros_study_py:/home/youngmo/ros2_ws/install/ex_calculator_py:/opt/ros/humble /usr/bin/cmake --install /home/youngmo/ros2_ws/build/ros_study_cpp
