running egg_info
writing ../../build/ex_calculator_py/ex_calculator_py.egg-info/PKG-INFO
writing dependency_links to ../../build/ex_calculator_py/ex_calculator_py.egg-info/dependency_links.txt
writing entry points to ../../build/ex_calculator_py/ex_calculator_py.egg-info/entry_points.txt
writing requirements to ../../build/ex_calculator_py/ex_calculator_py.egg-info/requires.txt
writing top-level names to ../../build/ex_calculator_py/ex_calculator_py.egg-info/top_level.txt
reading manifest file '../../build/ex_calculator_py/ex_calculator_py.egg-info/SOURCES.txt'
writing manifest file '../../build/ex_calculator_py/ex_calculator_py.egg-info/SOURCES.txt'
running build
running build_py
running install
running install_lib
running install_data
copying launch/arithmetic.launch.py -> /home/youngmo/ros2_ws/install/ex_calculator_py/share/ex_calculator_py/launch
running install_egg_info
removing '/home/youngmo/ros2_ws/install/ex_calculator_py/lib/python3.10/site-packages/ex_calculator_py-0.0.0-py3.10.egg-info' (and everything under it)
Copying ../../build/ex_calculator_py/ex_calculator_py.egg-info to /home/youngmo/ros2_ws/install/ex_calculator_py/lib/python3.10/site-packages/ex_calculator_py-0.0.0-py3.10.egg-info
running install_scripts
Installing argument script to /home/youngmo/ros2_ws/install/ex_calculator_py/lib/ex_calculator_py
Installing calculator script to /home/youngmo/ros2_ws/install/ex_calculator_py/lib/ex_calculator_py
Installing checker script to /home/youngmo/ros2_ws/install/ex_calculator_py/lib/ex_calculator_py
Installing operator script to /home/youngmo/ros2_ws/install/ex_calculator_py/lib/ex_calculator_py
writing list of installed files to '/home/youngmo/ros2_ws/build/ex_calculator_py/install.log'
