[0.012s] Invoking command in '/home/youngmo/ros2_ws/build/hangman_interfaces': CMAKE_PREFIX_PATH=${CMAKE_PREFIX_PATH}:/home/youngmo/ros2_ws/install/ros_study_py:/home/youngmo/ros2_ws/install/ex_calculator_py:/home/youngmo/ros2_ws/install/opencv_py:/home/youngmo/ros2_ws/install/hangman_game:/opt/ros/humble /usr/bin/cmake --build /home/youngmo/ros2_ws/build/hangman_interfaces -- -j16 -l16
[0.067s] [  2%] Built target hangman_interfaces__cpp
[0.073s] [ 12%] Built target hangman_interfaces__rosidl_generator_c
[0.074s] [ 12%] Built target ament_cmake_python_copy_hangman_interfaces
[0.083s] [ 23%] Built target hangman_interfaces__rosidl_typesupport_cpp
[0.087s] [ 34%] Built target hangman_interfaces__rosidl_typesupport_fastrtps_cpp
[0.091s] [ 44%] Built target hangman_interfaces__rosidl_typesupport_introspection_c
[0.091s] [ 55%] Built target hangman_interfaces__rosidl_typesupport_c
[0.098s] [ 65%] Built target hangman_interfaces__rosidl_typesupport_fastrtps_c
[0.100s] [ 76%] Built target hangman_interfaces__rosidl_typesupport_introspection_cpp
[0.117s] [ 76%] Built target hangman_interfaces
[0.130s] [ 78%] Built target hangman_interfaces__py
[0.167s] [ 87%] Built target hangman_interfaces__rosidl_generator_py
[0.183s] [ 91%] Built target hangman_interfaces__rosidl_typesupport_c__pyext
[0.184s] [ 95%] Built target hangman_interfaces__rosidl_typesupport_fastrtps_c__pyext
[0.186s] [100%] Built target hangman_interfaces__rosidl_typesupport_introspection_c__pyext
[0.216s] running egg_info
[0.216s] writing hangman_interfaces.egg-info/PKG-INFO
[0.216s] writing dependency_links to hangman_interfaces.egg-info/dependency_links.txt
[0.216s] writing top-level names to hangman_interfaces.egg-info/top_level.txt
[0.217s] reading manifest file 'hangman_interfaces.egg-info/SOURCES.txt'
[0.218s] writing manifest file 'hangman_interfaces.egg-info/SOURCES.txt'
[0.241s] [100%] Built target ament_cmake_python_build_hangman_interfaces_egg
[0.257s] Invoked command in '/home/youngmo/ros2_ws/build/hangman_interfaces' returned '0': CMAKE_PREFIX_PATH=${CMAKE_PREFIX_PATH}:/home/youngmo/ros2_ws/install/ros_study_py:/home/youngmo/ros2_ws/install/ex_calculator_py:/home/youngmo/ros2_ws/install/opencv_py:/home/youngmo/ros2_ws/install/hangman_game:/opt/ros/humble /usr/bin/cmake --build /home/youngmo/ros2_ws/build/hangman_interfaces -- -j16 -l16
[0.262s] Invoking command in '/home/youngmo/ros2_ws/build/hangman_interfaces': CMAKE_PREFIX_PATH=${CMAKE_PREFIX_PATH}:/home/youngmo/ros2_ws/install/ros_study_py:/home/youngmo/ros2_ws/install/ex_calculator_py:/home/youngmo/ros2_ws/install/opencv_py:/home/youngmo/ros2_ws/install/hangman_game:/opt/ros/humble /usr/bin/cmake --install /home/youngmo/ros2_ws/build/hangman_interfaces
[0.276s] -- Install configuration: ""
[0.276s] -- Up-to-date: /home/youngmo/ros2_ws/install/hangman_interfaces/share/ament_index/resource_index/rosidl_interfaces/hangman_interfaces
[0.276s] -- Up-to-date: /home/youngmo/ros2_ws/install/hangman_interfaces/include/hangman_interfaces/hangman_interfaces
[0.276s] -- Up-to-date: /home/youngmo/ros2_ws/install/hangman_interfaces/include/hangman_interfaces/hangman_interfaces/srv
[0.276s] -- Up-to-date: /home/youngmo/ros2_ws/install/hangman_interfaces/include/hangman_interfaces/hangman_interfaces/srv/detail
[0.277s] -- Up-to-date: /home/youngmo/ros2_ws/install/hangman_interfaces/include/hangman_interfaces/hangman_interfaces/srv/detail/check_letter__type_support.h
[0.277s] -- Up-to-date: /home/youngmo/ros2_ws/install/hangman_interfaces/include/hangman_interfaces/hangman_interfaces/srv/detail/check_letter__functions.h
[0.277s] -- Up-to-date: /home/youngmo/ros2_ws/install/hangman_interfaces/include/hangman_interfaces/hangman_interfaces/srv/detail/check_letter__struct.h
[0.277s] -- Up-to-date: /home/youngmo/ros2_ws/install/hangman_interfaces/include/hangman_interfaces/hangman_interfaces/srv/detail/check_letter__functions.c
[0.277s] -- Up-to-date: /home/youngmo/ros2_ws/install/hangman_interfaces/include/hangman_interfaces/hangman_interfaces/srv/check_letter.h
[0.277s] -- Up-to-date: /home/youngmo/ros2_ws/install/hangman_interfaces/include/hangman_interfaces/hangman_interfaces/action
[0.277s] -- Up-to-date: /home/youngmo/ros2_ws/install/hangman_interfaces/include/hangman_interfaces/hangman_interfaces/action/detail
[0.277s] -- Up-to-date: /home/youngmo/ros2_ws/install/hangman_interfaces/include/hangman_interfaces/hangman_interfaces/action/detail/game_progress__type_support.h
[0.277s] -- Up-to-date: /home/youngmo/ros2_ws/install/hangman_interfaces/include/hangman_interfaces/hangman_interfaces/action/detail/game_progress__functions.c
[0.277s] -- Up-to-date: /home/youngmo/ros2_ws/install/hangman_interfaces/include/hangman_interfaces/hangman_interfaces/action/detail/game_progress__functions.h
[0.277s] -- Up-to-date: /home/youngmo/ros2_ws/install/hangman_interfaces/include/hangman_interfaces/hangman_interfaces/action/detail/game_progress__struct.h
[0.277s] -- Up-to-date: /home/youngmo/ros2_ws/install/hangman_interfaces/include/hangman_interfaces/hangman_interfaces/action/game_progress.h
[0.277s] -- Up-to-date: /home/youngmo/ros2_ws/install/hangman_interfaces/include/hangman_interfaces/hangman_interfaces/msg
[0.277s] -- Up-to-date: /home/youngmo/ros2_ws/install/hangman_interfaces/include/hangman_interfaces/hangman_interfaces/msg/progress.h
[0.277s] -- Up-to-date: /home/youngmo/ros2_ws/install/hangman_interfaces/include/hangman_interfaces/hangman_interfaces/msg/detail
[0.277s] -- Up-to-date: /home/youngmo/ros2_ws/install/hangman_interfaces/include/hangman_interfaces/hangman_interfaces/msg/detail/progress__functions.c
[0.277s] -- Up-to-date: /home/youngmo/ros2_ws/install/hangman_interfaces/include/hangman_interfaces/hangman_interfaces/msg/detail/progress__functions.h
[0.277s] -- Up-to-date: /home/youngmo/ros2_ws/install/hangman_interfaces/include/hangman_interfaces/hangman_interfaces/msg/detail/progress__type_support.h
[0.277s] -- Up-to-date: /home/youngmo/ros2_ws/install/hangman_interfaces/include/hangman_interfaces/hangman_interfaces/msg/detail/progress__struct.h
[0.277s] -- Up-to-date: /home/youngmo/ros2_ws/install/hangman_interfaces/include/hangman_interfaces/hangman_interfaces/msg/rosidl_generator_c__visibility_control.h
[0.277s] -- Up-to-date: /home/youngmo/ros2_ws/install/hangman_interfaces/share/hangman_interfaces/environment/library_path.sh
[0.277s] -- Up-to-date: /home/youngmo/ros2_ws/install/hangman_interfaces/share/hangman_interfaces/environment/library_path.dsv
[0.277s] -- Up-to-date: /home/youngmo/ros2_ws/install/hangman_interfaces/lib/libhangman_interfaces__rosidl_generator_c.so
[0.277s] -- Up-to-date: /home/youngmo/ros2_ws/install/hangman_interfaces/include/hangman_interfaces/hangman_interfaces
[0.278s] -- Up-to-date: /home/youngmo/ros2_ws/install/hangman_interfaces/include/hangman_interfaces/hangman_interfaces/srv
[0.278s] -- Up-to-date: /home/youngmo/ros2_ws/install/hangman_interfaces/include/hangman_interfaces/hangman_interfaces/srv/detail
[0.278s] -- Up-to-date: /home/youngmo/ros2_ws/install/hangman_interfaces/include/hangman_interfaces/hangman_interfaces/srv/detail/check_letter__rosidl_typesupport_fastrtps_c.h
[0.278s] -- Up-to-date: /home/youngmo/ros2_ws/install/hangman_interfaces/include/hangman_interfaces/hangman_interfaces/action
[0.278s] -- Up-to-date: /home/youngmo/ros2_ws/install/hangman_interfaces/include/hangman_interfaces/hangman_interfaces/action/detail
[0.278s] -- Up-to-date: /home/youngmo/ros2_ws/install/hangman_interfaces/include/hangman_interfaces/hangman_interfaces/action/detail/game_progress__rosidl_typesupport_fastrtps_c.h
[0.278s] -- Up-to-date: /home/youngmo/ros2_ws/install/hangman_interfaces/include/hangman_interfaces/hangman_interfaces/msg
[0.278s] -- Up-to-date: /home/youngmo/ros2_ws/install/hangman_interfaces/include/hangman_interfaces/hangman_interfaces/msg/detail
[0.285s] -- Up-to-date: /home/youngmo/ros2_ws/install/hangman_interfaces/include/hangman_interfaces/hangman_interfaces/msg/detail/progress__rosidl_typesupport_fastrtps_c.h
[0.285s] -- Up-to-date: /home/youngmo/ros2_ws/install/hangman_interfaces/include/hangman_interfaces/hangman_interfaces/msg/rosidl_typesupport_fastrtps_c__visibility_control.h
[0.285s] -- Up-to-date: /home/youngmo/ros2_ws/install/hangman_interfaces/lib/libhangman_interfaces__rosidl_typesupport_fastrtps_c.so
[0.285s] -- Up-to-date: /home/youngmo/ros2_ws/install/hangman_interfaces/include/hangman_interfaces/hangman_interfaces
[0.285s] -- Up-to-date: /home/youngmo/ros2_ws/install/hangman_interfaces/include/hangman_interfaces/hangman_interfaces/srv
[0.285s] -- Up-to-date: /home/youngmo/ros2_ws/install/hangman_interfaces/include/hangman_interfaces/hangman_interfaces/srv/check_letter.hpp
[0.285s] -- Up-to-date: /home/youngmo/ros2_ws/install/hangman_interfaces/include/hangman_interfaces/hangman_interfaces/srv/detail
[0.288s] -- Up-to-date: /home/youngmo/ros2_ws/install/hangman_interfaces/include/hangman_interfaces/hangman_interfaces/srv/detail/check_letter__builder.hpp
[0.288s] -- Up-to-date: /home/youngmo/ros2_ws/install/hangman_interfaces/include/hangman_interfaces/hangman_interfaces/srv/detail/check_letter__type_support.hpp
[0.288s] -- Up-to-date: /home/youngmo/ros2_ws/install/hangman_interfaces/include/hangman_interfaces/hangman_interfaces/srv/detail/check_letter__traits.hpp
[0.288s] -- Up-to-date: /home/youngmo/ros2_ws/install/hangman_interfaces/include/hangman_interfaces/hangman_interfaces/srv/detail/check_letter__struct.hpp
[0.288s] -- Up-to-date: /home/youngmo/ros2_ws/install/hangman_interfaces/include/hangman_interfaces/hangman_interfaces/action
[0.288s] -- Up-to-date: /home/youngmo/ros2_ws/install/hangman_interfaces/include/hangman_interfaces/hangman_interfaces/action/game_progress.hpp
[0.288s] -- Up-to-date: /home/youngmo/ros2_ws/install/hangman_interfaces/include/hangman_interfaces/hangman_interfaces/action/detail
[0.288s] -- Up-to-date: /home/youngmo/ros2_ws/install/hangman_interfaces/include/hangman_interfaces/hangman_interfaces/action/detail/game_progress__traits.hpp
[0.288s] -- Up-to-date: /home/youngmo/ros2_ws/install/hangman_interfaces/include/hangman_interfaces/hangman_interfaces/action/detail/game_progress__struct.hpp
[0.288s] -- Up-to-date: /home/youngmo/ros2_ws/install/hangman_interfaces/include/hangman_interfaces/hangman_interfaces/action/detail/game_progress__type_support.hpp
[0.288s] -- Up-to-date: /home/youngmo/ros2_ws/install/hangman_interfaces/include/hangman_interfaces/hangman_interfaces/action/detail/game_progress__builder.hpp
[0.288s] -- Up-to-date: /home/youngmo/ros2_ws/install/hangman_interfaces/include/hangman_interfaces/hangman_interfaces/msg
[0.288s] -- Up-to-date: /home/youngmo/ros2_ws/install/hangman_interfaces/include/hangman_interfaces/hangman_interfaces/msg/rosidl_generator_cpp__visibility_control.hpp
[0.288s] -- Up-to-date: /home/youngmo/ros2_ws/install/hangman_interfaces/include/hangman_interfaces/hangman_interfaces/msg/detail
[0.288s] -- Up-to-date: /home/youngmo/ros2_ws/install/hangman_interfaces/include/hangman_interfaces/hangman_interfaces/msg/detail/progress__type_support.hpp
[0.288s] -- Up-to-date: /home/youngmo/ros2_ws/install/hangman_interfaces/include/hangman_interfaces/hangman_interfaces/msg/detail/progress__builder.hpp
[0.288s] -- Up-to-date: /home/youngmo/ros2_ws/install/hangman_interfaces/include/hangman_interfaces/hangman_interfaces/msg/detail/progress__traits.hpp
[0.288s] -- Up-to-date: /home/youngmo/ros2_ws/install/hangman_interfaces/include/hangman_interfaces/hangman_interfaces/msg/detail/progress__struct.hpp
[0.288s] -- Up-to-date: /home/youngmo/ros2_ws/install/hangman_interfaces/include/hangman_interfaces/hangman_interfaces/msg/progress.hpp
[0.288s] -- Up-to-date: /home/youngmo/ros2_ws/install/hangman_interfaces/include/hangman_interfaces/hangman_interfaces
[0.288s] -- Up-to-date: /home/youngmo/ros2_ws/install/hangman_interfaces/include/hangman_interfaces/hangman_interfaces/srv
[0.288s] -- Up-to-date: /home/youngmo/ros2_ws/install/hangman_interfaces/include/hangman_interfaces/hangman_interfaces/srv/detail
[0.288s] -- Up-to-date: /home/youngmo/ros2_ws/install/hangman_interfaces/include/hangman_interfaces/hangman_interfaces/srv/detail/check_letter__rosidl_typesupport_fastrtps_cpp.hpp
[0.288s] -- Up-to-date: /home/youngmo/ros2_ws/install/hangman_interfaces/include/hangman_interfaces/hangman_interfaces/srv/detail/dds_fastrtps
[0.288s] -- Up-to-date: /home/youngmo/ros2_ws/install/hangman_interfaces/include/hangman_interfaces/hangman_interfaces/action
[0.288s] -- Up-to-date: /home/youngmo/ros2_ws/install/hangman_interfaces/include/hangman_interfaces/hangman_interfaces/action/detail
[0.288s] -- Up-to-date: /home/youngmo/ros2_ws/install/hangman_interfaces/include/hangman_interfaces/hangman_interfaces/action/detail/dds_fastrtps
[0.288s] -- Up-to-date: /home/youngmo/ros2_ws/install/hangman_interfaces/include/hangman_interfaces/hangman_interfaces/action/detail/game_progress__rosidl_typesupport_fastrtps_cpp.hpp
[0.288s] -- Up-to-date: /home/youngmo/ros2_ws/install/hangman_interfaces/include/hangman_interfaces/hangman_interfaces/msg
[0.288s] -- Up-to-date: /home/youngmo/ros2_ws/install/hangman_interfaces/include/hangman_interfaces/hangman_interfaces/msg/detail
[0.288s] -- Up-to-date: /home/youngmo/ros2_ws/install/hangman_interfaces/include/hangman_interfaces/hangman_interfaces/msg/detail/dds_fastrtps
[0.288s] -- Up-to-date: /home/youngmo/ros2_ws/install/hangman_interfaces/include/hangman_interfaces/hangman_interfaces/msg/detail/progress__rosidl_typesupport_fastrtps_cpp.hpp
[0.288s] -- Up-to-date: /home/youngmo/ros2_ws/install/hangman_interfaces/include/hangman_interfaces/hangman_interfaces/msg/rosidl_typesupport_fastrtps_cpp__visibility_control.h
[0.288s] -- Up-to-date: /home/youngmo/ros2_ws/install/hangman_interfaces/lib/libhangman_interfaces__rosidl_typesupport_fastrtps_cpp.so
[0.288s] -- Up-to-date: /home/youngmo/ros2_ws/install/hangman_interfaces/include/hangman_interfaces/hangman_interfaces
[0.288s] -- Up-to-date: /home/youngmo/ros2_ws/install/hangman_interfaces/include/hangman_interfaces/hangman_interfaces/srv
[0.289s] -- Up-to-date: /home/youngmo/ros2_ws/install/hangman_interfaces/include/hangman_interfaces/hangman_interfaces/srv/detail
[0.289s] -- Up-to-date: /home/youngmo/ros2_ws/install/hangman_interfaces/include/hangman_interfaces/hangman_interfaces/srv/detail/check_letter__type_support.c
[0.289s] -- Up-to-date: /home/youngmo/ros2_ws/install/hangman_interfaces/include/hangman_interfaces/hangman_interfaces/srv/detail/check_letter__rosidl_typesupport_introspection_c.h
[0.289s] -- Up-to-date: /home/youngmo/ros2_ws/install/hangman_interfaces/include/hangman_interfaces/hangman_interfaces/action
[0.289s] -- Up-to-date: /home/youngmo/ros2_ws/install/hangman_interfaces/include/hangman_interfaces/hangman_interfaces/action/detail
[0.289s] -- Up-to-date: /home/youngmo/ros2_ws/install/hangman_interfaces/include/hangman_interfaces/hangman_interfaces/action/detail/game_progress__rosidl_typesupport_introspection_c.h
[0.289s] -- Up-to-date: /home/youngmo/ros2_ws/install/hangman_interfaces/include/hangman_interfaces/hangman_interfaces/action/detail/game_progress__type_support.c
[0.289s] -- Up-to-date: /home/youngmo/ros2_ws/install/hangman_interfaces/include/hangman_interfaces/hangman_interfaces/msg
[0.292s] -- Up-to-date: /home/youngmo/ros2_ws/install/hangman_interfaces/include/hangman_interfaces/hangman_interfaces/msg/rosidl_typesupport_introspection_c__visibility_control.h
[0.292s] -- Up-to-date: /home/youngmo/ros2_ws/install/hangman_interfaces/include/hangman_interfaces/hangman_interfaces/msg/detail
[0.292s] -- Up-to-date: /home/youngmo/ros2_ws/install/hangman_interfaces/include/hangman_interfaces/hangman_interfaces/msg/detail/progress__rosidl_typesupport_introspection_c.h
[0.292s] -- Up-to-date: /home/youngmo/ros2_ws/install/hangman_interfaces/include/hangman_interfaces/hangman_interfaces/msg/detail/progress__type_support.c
[0.292s] -- Up-to-date: /home/youngmo/ros2_ws/install/hangman_interfaces/lib/libhangman_interfaces__rosidl_typesupport_introspection_c.so
[0.292s] -- Up-to-date: /home/youngmo/ros2_ws/install/hangman_interfaces/lib/libhangman_interfaces__rosidl_typesupport_c.so
[0.292s] -- Up-to-date: /home/youngmo/ros2_ws/install/hangman_interfaces/include/hangman_interfaces/hangman_interfaces
[0.292s] -- Up-to-date: /home/youngmo/ros2_ws/install/hangman_interfaces/include/hangman_interfaces/hangman_interfaces/srv
[0.292s] -- Up-to-date: /home/youngmo/ros2_ws/install/hangman_interfaces/include/hangman_interfaces/hangman_interfaces/srv/detail
[0.292s] -- Up-to-date: /home/youngmo/ros2_ws/install/hangman_interfaces/include/hangman_interfaces/hangman_interfaces/srv/detail/check_letter__type_support.cpp
[0.292s] -- Up-to-date: /home/youngmo/ros2_ws/install/hangman_interfaces/include/hangman_interfaces/hangman_interfaces/srv/detail/check_letter__rosidl_typesupport_introspection_cpp.hpp
[0.292s] -- Up-to-date: /home/youngmo/ros2_ws/install/hangman_interfaces/include/hangman_interfaces/hangman_interfaces/action
[0.292s] -- Up-to-date: /home/youngmo/ros2_ws/install/hangman_interfaces/include/hangman_interfaces/hangman_interfaces/action/detail
[0.292s] -- Up-to-date: /home/youngmo/ros2_ws/install/hangman_interfaces/include/hangman_interfaces/hangman_interfaces/action/detail/game_progress__type_support.cpp
[0.292s] -- Up-to-date: /home/youngmo/ros2_ws/install/hangman_interfaces/include/hangman_interfaces/hangman_interfaces/action/detail/game_progress__rosidl_typesupport_introspection_cpp.hpp
[0.292s] -- Up-to-date: /home/youngmo/ros2_ws/install/hangman_interfaces/include/hangman_interfaces/hangman_interfaces/msg
[0.293s] -- Up-to-date: /home/youngmo/ros2_ws/install/hangman_interfaces/include/hangman_interfaces/hangman_interfaces/msg/detail
[0.293s] -- Up-to-date: /home/youngmo/ros2_ws/install/hangman_interfaces/include/hangman_interfaces/hangman_interfaces/msg/detail/progress__rosidl_typesupport_introspection_cpp.hpp
[0.293s] -- Up-to-date: /home/youngmo/ros2_ws/install/hangman_interfaces/include/hangman_interfaces/hangman_interfaces/msg/detail/progress__type_support.cpp
[0.293s] -- Up-to-date: /home/youngmo/ros2_ws/install/hangman_interfaces/lib/libhangman_interfaces__rosidl_typesupport_introspection_cpp.so
[0.293s] -- Up-to-date: /home/youngmo/ros2_ws/install/hangman_interfaces/lib/libhangman_interfaces__rosidl_typesupport_cpp.so
[0.293s] -- Up-to-date: /home/youngmo/ros2_ws/install/hangman_interfaces/share/hangman_interfaces/environment/pythonpath.sh
[0.293s] -- Up-to-date: /home/youngmo/ros2_ws/install/hangman_interfaces/share/hangman_interfaces/environment/pythonpath.dsv
[0.293s] -- Up-to-date: /home/youngmo/ros2_ws/install/hangman_interfaces/local/lib/python3.10/dist-packages/hangman_interfaces-0.0.0-py3.10.egg-info
[0.293s] -- Installing: /home/youngmo/ros2_ws/install/hangman_interfaces/local/lib/python3.10/dist-packages/hangman_interfaces-0.0.0-py3.10.egg-info/dependency_links.txt
[0.293s] -- Installing: /home/youngmo/ros2_ws/install/hangman_interfaces/local/lib/python3.10/dist-packages/hangman_interfaces-0.0.0-py3.10.egg-info/top_level.txt
[0.293s] -- Installing: /home/youngmo/ros2_ws/install/hangman_interfaces/local/lib/python3.10/dist-packages/hangman_interfaces-0.0.0-py3.10.egg-info/SOURCES.txt
[0.293s] -- Installing: /home/youngmo/ros2_ws/install/hangman_interfaces/local/lib/python3.10/dist-packages/hangman_interfaces-0.0.0-py3.10.egg-info/PKG-INFO
[0.293s] -- Up-to-date: /home/youngmo/ros2_ws/install/hangman_interfaces/local/lib/python3.10/dist-packages/hangman_interfaces
[0.293s] -- Up-to-date: /home/youngmo/ros2_ws/install/hangman_interfaces/local/lib/python3.10/dist-packages/hangman_interfaces/hangman_interfaces_s__rosidl_typesupport_fastrtps_c.cpython-310-x86_64-linux-gnu.so
[0.293s] -- Up-to-date: /home/youngmo/ros2_ws/install/hangman_interfaces/local/lib/python3.10/dist-packages/hangman_interfaces/srv
[0.293s] -- Up-to-date: /home/youngmo/ros2_ws/install/hangman_interfaces/local/lib/python3.10/dist-packages/hangman_interfaces/srv/_check_letter.py
[0.293s] -- Up-to-date: /home/youngmo/ros2_ws/install/hangman_interfaces/local/lib/python3.10/dist-packages/hangman_interfaces/srv/_check_letter_s.c
[0.294s] -- Up-to-date: /home/youngmo/ros2_ws/install/hangman_interfaces/local/lib/python3.10/dist-packages/hangman_interfaces/srv/__init__.py
[0.294s] -- Up-to-date: /home/youngmo/ros2_ws/install/hangman_interfaces/local/lib/python3.10/dist-packages/hangman_interfaces/hangman_interfaces_s__rosidl_typesupport_introspection_c.cpython-310-x86_64-linux-gnu.so
[0.294s] -- Up-to-date: /home/youngmo/ros2_ws/install/hangman_interfaces/local/lib/python3.10/dist-packages/hangman_interfaces/action
[0.294s] -- Up-to-date: /home/youngmo/ros2_ws/install/hangman_interfaces/local/lib/python3.10/dist-packages/hangman_interfaces/action/_game_progress.py
[0.294s] -- Up-to-date: /home/youngmo/ros2_ws/install/hangman_interfaces/local/lib/python3.10/dist-packages/hangman_interfaces/action/__init__.py
[0.294s] -- Up-to-date: /home/youngmo/ros2_ws/install/hangman_interfaces/local/lib/python3.10/dist-packages/hangman_interfaces/action/_game_progress_s.c
[0.294s] -- Up-to-date: /home/youngmo/ros2_ws/install/hangman_interfaces/local/lib/python3.10/dist-packages/hangman_interfaces/hangman_interfaces_s__rosidl_typesupport_c.cpython-310-x86_64-linux-gnu.so
[0.294s] -- Up-to-date: /home/youngmo/ros2_ws/install/hangman_interfaces/local/lib/python3.10/dist-packages/hangman_interfaces/_hangman_interfaces_s.ep.rosidl_typesupport_c.c
[0.294s] -- Up-to-date: /home/youngmo/ros2_ws/install/hangman_interfaces/local/lib/python3.10/dist-packages/hangman_interfaces/libhangman_interfaces__rosidl_generator_py.so
[0.294s] -- Up-to-date: /home/youngmo/ros2_ws/install/hangman_interfaces/local/lib/python3.10/dist-packages/hangman_interfaces/__init__.py
[0.294s] -- Up-to-date: /home/youngmo/ros2_ws/install/hangman_interfaces/local/lib/python3.10/dist-packages/hangman_interfaces/_hangman_interfaces_s.ep.rosidl_typesupport_introspection_c.c
[0.294s] -- Up-to-date: /home/youngmo/ros2_ws/install/hangman_interfaces/local/lib/python3.10/dist-packages/hangman_interfaces/msg
[0.294s] -- Up-to-date: /home/youngmo/ros2_ws/install/hangman_interfaces/local/lib/python3.10/dist-packages/hangman_interfaces/msg/__init__.py
[0.294s] -- Up-to-date: /home/youngmo/ros2_ws/install/hangman_interfaces/local/lib/python3.10/dist-packages/hangman_interfaces/msg/_progress.py
[0.294s] -- Up-to-date: /home/youngmo/ros2_ws/install/hangman_interfaces/local/lib/python3.10/dist-packages/hangman_interfaces/msg/_progress_s.c
[0.294s] -- Up-to-date: /home/youngmo/ros2_ws/install/hangman_interfaces/local/lib/python3.10/dist-packages/hangman_interfaces/_hangman_interfaces_s.ep.rosidl_typesupport_fastrtps_c.c
[0.315s] Listing '/home/youngmo/ros2_ws/install/hangman_interfaces/local/lib/python3.10/dist-packages/hangman_interfaces'...
[0.315s] Listing '/home/youngmo/ros2_ws/install/hangman_interfaces/local/lib/python3.10/dist-packages/hangman_interfaces/action'...
[0.315s] Listing '/home/youngmo/ros2_ws/install/hangman_interfaces/local/lib/python3.10/dist-packages/hangman_interfaces/msg'...
[0.315s] Listing '/home/youngmo/ros2_ws/install/hangman_interfaces/local/lib/python3.10/dist-packages/hangman_interfaces/srv'...
[0.315s] -- Up-to-date: /home/youngmo/ros2_ws/install/hangman_interfaces/local/lib/python3.10/dist-packages/hangman_interfaces/hangman_interfaces_s__rosidl_typesupport_fastrtps_c.cpython-310-x86_64-linux-gnu.so
[0.315s] -- Up-to-date: /home/youngmo/ros2_ws/install/hangman_interfaces/local/lib/python3.10/dist-packages/hangman_interfaces/hangman_interfaces_s__rosidl_typesupport_introspection_c.cpython-310-x86_64-linux-gnu.so
[0.315s] -- Up-to-date: /home/youngmo/ros2_ws/install/hangman_interfaces/local/lib/python3.10/dist-packages/hangman_interfaces/hangman_interfaces_s__rosidl_typesupport_c.cpython-310-x86_64-linux-gnu.so
[0.315s] -- Up-to-date: /home/youngmo/ros2_ws/install/hangman_interfaces/lib/libhangman_interfaces__rosidl_generator_py.so
[0.315s] -- Up-to-date: /home/youngmo/ros2_ws/install/hangman_interfaces/share/hangman_interfaces/msg/Progress.idl
[0.315s] -- Up-to-date: /home/youngmo/ros2_ws/install/hangman_interfaces/share/hangman_interfaces/srv/CheckLetter.idl
[0.315s] -- Up-to-date: /home/youngmo/ros2_ws/install/hangman_interfaces/share/hangman_interfaces/action/GameProgress.idl
[0.315s] -- Up-to-date: /home/youngmo/ros2_ws/install/hangman_interfaces/share/hangman_interfaces/msg/Progress.msg
[0.315s] -- Up-to-date: /home/youngmo/ros2_ws/install/hangman_interfaces/share/hangman_interfaces/srv/CheckLetter.srv
[0.315s] -- Up-to-date: /home/youngmo/ros2_ws/install/hangman_interfaces/share/hangman_interfaces/srv/CheckLetter_Request.msg
[0.315s] -- Up-to-date: /home/youngmo/ros2_ws/install/hangman_interfaces/share/hangman_interfaces/srv/CheckLetter_Response.msg
[0.315s] -- Up-to-date: /home/youngmo/ros2_ws/install/hangman_interfaces/share/hangman_interfaces/action/GameProgress.action
[0.315s] -- Up-to-date: /home/youngmo/ros2_ws/install/hangman_interfaces/share/ament_index/resource_index/package_run_dependencies/hangman_interfaces
[0.315s] -- Up-to-date: /home/youngmo/ros2_ws/install/hangman_interfaces/share/ament_index/resource_index/parent_prefix_path/hangman_interfaces
[0.315s] -- Up-to-date: /home/youngmo/ros2_ws/install/hangman_interfaces/share/hangman_interfaces/environment/ament_prefix_path.sh
[0.315s] -- Up-to-date: /home/youngmo/ros2_ws/install/hangman_interfaces/share/hangman_interfaces/environment/ament_prefix_path.dsv
[0.316s] -- Up-to-date: /home/youngmo/ros2_ws/install/hangman_interfaces/share/hangman_interfaces/environment/path.sh
[0.316s] -- Up-to-date: /home/youngmo/ros2_ws/install/hangman_interfaces/share/hangman_interfaces/environment/path.dsv
[0.316s] -- Up-to-date: /home/youngmo/ros2_ws/install/hangman_interfaces/share/hangman_interfaces/local_setup.bash
[0.316s] -- Up-to-date: /home/youngmo/ros2_ws/install/hangman_interfaces/share/hangman_interfaces/local_setup.sh
[0.316s] -- Up-to-date: /home/youngmo/ros2_ws/install/hangman_interfaces/share/hangman_interfaces/local_setup.zsh
[0.316s] -- Up-to-date: /home/youngmo/ros2_ws/install/hangman_interfaces/share/hangman_interfaces/local_setup.dsv
[0.316s] -- Installing: /home/youngmo/ros2_ws/install/hangman_interfaces/share/hangman_interfaces/package.dsv
[0.316s] -- Up-to-date: /home/youngmo/ros2_ws/install/hangman_interfaces/share/ament_index/resource_index/packages/hangman_interfaces
[0.316s] -- Up-to-date: /home/youngmo/ros2_ws/install/hangman_interfaces/share/hangman_interfaces/cmake/export_hangman_interfaces__rosidl_generator_cExport.cmake
[0.318s] -- Up-to-date: /home/youngmo/ros2_ws/install/hangman_interfaces/share/hangman_interfaces/cmake/export_hangman_interfaces__rosidl_generator_cExport-noconfig.cmake
[0.319s] -- Up-to-date: /home/youngmo/ros2_ws/install/hangman_interfaces/share/hangman_interfaces/cmake/export_hangman_interfaces__rosidl_typesupport_fastrtps_cExport.cmake
[0.319s] -- Up-to-date: /home/youngmo/ros2_ws/install/hangman_interfaces/share/hangman_interfaces/cmake/export_hangman_interfaces__rosidl_typesupport_fastrtps_cExport-noconfig.cmake
[0.319s] -- Up-to-date: /home/youngmo/ros2_ws/install/hangman_interfaces/share/hangman_interfaces/cmake/export_hangman_interfaces__rosidl_generator_cppExport.cmake
[0.319s] -- Up-to-date: /home/youngmo/ros2_ws/install/hangman_interfaces/share/hangman_interfaces/cmake/export_hangman_interfaces__rosidl_typesupport_fastrtps_cppExport.cmake
[0.319s] -- Up-to-date: /home/youngmo/ros2_ws/install/hangman_interfaces/share/hangman_interfaces/cmake/export_hangman_interfaces__rosidl_typesupport_fastrtps_cppExport-noconfig.cmake
[0.319s] -- Up-to-date: /home/youngmo/ros2_ws/install/hangman_interfaces/share/hangman_interfaces/cmake/hangman_interfaces__rosidl_typesupport_introspection_cExport.cmake
[0.319s] -- Up-to-date: /home/youngmo/ros2_ws/install/hangman_interfaces/share/hangman_interfaces/cmake/hangman_interfaces__rosidl_typesupport_introspection_cExport-noconfig.cmake
[0.319s] -- Up-to-date: /home/youngmo/ros2_ws/install/hangman_interfaces/share/hangman_interfaces/cmake/hangman_interfaces__rosidl_typesupport_cExport.cmake
[0.319s] -- Up-to-date: /home/youngmo/ros2_ws/install/hangman_interfaces/share/hangman_interfaces/cmake/hangman_interfaces__rosidl_typesupport_cExport-noconfig.cmake
[0.319s] -- Up-to-date: /home/youngmo/ros2_ws/install/hangman_interfaces/share/hangman_interfaces/cmake/hangman_interfaces__rosidl_typesupport_introspection_cppExport.cmake
[0.319s] -- Up-to-date: /home/youngmo/ros2_ws/install/hangman_interfaces/share/hangman_interfaces/cmake/hangman_interfaces__rosidl_typesupport_introspection_cppExport-noconfig.cmake
[0.319s] -- Up-to-date: /home/youngmo/ros2_ws/install/hangman_interfaces/share/hangman_interfaces/cmake/hangman_interfaces__rosidl_typesupport_cppExport.cmake
[0.319s] -- Up-to-date: /home/youngmo/ros2_ws/install/hangman_interfaces/share/hangman_interfaces/cmake/hangman_interfaces__rosidl_typesupport_cppExport-noconfig.cmake
[0.319s] -- Up-to-date: /home/youngmo/ros2_ws/install/hangman_interfaces/share/hangman_interfaces/cmake/export_hangman_interfaces__rosidl_generator_pyExport.cmake
[0.319s] -- Up-to-date: /home/youngmo/ros2_ws/install/hangman_interfaces/share/hangman_interfaces/cmake/export_hangman_interfaces__rosidl_generator_pyExport-noconfig.cmake
[0.319s] -- Up-to-date: /home/youngmo/ros2_ws/install/hangman_interfaces/share/hangman_interfaces/cmake/ament_cmake_export_dependencies-extras.cmake
[0.319s] -- Up-to-date: /home/youngmo/ros2_ws/install/hangman_interfaces/share/hangman_interfaces/cmake/rosidl_cmake-extras.cmake
[0.319s] -- Up-to-date: /home/youngmo/ros2_ws/install/hangman_interfaces/share/hangman_interfaces/cmake/ament_cmake_export_include_directories-extras.cmake
[0.319s] -- Up-to-date: /home/youngmo/ros2_ws/install/hangman_interfaces/share/hangman_interfaces/cmake/ament_cmake_export_libraries-extras.cmake
[0.319s] -- Up-to-date: /home/youngmo/ros2_ws/install/hangman_interfaces/share/hangman_interfaces/cmake/ament_cmake_export_targets-extras.cmake
[0.319s] -- Up-to-date: /home/youngmo/ros2_ws/install/hangman_interfaces/share/hangman_interfaces/cmake/rosidl_cmake_export_typesupport_targets-extras.cmake
[0.319s] -- Up-to-date: /home/youngmo/ros2_ws/install/hangman_interfaces/share/hangman_interfaces/cmake/rosidl_cmake_export_typesupport_libraries-extras.cmake
[0.319s] -- Up-to-date: /home/youngmo/ros2_ws/install/hangman_interfaces/share/hangman_interfaces/cmake/hangman_interfacesConfig.cmake
[0.319s] -- Up-to-date: /home/youngmo/ros2_ws/install/hangman_interfaces/share/hangman_interfaces/cmake/hangman_interfacesConfig-version.cmake
[0.319s] -- Up-to-date: /home/youngmo/ros2_ws/install/hangman_interfaces/share/hangman_interfaces/package.xml
[0.329s] Invoked command in '/home/youngmo/ros2_ws/build/hangman_interfaces' returned '0': CMAKE_PREFIX_PATH=${CMAKE_PREFIX_PATH}:/home/youngmo/ros2_ws/install/ros_study_py:/home/youngmo/ros2_ws/install/ex_calculator_py:/home/youngmo/ros2_ws/install/opencv_py:/home/youngmo/ros2_ws/install/hangman_game:/opt/ros/humble /usr/bin/cmake --install /home/youngmo/ros2_ws/build/hangman_interfaces
