running egg_info
creating ../../build/ex_calculator_py/ex_calculator_py.egg-info
writing ../../build/ex_calculator_py/ex_calculator_py.egg-info/PKG-INFO
writing dependency_links to ../../build/ex_calculator_py/ex_calculator_py.egg-info/dependency_links.txt
writing entry points to ../../build/ex_calculator_py/ex_calculator_py.egg-info/entry_points.txt
writing requirements to ../../build/ex_calculator_py/ex_calculator_py.egg-info/requires.txt
writing top-level names to ../../build/ex_calculator_py/ex_calculator_py.egg-info/top_level.txt
writing manifest file '../../build/ex_calculator_py/ex_calculator_py.egg-info/SOURCES.txt'
reading manifest file '../../build/ex_calculator_py/ex_calculator_py.egg-info/SOURCES.txt'
writing manifest file '../../build/ex_calculator_py/ex_calculator_py.egg-info/SOURCES.txt'
running build
running build_py
creating /home/youngmo/ros2_ws/build/ex_calculator_py/build
creating /home/youngmo/ros2_ws/build/ex_calculator_py/build/lib
creating /home/youngmo/ros2_ws/build/ex_calculator_py/build/lib/ex_calculator_py
copying ex_calculator_py/__init__.py -> /home/youngmo/ros2_ws/build/ex_calculator_py/build/lib/ex_calculator_py
creating /home/youngmo/ros2_ws/build/ex_calculator_py/build/lib/ex_calculator_py/checker
copying ex_calculator_py/checker/checker.py -> /home/youngmo/ros2_ws/build/ex_calculator_py/build/lib/ex_calculator_py/checker
copying ex_calculator_py/checker/__init__.py -> /home/youngmo/ros2_ws/build/ex_calculator_py/build/lib/ex_calculator_py/checker
copying ex_calculator_py/checker/main.py -> /home/youngmo/ros2_ws/build/ex_calculator_py/build/lib/ex_calculator_py/checker
creating /home/youngmo/ros2_ws/build/ex_calculator_py/build/lib/ex_calculator_py/arithmetic
copying ex_calculator_py/arithmetic/operator.py -> /home/youngmo/ros2_ws/build/ex_calculator_py/build/lib/ex_calculator_py/arithmetic
copying ex_calculator_py/arithmetic/__init__.py -> /home/youngmo/ros2_ws/build/ex_calculator_py/build/lib/ex_calculator_py/arithmetic
copying ex_calculator_py/arithmetic/argument.py -> /home/youngmo/ros2_ws/build/ex_calculator_py/build/lib/ex_calculator_py/arithmetic
creating /home/youngmo/ros2_ws/build/ex_calculator_py/build/lib/ex_calculator_py/calculator
copying ex_calculator_py/calculator/__init__.py -> /home/youngmo/ros2_ws/build/ex_calculator_py/build/lib/ex_calculator_py/calculator
copying ex_calculator_py/calculator/calculator.py -> /home/youngmo/ros2_ws/build/ex_calculator_py/build/lib/ex_calculator_py/calculator
copying ex_calculator_py/calculator/main.py -> /home/youngmo/ros2_ws/build/ex_calculator_py/build/lib/ex_calculator_py/calculator
running install
running install_lib
creating /home/youngmo/ros2_ws/install/ex_calculator_py/lib/python3.10/site-packages/ex_calculator_py
creating /home/youngmo/ros2_ws/install/ex_calculator_py/lib/python3.10/site-packages/ex_calculator_py/checker
copying /home/youngmo/ros2_ws/build/ex_calculator_py/build/lib/ex_calculator_py/checker/checker.py -> /home/youngmo/ros2_ws/install/ex_calculator_py/lib/python3.10/site-packages/ex_calculator_py/checker
copying /home/youngmo/ros2_ws/build/ex_calculator_py/build/lib/ex_calculator_py/checker/__init__.py -> /home/youngmo/ros2_ws/install/ex_calculator_py/lib/python3.10/site-packages/ex_calculator_py/checker
copying /home/youngmo/ros2_ws/build/ex_calculator_py/build/lib/ex_calculator_py/checker/main.py -> /home/youngmo/ros2_ws/install/ex_calculator_py/lib/python3.10/site-packages/ex_calculator_py/checker
copying /home/youngmo/ros2_ws/build/ex_calculator_py/build/lib/ex_calculator_py/__init__.py -> /home/youngmo/ros2_ws/install/ex_calculator_py/lib/python3.10/site-packages/ex_calculator_py
creating /home/youngmo/ros2_ws/install/ex_calculator_py/lib/python3.10/site-packages/ex_calculator_py/arithmetic
copying /home/youngmo/ros2_ws/build/ex_calculator_py/build/lib/ex_calculator_py/arithmetic/operator.py -> /home/youngmo/ros2_ws/install/ex_calculator_py/lib/python3.10/site-packages/ex_calculator_py/arithmetic
copying /home/youngmo/ros2_ws/build/ex_calculator_py/build/lib/ex_calculator_py/arithmetic/__init__.py -> /home/youngmo/ros2_ws/install/ex_calculator_py/lib/python3.10/site-packages/ex_calculator_py/arithmetic
copying /home/youngmo/ros2_ws/build/ex_calculator_py/build/lib/ex_calculator_py/arithmetic/argument.py -> /home/youngmo/ros2_ws/install/ex_calculator_py/lib/python3.10/site-packages/ex_calculator_py/arithmetic
creating /home/youngmo/ros2_ws/install/ex_calculator_py/lib/python3.10/site-packages/ex_calculator_py/calculator
copying /home/youngmo/ros2_ws/build/ex_calculator_py/build/lib/ex_calculator_py/calculator/__init__.py -> /home/youngmo/ros2_ws/install/ex_calculator_py/lib/python3.10/site-packages/ex_calculator_py/calculator
copying /home/youngmo/ros2_ws/build/ex_calculator_py/build/lib/ex_calculator_py/calculator/calculator.py -> /home/youngmo/ros2_ws/install/ex_calculator_py/lib/python3.10/site-packages/ex_calculator_py/calculator
copying /home/youngmo/ros2_ws/build/ex_calculator_py/build/lib/ex_calculator_py/calculator/main.py -> /home/youngmo/ros2_ws/install/ex_calculator_py/lib/python3.10/site-packages/ex_calculator_py/calculator
byte-compiling /home/youngmo/ros2_ws/install/ex_calculator_py/lib/python3.10/site-packages/ex_calculator_py/checker/checker.py to checker.cpython-310.pyc
byte-compiling /home/youngmo/ros2_ws/install/ex_calculator_py/lib/python3.10/site-packages/ex_calculator_py/checker/__init__.py to __init__.cpython-310.pyc
byte-compiling /home/youngmo/ros2_ws/install/ex_calculator_py/lib/python3.10/site-packages/ex_calculator_py/checker/main.py to main.cpython-310.pyc
byte-compiling /home/youngmo/ros2_ws/install/ex_calculator_py/lib/python3.10/site-packages/ex_calculator_py/__init__.py to __init__.cpython-310.pyc
byte-compiling /home/youngmo/ros2_ws/install/ex_calculator_py/lib/python3.10/site-packages/ex_calculator_py/arithmetic/operator.py to operator.cpython-310.pyc
byte-compiling /home/youngmo/ros2_ws/install/ex_calculator_py/lib/python3.10/site-packages/ex_calculator_py/arithmetic/__init__.py to __init__.cpython-310.pyc
byte-compiling /home/youngmo/ros2_ws/install/ex_calculator_py/lib/python3.10/site-packages/ex_calculator_py/arithmetic/argument.py to argument.cpython-310.pyc
byte-compiling /home/youngmo/ros2_ws/install/ex_calculator_py/lib/python3.10/site-packages/ex_calculator_py/calculator/__init__.py to __init__.cpython-310.pyc
byte-compiling /home/youngmo/ros2_ws/install/ex_calculator_py/lib/python3.10/site-packages/ex_calculator_py/calculator/calculator.py to calculator.cpython-310.pyc
byte-compiling /home/youngmo/ros2_ws/install/ex_calculator_py/lib/python3.10/site-packages/ex_calculator_py/calculator/main.py to main.cpython-310.pyc
running install_data
creating /home/youngmo/ros2_ws/install/ex_calculator_py/share/ament_index
creating /home/youngmo/ros2_ws/install/ex_calculator_py/share/ament_index/resource_index
creating /home/youngmo/ros2_ws/install/ex_calculator_py/share/ament_index/resource_index/packages
copying resource/ex_calculator_py -> /home/youngmo/ros2_ws/install/ex_calculator_py/share/ament_index/resource_index/packages
copying package.xml -> /home/youngmo/ros2_ws/install/ex_calculator_py/share/ex_calculator_py
creating /home/youngmo/ros2_ws/install/ex_calculator_py/share/ex_calculator_py/launch
copying launch/arithmetic.launch.py -> /home/youngmo/ros2_ws/install/ex_calculator_py/share/ex_calculator_py/launch
creating /home/youngmo/ros2_ws/install/ex_calculator_py/share/ex_calculator_py/param
copying param/arithmetic_config.yaml -> /home/youngmo/ros2_ws/install/ex_calculator_py/share/ex_calculator_py/param
running install_egg_info
Copying ../../build/ex_calculator_py/ex_calculator_py.egg-info to /home/youngmo/ros2_ws/install/ex_calculator_py/lib/python3.10/site-packages/ex_calculator_py-0.0.0-py3.10.egg-info
running install_scripts
Installing argument script to /home/youngmo/ros2_ws/install/ex_calculator_py/lib/ex_calculator_py
Installing calculator script to /home/youngmo/ros2_ws/install/ex_calculator_py/lib/ex_calculator_py
Installing checker script to /home/youngmo/ros2_ws/install/ex_calculator_py/lib/ex_calculator_py
Installing operator script to /home/youngmo/ros2_ws/install/ex_calculator_py/lib/ex_calculator_py
writing list of installed files to '/home/youngmo/ros2_ws/build/ex_calculator_py/install.log'
