[31mCMake Error at CMakeLists.txt:23 (add_executable):
  Cannot find source file:

    src/progress_action_client.cpp

  Tried extensions .c .C .c++ .cc .cpp .cxx .cu .mpp .m .M .mm .ixx .cppm .h
  .hh .h++ .hm .hpp .hxx .in .txx .f .F .for .f77 .f90 .f95 .f03 .hip .ispc

[0m
[31mCMake Error at CMakeLists.txt:23 (add_executable):
  Cannot find source file:

    src/progress_action_server.cpp

  Tried extensions .c .C .c++ .cc .cpp .cxx .cu .mpp .m .M .mm .ixx .cppm .h
  .hh .h++ .hm .hpp .hxx .in .txx .f .F .for .f77 .f90 .f95 .f03 .hip .ispc

[0m
[31mCMake Error at CMakeLists.txt:23 (add_executable):
  Cannot find source file:

    src/user_input.cpp

  Tried extensions .c .C .c++ .cc .cpp .cxx .cu .mpp .m .M .mm .ixx .cppm .h
  .hh .h++ .hm .hpp .hxx .in .txx .f .F .for .f77 .f90 .f95 .f03 .hip .ispc

[0m
[31mCMake Error at CMakeLists.txt:23 (add_executable):
  Cannot find source file:

    src/word_service.cpp

  Tried extensions .c .C .c++ .cc .cpp .cxx .cu .mpp .m .M .mm .ixx .cppm .h
  .hh .h++ .hm .hpp .hxx .in .txx .f .F .for .f77 .f90 .f95 .f03 .hip .ispc

[0m
[31mCMake Error at CMakeLists.txt:23 (add_executable):
  No SOURCES given to target: progress_action_client

[0m
[31mCMake Error at CMakeLists.txt:23 (add_executable):
  No SOURCES given to target: progress_action_server

[0m
[31mCMake Error at CMakeLists.txt:23 (add_executable):
  No SOURCES given to target: user_input

[0m
[31mCMake Error at CMakeLists.txt:23 (add_executable):
  No SOURCES given to target: word_service

[0m
[0mCMake Generate step failed.  Build files cannot be regenerated correctly.[0m
