[0.022s] Invoking command in '/home/youngmo/ros2_ws/build/hangman_game_cpp': CMAKE_PREFIX_PATH=/home/youngmo/ros2_ws/install/hangman_interfaces:/home/youngmo/ros2_ws/install/ros_study_cpp:/home/youngmo/ros2_ws/install/cpp_excalculator:/home/youngmo/ros2_ws/install/ros_study_msgs:/home/youngmo/ros2_ws/install/ros_study_py:/home/youngmo/ros2_ws/install/ex_calculator_py:/home/youngmo/ros2_ws/install/hangman_game:/opt/ros/humble LD_LIBRARY_PATH=/home/youngmo/ros2_ws/install/hangman_interfaces/lib:/home/youngmo/ros2_ws/install/ros_study_msgs/lib:/opt/ros/humble/opt/rviz_ogre_vendor/lib:/opt/ros/humble/lib/x86_64-linux-gnu:/opt/ros/humble/lib /usr/bin/cmake /home/youngmo/ros2_ws/src/hangman_game_cpp -DCMAKE_INSTALL_PREFIX=/home/youngmo/ros2_ws/install/hangman_game_cpp
[0.153s] -- The C compiler identification is GNU 11.4.0
[0.189s] -- The CXX compiler identification is GNU 11.4.0
[0.196s] -- Detecting C compiler ABI info
[0.258s] -- Detecting C compiler ABI info - done
[0.258s] -- Check for working C compiler: /usr/bin/cc - skipped
[0.259s] -- Detecting C compile features
[0.259s] -- Detecting C compile features - done
[0.263s] -- Detecting CXX compiler ABI info
[0.332s] -- Detecting CXX compiler ABI info - done
[0.336s] -- Check for working CXX compiler: /usr/bin/c++ - skipped
[0.336s] -- Detecting CXX compile features
[0.337s] -- Detecting CXX compile features - done
[0.338s] -- Found ament_cmake: 1.3.11 (/opt/ros/humble/share/ament_cmake/cmake)
[0.467s] -- Found Python3: /usr/bin/python3 (found version "3.10.12") found components: Interpreter 
[0.527s] -- Found rclcpp: 16.0.12 (/opt/ros/humble/share/rclcpp/cmake)
[0.553s] -- Found rosidl_generator_c: 3.1.6 (/opt/ros/humble/share/rosidl_generator_c/cmake)
[0.561s] -- Found rosidl_adapter: 3.1.6 (/opt/ros/humble/share/rosidl_adapter/cmake)
[0.572s] -- Found rosidl_generator_cpp: 3.1.6 (/opt/ros/humble/share/rosidl_generator_cpp/cmake)
[0.586s] -- Using all available rosidl_typesupport_c: rosidl_typesupport_fastrtps_c;rosidl_typesupport_introspection_c
[0.600s] -- Using all available rosidl_typesupport_cpp: rosidl_typesupport_fastrtps_cpp;rosidl_typesupport_introspection_cpp
[0.632s] -- Found rmw_implementation_cmake: 6.1.2 (/opt/ros/humble/share/rmw_implementation_cmake/cmake)
[0.635s] -- Found rmw_fastrtps_cpp: 6.2.7 (/opt/ros/humble/share/rmw_fastrtps_cpp/cmake)
[0.724s] -- Found OpenSSL: /usr/lib/x86_64-linux-gnu/libcrypto.so (found version "3.0.2")  
[0.770s] -- Found FastRTPS: /opt/ros/humble/include  
[0.809s] -- Using RMW implementation 'rmw_fastrtps_cpp' as default
[0.818s] -- Looking for pthread.h
[0.896s] -- Looking for pthread.h - found
[0.896s] -- Performing Test CMAKE_HAVE_LIBC_PTHREAD
[0.979s] -- Performing Test CMAKE_HAVE_LIBC_PTHREAD - Success
[0.981s] -- Found Threads: TRUE  
[1.045s] -- Found rclcpp_action: 16.0.12 (/opt/ros/humble/share/rclcpp_action/cmake)
[1.093s] -- Found hangman_interfaces: 0.0.0 (/home/youngmo/ros2_ws/install/hangman_interfaces/share/hangman_interfaces/cmake)
[1.119s] -- Found ament_lint_auto: 0.12.12 (/opt/ros/humble/share/ament_lint_auto/cmake)
[1.234s] -- Added test 'cppcheck' to perform static code analysis on C / C++ code
[1.235s] -- Configured cppcheck include dirs: 
[1.235s] -- Configured cppcheck exclude dirs and/or files: 
[1.238s] -- Added test 'lint_cmake' to check CMake code style
[1.239s] -- Added test 'uncrustify' to check C / C++ code style
[1.239s] -- Configured uncrustify additional arguments: 
[1.239s] -- Added test 'xmllint' to check XML markup files
[1.240s] -- Configuring done
[1.243s] [31mCMake Error at CMakeLists.txt:23 (add_executable):
[1.243s]   Cannot find source file:
[1.243s] 
[1.243s]     src/progress_action_client.cpp
[1.243s] 
[1.243s]   Tried extensions .c .C .c++ .cc .cpp .cxx .cu .mpp .m .M .mm .ixx .cppm .h
[1.243s]   .hh .h++ .hm .hpp .hxx .in .txx .f .F .for .f77 .f90 .f95 .f03 .hip .ispc
[1.244s] 
[1.244s] [0m
[1.244s] [31mCMake Error at CMakeLists.txt:23 (add_executable):
[1.244s]   Cannot find source file:
[1.244s] 
[1.244s]     src/progress_action_server.cpp
[1.244s] 
[1.244s]   Tried extensions .c .C .c++ .cc .cpp .cxx .cu .mpp .m .M .mm .ixx .cppm .h
[1.244s]   .hh .h++ .hm .hpp .hxx .in .txx .f .F .for .f77 .f90 .f95 .f03 .hip .ispc
[1.244s] 
[1.244s] [0m
[1.246s] [31mCMake Error at CMakeLists.txt:23 (add_executable):
[1.246s]   Cannot find source file:
[1.246s] 
[1.246s]     src/user_input.cpp
[1.246s] 
[1.246s]   Tried extensions .c .C .c++ .cc .cpp .cxx .cu .mpp .m .M .mm .ixx .cppm .h
[1.246s]   .hh .h++ .hm .hpp .hxx .in .txx .f .F .for .f77 .f90 .f95 .f03 .hip .ispc
[1.246s] 
[1.246s] [0m
[1.246s] [31mCMake Error at CMakeLists.txt:23 (add_executable):
[1.246s]   Cannot find source file:
[1.247s] 
[1.247s]     src/word_service.cpp
[1.247s] 
[1.247s]   Tried extensions .c .C .c++ .cc .cpp .cxx .cu .mpp .m .M .mm .ixx .cppm .h
[1.247s]   .hh .h++ .hm .hpp .hxx .in .txx .f .F .for .f77 .f90 .f95 .f03 .hip .ispc
[1.247s] 
[1.247s] [0m
[1.247s] [31mCMake Error at CMakeLists.txt:23 (add_executable):
[1.247s]   No SOURCES given to target: progress_action_client
[1.247s] 
[1.247s] [0m
[1.247s] [31mCMake Error at CMakeLists.txt:23 (add_executable):
[1.247s]   No SOURCES given to target: progress_action_server
[1.247s] 
[1.247s] [0m
[1.247s] [31mCMake Error at CMakeLists.txt:23 (add_executable):
[1.247s]   No SOURCES given to target: user_input
[1.247s] 
[1.247s] [0m
[1.247s] [31mCMake Error at CMakeLists.txt:23 (add_executable):
[1.247s]   No SOURCES given to target: word_service
[1.247s] 
[1.247s] [0m
[1.248s] [0mCMake Generate step failed.  Build files cannot be regenerated correctly.[0m
[1.254s] Invoked command in '/home/youngmo/ros2_ws/build/hangman_game_cpp' returned '1': CMAKE_PREFIX_PATH=/home/youngmo/ros2_ws/install/hangman_interfaces:/home/youngmo/ros2_ws/install/ros_study_cpp:/home/youngmo/ros2_ws/install/cpp_excalculator:/home/youngmo/ros2_ws/install/ros_study_msgs:/home/youngmo/ros2_ws/install/ros_study_py:/home/youngmo/ros2_ws/install/ex_calculator_py:/home/youngmo/ros2_ws/install/hangman_game:/opt/ros/humble LD_LIBRARY_PATH=/home/youngmo/ros2_ws/install/hangman_interfaces/lib:/home/youngmo/ros2_ws/install/ros_study_msgs/lib:/opt/ros/humble/opt/rviz_ogre_vendor/lib:/opt/ros/humble/lib/x86_64-linux-gnu:/opt/ros/humble/lib /usr/bin/cmake /home/youngmo/ros2_ws/src/hangman_game_cpp -DCMAKE_INSTALL_PREFIX=/home/youngmo/ros2_ws/install/hangman_game_cpp
