[0.486s] Invoking command in '/home/youngmo/ros2_ws/src/opencv_py': PYTHONPATH=/home/youngmo/ros2_ws/build/opencv_py/prefix_override:/usr/lib/python3/dist-packages/colcon_core/task/python/colcon_distutils_commands:/home/youngmo/ros2_ws/install/opencv_py/lib/python3.10/site-packages:${PYTHONPATH} /usr/bin/python3 -W ignore:setup.py install is deprecated -W ignore:easy_install command is deprecated setup.py egg_info --egg-base ../../build/opencv_py build --build-base /home/youngmo/ros2_ws/build/opencv_py/build install --record /home/youngmo/ros2_ws/build/opencv_py/install.log --single-version-externally-managed install_data
[0.620s] running egg_info
[0.620s] writing ../../build/opencv_py/opencv_py.egg-info/PKG-INFO
[0.621s] writing dependency_links to ../../build/opencv_py/opencv_py.egg-info/dependency_links.txt
[0.621s] writing entry points to ../../build/opencv_py/opencv_py.egg-info/entry_points.txt
[0.621s] writing requirements to ../../build/opencv_py/opencv_py.egg-info/requires.txt
[0.621s] writing top-level names to ../../build/opencv_py/opencv_py.egg-info/top_level.txt
[0.623s] reading manifest file '../../build/opencv_py/opencv_py.egg-info/SOURCES.txt'
[0.623s] writing manifest file '../../build/opencv_py/opencv_py.egg-info/SOURCES.txt'
[0.623s] running build
[0.623s] running build_py
[0.624s] running install
[0.624s] running install_lib
[0.624s] running install_data
[0.624s] running install_egg_info
[0.625s] removing '/home/youngmo/ros2_ws/install/opencv_py/lib/python3.10/site-packages/opencv_py-0.0.0-py3.10.egg-info' (and everything under it)
[0.627s] Copying ../../build/opencv_py/opencv_py.egg-info to /home/youngmo/ros2_ws/install/opencv_py/lib/python3.10/site-packages/opencv_py-0.0.0-py3.10.egg-info
[0.627s] running install_scripts
[0.643s] Installing grayscale script to /home/youngmo/ros2_ws/install/opencv_py/lib/opencv_py
[0.643s] Installing hough_transform script to /home/youngmo/ros2_ws/install/opencv_py/lib/opencv_py
[0.643s] Installing image_publisher script to /home/youngmo/ros2_ws/install/opencv_py/lib/opencv_py
[0.643s] Installing imageconverter script to /home/youngmo/ros2_ws/install/opencv_py/lib/opencv_py
[0.643s] Installing molu script to /home/youngmo/ros2_ws/install/opencv_py/lib/opencv_py
[0.643s] Installing moluya script to /home/youngmo/ros2_ws/install/opencv_py/lib/opencv_py
[0.643s] Installing personmosaic script to /home/youngmo/ros2_ws/install/opencv_py/lib/opencv_py
[0.643s] Installing saveimg script to /home/youngmo/ros2_ws/install/opencv_py/lib/opencv_py
[0.643s] Installing yolo8 script to /home/youngmo/ros2_ws/install/opencv_py/lib/opencv_py
[0.643s] writing list of installed files to '/home/youngmo/ros2_ws/build/opencv_py/install.log'
[0.663s] Invoked command in '/home/youngmo/ros2_ws/src/opencv_py' returned '0': PYTHONPATH=/home/youngmo/ros2_ws/build/opencv_py/prefix_override:/usr/lib/python3/dist-packages/colcon_core/task/python/colcon_distutils_commands:/home/youngmo/ros2_ws/install/opencv_py/lib/python3.10/site-packages:${PYTHONPATH} /usr/bin/python3 -W ignore:setup.py install is deprecated -W ignore:easy_install command is deprecated setup.py egg_info --egg-base ../../build/opencv_py build --build-base /home/youngmo/ros2_ws/build/opencv_py/build install --record /home/youngmo/ros2_ws/build/opencv_py/install.log --single-version-externally-managed install_data
