[0.458s] Invoking command in '/home/youngmo/ros2_ws/src/opencv_py': PYTHONPATH=/home/youngmo/ros2_ws/build/opencv_py/prefix_override:/usr/lib/python3/dist-packages/colcon_core/task/python/colcon_distutils_commands:/home/youngmo/ros2_ws/install/opencv_py/lib/python3.10/site-packages:${PYTHONPATH} /usr/bin/python3 -W ignore:setup.py install is deprecated -W ignore:easy_install command is deprecated setup.py egg_info --egg-base ../../build/opencv_py build --build-base /home/youngmo/ros2_ws/build/opencv_py/build install --record /home/youngmo/ros2_ws/build/opencv_py/install.log --single-version-externally-managed install_data
[0.591s] running egg_info
[0.592s] writing ../../build/opencv_py/opencv_py.egg-info/PKG-INFO
[0.592s] writing dependency_links to ../../build/opencv_py/opencv_py.egg-info/dependency_links.txt
[0.592s] writing entry points to ../../build/opencv_py/opencv_py.egg-info/entry_points.txt
[0.593s] writing requirements to ../../build/opencv_py/opencv_py.egg-info/requires.txt
[0.593s] writing top-level names to ../../build/opencv_py/opencv_py.egg-info/top_level.txt
[0.594s] reading manifest file '../../build/opencv_py/opencv_py.egg-info/SOURCES.txt'
[0.595s] writing manifest file '../../build/opencv_py/opencv_py.egg-info/SOURCES.txt'
[0.595s] running build
[0.595s] running build_py
[0.595s] copying source/molu.py -> /home/youngmo/ros2_ws/build/opencv_py/build/lib/source
[0.595s] running install
[0.595s] running install_lib
[0.596s] copying /home/youngmo/ros2_ws/build/opencv_py/build/lib/source/molu.py -> /home/youngmo/ros2_ws/install/opencv_py/lib/python3.10/site-packages/source
[0.597s] byte-compiling /home/youngmo/ros2_ws/install/opencv_py/lib/python3.10/site-packages/source/molu.py to molu.cpython-310.pyc
[0.597s] running install_data
[0.598s] running install_egg_info
[0.599s] removing '/home/youngmo/ros2_ws/install/opencv_py/lib/python3.10/site-packages/opencv_py-0.0.0-py3.10.egg-info' (and everything under it)
[0.600s] Copying ../../build/opencv_py/opencv_py.egg-info to /home/youngmo/ros2_ws/install/opencv_py/lib/python3.10/site-packages/opencv_py-0.0.0-py3.10.egg-info
[0.601s] running install_scripts
[0.617s] Installing grayscale script to /home/youngmo/ros2_ws/install/opencv_py/lib/opencv_py
[0.617s] Installing hough_transform script to /home/youngmo/ros2_ws/install/opencv_py/lib/opencv_py
[0.618s] Installing image_publisher script to /home/youngmo/ros2_ws/install/opencv_py/lib/opencv_py
[0.618s] Installing imageconverter script to /home/youngmo/ros2_ws/install/opencv_py/lib/opencv_py
[0.618s] Installing molu script to /home/youngmo/ros2_ws/install/opencv_py/lib/opencv_py
[0.618s] Installing moluya script to /home/youngmo/ros2_ws/install/opencv_py/lib/opencv_py
[0.618s] Installing personmosaic script to /home/youngmo/ros2_ws/install/opencv_py/lib/opencv_py
[0.618s] Installing saveimg script to /home/youngmo/ros2_ws/install/opencv_py/lib/opencv_py
[0.619s] Installing yolo8 script to /home/youngmo/ros2_ws/install/opencv_py/lib/opencv_py
[0.619s] writing list of installed files to '/home/youngmo/ros2_ws/build/opencv_py/install.log'
[0.762s] Invoked command in '/home/youngmo/ros2_ws/src/opencv_py' returned '0': PYTHONPATH=/home/youngmo/ros2_ws/build/opencv_py/prefix_override:/usr/lib/python3/dist-packages/colcon_core/task/python/colcon_distutils_commands:/home/youngmo/ros2_ws/install/opencv_py/lib/python3.10/site-packages:${PYTHONPATH} /usr/bin/python3 -W ignore:setup.py install is deprecated -W ignore:easy_install command is deprecated setup.py egg_info --egg-base ../../build/opencv_py build --build-base /home/youngmo/ros2_ws/build/opencv_py/build install --record /home/youngmo/ros2_ws/build/opencv_py/install.log --single-version-externally-managed install_data
