[0.006s] Invoking command in '/home/youngmo/ros2_ws/build/hangman_interfaces': CMAKE_PREFIX_PATH=${CMAKE_PREFIX_PATH}:/home/youngmo/ros2_ws/install/ros_study_py:/home/youngmo/ros2_ws/install/ex_calculator_py:/home/youngmo/ros2_ws/install/hangman_game:/opt/ros/humble /usr/bin/cmake --build /home/youngmo/ros2_ws/build/hangman_interfaces -- -j16 -l16
[0.038s] -- Found ament_cmake: 1.3.11 (/opt/ros/humble/share/ament_cmake/cmake)
[0.137s] -- Found builtin_interfaces: 1.2.1 (/opt/ros/humble/share/builtin_interfaces/cmake)
[0.150s] -- Found rosidl_generator_c: 3.1.6 (/opt/ros/humble/share/rosidl_generator_c/cmake)
[0.151s] -- Found rosidl_adapter: 3.1.6 (/opt/ros/humble/share/rosidl_adapter/cmake)
[0.154s] -- Found rosidl_generator_cpp: 3.1.6 (/opt/ros/humble/share/rosidl_generator_cpp/cmake)
[0.158s] -- Using all available rosidl_typesupport_c: rosidl_typesupport_fastrtps_c;rosidl_typesupport_introspection_c
[0.164s] -- Using all available rosidl_typesupport_cpp: rosidl_typesupport_fastrtps_cpp;rosidl_typesupport_introspection_cpp
[0.169s] -- Found rosidl_default_generators: 1.2.0 (/opt/ros/humble/share/rosidl_default_generators/cmake)
[0.399s] -- Found ament_cmake_ros: 0.10.0 (/opt/ros/humble/share/ament_cmake_ros/cmake)
[0.640s] -- Using all available rosidl_typesupport_c: rosidl_typesupport_fastrtps_c;rosidl_typesupport_introspection_c
[0.766s] -- Using all available rosidl_typesupport_cpp: rosidl_typesupport_fastrtps_cpp;rosidl_typesupport_introspection_cpp
[0.786s] -- Found python_cmake_module: 0.10.0 (/opt/ros/humble/share/python_cmake_module/cmake)
[0.806s] -- Using PYTHON_EXECUTABLE: /usr/bin/python3
[0.806s] -- Using PYTHON_INCLUDE_DIRS: /usr/include/python3.10
[0.806s] -- Using PYTHON_LIBRARIES: /usr/lib/x86_64-linux-gnu/libpython3.10.so
[0.815s] -- Found ament_lint_auto: 0.12.12 (/opt/ros/humble/share/ament_lint_auto/cmake)
[0.820s] -- Added test 'lint_cmake' to check CMake code style
[0.820s] -- Added test 'xmllint' to check XML markup files
[0.820s] -- Configuring done
[0.843s] -- Generating done
[0.858s] -- Build files have been written to: /home/youngmo/ros2_ws/build/hangman_interfaces
[0.877s] [35m[1mConsolidate compiler generated dependencies of target hangman_interfaces__rosidl_generator_c[0m
[0.886s] [  2%] Built target hangman_interfaces__cpp
[0.887s] [ 12%] Built target hangman_interfaces__rosidl_generator_c
[0.894s] [35m[1mConsolidate compiler generated dependencies of target hangman_interfaces__rosidl_typesupport_fastrtps_cpp[0m
[0.894s] [ 12%] Built target ament_cmake_python_copy_hangman_interfaces
[0.903s] [35m[1mConsolidate compiler generated dependencies of target hangman_interfaces__rosidl_typesupport_fastrtps_c[0m
[0.903s] [35m[1mConsolidate compiler generated dependencies of target hangman_interfaces__rosidl_typesupport_cpp[0m
[0.903s] [35m[1mConsolidate compiler generated dependencies of target hangman_interfaces__rosidl_typesupport_c[0m
[0.903s] [35m[1mConsolidate compiler generated dependencies of target hangman_interfaces__rosidl_typesupport_introspection_c[0m
[0.903s] [ 23%] Built target hangman_interfaces__rosidl_typesupport_fastrtps_cpp
[0.913s] [ 34%] Built target hangman_interfaces__rosidl_typesupport_fastrtps_c
[0.913s] [ 44%] Built target hangman_interfaces__rosidl_typesupport_introspection_c
[0.913s] [ 55%] Built target hangman_interfaces__rosidl_typesupport_cpp
[0.913s] [ 65%] Built target hangman_interfaces__rosidl_typesupport_c
[0.913s] [35m[1mConsolidate compiler generated dependencies of target hangman_interfaces__rosidl_typesupport_introspection_cpp[0m
[0.926s] [ 76%] Built target hangman_interfaces__rosidl_typesupport_introspection_cpp
[0.969s] [ 76%] Built target hangman_interfaces
[0.989s] [ 78%] Built target hangman_interfaces__py
[1.000s] [35m[1mConsolidate compiler generated dependencies of target hangman_interfaces__rosidl_generator_py[0m
[1.016s] [ 87%] Built target hangman_interfaces__rosidl_generator_py
[1.027s] [35m[1mConsolidate compiler generated dependencies of target hangman_interfaces__rosidl_typesupport_fastrtps_c__pyext[0m
[1.028s] [35m[1mConsolidate compiler generated dependencies of target hangman_interfaces__rosidl_typesupport_introspection_c__pyext[0m
[1.031s] [35m[1mConsolidate compiler generated dependencies of target hangman_interfaces__rosidl_typesupport_c__pyext[0m
[1.042s] [ 91%] Built target hangman_interfaces__rosidl_typesupport_introspection_c__pyext
[1.047s] [ 97%] Built target hangman_interfaces__rosidl_typesupport_c__pyext
[1.047s] [100%] Built target hangman_interfaces__rosidl_typesupport_fastrtps_c__pyext
[1.094s] running egg_info
[1.095s] writing hangman_interfaces.egg-info/PKG-INFO
[1.095s] writing dependency_links to hangman_interfaces.egg-info/dependency_links.txt
[1.095s] writing top-level names to hangman_interfaces.egg-info/top_level.txt
[1.097s] reading manifest file 'hangman_interfaces.egg-info/SOURCES.txt'
[1.098s] writing manifest file 'hangman_interfaces.egg-info/SOURCES.txt'
[1.128s] [100%] Built target ament_cmake_python_build_hangman_interfaces_egg
[1.148s] Invoked command in '/home/youngmo/ros2_ws/build/hangman_interfaces' returned '0': CMAKE_PREFIX_PATH=${CMAKE_PREFIX_PATH}:/home/youngmo/ros2_ws/install/ros_study_py:/home/youngmo/ros2_ws/install/ex_calculator_py:/home/youngmo/ros2_ws/install/hangman_game:/opt/ros/humble /usr/bin/cmake --build /home/youngmo/ros2_ws/build/hangman_interfaces -- -j16 -l16
[1.150s] Invoking command in '/home/youngmo/ros2_ws/build/hangman_interfaces': CMAKE_PREFIX_PATH=${CMAKE_PREFIX_PATH}:/home/youngmo/ros2_ws/install/ros_study_py:/home/youngmo/ros2_ws/install/ex_calculator_py:/home/youngmo/ros2_ws/install/hangman_game:/opt/ros/humble /usr/bin/cmake --install /home/youngmo/ros2_ws/build/hangman_interfaces
[1.162s] -- Install configuration: ""
[1.162s] -- Up-to-date: /home/youngmo/ros2_ws/install/hangman_interfaces/share/ament_index/resource_index/rosidl_interfaces/hangman_interfaces
[1.162s] -- Up-to-date: /home/youngmo/ros2_ws/install/hangman_interfaces/include/hangman_interfaces/hangman_interfaces
[1.162s] -- Up-to-date: /home/youngmo/ros2_ws/install/hangman_interfaces/include/hangman_interfaces/hangman_interfaces/srv
[1.162s] -- Up-to-date: /home/youngmo/ros2_ws/install/hangman_interfaces/include/hangman_interfaces/hangman_interfaces/srv/detail
[1.162s] -- Up-to-date: /home/youngmo/ros2_ws/install/hangman_interfaces/include/hangman_interfaces/hangman_interfaces/srv/detail/check_letter__type_support.h
[1.162s] -- Up-to-date: /home/youngmo/ros2_ws/install/hangman_interfaces/include/hangman_interfaces/hangman_interfaces/srv/detail/check_letter__functions.h
[1.162s] -- Up-to-date: /home/youngmo/ros2_ws/install/hangman_interfaces/include/hangman_interfaces/hangman_interfaces/srv/detail/check_letter__struct.h
[1.162s] -- Up-to-date: /home/youngmo/ros2_ws/install/hangman_interfaces/include/hangman_interfaces/hangman_interfaces/srv/detail/check_letter__functions.c
[1.162s] -- Up-to-date: /home/youngmo/ros2_ws/install/hangman_interfaces/include/hangman_interfaces/hangman_interfaces/srv/check_letter.h
[1.162s] -- Up-to-date: /home/youngmo/ros2_ws/install/hangman_interfaces/include/hangman_interfaces/hangman_interfaces/action
[1.163s] -- Up-to-date: /home/youngmo/ros2_ws/install/hangman_interfaces/include/hangman_interfaces/hangman_interfaces/action/detail
[1.163s] -- Up-to-date: /home/youngmo/ros2_ws/install/hangman_interfaces/include/hangman_interfaces/hangman_interfaces/action/detail/game_progress__type_support.h
[1.163s] -- Up-to-date: /home/youngmo/ros2_ws/install/hangman_interfaces/include/hangman_interfaces/hangman_interfaces/action/detail/game_progress__functions.c
[1.163s] -- Up-to-date: /home/youngmo/ros2_ws/install/hangman_interfaces/include/hangman_interfaces/hangman_interfaces/action/detail/game_progress__functions.h
[1.163s] -- Up-to-date: /home/youngmo/ros2_ws/install/hangman_interfaces/include/hangman_interfaces/hangman_interfaces/action/detail/game_progress__struct.h
[1.163s] -- Up-to-date: /home/youngmo/ros2_ws/install/hangman_interfaces/include/hangman_interfaces/hangman_interfaces/action/game_progress.h
[1.163s] -- Up-to-date: /home/youngmo/ros2_ws/install/hangman_interfaces/include/hangman_interfaces/hangman_interfaces/msg
[1.163s] -- Up-to-date: /home/youngmo/ros2_ws/install/hangman_interfaces/include/hangman_interfaces/hangman_interfaces/msg/progress.h
[1.163s] -- Up-to-date: /home/youngmo/ros2_ws/install/hangman_interfaces/include/hangman_interfaces/hangman_interfaces/msg/detail
[1.163s] -- Up-to-date: /home/youngmo/ros2_ws/install/hangman_interfaces/include/hangman_interfaces/hangman_interfaces/msg/detail/progress__functions.c
[1.163s] -- Up-to-date: /home/youngmo/ros2_ws/install/hangman_interfaces/include/hangman_interfaces/hangman_interfaces/msg/detail/progress__functions.h
[1.163s] -- Up-to-date: /home/youngmo/ros2_ws/install/hangman_interfaces/include/hangman_interfaces/hangman_interfaces/msg/detail/progress__type_support.h
[1.163s] -- Up-to-date: /home/youngmo/ros2_ws/install/hangman_interfaces/include/hangman_interfaces/hangman_interfaces/msg/detail/progress__struct.h
[1.163s] -- Up-to-date: /home/youngmo/ros2_ws/install/hangman_interfaces/include/hangman_interfaces/hangman_interfaces/msg/rosidl_generator_c__visibility_control.h
[1.163s] -- Up-to-date: /home/youngmo/ros2_ws/install/hangman_interfaces/share/hangman_interfaces/environment/library_path.sh
[1.163s] -- Installing: /home/youngmo/ros2_ws/install/hangman_interfaces/share/hangman_interfaces/environment/library_path.dsv
[1.163s] -- Up-to-date: /home/youngmo/ros2_ws/install/hangman_interfaces/lib/libhangman_interfaces__rosidl_generator_c.so
[1.163s] -- Up-to-date: /home/youngmo/ros2_ws/install/hangman_interfaces/include/hangman_interfaces/hangman_interfaces
[1.164s] -- Up-to-date: /home/youngmo/ros2_ws/install/hangman_interfaces/include/hangman_interfaces/hangman_interfaces/srv
[1.164s] -- Up-to-date: /home/youngmo/ros2_ws/install/hangman_interfaces/include/hangman_interfaces/hangman_interfaces/srv/detail
[1.164s] -- Up-to-date: /home/youngmo/ros2_ws/install/hangman_interfaces/include/hangman_interfaces/hangman_interfaces/srv/detail/check_letter__rosidl_typesupport_fastrtps_c.h
[1.164s] -- Up-to-date: /home/youngmo/ros2_ws/install/hangman_interfaces/include/hangman_interfaces/hangman_interfaces/action
[1.164s] -- Up-to-date: /home/youngmo/ros2_ws/install/hangman_interfaces/include/hangman_interfaces/hangman_interfaces/action/detail
[1.164s] -- Up-to-date: /home/youngmo/ros2_ws/install/hangman_interfaces/include/hangman_interfaces/hangman_interfaces/action/detail/game_progress__rosidl_typesupport_fastrtps_c.h
[1.164s] -- Up-to-date: /home/youngmo/ros2_ws/install/hangman_interfaces/include/hangman_interfaces/hangman_interfaces/msg
[1.164s] -- Up-to-date: /home/youngmo/ros2_ws/install/hangman_interfaces/include/hangman_interfaces/hangman_interfaces/msg/detail
[1.164s] -- Up-to-date: /home/youngmo/ros2_ws/install/hangman_interfaces/include/hangman_interfaces/hangman_interfaces/msg/detail/progress__rosidl_typesupport_fastrtps_c.h
[1.164s] -- Up-to-date: /home/youngmo/ros2_ws/install/hangman_interfaces/include/hangman_interfaces/hangman_interfaces/msg/rosidl_typesupport_fastrtps_c__visibility_control.h
[1.164s] -- Up-to-date: /home/youngmo/ros2_ws/install/hangman_interfaces/lib/libhangman_interfaces__rosidl_typesupport_fastrtps_c.so
[1.164s] -- Up-to-date: /home/youngmo/ros2_ws/install/hangman_interfaces/include/hangman_interfaces/hangman_interfaces
[1.164s] -- Up-to-date: /home/youngmo/ros2_ws/install/hangman_interfaces/include/hangman_interfaces/hangman_interfaces/srv
[1.165s] -- Up-to-date: /home/youngmo/ros2_ws/install/hangman_interfaces/include/hangman_interfaces/hangman_interfaces/srv/check_letter.hpp
[1.165s] -- Up-to-date: /home/youngmo/ros2_ws/install/hangman_interfaces/include/hangman_interfaces/hangman_interfaces/srv/detail
[1.165s] -- Up-to-date: /home/youngmo/ros2_ws/install/hangman_interfaces/include/hangman_interfaces/hangman_interfaces/srv/detail/check_letter__builder.hpp
[1.165s] -- Up-to-date: /home/youngmo/ros2_ws/install/hangman_interfaces/include/hangman_interfaces/hangman_interfaces/srv/detail/check_letter__type_support.hpp
[1.165s] -- Up-to-date: /home/youngmo/ros2_ws/install/hangman_interfaces/include/hangman_interfaces/hangman_interfaces/srv/detail/check_letter__traits.hpp
[1.165s] -- Up-to-date: /home/youngmo/ros2_ws/install/hangman_interfaces/include/hangman_interfaces/hangman_interfaces/srv/detail/check_letter__struct.hpp
[1.165s] -- Up-to-date: /home/youngmo/ros2_ws/install/hangman_interfaces/include/hangman_interfaces/hangman_interfaces/action
[1.166s] -- Up-to-date: /home/youngmo/ros2_ws/install/hangman_interfaces/include/hangman_interfaces/hangman_interfaces/action/game_progress.hpp
[1.166s] -- Up-to-date: /home/youngmo/ros2_ws/install/hangman_interfaces/include/hangman_interfaces/hangman_interfaces/action/detail
[1.166s] -- Up-to-date: /home/youngmo/ros2_ws/install/hangman_interfaces/include/hangman_interfaces/hangman_interfaces/action/detail/game_progress__traits.hpp
[1.166s] -- Up-to-date: /home/youngmo/ros2_ws/install/hangman_interfaces/include/hangman_interfaces/hangman_interfaces/action/detail/game_progress__struct.hpp
[1.166s] -- Up-to-date: /home/youngmo/ros2_ws/install/hangman_interfaces/include/hangman_interfaces/hangman_interfaces/action/detail/game_progress__type_support.hpp
[1.166s] -- Up-to-date: /home/youngmo/ros2_ws/install/hangman_interfaces/include/hangman_interfaces/hangman_interfaces/action/detail/game_progress__builder.hpp
[1.166s] -- Up-to-date: /home/youngmo/ros2_ws/install/hangman_interfaces/include/hangman_interfaces/hangman_interfaces/msg
[1.166s] -- Up-to-date: /home/youngmo/ros2_ws/install/hangman_interfaces/include/hangman_interfaces/hangman_interfaces/msg/rosidl_generator_cpp__visibility_control.hpp
[1.166s] -- Up-to-date: /home/youngmo/ros2_ws/install/hangman_interfaces/include/hangman_interfaces/hangman_interfaces/msg/detail
[1.166s] -- Up-to-date: /home/youngmo/ros2_ws/install/hangman_interfaces/include/hangman_interfaces/hangman_interfaces/msg/detail/progress__type_support.hpp
[1.166s] -- Up-to-date: /home/youngmo/ros2_ws/install/hangman_interfaces/include/hangman_interfaces/hangman_interfaces/msg/detail/progress__builder.hpp
[1.166s] -- Up-to-date: /home/youngmo/ros2_ws/install/hangman_interfaces/include/hangman_interfaces/hangman_interfaces/msg/detail/progress__traits.hpp
[1.166s] -- Up-to-date: /home/youngmo/ros2_ws/install/hangman_interfaces/include/hangman_interfaces/hangman_interfaces/msg/detail/progress__struct.hpp
[1.166s] -- Up-to-date: /home/youngmo/ros2_ws/install/hangman_interfaces/include/hangman_interfaces/hangman_interfaces/msg/progress.hpp
[1.167s] -- Up-to-date: /home/youngmo/ros2_ws/install/hangman_interfaces/include/hangman_interfaces/hangman_interfaces
[1.167s] -- Up-to-date: /home/youngmo/ros2_ws/install/hangman_interfaces/include/hangman_interfaces/hangman_interfaces/srv
[1.167s] -- Up-to-date: /home/youngmo/ros2_ws/install/hangman_interfaces/include/hangman_interfaces/hangman_interfaces/srv/detail
[1.167s] -- Up-to-date: /home/youngmo/ros2_ws/install/hangman_interfaces/include/hangman_interfaces/hangman_interfaces/srv/detail/check_letter__rosidl_typesupport_fastrtps_cpp.hpp
[1.168s] -- Up-to-date: /home/youngmo/ros2_ws/install/hangman_interfaces/include/hangman_interfaces/hangman_interfaces/srv/detail/dds_fastrtps
[1.168s] -- Up-to-date: /home/youngmo/ros2_ws/install/hangman_interfaces/include/hangman_interfaces/hangman_interfaces/action
[1.168s] -- Up-to-date: /home/youngmo/ros2_ws/install/hangman_interfaces/include/hangman_interfaces/hangman_interfaces/action/detail
[1.168s] -- Up-to-date: /home/youngmo/ros2_ws/install/hangman_interfaces/include/hangman_interfaces/hangman_interfaces/action/detail/dds_fastrtps
[1.168s] -- Up-to-date: /home/youngmo/ros2_ws/install/hangman_interfaces/include/hangman_interfaces/hangman_interfaces/action/detail/game_progress__rosidl_typesupport_fastrtps_cpp.hpp
[1.168s] -- Up-to-date: /home/youngmo/ros2_ws/install/hangman_interfaces/include/hangman_interfaces/hangman_interfaces/msg
[1.168s] -- Up-to-date: /home/youngmo/ros2_ws/install/hangman_interfaces/include/hangman_interfaces/hangman_interfaces/msg/detail
[1.169s] -- Up-to-date: /home/youngmo/ros2_ws/install/hangman_interfaces/include/hangman_interfaces/hangman_interfaces/msg/detail/dds_fastrtps
[1.169s] -- Up-to-date: /home/youngmo/ros2_ws/install/hangman_interfaces/include/hangman_interfaces/hangman_interfaces/msg/detail/progress__rosidl_typesupport_fastrtps_cpp.hpp
[1.169s] -- Up-to-date: /home/youngmo/ros2_ws/install/hangman_interfaces/include/hangman_interfaces/hangman_interfaces/msg/rosidl_typesupport_fastrtps_cpp__visibility_control.h
[1.169s] -- Up-to-date: /home/youngmo/ros2_ws/install/hangman_interfaces/lib/libhangman_interfaces__rosidl_typesupport_fastrtps_cpp.so
[1.169s] -- Up-to-date: /home/youngmo/ros2_ws/install/hangman_interfaces/include/hangman_interfaces/hangman_interfaces
[1.169s] -- Up-to-date: /home/youngmo/ros2_ws/install/hangman_interfaces/include/hangman_interfaces/hangman_interfaces/srv
[1.169s] -- Up-to-date: /home/youngmo/ros2_ws/install/hangman_interfaces/include/hangman_interfaces/hangman_interfaces/srv/detail
[1.169s] -- Up-to-date: /home/youngmo/ros2_ws/install/hangman_interfaces/include/hangman_interfaces/hangman_interfaces/srv/detail/check_letter__type_support.c
[1.169s] -- Up-to-date: /home/youngmo/ros2_ws/install/hangman_interfaces/include/hangman_interfaces/hangman_interfaces/srv/detail/check_letter__rosidl_typesupport_introspection_c.h
[1.169s] -- Up-to-date: /home/youngmo/ros2_ws/install/hangman_interfaces/include/hangman_interfaces/hangman_interfaces/action
[1.169s] -- Up-to-date: /home/youngmo/ros2_ws/install/hangman_interfaces/include/hangman_interfaces/hangman_interfaces/action/detail
[1.169s] -- Up-to-date: /home/youngmo/ros2_ws/install/hangman_interfaces/include/hangman_interfaces/hangman_interfaces/action/detail/game_progress__rosidl_typesupport_introspection_c.h
[1.169s] -- Up-to-date: /home/youngmo/ros2_ws/install/hangman_interfaces/include/hangman_interfaces/hangman_interfaces/action/detail/game_progress__type_support.c
[1.169s] -- Up-to-date: /home/youngmo/ros2_ws/install/hangman_interfaces/include/hangman_interfaces/hangman_interfaces/msg
[1.169s] -- Up-to-date: /home/youngmo/ros2_ws/install/hangman_interfaces/include/hangman_interfaces/hangman_interfaces/msg/rosidl_typesupport_introspection_c__visibility_control.h
[1.170s] -- Up-to-date: /home/youngmo/ros2_ws/install/hangman_interfaces/include/hangman_interfaces/hangman_interfaces/msg/detail
[1.170s] -- Up-to-date: /home/youngmo/ros2_ws/install/hangman_interfaces/include/hangman_interfaces/hangman_interfaces/msg/detail/progress__rosidl_typesupport_introspection_c.h
[1.170s] -- Up-to-date: /home/youngmo/ros2_ws/install/hangman_interfaces/include/hangman_interfaces/hangman_interfaces/msg/detail/progress__type_support.c
[1.170s] -- Up-to-date: /home/youngmo/ros2_ws/install/hangman_interfaces/lib/libhangman_interfaces__rosidl_typesupport_introspection_c.so
[1.170s] -- Up-to-date: /home/youngmo/ros2_ws/install/hangman_interfaces/lib/libhangman_interfaces__rosidl_typesupport_c.so
[1.171s] -- Up-to-date: /home/youngmo/ros2_ws/install/hangman_interfaces/include/hangman_interfaces/hangman_interfaces
[1.171s] -- Up-to-date: /home/youngmo/ros2_ws/install/hangman_interfaces/include/hangman_interfaces/hangman_interfaces/srv
[1.171s] -- Up-to-date: /home/youngmo/ros2_ws/install/hangman_interfaces/include/hangman_interfaces/hangman_interfaces/srv/detail
[1.171s] -- Up-to-date: /home/youngmo/ros2_ws/install/hangman_interfaces/include/hangman_interfaces/hangman_interfaces/srv/detail/check_letter__type_support.cpp
[1.171s] -- Up-to-date: /home/youngmo/ros2_ws/install/hangman_interfaces/include/hangman_interfaces/hangman_interfaces/srv/detail/check_letter__rosidl_typesupport_introspection_cpp.hpp
[1.171s] -- Up-to-date: /home/youngmo/ros2_ws/install/hangman_interfaces/include/hangman_interfaces/hangman_interfaces/action
[1.171s] -- Up-to-date: /home/youngmo/ros2_ws/install/hangman_interfaces/include/hangman_interfaces/hangman_interfaces/action/detail
[1.171s] -- Up-to-date: /home/youngmo/ros2_ws/install/hangman_interfaces/include/hangman_interfaces/hangman_interfaces/action/detail/game_progress__type_support.cpp
[1.171s] -- Up-to-date: /home/youngmo/ros2_ws/install/hangman_interfaces/include/hangman_interfaces/hangman_interfaces/action/detail/game_progress__rosidl_typesupport_introspection_cpp.hpp
[1.171s] -- Up-to-date: /home/youngmo/ros2_ws/install/hangman_interfaces/include/hangman_interfaces/hangman_interfaces/msg
[1.171s] -- Up-to-date: /home/youngmo/ros2_ws/install/hangman_interfaces/include/hangman_interfaces/hangman_interfaces/msg/detail
[1.171s] -- Up-to-date: /home/youngmo/ros2_ws/install/hangman_interfaces/include/hangman_interfaces/hangman_interfaces/msg/detail/progress__rosidl_typesupport_introspection_cpp.hpp
[1.171s] -- Up-to-date: /home/youngmo/ros2_ws/install/hangman_interfaces/include/hangman_interfaces/hangman_interfaces/msg/detail/progress__type_support.cpp
[1.171s] -- Up-to-date: /home/youngmo/ros2_ws/install/hangman_interfaces/lib/libhangman_interfaces__rosidl_typesupport_introspection_cpp.so
[1.171s] -- Up-to-date: /home/youngmo/ros2_ws/install/hangman_interfaces/lib/libhangman_interfaces__rosidl_typesupport_cpp.so
[1.171s] -- Up-to-date: /home/youngmo/ros2_ws/install/hangman_interfaces/share/hangman_interfaces/environment/pythonpath.sh
[1.172s] -- Installing: /home/youngmo/ros2_ws/install/hangman_interfaces/share/hangman_interfaces/environment/pythonpath.dsv
[1.172s] -- Up-to-date: /home/youngmo/ros2_ws/install/hangman_interfaces/local/lib/python3.10/dist-packages/hangman_interfaces-0.0.0-py3.10.egg-info
[1.172s] -- Installing: /home/youngmo/ros2_ws/install/hangman_interfaces/local/lib/python3.10/dist-packages/hangman_interfaces-0.0.0-py3.10.egg-info/dependency_links.txt
[1.172s] -- Installing: /home/youngmo/ros2_ws/install/hangman_interfaces/local/lib/python3.10/dist-packages/hangman_interfaces-0.0.0-py3.10.egg-info/top_level.txt
[1.172s] -- Installing: /home/youngmo/ros2_ws/install/hangman_interfaces/local/lib/python3.10/dist-packages/hangman_interfaces-0.0.0-py3.10.egg-info/SOURCES.txt
[1.172s] -- Installing: /home/youngmo/ros2_ws/install/hangman_interfaces/local/lib/python3.10/dist-packages/hangman_interfaces-0.0.0-py3.10.egg-info/PKG-INFO
[1.172s] -- Up-to-date: /home/youngmo/ros2_ws/install/hangman_interfaces/local/lib/python3.10/dist-packages/hangman_interfaces
[1.172s] -- Up-to-date: /home/youngmo/ros2_ws/install/hangman_interfaces/local/lib/python3.10/dist-packages/hangman_interfaces/hangman_interfaces_s__rosidl_typesupport_fastrtps_c.cpython-310-x86_64-linux-gnu.so
[1.172s] -- Up-to-date: /home/youngmo/ros2_ws/install/hangman_interfaces/local/lib/python3.10/dist-packages/hangman_interfaces/srv
[1.172s] -- Up-to-date: /home/youngmo/ros2_ws/install/hangman_interfaces/local/lib/python3.10/dist-packages/hangman_interfaces/srv/_check_letter.py
[1.172s] -- Up-to-date: /home/youngmo/ros2_ws/install/hangman_interfaces/local/lib/python3.10/dist-packages/hangman_interfaces/srv/_check_letter_s.c
[1.172s] -- Up-to-date: /home/youngmo/ros2_ws/install/hangman_interfaces/local/lib/python3.10/dist-packages/hangman_interfaces/srv/__init__.py
[1.172s] -- Up-to-date: /home/youngmo/ros2_ws/install/hangman_interfaces/local/lib/python3.10/dist-packages/hangman_interfaces/hangman_interfaces_s__rosidl_typesupport_introspection_c.cpython-310-x86_64-linux-gnu.so
[1.172s] -- Up-to-date: /home/youngmo/ros2_ws/install/hangman_interfaces/local/lib/python3.10/dist-packages/hangman_interfaces/action
[1.172s] -- Up-to-date: /home/youngmo/ros2_ws/install/hangman_interfaces/local/lib/python3.10/dist-packages/hangman_interfaces/action/_game_progress.py
[1.172s] -- Up-to-date: /home/youngmo/ros2_ws/install/hangman_interfaces/local/lib/python3.10/dist-packages/hangman_interfaces/action/__init__.py
[1.172s] -- Up-to-date: /home/youngmo/ros2_ws/install/hangman_interfaces/local/lib/python3.10/dist-packages/hangman_interfaces/action/_game_progress_s.c
[1.173s] -- Up-to-date: /home/youngmo/ros2_ws/install/hangman_interfaces/local/lib/python3.10/dist-packages/hangman_interfaces/hangman_interfaces_s__rosidl_typesupport_c.cpython-310-x86_64-linux-gnu.so
[1.173s] -- Up-to-date: /home/youngmo/ros2_ws/install/hangman_interfaces/local/lib/python3.10/dist-packages/hangman_interfaces/_hangman_interfaces_s.ep.rosidl_typesupport_c.c
[1.173s] -- Up-to-date: /home/youngmo/ros2_ws/install/hangman_interfaces/local/lib/python3.10/dist-packages/hangman_interfaces/libhangman_interfaces__rosidl_generator_py.so
[1.173s] -- Installing: /home/youngmo/ros2_ws/install/hangman_interfaces/local/lib/python3.10/dist-packages/hangman_interfaces/__init__.py
[1.173s] -- Up-to-date: /home/youngmo/ros2_ws/install/hangman_interfaces/local/lib/python3.10/dist-packages/hangman_interfaces/_hangman_interfaces_s.ep.rosidl_typesupport_introspection_c.c
[1.173s] -- Up-to-date: /home/youngmo/ros2_ws/install/hangman_interfaces/local/lib/python3.10/dist-packages/hangman_interfaces/msg
[1.173s] -- Up-to-date: /home/youngmo/ros2_ws/install/hangman_interfaces/local/lib/python3.10/dist-packages/hangman_interfaces/msg/__init__.py
[1.173s] -- Up-to-date: /home/youngmo/ros2_ws/install/hangman_interfaces/local/lib/python3.10/dist-packages/hangman_interfaces/msg/_progress.py
[1.173s] -- Up-to-date: /home/youngmo/ros2_ws/install/hangman_interfaces/local/lib/python3.10/dist-packages/hangman_interfaces/msg/_progress_s.c
[1.173s] -- Up-to-date: /home/youngmo/ros2_ws/install/hangman_interfaces/local/lib/python3.10/dist-packages/hangman_interfaces/_hangman_interfaces_s.ep.rosidl_typesupport_fastrtps_c.c
[1.203s] Listing '/home/youngmo/ros2_ws/install/hangman_interfaces/local/lib/python3.10/dist-packages/hangman_interfaces'...
[1.203s] Compiling '/home/youngmo/ros2_ws/install/hangman_interfaces/local/lib/python3.10/dist-packages/hangman_interfaces/__init__.py'...
[1.204s] Listing '/home/youngmo/ros2_ws/install/hangman_interfaces/local/lib/python3.10/dist-packages/hangman_interfaces/action'...
[1.204s] Listing '/home/youngmo/ros2_ws/install/hangman_interfaces/local/lib/python3.10/dist-packages/hangman_interfaces/msg'...
[1.204s] Listing '/home/youngmo/ros2_ws/install/hangman_interfaces/local/lib/python3.10/dist-packages/hangman_interfaces/srv'...
[1.208s] -- Up-to-date: /home/youngmo/ros2_ws/install/hangman_interfaces/local/lib/python3.10/dist-packages/hangman_interfaces/hangman_interfaces_s__rosidl_typesupport_fastrtps_c.cpython-310-x86_64-linux-gnu.so
[1.209s] -- Up-to-date: /home/youngmo/ros2_ws/install/hangman_interfaces/local/lib/python3.10/dist-packages/hangman_interfaces/hangman_interfaces_s__rosidl_typesupport_introspection_c.cpython-310-x86_64-linux-gnu.so
[1.209s] -- Up-to-date: /home/youngmo/ros2_ws/install/hangman_interfaces/local/lib/python3.10/dist-packages/hangman_interfaces/hangman_interfaces_s__rosidl_typesupport_c.cpython-310-x86_64-linux-gnu.so
[1.210s] -- Up-to-date: /home/youngmo/ros2_ws/install/hangman_interfaces/lib/libhangman_interfaces__rosidl_generator_py.so
[1.210s] -- Up-to-date: /home/youngmo/ros2_ws/install/hangman_interfaces/share/hangman_interfaces/msg/Progress.idl
[1.210s] -- Up-to-date: /home/youngmo/ros2_ws/install/hangman_interfaces/share/hangman_interfaces/srv/CheckLetter.idl
[1.210s] -- Up-to-date: /home/youngmo/ros2_ws/install/hangman_interfaces/share/hangman_interfaces/action/GameProgress.idl
[1.210s] -- Installing: /home/youngmo/ros2_ws/install/hangman_interfaces/share/hangman_interfaces/msg/Progress.msg
[1.210s] -- Up-to-date: /home/youngmo/ros2_ws/install/hangman_interfaces/share/hangman_interfaces/srv/CheckLetter.srv
[1.210s] -- Up-to-date: /home/youngmo/ros2_ws/install/hangman_interfaces/share/hangman_interfaces/srv/CheckLetter_Request.msg
[1.210s] -- Up-to-date: /home/youngmo/ros2_ws/install/hangman_interfaces/share/hangman_interfaces/srv/CheckLetter_Response.msg
[1.210s] -- Up-to-date: /home/youngmo/ros2_ws/install/hangman_interfaces/share/hangman_interfaces/action/GameProgress.action
[1.210s] -- Up-to-date: /home/youngmo/ros2_ws/install/hangman_interfaces/share/ament_index/resource_index/package_run_dependencies/hangman_interfaces
[1.210s] -- Up-to-date: /home/youngmo/ros2_ws/install/hangman_interfaces/share/ament_index/resource_index/parent_prefix_path/hangman_interfaces
[1.211s] -- Up-to-date: /home/youngmo/ros2_ws/install/hangman_interfaces/share/hangman_interfaces/environment/ament_prefix_path.sh
[1.211s] -- Installing: /home/youngmo/ros2_ws/install/hangman_interfaces/share/hangman_interfaces/environment/ament_prefix_path.dsv
[1.211s] -- Up-to-date: /home/youngmo/ros2_ws/install/hangman_interfaces/share/hangman_interfaces/environment/path.sh
[1.211s] -- Installing: /home/youngmo/ros2_ws/install/hangman_interfaces/share/hangman_interfaces/environment/path.dsv
[1.211s] -- Up-to-date: /home/youngmo/ros2_ws/install/hangman_interfaces/share/hangman_interfaces/local_setup.bash
[1.211s] -- Up-to-date: /home/youngmo/ros2_ws/install/hangman_interfaces/share/hangman_interfaces/local_setup.sh
[1.211s] -- Up-to-date: /home/youngmo/ros2_ws/install/hangman_interfaces/share/hangman_interfaces/local_setup.zsh
[1.211s] -- Installing: /home/youngmo/ros2_ws/install/hangman_interfaces/share/hangman_interfaces/local_setup.dsv
[1.211s] -- Installing: /home/youngmo/ros2_ws/install/hangman_interfaces/share/hangman_interfaces/package.dsv
[1.211s] -- Up-to-date: /home/youngmo/ros2_ws/install/hangman_interfaces/share/ament_index/resource_index/packages/hangman_interfaces
[1.211s] -- Up-to-date: /home/youngmo/ros2_ws/install/hangman_interfaces/share/hangman_interfaces/cmake/export_hangman_interfaces__rosidl_generator_cExport.cmake
[1.211s] -- Up-to-date: /home/youngmo/ros2_ws/install/hangman_interfaces/share/hangman_interfaces/cmake/export_hangman_interfaces__rosidl_generator_cExport-noconfig.cmake
[1.212s] -- Up-to-date: /home/youngmo/ros2_ws/install/hangman_interfaces/share/hangman_interfaces/cmake/export_hangman_interfaces__rosidl_typesupport_fastrtps_cExport.cmake
[1.212s] -- Up-to-date: /home/youngmo/ros2_ws/install/hangman_interfaces/share/hangman_interfaces/cmake/export_hangman_interfaces__rosidl_typesupport_fastrtps_cExport-noconfig.cmake
[1.212s] -- Up-to-date: /home/youngmo/ros2_ws/install/hangman_interfaces/share/hangman_interfaces/cmake/export_hangman_interfaces__rosidl_generator_cppExport.cmake
[1.212s] -- Up-to-date: /home/youngmo/ros2_ws/install/hangman_interfaces/share/hangman_interfaces/cmake/export_hangman_interfaces__rosidl_typesupport_fastrtps_cppExport.cmake
[1.212s] -- Up-to-date: /home/youngmo/ros2_ws/install/hangman_interfaces/share/hangman_interfaces/cmake/export_hangman_interfaces__rosidl_typesupport_fastrtps_cppExport-noconfig.cmake
[1.212s] -- Up-to-date: /home/youngmo/ros2_ws/install/hangman_interfaces/share/hangman_interfaces/cmake/hangman_interfaces__rosidl_typesupport_introspection_cExport.cmake
[1.212s] -- Up-to-date: /home/youngmo/ros2_ws/install/hangman_interfaces/share/hangman_interfaces/cmake/hangman_interfaces__rosidl_typesupport_introspection_cExport-noconfig.cmake
[1.212s] -- Up-to-date: /home/youngmo/ros2_ws/install/hangman_interfaces/share/hangman_interfaces/cmake/hangman_interfaces__rosidl_typesupport_cExport.cmake
[1.212s] -- Up-to-date: /home/youngmo/ros2_ws/install/hangman_interfaces/share/hangman_interfaces/cmake/hangman_interfaces__rosidl_typesupport_cExport-noconfig.cmake
[1.212s] -- Up-to-date: /home/youngmo/ros2_ws/install/hangman_interfaces/share/hangman_interfaces/cmake/hangman_interfaces__rosidl_typesupport_introspection_cppExport.cmake
[1.212s] -- Up-to-date: /home/youngmo/ros2_ws/install/hangman_interfaces/share/hangman_interfaces/cmake/hangman_interfaces__rosidl_typesupport_introspection_cppExport-noconfig.cmake
[1.212s] -- Up-to-date: /home/youngmo/ros2_ws/install/hangman_interfaces/share/hangman_interfaces/cmake/hangman_interfaces__rosidl_typesupport_cppExport.cmake
[1.212s] -- Up-to-date: /home/youngmo/ros2_ws/install/hangman_interfaces/share/hangman_interfaces/cmake/hangman_interfaces__rosidl_typesupport_cppExport-noconfig.cmake
[1.212s] -- Up-to-date: /home/youngmo/ros2_ws/install/hangman_interfaces/share/hangman_interfaces/cmake/export_hangman_interfaces__rosidl_generator_pyExport.cmake
[1.212s] -- Up-to-date: /home/youngmo/ros2_ws/install/hangman_interfaces/share/hangman_interfaces/cmake/export_hangman_interfaces__rosidl_generator_pyExport-noconfig.cmake
[1.213s] -- Up-to-date: /home/youngmo/ros2_ws/install/hangman_interfaces/share/hangman_interfaces/cmake/ament_cmake_export_dependencies-extras.cmake
[1.213s] -- Up-to-date: /home/youngmo/ros2_ws/install/hangman_interfaces/share/hangman_interfaces/cmake/rosidl_cmake-extras.cmake
[1.213s] -- Up-to-date: /home/youngmo/ros2_ws/install/hangman_interfaces/share/hangman_interfaces/cmake/ament_cmake_export_include_directories-extras.cmake
[1.213s] -- Up-to-date: /home/youngmo/ros2_ws/install/hangman_interfaces/share/hangman_interfaces/cmake/ament_cmake_export_libraries-extras.cmake
[1.213s] -- Up-to-date: /home/youngmo/ros2_ws/install/hangman_interfaces/share/hangman_interfaces/cmake/ament_cmake_export_targets-extras.cmake
[1.213s] -- Up-to-date: /home/youngmo/ros2_ws/install/hangman_interfaces/share/hangman_interfaces/cmake/rosidl_cmake_export_typesupport_targets-extras.cmake
[1.213s] -- Up-to-date: /home/youngmo/ros2_ws/install/hangman_interfaces/share/hangman_interfaces/cmake/rosidl_cmake_export_typesupport_libraries-extras.cmake
[1.213s] -- Up-to-date: /home/youngmo/ros2_ws/install/hangman_interfaces/share/hangman_interfaces/cmake/hangman_interfacesConfig.cmake
[1.213s] -- Up-to-date: /home/youngmo/ros2_ws/install/hangman_interfaces/share/hangman_interfaces/cmake/hangman_interfacesConfig-version.cmake
[1.213s] -- Up-to-date: /home/youngmo/ros2_ws/install/hangman_interfaces/share/hangman_interfaces/package.xml
[1.215s] Invoked command in '/home/youngmo/ros2_ws/build/hangman_interfaces' returned '0': CMAKE_PREFIX_PATH=${CMAKE_PREFIX_PATH}:/home/youngmo/ros2_ws/install/ros_study_py:/home/youngmo/ros2_ws/install/ex_calculator_py:/home/youngmo/ros2_ws/install/hangman_game:/opt/ros/humble /usr/bin/cmake --install /home/youngmo/ros2_ws/build/hangman_interfaces
