[0.301s] Invoking command in '/home/youngmo/ros2_ws/build/hangman_game_cpp': CMAKE_PREFIX_PATH=/home/youngmo/ros2_ws/install/hangman_interfaces:/home/youngmo/ros2_ws/install/ros_study_cpp:/home/youngmo/ros2_ws/install/cpp_excalculator:/home/youngmo/ros2_ws/install/ros_study_msgs:/home/youngmo/ros2_ws/install/hangman_game_cpp:/home/youngmo/ros2_ws/install/ros_study_py:/home/youngmo/ros2_ws/install/ex_calculator_py:/home/youngmo/ros2_ws/install/hangman_game:/opt/ros/humble LD_LIBRARY_PATH=/home/youngmo/ros2_ws/install/hangman_interfaces/lib:/home/youngmo/ros2_ws/install/ros_study_msgs/lib:/opt/ros/humble/opt/rviz_ogre_vendor/lib:/opt/ros/humble/lib/x86_64-linux-gnu:/opt/ros/humble/lib /usr/bin/cmake --build /home/youngmo/ros2_ws/build/hangman_game_cpp -- -j16 -l16
[0.335s] -- Found ament_cmake: 1.3.11 (/opt/ros/humble/share/ament_cmake/cmake)
[0.452s] -- Found rclcpp: 16.0.12 (/opt/ros/humble/share/rclcpp/cmake)
[0.509s] -- Found rosidl_generator_c: 3.1.6 (/opt/ros/humble/share/rosidl_generator_c/cmake)
[0.515s] -- Found rosidl_adapter: 3.1.6 (/opt/ros/humble/share/rosidl_adapter/cmake)
[0.524s] -- Found rosidl_generator_cpp: 3.1.6 (/opt/ros/humble/share/rosidl_generator_cpp/cmake)
[0.530s] -- Using all available rosidl_typesupport_c: rosidl_typesupport_fastrtps_c;rosidl_typesupport_introspection_c
[0.544s] -- Using all available rosidl_typesupport_cpp: rosidl_typesupport_fastrtps_cpp;rosidl_typesupport_introspection_cpp
[0.576s] -- Found rmw_implementation_cmake: 6.1.2 (/opt/ros/humble/share/rmw_implementation_cmake/cmake)
[0.576s] -- Found rmw_fastrtps_cpp: 6.2.7 (/opt/ros/humble/share/rmw_fastrtps_cpp/cmake)
[0.685s] -- Using RMW implementation 'rmw_fastrtps_cpp' as default
[0.718s] -- Found rclcpp_action: 16.0.12 (/opt/ros/humble/share/rclcpp_action/cmake)
[0.757s] -- Found hangman_interfaces: 0.0.0 (/home/youngmo/ros2_ws/install/hangman_interfaces/share/hangman_interfaces/cmake)
[0.779s] -- Found ament_lint_auto: 0.12.12 (/opt/ros/humble/share/ament_lint_auto/cmake)
[0.859s] -- Added test 'cppcheck' to perform static code analysis on C / C++ code
[0.859s] -- Configured cppcheck include dirs: 
[0.859s] -- Configured cppcheck exclude dirs and/or files: 
[0.859s] -- Added test 'lint_cmake' to check CMake code style
[0.860s] -- Added test 'uncrustify' to check C / C++ code style
[0.860s] -- Configured uncrustify additional arguments: 
[0.860s] -- Added test 'xmllint' to check XML markup files
[0.861s] -- Configuring done
[0.881s] -- Generating done
[0.889s] -- Build files have been written to: /home/youngmo/ros2_ws/build/hangman_game_cpp
[0.917s] [35m[1mConsolidate compiler generated dependencies of target letter_publisher[0m
[0.917s] [35m[1mConsolidate compiler generated dependencies of target user_input[0m
[0.917s] [35m[1mConsolidate compiler generated dependencies of target progress_action_server[0m
[0.919s] [35m[1mConsolidate compiler generated dependencies of target progress_action_client[0m
[0.928s] [ 10%] [32mBuilding CXX object CMakeFiles/word_service.dir/src/word_service.cpp.o[0m
[0.931s] [ 30%] Built target letter_publisher
[0.932s] [ 50%] Built target progress_action_server
[0.933s] [ 70%] Built target user_input
[0.936s] [ 90%] Built target progress_action_client
[9.293s] [100%] [32m[1mLinking CXX executable word_service[0m
[9.735s] [100%] Built target word_service
[9.752s] Invoked command in '/home/youngmo/ros2_ws/build/hangman_game_cpp' returned '0': CMAKE_PREFIX_PATH=/home/youngmo/ros2_ws/install/hangman_interfaces:/home/youngmo/ros2_ws/install/ros_study_cpp:/home/youngmo/ros2_ws/install/cpp_excalculator:/home/youngmo/ros2_ws/install/ros_study_msgs:/home/youngmo/ros2_ws/install/hangman_game_cpp:/home/youngmo/ros2_ws/install/ros_study_py:/home/youngmo/ros2_ws/install/ex_calculator_py:/home/youngmo/ros2_ws/install/hangman_game:/opt/ros/humble LD_LIBRARY_PATH=/home/youngmo/ros2_ws/install/hangman_interfaces/lib:/home/youngmo/ros2_ws/install/ros_study_msgs/lib:/opt/ros/humble/opt/rviz_ogre_vendor/lib:/opt/ros/humble/lib/x86_64-linux-gnu:/opt/ros/humble/lib /usr/bin/cmake --build /home/youngmo/ros2_ws/build/hangman_game_cpp -- -j16 -l16
[9.758s] Invoking command in '/home/youngmo/ros2_ws/build/hangman_game_cpp': CMAKE_PREFIX_PATH=/home/youngmo/ros2_ws/install/hangman_interfaces:/home/youngmo/ros2_ws/install/ros_study_cpp:/home/youngmo/ros2_ws/install/cpp_excalculator:/home/youngmo/ros2_ws/install/ros_study_msgs:/home/youngmo/ros2_ws/install/hangman_game_cpp:/home/youngmo/ros2_ws/install/ros_study_py:/home/youngmo/ros2_ws/install/ex_calculator_py:/home/youngmo/ros2_ws/install/hangman_game:/opt/ros/humble LD_LIBRARY_PATH=/home/youngmo/ros2_ws/install/hangman_interfaces/lib:/home/youngmo/ros2_ws/install/ros_study_msgs/lib:/opt/ros/humble/opt/rviz_ogre_vendor/lib:/opt/ros/humble/lib/x86_64-linux-gnu:/opt/ros/humble/lib /usr/bin/cmake --install /home/youngmo/ros2_ws/build/hangman_game_cpp
[9.762s] -- Install configuration: ""
[9.762s] -- Up-to-date: /home/youngmo/ros2_ws/install/hangman_game_cpp/lib/hangman_game_cpp/letter_publisher
[9.762s] -- Up-to-date: /home/youngmo/ros2_ws/install/hangman_game_cpp/lib/hangman_game_cpp/progress_action_client
[9.763s] -- Up-to-date: /home/youngmo/ros2_ws/install/hangman_game_cpp/lib/hangman_game_cpp/progress_action_server
[9.763s] -- Up-to-date: /home/youngmo/ros2_ws/install/hangman_game_cpp/lib/hangman_game_cpp/user_input
[9.763s] -- Installing: /home/youngmo/ros2_ws/install/hangman_game_cpp/lib/hangman_game_cpp/word_service
[9.765s] -- Set runtime path of "/home/youngmo/ros2_ws/install/hangman_game_cpp/lib/hangman_game_cpp/word_service" to ""
[9.766s] -- Up-to-date: /home/youngmo/ros2_ws/install/hangman_game_cpp/share/ament_index/resource_index/package_run_dependencies/hangman_game_cpp
[9.766s] -- Up-to-date: /home/youngmo/ros2_ws/install/hangman_game_cpp/share/ament_index/resource_index/parent_prefix_path/hangman_game_cpp
[9.766s] -- Up-to-date: /home/youngmo/ros2_ws/install/hangman_game_cpp/share/hangman_game_cpp/environment/ament_prefix_path.sh
[9.766s] -- Installing: /home/youngmo/ros2_ws/install/hangman_game_cpp/share/hangman_game_cpp/environment/ament_prefix_path.dsv
[9.766s] -- Up-to-date: /home/youngmo/ros2_ws/install/hangman_game_cpp/share/hangman_game_cpp/environment/path.sh
[9.766s] -- Installing: /home/youngmo/ros2_ws/install/hangman_game_cpp/share/hangman_game_cpp/environment/path.dsv
[9.766s] -- Up-to-date: /home/youngmo/ros2_ws/install/hangman_game_cpp/share/hangman_game_cpp/local_setup.bash
[9.766s] -- Up-to-date: /home/youngmo/ros2_ws/install/hangman_game_cpp/share/hangman_game_cpp/local_setup.sh
[9.766s] -- Up-to-date: /home/youngmo/ros2_ws/install/hangman_game_cpp/share/hangman_game_cpp/local_setup.zsh
[9.766s] -- Installing: /home/youngmo/ros2_ws/install/hangman_game_cpp/share/hangman_game_cpp/local_setup.dsv
[9.766s] -- Installing: /home/youngmo/ros2_ws/install/hangman_game_cpp/share/hangman_game_cpp/package.dsv
[9.766s] -- Up-to-date: /home/youngmo/ros2_ws/install/hangman_game_cpp/share/ament_index/resource_index/packages/hangman_game_cpp
[9.766s] -- Up-to-date: /home/youngmo/ros2_ws/install/hangman_game_cpp/share/hangman_game_cpp/cmake/hangman_game_cppConfig.cmake
[9.766s] -- Up-to-date: /home/youngmo/ros2_ws/install/hangman_game_cpp/share/hangman_game_cpp/cmake/hangman_game_cppConfig-version.cmake
[9.766s] -- Up-to-date: /home/youngmo/ros2_ws/install/hangman_game_cpp/share/hangman_game_cpp/package.xml
[9.768s] Invoked command in '/home/youngmo/ros2_ws/build/hangman_game_cpp' returned '0': CMAKE_PREFIX_PATH=/home/youngmo/ros2_ws/install/hangman_interfaces:/home/youngmo/ros2_ws/install/ros_study_cpp:/home/youngmo/ros2_ws/install/cpp_excalculator:/home/youngmo/ros2_ws/install/ros_study_msgs:/home/youngmo/ros2_ws/install/hangman_game_cpp:/home/youngmo/ros2_ws/install/ros_study_py:/home/youngmo/ros2_ws/install/ex_calculator_py:/home/youngmo/ros2_ws/install/hangman_game:/opt/ros/humble LD_LIBRARY_PATH=/home/youngmo/ros2_ws/install/hangman_interfaces/lib:/home/youngmo/ros2_ws/install/ros_study_msgs/lib:/opt/ros/humble/opt/rviz_ogre_vendor/lib:/opt/ros/humble/lib/x86_64-linux-gnu:/opt/ros/humble/lib /usr/bin/cmake --install /home/youngmo/ros2_ws/build/hangman_game_cpp
