[0.023s] Invoking command in '/home/youngmo/ros2_ws/build/cpp_excalculator': CMAKE_PREFIX_PATH=/home/youngmo/ros2_ws/install/ros_study_msgs:/home/youngmo/ros2_ws/install/ros_study_cpp:/home/youngmo/ros2_ws/install/cpp_excalculator:/home/youngmo/ros2_ws/install/hangman_game_cpp:/home/youngmo/ros2_ws/install/hangman_interfaces:/home/youngmo/ros2_ws/install/ros_study_py:/home/youngmo/ros2_ws/install/ex_calculator_py:/home/youngmo/ros2_ws/install/hangman_game:/opt/ros/humble /usr/bin/cmake --build /home/youngmo/ros2_ws/build/cpp_excalculator -- -j16 -l16
[0.162s] [ 30%] Built target calculator
[0.162s] [ 60%] Built target checker
[0.162s] [ 80%] Built target argument
[0.162s] [100%] Built target operator
[0.297s] Invoked command in '/home/youngmo/ros2_ws/build/cpp_excalculator' returned '0': CMAKE_PREFIX_PATH=/home/youngmo/ros2_ws/install/ros_study_msgs:/home/youngmo/ros2_ws/install/ros_study_cpp:/home/youngmo/ros2_ws/install/cpp_excalculator:/home/youngmo/ros2_ws/install/hangman_game_cpp:/home/youngmo/ros2_ws/install/hangman_interfaces:/home/youngmo/ros2_ws/install/ros_study_py:/home/youngmo/ros2_ws/install/ex_calculator_py:/home/youngmo/ros2_ws/install/hangman_game:/opt/ros/humble /usr/bin/cmake --build /home/youngmo/ros2_ws/build/cpp_excalculator -- -j16 -l16
[0.298s] Invoking command in '/home/youngmo/ros2_ws/build/cpp_excalculator': CMAKE_PREFIX_PATH=/home/youngmo/ros2_ws/install/ros_study_msgs:/home/youngmo/ros2_ws/install/ros_study_cpp:/home/youngmo/ros2_ws/install/cpp_excalculator:/home/youngmo/ros2_ws/install/hangman_game_cpp:/home/youngmo/ros2_ws/install/hangman_interfaces:/home/youngmo/ros2_ws/install/ros_study_py:/home/youngmo/ros2_ws/install/ex_calculator_py:/home/youngmo/ros2_ws/install/hangman_game:/opt/ros/humble /usr/bin/cmake --install /home/youngmo/ros2_ws/build/cpp_excalculator
[0.314s] -- Install configuration: ""
[0.315s] -- Up-to-date: /home/youngmo/ros2_ws/install/cpp_excalculator/lib/cpp_excalculator/argument
[0.316s] -- Up-to-date: /home/youngmo/ros2_ws/install/cpp_excalculator/lib/cpp_excalculator/operator
[0.317s] -- Up-to-date: /home/youngmo/ros2_ws/install/cpp_excalculator/lib/cpp_excalculator/calculator
[0.318s] -- Up-to-date: /home/youngmo/ros2_ws/install/cpp_excalculator/lib/cpp_excalculator/checker
[0.318s] -- Up-to-date: /home/youngmo/ros2_ws/install/cpp_excalculator/share/cpp_excalculator//launch
[0.319s] -- Up-to-date: /home/youngmo/ros2_ws/install/cpp_excalculator/share/cpp_excalculator//launch/arithmetic.launch.py
[0.319s] -- Up-to-date: /home/youngmo/ros2_ws/install/cpp_excalculator/share/ament_index/resource_index/package_run_dependencies/cpp_excalculator
[0.319s] -- Up-to-date: /home/youngmo/ros2_ws/install/cpp_excalculator/share/ament_index/resource_index/parent_prefix_path/cpp_excalculator
[0.322s] -- Up-to-date: /home/youngmo/ros2_ws/install/cpp_excalculator/share/cpp_excalculator/environment/ament_prefix_path.sh
[0.322s] -- Up-to-date: /home/youngmo/ros2_ws/install/cpp_excalculator/share/cpp_excalculator/environment/ament_prefix_path.dsv
[0.322s] -- Up-to-date: /home/youngmo/ros2_ws/install/cpp_excalculator/share/cpp_excalculator/environment/path.sh
[0.322s] -- Up-to-date: /home/youngmo/ros2_ws/install/cpp_excalculator/share/cpp_excalculator/environment/path.dsv
[0.322s] -- Up-to-date: /home/youngmo/ros2_ws/install/cpp_excalculator/share/cpp_excalculator/local_setup.bash
[0.322s] -- Up-to-date: /home/youngmo/ros2_ws/install/cpp_excalculator/share/cpp_excalculator/local_setup.sh
[0.322s] -- Up-to-date: /home/youngmo/ros2_ws/install/cpp_excalculator/share/cpp_excalculator/local_setup.zsh
[0.322s] -- Up-to-date: /home/youngmo/ros2_ws/install/cpp_excalculator/share/cpp_excalculator/local_setup.dsv
[0.322s] -- Installing: /home/youngmo/ros2_ws/install/cpp_excalculator/share/cpp_excalculator/package.dsv
[0.325s] -- Up-to-date: /home/youngmo/ros2_ws/install/cpp_excalculator/share/ament_index/resource_index/packages/cpp_excalculator
[0.325s] -- Up-to-date: /home/youngmo/ros2_ws/install/cpp_excalculator/share/cpp_excalculator/cmake/cpp_excalculatorConfig.cmake
[0.325s] -- Up-to-date: /home/youngmo/ros2_ws/install/cpp_excalculator/share/cpp_excalculator/cmake/cpp_excalculatorConfig-version.cmake
[0.325s] -- Up-to-date: /home/youngmo/ros2_ws/install/cpp_excalculator/share/cpp_excalculator/package.xml
[0.503s] Invoked command in '/home/youngmo/ros2_ws/build/cpp_excalculator' returned '0': CMAKE_PREFIX_PATH=/home/youngmo/ros2_ws/install/ros_study_msgs:/home/youngmo/ros2_ws/install/ros_study_cpp:/home/youngmo/ros2_ws/install/cpp_excalculator:/home/youngmo/ros2_ws/install/hangman_game_cpp:/home/youngmo/ros2_ws/install/hangman_interfaces:/home/youngmo/ros2_ws/install/ros_study_py:/home/youngmo/ros2_ws/install/ex_calculator_py:/home/youngmo/ros2_ws/install/hangman_game:/opt/ros/humble /usr/bin/cmake --install /home/youngmo/ros2_ws/build/cpp_excalculator
