[0.145s] Invoking command in '/home/youngmo/ros2_ws/build/ros_study_cpp': CMAKE_PREFIX_PATH=${CMAKE_PREFIX_PATH}:/home/youngmo/ros2_ws/install/ros_study_py:/home/youngmo/ros2_ws/install/ex_calculator_py:/opt/ros/humble /usr/bin/cmake /home/youngmo/ros2_ws/src/ros_study_cpp -DCMAKE_INSTALL_PREFIX=/home/youngmo/ros2_ws/install/ros_study_cpp
[0.270s] -- The C compiler identification is GNU 11.4.0
[0.275s] -- The CXX compiler identification is GNU 11.4.0
[0.286s] -- Detecting C compiler ABI info
[0.330s] -- Detecting C compiler ABI info - done
[0.331s] -- Check for working C compiler: /usr/bin/cc - skipped
[0.331s] -- Detecting C compile features
[0.331s] -- Detecting C compile features - done
[0.333s] -- Detecting CXX compiler ABI info
[0.401s] -- Detecting CXX compiler ABI info - done
[0.412s] -- Check for working CXX compiler: /usr/bin/c++ - skipped
[0.412s] -- Detecting CXX compile features
[0.413s] -- Detecting CXX compile features - done
[0.413s] -- Found ament_cmake: 1.3.11 (/opt/ros/humble/share/ament_cmake/cmake)
[0.569s] -- Found Python3: /usr/bin/python3 (found version "3.10.12") found components: Interpreter 
[0.652s] -- Found rclcpp: 16.0.12 (/opt/ros/humble/share/rclcpp/cmake)
[0.699s] -- Found rosidl_generator_c: 3.1.6 (/opt/ros/humble/share/rosidl_generator_c/cmake)
[0.700s] -- Found rosidl_adapter: 3.1.6 (/opt/ros/humble/share/rosidl_adapter/cmake)
[0.707s] -- Found rosidl_generator_cpp: 3.1.6 (/opt/ros/humble/share/rosidl_generator_cpp/cmake)
[0.711s] -- Using all available rosidl_typesupport_c: rosidl_typesupport_fastrtps_c;rosidl_typesupport_introspection_c
[0.727s] -- Using all available rosidl_typesupport_cpp: rosidl_typesupport_fastrtps_cpp;rosidl_typesupport_introspection_cpp
[0.766s] -- Found rmw_implementation_cmake: 6.1.2 (/opt/ros/humble/share/rmw_implementation_cmake/cmake)
[0.767s] -- Found rmw_fastrtps_cpp: 6.2.7 (/opt/ros/humble/share/rmw_fastrtps_cpp/cmake)
[0.857s] -- Found OpenSSL: /usr/lib/x86_64-linux-gnu/libcrypto.so (found version "3.0.2")  
[0.883s] -- Found FastRTPS: /opt/ros/humble/include  
[0.921s] -- Using RMW implementation 'rmw_fastrtps_cpp' as default
[0.928s] -- Looking for pthread.h
[1.018s] -- Looking for pthread.h - found
[1.018s] -- Performing Test CMAKE_HAVE_LIBC_PTHREAD
[1.104s] -- Performing Test CMAKE_HAVE_LIBC_PTHREAD - Success
[1.106s] -- Found Threads: TRUE  
[1.158s] -- Found ros_study_msgs: 0.0.0 (/home/youngmo/ros2_ws/install/ros_study_msgs/share/ros_study_msgs/cmake)
[1.197s] -- Found rclcpp_action: 16.0.12 (/opt/ros/humble/share/rclcpp_action/cmake)
[1.213s] -- Found ament_lint_auto: 0.12.12 (/opt/ros/humble/share/ament_lint_auto/cmake)
[1.289s] -- Added test 'cppcheck' to perform static code analysis on C / C++ code
[1.289s] -- Configured cppcheck include dirs: 
[1.289s] -- Configured cppcheck exclude dirs and/or files: 
[1.290s] -- Added test 'lint_cmake' to check CMake code style
[1.291s] -- Added test 'uncrustify' to check C / C++ code style
[1.291s] -- Configured uncrustify additional arguments: 
[1.291s] -- Added test 'xmllint' to check XML markup files
[1.292s] -- Configuring done
[1.313s] -- Generating done
[1.322s] -- Build files have been written to: /home/youngmo/ros2_ws/build/ros_study_cpp
[1.333s] Invoked command in '/home/youngmo/ros2_ws/build/ros_study_cpp' returned '0': CMAKE_PREFIX_PATH=${CMAKE_PREFIX_PATH}:/home/youngmo/ros2_ws/install/ros_study_py:/home/youngmo/ros2_ws/install/ex_calculator_py:/opt/ros/humble /usr/bin/cmake /home/youngmo/ros2_ws/src/ros_study_cpp -DCMAKE_INSTALL_PREFIX=/home/youngmo/ros2_ws/install/ros_study_cpp
[1.333s] Invoking command in '/home/youngmo/ros2_ws/build/ros_study_cpp': CMAKE_PREFIX_PATH=${CMAKE_PREFIX_PATH}:/home/youngmo/ros2_ws/install/ros_study_py:/home/youngmo/ros2_ws/install/ex_calculator_py:/opt/ros/humble /usr/bin/cmake --build /home/youngmo/ros2_ws/build/ros_study_cpp -- -j16 -l16
[1.375s] [  8%] [32mBuilding CXX object CMakeFiles/my_msg_test.dir/src/my_msg_test.cpp.o[0m
[1.375s] [ 16%] [32mBuilding CXX object CMakeFiles/my_service_client.dir/src/my_service_client.cpp.o[0m
[1.378s] [ 33%] [32mBuilding CXX object CMakeFiles/my_action_client.dir/src/my_action_client.cpp.o[0m
[1.378s] [ 33%] [32mBuilding CXX object CMakeFiles/my_service_server.dir/src/my_service_server.cpp.o[0m
[1.381s] [ 41%] [32mBuilding CXX object CMakeFiles/my_action_server.dir/src/my_action_server.cpp.o[0m
[1.385s] [ 50%] [32mBuilding CXX object CMakeFiles/my_msg_subscriber.dir/src/my_msg_subscriber.cpp.o[0m
[4.051s] [ 58%] [32m[1mLinking CXX executable my_service_server[0m
[4.107s] [ 66%] [32m[1mLinking CXX executable my_service_client[0m
[4.164s] [ 66%] Built target my_service_server
[4.223s] [ 66%] Built target my_service_client
[4.356s] [ 75%] [32m[1mLinking CXX executable my_action_server[0m
[4.460s] [ 75%] Built target my_action_server
[4.681s] [ 83%] [32m[1mLinking CXX executable my_action_client[0m
[4.833s] [ 83%] Built target my_action_client
[5.121s] [ 91%] [32m[1mLinking CXX executable my_msg_test[0m
[5.330s] [ 91%] Built target my_msg_test
[8.192s] [100%] [32m[1mLinking CXX executable my_msg_subscriber[0m
[8.600s] [100%] Built target my_msg_subscriber
[8.612s] Invoked command in '/home/youngmo/ros2_ws/build/ros_study_cpp' returned '0': CMAKE_PREFIX_PATH=${CMAKE_PREFIX_PATH}:/home/youngmo/ros2_ws/install/ros_study_py:/home/youngmo/ros2_ws/install/ex_calculator_py:/opt/ros/humble /usr/bin/cmake --build /home/youngmo/ros2_ws/build/ros_study_cpp -- -j16 -l16
[8.615s] Invoking command in '/home/youngmo/ros2_ws/build/ros_study_cpp': CMAKE_PREFIX_PATH=${CMAKE_PREFIX_PATH}:/home/youngmo/ros2_ws/install/ros_study_py:/home/youngmo/ros2_ws/install/ex_calculator_py:/opt/ros/humble /usr/bin/cmake --install /home/youngmo/ros2_ws/build/ros_study_cpp
[8.628s] -- Install configuration: ""
[8.628s] -- Installing: /home/youngmo/ros2_ws/install/ros_study_cpp/lib/ros_study_cpp/my_msg_test
[8.628s] -- Set runtime path of "/home/youngmo/ros2_ws/install/ros_study_cpp/lib/ros_study_cpp/my_msg_test" to ""
[8.628s] -- Installing: /home/youngmo/ros2_ws/install/ros_study_cpp/lib/ros_study_cpp/my_msg_subscriber
[8.628s] -- Set runtime path of "/home/youngmo/ros2_ws/install/ros_study_cpp/lib/ros_study_cpp/my_msg_subscriber" to ""
[8.628s] -- Installing: /home/youngmo/ros2_ws/install/ros_study_cpp/lib/ros_study_cpp/my_service_client
[8.628s] -- Set runtime path of "/home/youngmo/ros2_ws/install/ros_study_cpp/lib/ros_study_cpp/my_service_client" to ""
[8.628s] -- Installing: /home/youngmo/ros2_ws/install/ros_study_cpp/lib/ros_study_cpp/my_service_server
[8.629s] -- Set runtime path of "/home/youngmo/ros2_ws/install/ros_study_cpp/lib/ros_study_cpp/my_service_server" to ""
[8.629s] -- Installing: /home/youngmo/ros2_ws/install/ros_study_cpp/lib/ros_study_cpp/my_action_client
[8.629s] -- Set runtime path of "/home/youngmo/ros2_ws/install/ros_study_cpp/lib/ros_study_cpp/my_action_client" to ""
[8.629s] -- Installing: /home/youngmo/ros2_ws/install/ros_study_cpp/lib/ros_study_cpp/my_action_server
[8.629s] -- Set runtime path of "/home/youngmo/ros2_ws/install/ros_study_cpp/lib/ros_study_cpp/my_action_server" to ""
[8.629s] -- Installing: /home/youngmo/ros2_ws/install/ros_study_cpp/share/ament_index/resource_index/package_run_dependencies/ros_study_cpp
[8.629s] -- Installing: /home/youngmo/ros2_ws/install/ros_study_cpp/share/ament_index/resource_index/parent_prefix_path/ros_study_cpp
[8.629s] -- Installing: /home/youngmo/ros2_ws/install/ros_study_cpp/share/ros_study_cpp/environment/ament_prefix_path.sh
[8.630s] -- Installing: /home/youngmo/ros2_ws/install/ros_study_cpp/share/ros_study_cpp/environment/ament_prefix_path.dsv
[8.630s] -- Installing: /home/youngmo/ros2_ws/install/ros_study_cpp/share/ros_study_cpp/environment/path.sh
[8.630s] -- Installing: /home/youngmo/ros2_ws/install/ros_study_cpp/share/ros_study_cpp/environment/path.dsv
[8.630s] -- Installing: /home/youngmo/ros2_ws/install/ros_study_cpp/share/ros_study_cpp/local_setup.bash
[8.630s] -- Installing: /home/youngmo/ros2_ws/install/ros_study_cpp/share/ros_study_cpp/local_setup.sh
[8.631s] -- Installing: /home/youngmo/ros2_ws/install/ros_study_cpp/share/ros_study_cpp/local_setup.zsh
[8.631s] -- Installing: /home/youngmo/ros2_ws/install/ros_study_cpp/share/ros_study_cpp/local_setup.dsv
[8.639s] -- Installing: /home/youngmo/ros2_ws/install/ros_study_cpp/share/ros_study_cpp/package.dsv
[8.639s] -- Installing: /home/youngmo/ros2_ws/install/ros_study_cpp/share/ament_index/resource_index/packages/ros_study_cpp
[8.639s] -- Installing: /home/youngmo/ros2_ws/install/ros_study_cpp/share/ros_study_cpp/cmake/ros_study_cppConfig.cmake
[8.639s] -- Installing: /home/youngmo/ros2_ws/install/ros_study_cpp/share/ros_study_cpp/cmake/ros_study_cppConfig-version.cmake
[8.639s] -- Installing: /home/youngmo/ros2_ws/install/ros_study_cpp/share/ros_study_cpp/package.xml
[8.639s] Invoked command in '/home/youngmo/ros2_ws/build/ros_study_cpp' returned '0': CMAKE_PREFIX_PATH=${CMAKE_PREFIX_PATH}:/home/youngmo/ros2_ws/install/ros_study_py:/home/youngmo/ros2_ws/install/ex_calculator_py:/opt/ros/humble /usr/bin/cmake --install /home/youngmo/ros2_ws/build/ros_study_cpp
