[  1%] Built target ros_study_msgs__cpp
[ 12%] Built target ros_study_msgs__rosidl_generator_c
[ 12%] Built target ament_cmake_python_copy_ros_study_msgs
[ 23%] Built target ros_study_msgs__rosidl_typesupport_fastrtps_cpp
[ 35%] Built target ros_study_msgs__rosidl_typesupport_introspection_cpp
[ 46%] Built target ros_study_msgs__rosidl_typesupport_cpp
[ 57%] Built target ros_study_msgs__rosidl_typesupport_introspection_c
[ 69%] Built target ros_study_msgs__rosidl_typesupport_fastrtps_c
[ 80%] Built target ros_study_msgs__rosidl_typesupport_c
[ 80%] Built target ros_study_msgs
[ 81%] Built target ros_study_msgs__py
[ 91%] Built target ros_study_msgs__rosidl_generator_py
[ 94%] Built target ros_study_msgs__rosidl_typesupport_c__pyext
[ 97%] Built target ros_study_msgs__rosidl_typesupport_introspection_c__pyext
[100%] Built target ros_study_msgs__rosidl_typesupport_fastrtps_c__pyext
running egg_info
writing ros_study_msgs.egg-info/PKG-INFO
writing dependency_links to ros_study_msgs.egg-info/dependency_links.txt
writing top-level names to ros_study_msgs.egg-info/top_level.txt
reading manifest file 'ros_study_msgs.egg-info/SOURCES.txt'
writing manifest file 'ros_study_msgs.egg-info/SOURCES.txt'
[100%] Built target ament_cmake_python_build_ros_study_msgs_egg
-- Install configuration: ""
-- Up-to-date: /home/youngmo/ros2_ws/install/ros_study_msgs/share/ament_index/resource_index/rosidl_interfaces/ros_study_msgs
-- Up-to-date: /home/youngmo/ros2_ws/install/ros_study_msgs/include/ros_study_msgs/ros_study_msgs
-- Up-to-date: /home/youngmo/ros2_ws/install/ros_study_msgs/include/ros_study_msgs/ros_study_msgs/srv
-- Up-to-date: /home/youngmo/ros2_ws/install/ros_study_msgs/include/ros_study_msgs/ros_study_msgs/srv/my_srv.h
-- Up-to-date: /home/youngmo/ros2_ws/install/ros_study_msgs/include/ros_study_msgs/ros_study_msgs/srv/detail
-- Up-to-date: /home/youngmo/ros2_ws/install/ros_study_msgs/include/ros_study_msgs/ros_study_msgs/srv/detail/arithmetic_operator__functions.c
-- Up-to-date: /home/youngmo/ros2_ws/install/ros_study_msgs/include/ros_study_msgs/ros_study_msgs/srv/detail/my_srv__functions.c
-- Up-to-date: /home/youngmo/ros2_ws/install/ros_study_msgs/include/ros_study_msgs/ros_study_msgs/srv/detail/my_srv__type_support.h
-- Up-to-date: /home/youngmo/ros2_ws/install/ros_study_msgs/include/ros_study_msgs/ros_study_msgs/srv/detail/arithmetic_operator__type_support.h
-- Up-to-date: /home/youngmo/ros2_ws/install/ros_study_msgs/include/ros_study_msgs/ros_study_msgs/srv/detail/my_srv__functions.h
-- Up-to-date: /home/youngmo/ros2_ws/install/ros_study_msgs/include/ros_study_msgs/ros_study_msgs/srv/detail/my_srv__struct.h
-- Up-to-date: /home/youngmo/ros2_ws/install/ros_study_msgs/include/ros_study_msgs/ros_study_msgs/srv/detail/arithmetic_operator__functions.h
-- Up-to-date: /home/youngmo/ros2_ws/install/ros_study_msgs/include/ros_study_msgs/ros_study_msgs/srv/detail/arithmetic_operator__struct.h
-- Up-to-date: /home/youngmo/ros2_ws/install/ros_study_msgs/include/ros_study_msgs/ros_study_msgs/srv/arithmetic_operator.h
-- Up-to-date: /home/youngmo/ros2_ws/install/ros_study_msgs/include/ros_study_msgs/ros_study_msgs/action
-- Up-to-date: /home/youngmo/ros2_ws/install/ros_study_msgs/include/ros_study_msgs/ros_study_msgs/action/detail
-- Up-to-date: /home/youngmo/ros2_ws/install/ros_study_msgs/include/ros_study_msgs/ros_study_msgs/action/detail/my_action__functions.c
-- Up-to-date: /home/youngmo/ros2_ws/install/ros_study_msgs/include/ros_study_msgs/ros_study_msgs/action/detail/my_action__type_support.h
-- Up-to-date: /home/youngmo/ros2_ws/install/ros_study_msgs/include/ros_study_msgs/ros_study_msgs/action/detail/my_action__struct.h
-- Up-to-date: /home/youngmo/ros2_ws/install/ros_study_msgs/include/ros_study_msgs/ros_study_msgs/action/detail/arithmetic_checker__functions.c
-- Up-to-date: /home/youngmo/ros2_ws/install/ros_study_msgs/include/ros_study_msgs/ros_study_msgs/action/detail/arithmetic_checker__functions.h
-- Up-to-date: /home/youngmo/ros2_ws/install/ros_study_msgs/include/ros_study_msgs/ros_study_msgs/action/detail/arithmetic_checker__type_support.h
-- Up-to-date: /home/youngmo/ros2_ws/install/ros_study_msgs/include/ros_study_msgs/ros_study_msgs/action/detail/my_action__functions.h
-- Up-to-date: /home/youngmo/ros2_ws/install/ros_study_msgs/include/ros_study_msgs/ros_study_msgs/action/detail/arithmetic_checker__struct.h
-- Up-to-date: /home/youngmo/ros2_ws/install/ros_study_msgs/include/ros_study_msgs/ros_study_msgs/action/my_action.h
-- Up-to-date: /home/youngmo/ros2_ws/install/ros_study_msgs/include/ros_study_msgs/ros_study_msgs/action/arithmetic_checker.h
-- Up-to-date: /home/youngmo/ros2_ws/install/ros_study_msgs/include/ros_study_msgs/ros_study_msgs/msg
-- Up-to-date: /home/youngmo/ros2_ws/install/ros_study_msgs/include/ros_study_msgs/ros_study_msgs/msg/arithmetic_argument.h
-- Up-to-date: /home/youngmo/ros2_ws/install/ros_study_msgs/include/ros_study_msgs/ros_study_msgs/msg/my_msg.h
-- Up-to-date: /home/youngmo/ros2_ws/install/ros_study_msgs/include/ros_study_msgs/ros_study_msgs/msg/detail
-- Up-to-date: /home/youngmo/ros2_ws/install/ros_study_msgs/include/ros_study_msgs/ros_study_msgs/msg/detail/arithmetic_argument__struct.h
-- Up-to-date: /home/youngmo/ros2_ws/install/ros_study_msgs/include/ros_study_msgs/ros_study_msgs/msg/detail/my_msg__struct.h
-- Up-to-date: /home/youngmo/ros2_ws/install/ros_study_msgs/include/ros_study_msgs/ros_study_msgs/msg/detail/my_msg__functions.c
-- Up-to-date: /home/youngmo/ros2_ws/install/ros_study_msgs/include/ros_study_msgs/ros_study_msgs/msg/detail/arithmetic_argument__functions.c
-- Up-to-date: /home/youngmo/ros2_ws/install/ros_study_msgs/include/ros_study_msgs/ros_study_msgs/msg/detail/arithmetic_argument__functions.h
-- Up-to-date: /home/youngmo/ros2_ws/install/ros_study_msgs/include/ros_study_msgs/ros_study_msgs/msg/detail/my_msg__type_support.h
-- Up-to-date: /home/youngmo/ros2_ws/install/ros_study_msgs/include/ros_study_msgs/ros_study_msgs/msg/detail/my_msg__functions.h
-- Up-to-date: /home/youngmo/ros2_ws/install/ros_study_msgs/include/ros_study_msgs/ros_study_msgs/msg/detail/arithmetic_argument__type_support.h
-- Up-to-date: /home/youngmo/ros2_ws/install/ros_study_msgs/include/ros_study_msgs/ros_study_msgs/msg/rosidl_generator_c__visibility_control.h
-- Up-to-date: /home/youngmo/ros2_ws/install/ros_study_msgs/share/ros_study_msgs/environment/library_path.sh
-- Up-to-date: /home/youngmo/ros2_ws/install/ros_study_msgs/share/ros_study_msgs/environment/library_path.dsv
-- Up-to-date: /home/youngmo/ros2_ws/install/ros_study_msgs/lib/libros_study_msgs__rosidl_generator_c.so
-- Up-to-date: /home/youngmo/ros2_ws/install/ros_study_msgs/include/ros_study_msgs/ros_study_msgs
-- Up-to-date: /home/youngmo/ros2_ws/install/ros_study_msgs/include/ros_study_msgs/ros_study_msgs/srv
-- Up-to-date: /home/youngmo/ros2_ws/install/ros_study_msgs/include/ros_study_msgs/ros_study_msgs/srv/detail
-- Up-to-date: /home/youngmo/ros2_ws/install/ros_study_msgs/include/ros_study_msgs/ros_study_msgs/srv/detail/arithmetic_operator__rosidl_typesupport_fastrtps_c.h
-- Up-to-date: /home/youngmo/ros2_ws/install/ros_study_msgs/include/ros_study_msgs/ros_study_msgs/srv/detail/my_srv__rosidl_typesupport_fastrtps_c.h
-- Up-to-date: /home/youngmo/ros2_ws/install/ros_study_msgs/include/ros_study_msgs/ros_study_msgs/action
-- Up-to-date: /home/youngmo/ros2_ws/install/ros_study_msgs/include/ros_study_msgs/ros_study_msgs/action/detail
-- Up-to-date: /home/youngmo/ros2_ws/install/ros_study_msgs/include/ros_study_msgs/ros_study_msgs/action/detail/my_action__rosidl_typesupport_fastrtps_c.h
-- Up-to-date: /home/youngmo/ros2_ws/install/ros_study_msgs/include/ros_study_msgs/ros_study_msgs/action/detail/arithmetic_checker__rosidl_typesupport_fastrtps_c.h
-- Up-to-date: /home/youngmo/ros2_ws/install/ros_study_msgs/include/ros_study_msgs/ros_study_msgs/msg
-- Up-to-date: /home/youngmo/ros2_ws/install/ros_study_msgs/include/ros_study_msgs/ros_study_msgs/msg/detail
-- Up-to-date: /home/youngmo/ros2_ws/install/ros_study_msgs/include/ros_study_msgs/ros_study_msgs/msg/detail/arithmetic_argument__rosidl_typesupport_fastrtps_c.h
-- Up-to-date: /home/youngmo/ros2_ws/install/ros_study_msgs/include/ros_study_msgs/ros_study_msgs/msg/detail/my_msg__rosidl_typesupport_fastrtps_c.h
-- Up-to-date: /home/youngmo/ros2_ws/install/ros_study_msgs/include/ros_study_msgs/ros_study_msgs/msg/rosidl_typesupport_fastrtps_c__visibility_control.h
-- Up-to-date: /home/youngmo/ros2_ws/install/ros_study_msgs/lib/libros_study_msgs__rosidl_typesupport_fastrtps_c.so
-- Up-to-date: /home/youngmo/ros2_ws/install/ros_study_msgs/include/ros_study_msgs/ros_study_msgs
-- Up-to-date: /home/youngmo/ros2_ws/install/ros_study_msgs/include/ros_study_msgs/ros_study_msgs/srv
-- Up-to-date: /home/youngmo/ros2_ws/install/ros_study_msgs/include/ros_study_msgs/ros_study_msgs/srv/detail
-- Up-to-date: /home/youngmo/ros2_ws/install/ros_study_msgs/include/ros_study_msgs/ros_study_msgs/srv/detail/my_srv__traits.hpp
-- Up-to-date: /home/youngmo/ros2_ws/install/ros_study_msgs/include/ros_study_msgs/ros_study_msgs/srv/detail/my_srv__type_support.hpp
-- Up-to-date: /home/youngmo/ros2_ws/install/ros_study_msgs/include/ros_study_msgs/ros_study_msgs/srv/detail/arithmetic_operator__type_support.hpp
-- Up-to-date: /home/youngmo/ros2_ws/install/ros_study_msgs/include/ros_study_msgs/ros_study_msgs/srv/detail/my_srv__builder.hpp
-- Up-to-date: /home/youngmo/ros2_ws/install/ros_study_msgs/include/ros_study_msgs/ros_study_msgs/srv/detail/arithmetic_operator__traits.hpp
-- Up-to-date: /home/youngmo/ros2_ws/install/ros_study_msgs/include/ros_study_msgs/ros_study_msgs/srv/detail/arithmetic_operator__struct.hpp
-- Up-to-date: /home/youngmo/ros2_ws/install/ros_study_msgs/include/ros_study_msgs/ros_study_msgs/srv/detail/my_srv__struct.hpp
-- Up-to-date: /home/youngmo/ros2_ws/install/ros_study_msgs/include/ros_study_msgs/ros_study_msgs/srv/detail/arithmetic_operator__builder.hpp
-- Up-to-date: /home/youngmo/ros2_ws/install/ros_study_msgs/include/ros_study_msgs/ros_study_msgs/srv/my_srv.hpp
-- Up-to-date: /home/youngmo/ros2_ws/install/ros_study_msgs/include/ros_study_msgs/ros_study_msgs/srv/arithmetic_operator.hpp
-- Up-to-date: /home/youngmo/ros2_ws/install/ros_study_msgs/include/ros_study_msgs/ros_study_msgs/action
-- Up-to-date: /home/youngmo/ros2_ws/install/ros_study_msgs/include/ros_study_msgs/ros_study_msgs/action/my_action.hpp
-- Up-to-date: /home/youngmo/ros2_ws/install/ros_study_msgs/include/ros_study_msgs/ros_study_msgs/action/detail
-- Up-to-date: /home/youngmo/ros2_ws/install/ros_study_msgs/include/ros_study_msgs/ros_study_msgs/action/detail/my_action__builder.hpp
-- Up-to-date: /home/youngmo/ros2_ws/install/ros_study_msgs/include/ros_study_msgs/ros_study_msgs/action/detail/arithmetic_checker__traits.hpp
-- Up-to-date: /home/youngmo/ros2_ws/install/ros_study_msgs/include/ros_study_msgs/ros_study_msgs/action/detail/arithmetic_checker__builder.hpp
-- Up-to-date: /home/youngmo/ros2_ws/install/ros_study_msgs/include/ros_study_msgs/ros_study_msgs/action/detail/arithmetic_checker__type_support.hpp
-- Up-to-date: /home/youngmo/ros2_ws/install/ros_study_msgs/include/ros_study_msgs/ros_study_msgs/action/detail/my_action__traits.hpp
-- Up-to-date: /home/youngmo/ros2_ws/install/ros_study_msgs/include/ros_study_msgs/ros_study_msgs/action/detail/my_action__struct.hpp
-- Up-to-date: /home/youngmo/ros2_ws/install/ros_study_msgs/include/ros_study_msgs/ros_study_msgs/action/detail/my_action__type_support.hpp
-- Up-to-date: /home/youngmo/ros2_ws/install/ros_study_msgs/include/ros_study_msgs/ros_study_msgs/action/detail/arithmetic_checker__struct.hpp
-- Up-to-date: /home/youngmo/ros2_ws/install/ros_study_msgs/include/ros_study_msgs/ros_study_msgs/action/arithmetic_checker.hpp
-- Up-to-date: /home/youngmo/ros2_ws/install/ros_study_msgs/include/ros_study_msgs/ros_study_msgs/msg
-- Up-to-date: /home/youngmo/ros2_ws/install/ros_study_msgs/include/ros_study_msgs/ros_study_msgs/msg/rosidl_generator_cpp__visibility_control.hpp
-- Up-to-date: /home/youngmo/ros2_ws/install/ros_study_msgs/include/ros_study_msgs/ros_study_msgs/msg/detail
-- Up-to-date: /home/youngmo/ros2_ws/install/ros_study_msgs/include/ros_study_msgs/ros_study_msgs/msg/detail/my_msg__struct.hpp
-- Up-to-date: /home/youngmo/ros2_ws/install/ros_study_msgs/include/ros_study_msgs/ros_study_msgs/msg/detail/arithmetic_argument__traits.hpp
-- Up-to-date: /home/youngmo/ros2_ws/install/ros_study_msgs/include/ros_study_msgs/ros_study_msgs/msg/detail/arithmetic_argument__struct.hpp
-- Up-to-date: /home/youngmo/ros2_ws/install/ros_study_msgs/include/ros_study_msgs/ros_study_msgs/msg/detail/arithmetic_argument__type_support.hpp
-- Up-to-date: /home/youngmo/ros2_ws/install/ros_study_msgs/include/ros_study_msgs/ros_study_msgs/msg/detail/arithmetic_argument__builder.hpp
-- Up-to-date: /home/youngmo/ros2_ws/install/ros_study_msgs/include/ros_study_msgs/ros_study_msgs/msg/detail/my_msg__traits.hpp
-- Up-to-date: /home/youngmo/ros2_ws/install/ros_study_msgs/include/ros_study_msgs/ros_study_msgs/msg/detail/my_msg__type_support.hpp
-- Up-to-date: /home/youngmo/ros2_ws/install/ros_study_msgs/include/ros_study_msgs/ros_study_msgs/msg/detail/my_msg__builder.hpp
-- Up-to-date: /home/youngmo/ros2_ws/install/ros_study_msgs/include/ros_study_msgs/ros_study_msgs/msg/arithmetic_argument.hpp
-- Up-to-date: /home/youngmo/ros2_ws/install/ros_study_msgs/include/ros_study_msgs/ros_study_msgs/msg/my_msg.hpp
-- Up-to-date: /home/youngmo/ros2_ws/install/ros_study_msgs/include/ros_study_msgs/ros_study_msgs
-- Up-to-date: /home/youngmo/ros2_ws/install/ros_study_msgs/include/ros_study_msgs/ros_study_msgs/srv
-- Up-to-date: /home/youngmo/ros2_ws/install/ros_study_msgs/include/ros_study_msgs/ros_study_msgs/srv/detail
-- Up-to-date: /home/youngmo/ros2_ws/install/ros_study_msgs/include/ros_study_msgs/ros_study_msgs/srv/detail/dds_fastrtps
-- Up-to-date: /home/youngmo/ros2_ws/install/ros_study_msgs/include/ros_study_msgs/ros_study_msgs/srv/detail/arithmetic_operator__rosidl_typesupport_fastrtps_cpp.hpp
-- Up-to-date: /home/youngmo/ros2_ws/install/ros_study_msgs/include/ros_study_msgs/ros_study_msgs/srv/detail/my_srv__rosidl_typesupport_fastrtps_cpp.hpp
-- Up-to-date: /home/youngmo/ros2_ws/install/ros_study_msgs/include/ros_study_msgs/ros_study_msgs/action
-- Up-to-date: /home/youngmo/ros2_ws/install/ros_study_msgs/include/ros_study_msgs/ros_study_msgs/action/detail
-- Up-to-date: /home/youngmo/ros2_ws/install/ros_study_msgs/include/ros_study_msgs/ros_study_msgs/action/detail/my_action__rosidl_typesupport_fastrtps_cpp.hpp
-- Up-to-date: /home/youngmo/ros2_ws/install/ros_study_msgs/include/ros_study_msgs/ros_study_msgs/action/detail/dds_fastrtps
-- Up-to-date: /home/youngmo/ros2_ws/install/ros_study_msgs/include/ros_study_msgs/ros_study_msgs/action/detail/arithmetic_checker__rosidl_typesupport_fastrtps_cpp.hpp
-- Up-to-date: /home/youngmo/ros2_ws/install/ros_study_msgs/include/ros_study_msgs/ros_study_msgs/msg
-- Up-to-date: /home/youngmo/ros2_ws/install/ros_study_msgs/include/ros_study_msgs/ros_study_msgs/msg/detail
-- Up-to-date: /home/youngmo/ros2_ws/install/ros_study_msgs/include/ros_study_msgs/ros_study_msgs/msg/detail/arithmetic_argument__rosidl_typesupport_fastrtps_cpp.hpp
-- Up-to-date: /home/youngmo/ros2_ws/install/ros_study_msgs/include/ros_study_msgs/ros_study_msgs/msg/detail/my_msg__rosidl_typesupport_fastrtps_cpp.hpp
-- Up-to-date: /home/youngmo/ros2_ws/install/ros_study_msgs/include/ros_study_msgs/ros_study_msgs/msg/detail/dds_fastrtps
-- Up-to-date: /home/youngmo/ros2_ws/install/ros_study_msgs/include/ros_study_msgs/ros_study_msgs/msg/rosidl_typesupport_fastrtps_cpp__visibility_control.h
-- Up-to-date: /home/youngmo/ros2_ws/install/ros_study_msgs/lib/libros_study_msgs__rosidl_typesupport_fastrtps_cpp.so
-- Up-to-date: /home/youngmo/ros2_ws/install/ros_study_msgs/include/ros_study_msgs/ros_study_msgs
-- Up-to-date: /home/youngmo/ros2_ws/install/ros_study_msgs/include/ros_study_msgs/ros_study_msgs/srv
-- Up-to-date: /home/youngmo/ros2_ws/install/ros_study_msgs/include/ros_study_msgs/ros_study_msgs/srv/detail
-- Up-to-date: /home/youngmo/ros2_ws/install/ros_study_msgs/include/ros_study_msgs/ros_study_msgs/srv/detail/my_srv__type_support.c
-- Up-to-date: /home/youngmo/ros2_ws/install/ros_study_msgs/include/ros_study_msgs/ros_study_msgs/srv/detail/arithmetic_operator__rosidl_typesupport_introspection_c.h
-- Up-to-date: /home/youngmo/ros2_ws/install/ros_study_msgs/include/ros_study_msgs/ros_study_msgs/srv/detail/arithmetic_operator__type_support.c
-- Up-to-date: /home/youngmo/ros2_ws/install/ros_study_msgs/include/ros_study_msgs/ros_study_msgs/srv/detail/my_srv__rosidl_typesupport_introspection_c.h
-- Up-to-date: /home/youngmo/ros2_ws/install/ros_study_msgs/include/ros_study_msgs/ros_study_msgs/action
-- Up-to-date: /home/youngmo/ros2_ws/install/ros_study_msgs/include/ros_study_msgs/ros_study_msgs/action/detail
-- Up-to-date: /home/youngmo/ros2_ws/install/ros_study_msgs/include/ros_study_msgs/ros_study_msgs/action/detail/arithmetic_checker__rosidl_typesupport_introspection_c.h
-- Up-to-date: /home/youngmo/ros2_ws/install/ros_study_msgs/include/ros_study_msgs/ros_study_msgs/action/detail/arithmetic_checker__type_support.c
-- Up-to-date: /home/youngmo/ros2_ws/install/ros_study_msgs/include/ros_study_msgs/ros_study_msgs/action/detail/my_action__type_support.c
-- Up-to-date: /home/youngmo/ros2_ws/install/ros_study_msgs/include/ros_study_msgs/ros_study_msgs/action/detail/my_action__rosidl_typesupport_introspection_c.h
-- Up-to-date: /home/youngmo/ros2_ws/install/ros_study_msgs/include/ros_study_msgs/ros_study_msgs/msg
-- Up-to-date: /home/youngmo/ros2_ws/install/ros_study_msgs/include/ros_study_msgs/ros_study_msgs/msg/rosidl_typesupport_introspection_c__visibility_control.h
-- Up-to-date: /home/youngmo/ros2_ws/install/ros_study_msgs/include/ros_study_msgs/ros_study_msgs/msg/detail
-- Up-to-date: /home/youngmo/ros2_ws/install/ros_study_msgs/include/ros_study_msgs/ros_study_msgs/msg/detail/my_msg__type_support.c
-- Up-to-date: /home/youngmo/ros2_ws/install/ros_study_msgs/include/ros_study_msgs/ros_study_msgs/msg/detail/my_msg__rosidl_typesupport_introspection_c.h
-- Up-to-date: /home/youngmo/ros2_ws/install/ros_study_msgs/include/ros_study_msgs/ros_study_msgs/msg/detail/arithmetic_argument__rosidl_typesupport_introspection_c.h
-- Up-to-date: /home/youngmo/ros2_ws/install/ros_study_msgs/include/ros_study_msgs/ros_study_msgs/msg/detail/arithmetic_argument__type_support.c
-- Up-to-date: /home/youngmo/ros2_ws/install/ros_study_msgs/lib/libros_study_msgs__rosidl_typesupport_introspection_c.so
-- Up-to-date: /home/youngmo/ros2_ws/install/ros_study_msgs/lib/libros_study_msgs__rosidl_typesupport_c.so
-- Up-to-date: /home/youngmo/ros2_ws/install/ros_study_msgs/include/ros_study_msgs/ros_study_msgs
-- Up-to-date: /home/youngmo/ros2_ws/install/ros_study_msgs/include/ros_study_msgs/ros_study_msgs/srv
-- Up-to-date: /home/youngmo/ros2_ws/install/ros_study_msgs/include/ros_study_msgs/ros_study_msgs/srv/detail
-- Up-to-date: /home/youngmo/ros2_ws/install/ros_study_msgs/include/ros_study_msgs/ros_study_msgs/srv/detail/arithmetic_operator__rosidl_typesupport_introspection_cpp.hpp
-- Up-to-date: /home/youngmo/ros2_ws/install/ros_study_msgs/include/ros_study_msgs/ros_study_msgs/srv/detail/my_srv__type_support.cpp
-- Up-to-date: /home/youngmo/ros2_ws/install/ros_study_msgs/include/ros_study_msgs/ros_study_msgs/srv/detail/arithmetic_operator__type_support.cpp
-- Up-to-date: /home/youngmo/ros2_ws/install/ros_study_msgs/include/ros_study_msgs/ros_study_msgs/srv/detail/my_srv__rosidl_typesupport_introspection_cpp.hpp
-- Up-to-date: /home/youngmo/ros2_ws/install/ros_study_msgs/include/ros_study_msgs/ros_study_msgs/action
-- Up-to-date: /home/youngmo/ros2_ws/install/ros_study_msgs/include/ros_study_msgs/ros_study_msgs/action/detail
-- Up-to-date: /home/youngmo/ros2_ws/install/ros_study_msgs/include/ros_study_msgs/ros_study_msgs/action/detail/my_action__rosidl_typesupport_introspection_cpp.hpp
-- Up-to-date: /home/youngmo/ros2_ws/install/ros_study_msgs/include/ros_study_msgs/ros_study_msgs/action/detail/arithmetic_checker__type_support.cpp
-- Up-to-date: /home/youngmo/ros2_ws/install/ros_study_msgs/include/ros_study_msgs/ros_study_msgs/action/detail/arithmetic_checker__rosidl_typesupport_introspection_cpp.hpp
-- Up-to-date: /home/youngmo/ros2_ws/install/ros_study_msgs/include/ros_study_msgs/ros_study_msgs/action/detail/my_action__type_support.cpp
-- Up-to-date: /home/youngmo/ros2_ws/install/ros_study_msgs/include/ros_study_msgs/ros_study_msgs/msg
-- Up-to-date: /home/youngmo/ros2_ws/install/ros_study_msgs/include/ros_study_msgs/ros_study_msgs/msg/detail
-- Up-to-date: /home/youngmo/ros2_ws/install/ros_study_msgs/include/ros_study_msgs/ros_study_msgs/msg/detail/my_msg__type_support.cpp
-- Up-to-date: /home/youngmo/ros2_ws/install/ros_study_msgs/include/ros_study_msgs/ros_study_msgs/msg/detail/arithmetic_argument__rosidl_typesupport_introspection_cpp.hpp
-- Up-to-date: /home/youngmo/ros2_ws/install/ros_study_msgs/include/ros_study_msgs/ros_study_msgs/msg/detail/arithmetic_argument__type_support.cpp
-- Up-to-date: /home/youngmo/ros2_ws/install/ros_study_msgs/include/ros_study_msgs/ros_study_msgs/msg/detail/my_msg__rosidl_typesupport_introspection_cpp.hpp
-- Up-to-date: /home/youngmo/ros2_ws/install/ros_study_msgs/lib/libros_study_msgs__rosidl_typesupport_introspection_cpp.so
-- Up-to-date: /home/youngmo/ros2_ws/install/ros_study_msgs/lib/libros_study_msgs__rosidl_typesupport_cpp.so
-- Up-to-date: /home/youngmo/ros2_ws/install/ros_study_msgs/share/ros_study_msgs/environment/pythonpath.sh
-- Up-to-date: /home/youngmo/ros2_ws/install/ros_study_msgs/share/ros_study_msgs/environment/pythonpath.dsv
-- Up-to-date: /home/youngmo/ros2_ws/install/ros_study_msgs/local/lib/python3.10/dist-packages/ros_study_msgs-0.0.0-py3.10.egg-info
-- Installing: /home/youngmo/ros2_ws/install/ros_study_msgs/local/lib/python3.10/dist-packages/ros_study_msgs-0.0.0-py3.10.egg-info/dependency_links.txt
-- Installing: /home/youngmo/ros2_ws/install/ros_study_msgs/local/lib/python3.10/dist-packages/ros_study_msgs-0.0.0-py3.10.egg-info/top_level.txt
-- Installing: /home/youngmo/ros2_ws/install/ros_study_msgs/local/lib/python3.10/dist-packages/ros_study_msgs-0.0.0-py3.10.egg-info/SOURCES.txt
-- Installing: /home/youngmo/ros2_ws/install/ros_study_msgs/local/lib/python3.10/dist-packages/ros_study_msgs-0.0.0-py3.10.egg-info/PKG-INFO
-- Up-to-date: /home/youngmo/ros2_ws/install/ros_study_msgs/local/lib/python3.10/dist-packages/ros_study_msgs
-- Up-to-date: /home/youngmo/ros2_ws/install/ros_study_msgs/local/lib/python3.10/dist-packages/ros_study_msgs/_ros_study_msgs_s.ep.rosidl_typesupport_fastrtps_c.c
-- Up-to-date: /home/youngmo/ros2_ws/install/ros_study_msgs/local/lib/python3.10/dist-packages/ros_study_msgs/_ros_study_msgs_s.ep.rosidl_typesupport_introspection_c.c
-- Up-to-date: /home/youngmo/ros2_ws/install/ros_study_msgs/local/lib/python3.10/dist-packages/ros_study_msgs/srv
-- Up-to-date: /home/youngmo/ros2_ws/install/ros_study_msgs/local/lib/python3.10/dist-packages/ros_study_msgs/srv/_arithmetic_operator_s.c
-- Up-to-date: /home/youngmo/ros2_ws/install/ros_study_msgs/local/lib/python3.10/dist-packages/ros_study_msgs/srv/_arithmetic_operator.py
-- Up-to-date: /home/youngmo/ros2_ws/install/ros_study_msgs/local/lib/python3.10/dist-packages/ros_study_msgs/srv/_my_srv_s.c
-- Up-to-date: /home/youngmo/ros2_ws/install/ros_study_msgs/local/lib/python3.10/dist-packages/ros_study_msgs/srv/_my_srv.py
-- Up-to-date: /home/youngmo/ros2_ws/install/ros_study_msgs/local/lib/python3.10/dist-packages/ros_study_msgs/srv/__init__.py
-- Up-to-date: /home/youngmo/ros2_ws/install/ros_study_msgs/local/lib/python3.10/dist-packages/ros_study_msgs/action
-- Up-to-date: /home/youngmo/ros2_ws/install/ros_study_msgs/local/lib/python3.10/dist-packages/ros_study_msgs/action/_arithmetic_checker_s.c
-- Up-to-date: /home/youngmo/ros2_ws/install/ros_study_msgs/local/lib/python3.10/dist-packages/ros_study_msgs/action/_arithmetic_checker.py
-- Up-to-date: /home/youngmo/ros2_ws/install/ros_study_msgs/local/lib/python3.10/dist-packages/ros_study_msgs/action/__init__.py
-- Up-to-date: /home/youngmo/ros2_ws/install/ros_study_msgs/local/lib/python3.10/dist-packages/ros_study_msgs/action/_my_action_s.c
-- Up-to-date: /home/youngmo/ros2_ws/install/ros_study_msgs/local/lib/python3.10/dist-packages/ros_study_msgs/action/_my_action.py
-- Up-to-date: /home/youngmo/ros2_ws/install/ros_study_msgs/local/lib/python3.10/dist-packages/ros_study_msgs/ros_study_msgs_s__rosidl_typesupport_introspection_c.cpython-310-x86_64-linux-gnu.so
-- Up-to-date: /home/youngmo/ros2_ws/install/ros_study_msgs/local/lib/python3.10/dist-packages/ros_study_msgs/ros_study_msgs_s__rosidl_typesupport_fastrtps_c.cpython-310-x86_64-linux-gnu.so
-- Up-to-date: /home/youngmo/ros2_ws/install/ros_study_msgs/local/lib/python3.10/dist-packages/ros_study_msgs/libros_study_msgs__rosidl_generator_py.so
-- Up-to-date: /home/youngmo/ros2_ws/install/ros_study_msgs/local/lib/python3.10/dist-packages/ros_study_msgs/__init__.py
-- Up-to-date: /home/youngmo/ros2_ws/install/ros_study_msgs/local/lib/python3.10/dist-packages/ros_study_msgs/msg
-- Up-to-date: /home/youngmo/ros2_ws/install/ros_study_msgs/local/lib/python3.10/dist-packages/ros_study_msgs/msg/_arithmetic_argument.py
-- Up-to-date: /home/youngmo/ros2_ws/install/ros_study_msgs/local/lib/python3.10/dist-packages/ros_study_msgs/msg/_my_msg.py
-- Up-to-date: /home/youngmo/ros2_ws/install/ros_study_msgs/local/lib/python3.10/dist-packages/ros_study_msgs/msg/__init__.py
-- Up-to-date: /home/youngmo/ros2_ws/install/ros_study_msgs/local/lib/python3.10/dist-packages/ros_study_msgs/msg/_arithmetic_argument_s.c
-- Up-to-date: /home/youngmo/ros2_ws/install/ros_study_msgs/local/lib/python3.10/dist-packages/ros_study_msgs/msg/_my_msg_s.c
-- Up-to-date: /home/youngmo/ros2_ws/install/ros_study_msgs/local/lib/python3.10/dist-packages/ros_study_msgs/_ros_study_msgs_s.ep.rosidl_typesupport_c.c
-- Up-to-date: /home/youngmo/ros2_ws/install/ros_study_msgs/local/lib/python3.10/dist-packages/ros_study_msgs/ros_study_msgs_s__rosidl_typesupport_c.cpython-310-x86_64-linux-gnu.so
Listing '/home/youngmo/ros2_ws/install/ros_study_msgs/local/lib/python3.10/dist-packages/ros_study_msgs'...
Listing '/home/youngmo/ros2_ws/install/ros_study_msgs/local/lib/python3.10/dist-packages/ros_study_msgs/action'...
Listing '/home/youngmo/ros2_ws/install/ros_study_msgs/local/lib/python3.10/dist-packages/ros_study_msgs/msg'...
Listing '/home/youngmo/ros2_ws/install/ros_study_msgs/local/lib/python3.10/dist-packages/ros_study_msgs/srv'...
-- Up-to-date: /home/youngmo/ros2_ws/install/ros_study_msgs/local/lib/python3.10/dist-packages/ros_study_msgs/ros_study_msgs_s__rosidl_typesupport_fastrtps_c.cpython-310-x86_64-linux-gnu.so
-- Up-to-date: /home/youngmo/ros2_ws/install/ros_study_msgs/local/lib/python3.10/dist-packages/ros_study_msgs/ros_study_msgs_s__rosidl_typesupport_introspection_c.cpython-310-x86_64-linux-gnu.so
-- Up-to-date: /home/youngmo/ros2_ws/install/ros_study_msgs/local/lib/python3.10/dist-packages/ros_study_msgs/ros_study_msgs_s__rosidl_typesupport_c.cpython-310-x86_64-linux-gnu.so
-- Up-to-date: /home/youngmo/ros2_ws/install/ros_study_msgs/lib/libros_study_msgs__rosidl_generator_py.so
-- Up-to-date: /home/youngmo/ros2_ws/install/ros_study_msgs/share/ros_study_msgs/msg/MyMsg.idl
-- Up-to-date: /home/youngmo/ros2_ws/install/ros_study_msgs/share/ros_study_msgs/msg/ArithmeticArgument.idl
-- Up-to-date: /home/youngmo/ros2_ws/install/ros_study_msgs/share/ros_study_msgs/srv/MySrv.idl
-- Up-to-date: /home/youngmo/ros2_ws/install/ros_study_msgs/share/ros_study_msgs/srv/ArithmeticOperator.idl
-- Up-to-date: /home/youngmo/ros2_ws/install/ros_study_msgs/share/ros_study_msgs/action/MyAction.idl
-- Up-to-date: /home/youngmo/ros2_ws/install/ros_study_msgs/share/ros_study_msgs/action/ArithmeticChecker.idl
-- Up-to-date: /home/youngmo/ros2_ws/install/ros_study_msgs/share/ros_study_msgs/msg/MyMsg.msg
-- Up-to-date: /home/youngmo/ros2_ws/install/ros_study_msgs/share/ros_study_msgs/msg/ArithmeticArgument.msg
-- Up-to-date: /home/youngmo/ros2_ws/install/ros_study_msgs/share/ros_study_msgs/srv/MySrv.srv
-- Up-to-date: /home/youngmo/ros2_ws/install/ros_study_msgs/share/ros_study_msgs/srv/MySrv_Request.msg
-- Up-to-date: /home/youngmo/ros2_ws/install/ros_study_msgs/share/ros_study_msgs/srv/MySrv_Response.msg
-- Up-to-date: /home/youngmo/ros2_ws/install/ros_study_msgs/share/ros_study_msgs/srv/ArithmeticOperator.srv
-- Up-to-date: /home/youngmo/ros2_ws/install/ros_study_msgs/share/ros_study_msgs/srv/ArithmeticOperator_Request.msg
-- Up-to-date: /home/youngmo/ros2_ws/install/ros_study_msgs/share/ros_study_msgs/srv/ArithmeticOperator_Response.msg
-- Up-to-date: /home/youngmo/ros2_ws/install/ros_study_msgs/share/ros_study_msgs/action/MyAction.action
-- Up-to-date: /home/youngmo/ros2_ws/install/ros_study_msgs/share/ros_study_msgs/action/ArithmeticChecker.action
-- Up-to-date: /home/youngmo/ros2_ws/install/ros_study_msgs/share/ament_index/resource_index/package_run_dependencies/ros_study_msgs
-- Up-to-date: /home/youngmo/ros2_ws/install/ros_study_msgs/share/ament_index/resource_index/parent_prefix_path/ros_study_msgs
-- Up-to-date: /home/youngmo/ros2_ws/install/ros_study_msgs/share/ros_study_msgs/environment/ament_prefix_path.sh
-- Up-to-date: /home/youngmo/ros2_ws/install/ros_study_msgs/share/ros_study_msgs/environment/ament_prefix_path.dsv
-- Up-to-date: /home/youngmo/ros2_ws/install/ros_study_msgs/share/ros_study_msgs/environment/path.sh
-- Up-to-date: /home/youngmo/ros2_ws/install/ros_study_msgs/share/ros_study_msgs/environment/path.dsv
-- Up-to-date: /home/youngmo/ros2_ws/install/ros_study_msgs/share/ros_study_msgs/local_setup.bash
-- Up-to-date: /home/youngmo/ros2_ws/install/ros_study_msgs/share/ros_study_msgs/local_setup.sh
-- Up-to-date: /home/youngmo/ros2_ws/install/ros_study_msgs/share/ros_study_msgs/local_setup.zsh
-- Up-to-date: /home/youngmo/ros2_ws/install/ros_study_msgs/share/ros_study_msgs/local_setup.dsv
-- Installing: /home/youngmo/ros2_ws/install/ros_study_msgs/share/ros_study_msgs/package.dsv
-- Up-to-date: /home/youngmo/ros2_ws/install/ros_study_msgs/share/ament_index/resource_index/packages/ros_study_msgs
-- Up-to-date: /home/youngmo/ros2_ws/install/ros_study_msgs/share/ros_study_msgs/cmake/export_ros_study_msgs__rosidl_generator_cExport.cmake
-- Up-to-date: /home/youngmo/ros2_ws/install/ros_study_msgs/share/ros_study_msgs/cmake/export_ros_study_msgs__rosidl_generator_cExport-noconfig.cmake
-- Up-to-date: /home/youngmo/ros2_ws/install/ros_study_msgs/share/ros_study_msgs/cmake/export_ros_study_msgs__rosidl_typesupport_fastrtps_cExport.cmake
-- Up-to-date: /home/youngmo/ros2_ws/install/ros_study_msgs/share/ros_study_msgs/cmake/export_ros_study_msgs__rosidl_typesupport_fastrtps_cExport-noconfig.cmake
-- Up-to-date: /home/youngmo/ros2_ws/install/ros_study_msgs/share/ros_study_msgs/cmake/export_ros_study_msgs__rosidl_generator_cppExport.cmake
-- Up-to-date: /home/youngmo/ros2_ws/install/ros_study_msgs/share/ros_study_msgs/cmake/export_ros_study_msgs__rosidl_typesupport_fastrtps_cppExport.cmake
-- Up-to-date: /home/youngmo/ros2_ws/install/ros_study_msgs/share/ros_study_msgs/cmake/export_ros_study_msgs__rosidl_typesupport_fastrtps_cppExport-noconfig.cmake
-- Up-to-date: /home/youngmo/ros2_ws/install/ros_study_msgs/share/ros_study_msgs/cmake/ros_study_msgs__rosidl_typesupport_introspection_cExport.cmake
-- Up-to-date: /home/youngmo/ros2_ws/install/ros_study_msgs/share/ros_study_msgs/cmake/ros_study_msgs__rosidl_typesupport_introspection_cExport-noconfig.cmake
-- Up-to-date: /home/youngmo/ros2_ws/install/ros_study_msgs/share/ros_study_msgs/cmake/ros_study_msgs__rosidl_typesupport_cExport.cmake
-- Up-to-date: /home/youngmo/ros2_ws/install/ros_study_msgs/share/ros_study_msgs/cmake/ros_study_msgs__rosidl_typesupport_cExport-noconfig.cmake
-- Up-to-date: /home/youngmo/ros2_ws/install/ros_study_msgs/share/ros_study_msgs/cmake/ros_study_msgs__rosidl_typesupport_introspection_cppExport.cmake
-- Up-to-date: /home/youngmo/ros2_ws/install/ros_study_msgs/share/ros_study_msgs/cmake/ros_study_msgs__rosidl_typesupport_introspection_cppExport-noconfig.cmake
-- Up-to-date: /home/youngmo/ros2_ws/install/ros_study_msgs/share/ros_study_msgs/cmake/ros_study_msgs__rosidl_typesupport_cppExport.cmake
-- Up-to-date: /home/youngmo/ros2_ws/install/ros_study_msgs/share/ros_study_msgs/cmake/ros_study_msgs__rosidl_typesupport_cppExport-noconfig.cmake
-- Up-to-date: /home/youngmo/ros2_ws/install/ros_study_msgs/share/ros_study_msgs/cmake/export_ros_study_msgs__rosidl_generator_pyExport.cmake
-- Up-to-date: /home/youngmo/ros2_ws/install/ros_study_msgs/share/ros_study_msgs/cmake/export_ros_study_msgs__rosidl_generator_pyExport-noconfig.cmake
-- Up-to-date: /home/youngmo/ros2_ws/install/ros_study_msgs/share/ros_study_msgs/cmake/rosidl_cmake-extras.cmake
-- Up-to-date: /home/youngmo/ros2_ws/install/ros_study_msgs/share/ros_study_msgs/cmake/ament_cmake_export_dependencies-extras.cmake
-- Up-to-date: /home/youngmo/ros2_ws/install/ros_study_msgs/share/ros_study_msgs/cmake/ament_cmake_export_include_directories-extras.cmake
-- Up-to-date: /home/youngmo/ros2_ws/install/ros_study_msgs/share/ros_study_msgs/cmake/ament_cmake_export_libraries-extras.cmake
-- Up-to-date: /home/youngmo/ros2_ws/install/ros_study_msgs/share/ros_study_msgs/cmake/ament_cmake_export_targets-extras.cmake
-- Up-to-date: /home/youngmo/ros2_ws/install/ros_study_msgs/share/ros_study_msgs/cmake/rosidl_cmake_export_typesupport_targets-extras.cmake
-- Up-to-date: /home/youngmo/ros2_ws/install/ros_study_msgs/share/ros_study_msgs/cmake/rosidl_cmake_export_typesupport_libraries-extras.cmake
-- Up-to-date: /home/youngmo/ros2_ws/install/ros_study_msgs/share/ros_study_msgs/cmake/ros_study_msgsConfig.cmake
-- Up-to-date: /home/youngmo/ros2_ws/install/ros_study_msgs/share/ros_study_msgs/cmake/ros_study_msgsConfig-version.cmake
-- Up-to-date: /home/youngmo/ros2_ws/install/ros_study_msgs/share/ros_study_msgs/package.xml
