[0.349s] Invoking command in '/home/youngmo/ros2_ws/src/opencv_py': PYTHONPATH=/home/youngmo/ros2_ws/build/opencv_py/prefix_override:/usr/lib/python3/dist-packages/colcon_core/task/python/colcon_distutils_commands:/home/youngmo/ros2_ws/install/opencv_py/lib/python3.10/site-packages:${PYTHONPATH} /usr/bin/python3 -W ignore:setup.py install is deprecated -W ignore:easy_install command is deprecated setup.py egg_info --egg-base ../../build/opencv_py build --build-base /home/youngmo/ros2_ws/build/opencv_py/build install --record /home/youngmo/ros2_ws/build/opencv_py/install.log --single-version-externally-managed install_data
[0.473s] running egg_info
[0.473s] writing ../../build/opencv_py/opencv_py.egg-info/PKG-INFO
[0.473s] writing dependency_links to ../../build/opencv_py/opencv_py.egg-info/dependency_links.txt
[0.473s] writing entry points to ../../build/opencv_py/opencv_py.egg-info/entry_points.txt
[0.473s] writing requirements to ../../build/opencv_py/opencv_py.egg-info/requires.txt
[0.473s] writing top-level names to ../../build/opencv_py/opencv_py.egg-info/top_level.txt
[0.473s] reading manifest file '../../build/opencv_py/opencv_py.egg-info/SOURCES.txt'
[0.474s] writing manifest file '../../build/opencv_py/opencv_py.egg-info/SOURCES.txt'
[0.474s] running build
[0.474s] running build_py
[0.474s] copying source/molu.py -> /home/youngmo/ros2_ws/build/opencv_py/build/lib/source
[0.474s] running install
[0.475s] running install_lib
[0.475s] copying /home/youngmo/ros2_ws/build/opencv_py/build/lib/source/molu.py -> /home/youngmo/ros2_ws/install/opencv_py/lib/python3.10/site-packages/source
[0.475s] byte-compiling /home/youngmo/ros2_ws/install/opencv_py/lib/python3.10/site-packages/source/molu.py to molu.cpython-310.pyc
[0.476s] running install_data
[0.476s] running install_egg_info
[0.477s] removing '/home/youngmo/ros2_ws/install/opencv_py/lib/python3.10/site-packages/opencv_py-0.0.0-py3.10.egg-info' (and everything under it)
[0.479s] Copying ../../build/opencv_py/opencv_py.egg-info to /home/youngmo/ros2_ws/install/opencv_py/lib/python3.10/site-packages/opencv_py-0.0.0-py3.10.egg-info
[0.479s] running install_scripts
[0.490s] Installing grayscale script to /home/youngmo/ros2_ws/install/opencv_py/lib/opencv_py
[0.490s] Installing hough_transform script to /home/youngmo/ros2_ws/install/opencv_py/lib/opencv_py
[0.490s] Installing image_publisher script to /home/youngmo/ros2_ws/install/opencv_py/lib/opencv_py
[0.490s] Installing imageconverter script to /home/youngmo/ros2_ws/install/opencv_py/lib/opencv_py
[0.490s] Installing molu script to /home/youngmo/ros2_ws/install/opencv_py/lib/opencv_py
[0.490s] Installing moluya script to /home/youngmo/ros2_ws/install/opencv_py/lib/opencv_py
[0.491s] Installing personmosaic script to /home/youngmo/ros2_ws/install/opencv_py/lib/opencv_py
[0.491s] Installing saveimg script to /home/youngmo/ros2_ws/install/opencv_py/lib/opencv_py
[0.491s] Installing yolo8 script to /home/youngmo/ros2_ws/install/opencv_py/lib/opencv_py
[0.494s] writing list of installed files to '/home/youngmo/ros2_ws/build/opencv_py/install.log'
[0.788s] Invoked command in '/home/youngmo/ros2_ws/src/opencv_py' returned '0': PYTHONPATH=/home/youngmo/ros2_ws/build/opencv_py/prefix_override:/usr/lib/python3/dist-packages/colcon_core/task/python/colcon_distutils_commands:/home/youngmo/ros2_ws/install/opencv_py/lib/python3.10/site-packages:${PYTHONPATH} /usr/bin/python3 -W ignore:setup.py install is deprecated -W ignore:easy_install command is deprecated setup.py egg_info --egg-base ../../build/opencv_py build --build-base /home/youngmo/ros2_ws/build/opencv_py/build install --record /home/youngmo/ros2_ws/build/opencv_py/install.log --single-version-externally-managed install_data
