[0.074s] DEBUG:colcon:Command line arguments: ['/usr/bin/colcon', 'build']
[0.074s] DEBUG:colcon:Parsed command line arguments: Namespace(log_base=None, log_level=None, verb_name='build', build_base='build', install_base='install', merge_install=False, symlink_install=False, test_result_base=None, continue_on_error=False, executor='parallel', parallel_workers=16, event_handlers=None, ignore_user_meta=False, metas=['./colcon.meta'], base_paths=['.'], packages_ignore=None, packages_ignore_regex=None, paths=None, packages_up_to=None, packages_up_to_regex=None, packages_above=None, packages_above_and_dependencies=None, packages_above_depth=None, packages_select_by_dep=None, packages_skip_by_dep=None, packages_skip_up_to=None, packages_select_build_failed=False, packages_skip_build_finished=False, packages_select_test_failures=False, packages_skip_test_passed=False, packages_select=None, packages_skip=None, packages_select_regex=None, packages_skip_regex=None, packages_start=None, packages_end=None, allow_overriding=[], cmake_args=None, cmake_target=None, cmake_target_skip_unavailable=False, cmake_clean_cache=False, cmake_clean_first=False, cmake_force_configure=False, ament_cmake_args=None, catkin_cmake_args=None, catkin_skip_building_tests=False, verb_parser=<colcon_defaults.argument_parser.defaults.DefaultArgumentsDecorator object at 0x7dc10d010910>, verb_extension=<colcon_core.verb.build.BuildVerb object at 0x7dc10d1ce0b0>, main=<bound method BuildVerb.main of <colcon_core.verb.build.BuildVerb object at 0x7dc10d1ce0b0>>)
[0.137s] Level 1:colcon.colcon_core.package_discovery:discover_packages(colcon_meta) check parameters
[0.137s] Level 1:colcon.colcon_core.package_discovery:discover_packages(recursive) check parameters
[0.137s] Level 1:colcon.colcon_core.package_discovery:discover_packages(ignore) check parameters
[0.137s] Level 1:colcon.colcon_core.package_discovery:discover_packages(path) check parameters
[0.137s] Level 1:colcon.colcon_core.package_discovery:discover_packages(colcon_meta) discover
[0.137s] Level 1:colcon.colcon_core.package_discovery:discover_packages(recursive) discover
[0.137s] INFO:colcon.colcon_core.package_discovery:Crawling recursively for packages in '/home/youngmo/ros2_ws'
[0.137s] Level 1:colcon.colcon_core.package_identification:_identify(.) by extensions ['ignore', 'ignore_ament_install']
[0.137s] Level 1:colcon.colcon_core.package_identification:_identify(.) by extension 'ignore'
[0.137s] Level 1:colcon.colcon_core.package_identification:_identify(.) by extension 'ignore_ament_install'
[0.137s] Level 1:colcon.colcon_core.package_identification:_identify(.) by extensions ['colcon_pkg']
[0.137s] Level 1:colcon.colcon_core.package_identification:_identify(.) by extension 'colcon_pkg'
[0.138s] Level 1:colcon.colcon_core.package_identification:_identify(.) by extensions ['colcon_meta']
[0.138s] Level 1:colcon.colcon_core.package_identification:_identify(.) by extension 'colcon_meta'
[0.138s] Level 1:colcon.colcon_core.package_identification:_identify(.) by extensions ['ros']
[0.138s] Level 1:colcon.colcon_core.package_identification:_identify(.) by extension 'ros'
[0.143s] Level 1:colcon.colcon_core.package_identification:_identify(.) by extensions ['cmake', 'python']
[0.143s] Level 1:colcon.colcon_core.package_identification:_identify(.) by extension 'cmake'
[0.143s] Level 1:colcon.colcon_core.package_identification:_identify(.) by extension 'python'
[0.143s] Level 1:colcon.colcon_core.package_identification:_identify(.) by extensions ['python_setup_py']
[0.143s] Level 1:colcon.colcon_core.package_identification:_identify(.) by extension 'python_setup_py'
[0.143s] Level 1:colcon.colcon_core.package_identification:_identify(build) by extensions ['ignore', 'ignore_ament_install']
[0.143s] Level 1:colcon.colcon_core.package_identification:_identify(build) by extension 'ignore'
[0.143s] Level 1:colcon.colcon_core.package_identification:_identify(build) ignored
[0.143s] Level 1:colcon.colcon_core.package_identification:_identify(install) by extensions ['ignore', 'ignore_ament_install']
[0.143s] Level 1:colcon.colcon_core.package_identification:_identify(install) by extension 'ignore'
[0.143s] Level 1:colcon.colcon_core.package_identification:_identify(install) ignored
[0.143s] Level 1:colcon.colcon_core.package_identification:_identify(log) by extensions ['ignore', 'ignore_ament_install']
[0.143s] Level 1:colcon.colcon_core.package_identification:_identify(log) by extension 'ignore'
[0.143s] Level 1:colcon.colcon_core.package_identification:_identify(log) ignored
[0.143s] Level 1:colcon.colcon_core.package_identification:_identify(src) by extensions ['ignore', 'ignore_ament_install']
[0.143s] Level 1:colcon.colcon_core.package_identification:_identify(src) by extension 'ignore'
[0.143s] Level 1:colcon.colcon_core.package_identification:_identify(src) by extension 'ignore_ament_install'
[0.143s] Level 1:colcon.colcon_core.package_identification:_identify(src) by extensions ['colcon_pkg']
[0.143s] Level 1:colcon.colcon_core.package_identification:_identify(src) by extension 'colcon_pkg'
[0.143s] Level 1:colcon.colcon_core.package_identification:_identify(src) by extensions ['colcon_meta']
[0.143s] Level 1:colcon.colcon_core.package_identification:_identify(src) by extension 'colcon_meta'
[0.143s] Level 1:colcon.colcon_core.package_identification:_identify(src) by extensions ['ros']
[0.143s] Level 1:colcon.colcon_core.package_identification:_identify(src) by extension 'ros'
[0.144s] Level 1:colcon.colcon_core.package_identification:_identify(src) by extensions ['cmake', 'python']
[0.144s] Level 1:colcon.colcon_core.package_identification:_identify(src) by extension 'cmake'
[0.144s] Level 1:colcon.colcon_core.package_identification:_identify(src) by extension 'python'
[0.144s] Level 1:colcon.colcon_core.package_identification:_identify(src) by extensions ['python_setup_py']
[0.144s] Level 1:colcon.colcon_core.package_identification:_identify(src) by extension 'python_setup_py'
[0.144s] Level 1:colcon.colcon_core.package_identification:_identify(src/cpp_excalculator) by extensions ['ignore', 'ignore_ament_install']
[0.144s] Level 1:colcon.colcon_core.package_identification:_identify(src/cpp_excalculator) by extension 'ignore'
[0.144s] Level 1:colcon.colcon_core.package_identification:_identify(src/cpp_excalculator) by extension 'ignore_ament_install'
[0.144s] Level 1:colcon.colcon_core.package_identification:_identify(src/cpp_excalculator) by extensions ['colcon_pkg']
[0.144s] Level 1:colcon.colcon_core.package_identification:_identify(src/cpp_excalculator) by extension 'colcon_pkg'
[0.144s] Level 1:colcon.colcon_core.package_identification:_identify(src/cpp_excalculator) by extensions ['colcon_meta']
[0.144s] Level 1:colcon.colcon_core.package_identification:_identify(src/cpp_excalculator) by extension 'colcon_meta'
[0.144s] Level 1:colcon.colcon_core.package_identification:_identify(src/cpp_excalculator) by extensions ['ros']
[0.144s] Level 1:colcon.colcon_core.package_identification:_identify(src/cpp_excalculator) by extension 'ros'
[0.145s] DEBUG:colcon.colcon_core.package_identification:Package 'src/cpp_excalculator' with type 'ros.ament_cmake' and name 'cpp_excalculator'
[0.145s] Level 1:colcon.colcon_core.package_identification:_identify(src/ex_calculator_py) by extensions ['ignore', 'ignore_ament_install']
[0.150s] Level 1:colcon.colcon_core.package_identification:_identify(src/ex_calculator_py) by extension 'ignore'
[0.150s] Level 1:colcon.colcon_core.package_identification:_identify(src/ex_calculator_py) by extension 'ignore_ament_install'
[0.150s] Level 1:colcon.colcon_core.package_identification:_identify(src/ex_calculator_py) by extensions ['colcon_pkg']
[0.150s] Level 1:colcon.colcon_core.package_identification:_identify(src/ex_calculator_py) by extension 'colcon_pkg'
[0.150s] Level 1:colcon.colcon_core.package_identification:_identify(src/ex_calculator_py) by extensions ['colcon_meta']
[0.150s] Level 1:colcon.colcon_core.package_identification:_identify(src/ex_calculator_py) by extension 'colcon_meta'
[0.150s] Level 1:colcon.colcon_core.package_identification:_identify(src/ex_calculator_py) by extensions ['ros']
[0.150s] Level 1:colcon.colcon_core.package_identification:_identify(src/ex_calculator_py) by extension 'ros'
[0.150s] DEBUG:colcon.colcon_core.package_identification:Package 'src/ex_calculator_py' with type 'ros.ament_python' and name 'ex_calculator_py'
[0.150s] Level 1:colcon.colcon_core.package_identification:_identify(src/hangman_game) by extensions ['ignore', 'ignore_ament_install']
[0.150s] Level 1:colcon.colcon_core.package_identification:_identify(src/hangman_game) by extension 'ignore'
[0.150s] Level 1:colcon.colcon_core.package_identification:_identify(src/hangman_game) by extension 'ignore_ament_install'
[0.150s] Level 1:colcon.colcon_core.package_identification:_identify(src/hangman_game) by extensions ['colcon_pkg']
[0.150s] Level 1:colcon.colcon_core.package_identification:_identify(src/hangman_game) by extension 'colcon_pkg'
[0.150s] Level 1:colcon.colcon_core.package_identification:_identify(src/hangman_game) by extensions ['colcon_meta']
[0.150s] Level 1:colcon.colcon_core.package_identification:_identify(src/hangman_game) by extension 'colcon_meta'
[0.151s] Level 1:colcon.colcon_core.package_identification:_identify(src/hangman_game) by extensions ['ros']
[0.151s] Level 1:colcon.colcon_core.package_identification:_identify(src/hangman_game) by extension 'ros'
[0.151s] DEBUG:colcon.colcon_core.package_identification:Package 'src/hangman_game' with type 'ros.ament_python' and name 'hangman_game'
[0.151s] Level 1:colcon.colcon_core.package_identification:_identify(src/hangman_interfaces) by extensions ['ignore', 'ignore_ament_install']
[0.151s] Level 1:colcon.colcon_core.package_identification:_identify(src/hangman_interfaces) by extension 'ignore'
[0.151s] Level 1:colcon.colcon_core.package_identification:_identify(src/hangman_interfaces) by extension 'ignore_ament_install'
[0.151s] Level 1:colcon.colcon_core.package_identification:_identify(src/hangman_interfaces) by extensions ['colcon_pkg']
[0.151s] Level 1:colcon.colcon_core.package_identification:_identify(src/hangman_interfaces) by extension 'colcon_pkg'
[0.151s] Level 1:colcon.colcon_core.package_identification:_identify(src/hangman_interfaces) by extensions ['colcon_meta']
[0.151s] Level 1:colcon.colcon_core.package_identification:_identify(src/hangman_interfaces) by extension 'colcon_meta'
[0.151s] Level 1:colcon.colcon_core.package_identification:_identify(src/hangman_interfaces) by extensions ['ros']
[0.151s] Level 1:colcon.colcon_core.package_identification:_identify(src/hangman_interfaces) by extension 'ros'
[0.151s] DEBUG:colcon.colcon_core.package_identification:Package 'src/hangman_interfaces' with type 'ros.ament_cmake' and name 'hangman_interfaces'
[0.151s] Level 1:colcon.colcon_core.package_identification:_identify(src/ros_study_cpp) by extensions ['ignore', 'ignore_ament_install']
[0.151s] Level 1:colcon.colcon_core.package_identification:_identify(src/ros_study_cpp) by extension 'ignore'
[0.151s] Level 1:colcon.colcon_core.package_identification:_identify(src/ros_study_cpp) by extension 'ignore_ament_install'
[0.151s] Level 1:colcon.colcon_core.package_identification:_identify(src/ros_study_cpp) by extensions ['colcon_pkg']
[0.151s] Level 1:colcon.colcon_core.package_identification:_identify(src/ros_study_cpp) by extension 'colcon_pkg'
[0.151s] Level 1:colcon.colcon_core.package_identification:_identify(src/ros_study_cpp) by extensions ['colcon_meta']
[0.151s] Level 1:colcon.colcon_core.package_identification:_identify(src/ros_study_cpp) by extension 'colcon_meta'
[0.151s] Level 1:colcon.colcon_core.package_identification:_identify(src/ros_study_cpp) by extensions ['ros']
[0.151s] Level 1:colcon.colcon_core.package_identification:_identify(src/ros_study_cpp) by extension 'ros'
[0.152s] DEBUG:colcon.colcon_core.package_identification:Package 'src/ros_study_cpp' with type 'ros.ament_cmake' and name 'ros_study_cpp'
[0.152s] Level 1:colcon.colcon_core.package_identification:_identify(src/ros_study_msgs) by extensions ['ignore', 'ignore_ament_install']
[0.152s] Level 1:colcon.colcon_core.package_identification:_identify(src/ros_study_msgs) by extension 'ignore'
[0.152s] Level 1:colcon.colcon_core.package_identification:_identify(src/ros_study_msgs) by extension 'ignore_ament_install'
[0.152s] Level 1:colcon.colcon_core.package_identification:_identify(src/ros_study_msgs) by extensions ['colcon_pkg']
[0.152s] Level 1:colcon.colcon_core.package_identification:_identify(src/ros_study_msgs) by extension 'colcon_pkg'
[0.152s] Level 1:colcon.colcon_core.package_identification:_identify(src/ros_study_msgs) by extensions ['colcon_meta']
[0.152s] Level 1:colcon.colcon_core.package_identification:_identify(src/ros_study_msgs) by extension 'colcon_meta'
[0.152s] Level 1:colcon.colcon_core.package_identification:_identify(src/ros_study_msgs) by extensions ['ros']
[0.152s] Level 1:colcon.colcon_core.package_identification:_identify(src/ros_study_msgs) by extension 'ros'
[0.152s] DEBUG:colcon.colcon_core.package_identification:Package 'src/ros_study_msgs' with type 'ros.ament_cmake' and name 'ros_study_msgs'
[0.152s] Level 1:colcon.colcon_core.package_identification:_identify(src/ros_study_py) by extensions ['ignore', 'ignore_ament_install']
[0.152s] Level 1:colcon.colcon_core.package_identification:_identify(src/ros_study_py) by extension 'ignore'
[0.152s] Level 1:colcon.colcon_core.package_identification:_identify(src/ros_study_py) by extension 'ignore_ament_install'
[0.152s] Level 1:colcon.colcon_core.package_identification:_identify(src/ros_study_py) by extensions ['colcon_pkg']
[0.152s] Level 1:colcon.colcon_core.package_identification:_identify(src/ros_study_py) by extension 'colcon_pkg'
[0.152s] Level 1:colcon.colcon_core.package_identification:_identify(src/ros_study_py) by extensions ['colcon_meta']
[0.152s] Level 1:colcon.colcon_core.package_identification:_identify(src/ros_study_py) by extension 'colcon_meta'
[0.152s] Level 1:colcon.colcon_core.package_identification:_identify(src/ros_study_py) by extensions ['ros']
[0.152s] Level 1:colcon.colcon_core.package_identification:_identify(src/ros_study_py) by extension 'ros'
[0.153s] DEBUG:colcon.colcon_core.package_identification:Package 'src/ros_study_py' with type 'ros.ament_python' and name 'ros_study_py'
[0.153s] Level 1:colcon.colcon_core.package_discovery:discover_packages(recursive) using defaults
[0.153s] Level 1:colcon.colcon_core.package_discovery:discover_packages(ignore) discover
[0.153s] Level 1:colcon.colcon_core.package_discovery:discover_packages(ignore) using defaults
[0.153s] Level 1:colcon.colcon_core.package_discovery:discover_packages(path) discover
[0.153s] Level 1:colcon.colcon_core.package_discovery:discover_packages(path) using defaults
[0.163s] Level 1:colcon.colcon_core.package_discovery:discover_packages(prefix_path) check parameters
[0.163s] Level 1:colcon.colcon_core.package_discovery:discover_packages(prefix_path) discover
[0.164s] DEBUG:colcon.colcon_installed_package_information.package_discovery:Found 7 installed packages in /home/youngmo/ros2_ws/install
[0.164s] DEBUG:colcon.colcon_installed_package_information.package_discovery:Found 271 installed packages in /opt/ros/humble
[0.165s] Level 1:colcon.colcon_core.package_discovery:discover_packages(prefix_path) using defaults
[0.179s] Level 5:colcon.colcon_core.verb:set package 'hangman_interfaces' build argument 'cmake_args' from command line to 'None'
[0.179s] Level 5:colcon.colcon_core.verb:set package 'hangman_interfaces' build argument 'cmake_target' from command line to 'None'
[0.179s] Level 5:colcon.colcon_core.verb:set package 'hangman_interfaces' build argument 'cmake_target_skip_unavailable' from command line to 'False'
[0.179s] Level 5:colcon.colcon_core.verb:set package 'hangman_interfaces' build argument 'cmake_clean_cache' from command line to 'False'
[0.179s] Level 5:colcon.colcon_core.verb:set package 'hangman_interfaces' build argument 'cmake_clean_first' from command line to 'False'
[0.179s] Level 5:colcon.colcon_core.verb:set package 'hangman_interfaces' build argument 'cmake_force_configure' from command line to 'False'
[0.179s] Level 5:colcon.colcon_core.verb:set package 'hangman_interfaces' build argument 'ament_cmake_args' from command line to 'None'
[0.179s] Level 5:colcon.colcon_core.verb:set package 'hangman_interfaces' build argument 'catkin_cmake_args' from command line to 'None'
[0.179s] Level 5:colcon.colcon_core.verb:set package 'hangman_interfaces' build argument 'catkin_skip_building_tests' from command line to 'False'
[0.179s] DEBUG:colcon.colcon_core.verb:Building package 'hangman_interfaces' with the following arguments: {'ament_cmake_args': None, 'build_base': '/home/youngmo/ros2_ws/build/hangman_interfaces', 'catkin_cmake_args': None, 'catkin_skip_building_tests': False, 'cmake_args': None, 'cmake_clean_cache': False, 'cmake_clean_first': False, 'cmake_force_configure': False, 'cmake_target': None, 'cmake_target_skip_unavailable': False, 'install_base': '/home/youngmo/ros2_ws/install/hangman_interfaces', 'merge_install': False, 'path': '/home/youngmo/ros2_ws/src/hangman_interfaces', 'symlink_install': False, 'test_result_base': None}
[0.179s] Level 5:colcon.colcon_core.verb:set package 'ros_study_msgs' build argument 'cmake_args' from command line to 'None'
[0.179s] Level 5:colcon.colcon_core.verb:set package 'ros_study_msgs' build argument 'cmake_target' from command line to 'None'
[0.179s] Level 5:colcon.colcon_core.verb:set package 'ros_study_msgs' build argument 'cmake_target_skip_unavailable' from command line to 'False'
[0.179s] Level 5:colcon.colcon_core.verb:set package 'ros_study_msgs' build argument 'cmake_clean_cache' from command line to 'False'
[0.179s] Level 5:colcon.colcon_core.verb:set package 'ros_study_msgs' build argument 'cmake_clean_first' from command line to 'False'
[0.179s] Level 5:colcon.colcon_core.verb:set package 'ros_study_msgs' build argument 'cmake_force_configure' from command line to 'False'
[0.179s] Level 5:colcon.colcon_core.verb:set package 'ros_study_msgs' build argument 'ament_cmake_args' from command line to 'None'
[0.179s] Level 5:colcon.colcon_core.verb:set package 'ros_study_msgs' build argument 'catkin_cmake_args' from command line to 'None'
[0.179s] Level 5:colcon.colcon_core.verb:set package 'ros_study_msgs' build argument 'catkin_skip_building_tests' from command line to 'False'
[0.179s] DEBUG:colcon.colcon_core.verb:Building package 'ros_study_msgs' with the following arguments: {'ament_cmake_args': None, 'build_base': '/home/youngmo/ros2_ws/build/ros_study_msgs', 'catkin_cmake_args': None, 'catkin_skip_building_tests': False, 'cmake_args': None, 'cmake_clean_cache': False, 'cmake_clean_first': False, 'cmake_force_configure': False, 'cmake_target': None, 'cmake_target_skip_unavailable': False, 'install_base': '/home/youngmo/ros2_ws/install/ros_study_msgs', 'merge_install': False, 'path': '/home/youngmo/ros2_ws/src/ros_study_msgs', 'symlink_install': False, 'test_result_base': None}
[0.179s] Level 5:colcon.colcon_core.verb:set package 'cpp_excalculator' build argument 'cmake_args' from command line to 'None'
[0.179s] Level 5:colcon.colcon_core.verb:set package 'cpp_excalculator' build argument 'cmake_target' from command line to 'None'
[0.179s] Level 5:colcon.colcon_core.verb:set package 'cpp_excalculator' build argument 'cmake_target_skip_unavailable' from command line to 'False'
[0.179s] Level 5:colcon.colcon_core.verb:set package 'cpp_excalculator' build argument 'cmake_clean_cache' from command line to 'False'
[0.179s] Level 5:colcon.colcon_core.verb:set package 'cpp_excalculator' build argument 'cmake_clean_first' from command line to 'False'
[0.179s] Level 5:colcon.colcon_core.verb:set package 'cpp_excalculator' build argument 'cmake_force_configure' from command line to 'False'
[0.179s] Level 5:colcon.colcon_core.verb:set package 'cpp_excalculator' build argument 'ament_cmake_args' from command line to 'None'
[0.179s] Level 5:colcon.colcon_core.verb:set package 'cpp_excalculator' build argument 'catkin_cmake_args' from command line to 'None'
[0.179s] Level 5:colcon.colcon_core.verb:set package 'cpp_excalculator' build argument 'catkin_skip_building_tests' from command line to 'False'
[0.179s] DEBUG:colcon.colcon_core.verb:Building package 'cpp_excalculator' with the following arguments: {'ament_cmake_args': None, 'build_base': '/home/youngmo/ros2_ws/build/cpp_excalculator', 'catkin_cmake_args': None, 'catkin_skip_building_tests': False, 'cmake_args': None, 'cmake_clean_cache': False, 'cmake_clean_first': False, 'cmake_force_configure': False, 'cmake_target': None, 'cmake_target_skip_unavailable': False, 'install_base': '/home/youngmo/ros2_ws/install/cpp_excalculator', 'merge_install': False, 'path': '/home/youngmo/ros2_ws/src/cpp_excalculator', 'symlink_install': False, 'test_result_base': None}
[0.180s] Level 5:colcon.colcon_core.verb:set package 'ex_calculator_py' build argument 'cmake_args' from command line to 'None'
[0.180s] Level 5:colcon.colcon_core.verb:set package 'ex_calculator_py' build argument 'cmake_target' from command line to 'None'
[0.180s] Level 5:colcon.colcon_core.verb:set package 'ex_calculator_py' build argument 'cmake_target_skip_unavailable' from command line to 'False'
[0.180s] Level 5:colcon.colcon_core.verb:set package 'ex_calculator_py' build argument 'cmake_clean_cache' from command line to 'False'
[0.180s] Level 5:colcon.colcon_core.verb:set package 'ex_calculator_py' build argument 'cmake_clean_first' from command line to 'False'
[0.180s] Level 5:colcon.colcon_core.verb:set package 'ex_calculator_py' build argument 'cmake_force_configure' from command line to 'False'
[0.180s] Level 5:colcon.colcon_core.verb:set package 'ex_calculator_py' build argument 'ament_cmake_args' from command line to 'None'
[0.180s] Level 5:colcon.colcon_core.verb:set package 'ex_calculator_py' build argument 'catkin_cmake_args' from command line to 'None'
[0.180s] Level 5:colcon.colcon_core.verb:set package 'ex_calculator_py' build argument 'catkin_skip_building_tests' from command line to 'False'
[0.180s] DEBUG:colcon.colcon_core.verb:Building package 'ex_calculator_py' with the following arguments: {'ament_cmake_args': None, 'build_base': '/home/youngmo/ros2_ws/build/ex_calculator_py', 'catkin_cmake_args': None, 'catkin_skip_building_tests': False, 'cmake_args': None, 'cmake_clean_cache': False, 'cmake_clean_first': False, 'cmake_force_configure': False, 'cmake_target': None, 'cmake_target_skip_unavailable': False, 'install_base': '/home/youngmo/ros2_ws/install/ex_calculator_py', 'merge_install': False, 'path': '/home/youngmo/ros2_ws/src/ex_calculator_py', 'symlink_install': False, 'test_result_base': None}
[0.180s] Level 5:colcon.colcon_core.verb:set package 'hangman_game' build argument 'cmake_args' from command line to 'None'
[0.180s] Level 5:colcon.colcon_core.verb:set package 'hangman_game' build argument 'cmake_target' from command line to 'None'
[0.180s] Level 5:colcon.colcon_core.verb:set package 'hangman_game' build argument 'cmake_target_skip_unavailable' from command line to 'False'
[0.180s] Level 5:colcon.colcon_core.verb:set package 'hangman_game' build argument 'cmake_clean_cache' from command line to 'False'
[0.180s] Level 5:colcon.colcon_core.verb:set package 'hangman_game' build argument 'cmake_clean_first' from command line to 'False'
[0.180s] Level 5:colcon.colcon_core.verb:set package 'hangman_game' build argument 'cmake_force_configure' from command line to 'False'
[0.180s] Level 5:colcon.colcon_core.verb:set package 'hangman_game' build argument 'ament_cmake_args' from command line to 'None'
[0.180s] Level 5:colcon.colcon_core.verb:set package 'hangman_game' build argument 'catkin_cmake_args' from command line to 'None'
[0.180s] Level 5:colcon.colcon_core.verb:set package 'hangman_game' build argument 'catkin_skip_building_tests' from command line to 'False'
[0.180s] DEBUG:colcon.colcon_core.verb:Building package 'hangman_game' with the following arguments: {'ament_cmake_args': None, 'build_base': '/home/youngmo/ros2_ws/build/hangman_game', 'catkin_cmake_args': None, 'catkin_skip_building_tests': False, 'cmake_args': None, 'cmake_clean_cache': False, 'cmake_clean_first': False, 'cmake_force_configure': False, 'cmake_target': None, 'cmake_target_skip_unavailable': False, 'install_base': '/home/youngmo/ros2_ws/install/hangman_game', 'merge_install': False, 'path': '/home/youngmo/ros2_ws/src/hangman_game', 'symlink_install': False, 'test_result_base': None}
[0.180s] Level 5:colcon.colcon_core.verb:set package 'ros_study_cpp' build argument 'cmake_args' from command line to 'None'
[0.180s] Level 5:colcon.colcon_core.verb:set package 'ros_study_cpp' build argument 'cmake_target' from command line to 'None'
[0.180s] Level 5:colcon.colcon_core.verb:set package 'ros_study_cpp' build argument 'cmake_target_skip_unavailable' from command line to 'False'
[0.180s] Level 5:colcon.colcon_core.verb:set package 'ros_study_cpp' build argument 'cmake_clean_cache' from command line to 'False'
[0.180s] Level 5:colcon.colcon_core.verb:set package 'ros_study_cpp' build argument 'cmake_clean_first' from command line to 'False'
[0.180s] Level 5:colcon.colcon_core.verb:set package 'ros_study_cpp' build argument 'cmake_force_configure' from command line to 'False'
[0.180s] Level 5:colcon.colcon_core.verb:set package 'ros_study_cpp' build argument 'ament_cmake_args' from command line to 'None'
[0.180s] Level 5:colcon.colcon_core.verb:set package 'ros_study_cpp' build argument 'catkin_cmake_args' from command line to 'None'
[0.180s] Level 5:colcon.colcon_core.verb:set package 'ros_study_cpp' build argument 'catkin_skip_building_tests' from command line to 'False'
[0.180s] DEBUG:colcon.colcon_core.verb:Building package 'ros_study_cpp' with the following arguments: {'ament_cmake_args': None, 'build_base': '/home/youngmo/ros2_ws/build/ros_study_cpp', 'catkin_cmake_args': None, 'catkin_skip_building_tests': False, 'cmake_args': None, 'cmake_clean_cache': False, 'cmake_clean_first': False, 'cmake_force_configure': False, 'cmake_target': None, 'cmake_target_skip_unavailable': False, 'install_base': '/home/youngmo/ros2_ws/install/ros_study_cpp', 'merge_install': False, 'path': '/home/youngmo/ros2_ws/src/ros_study_cpp', 'symlink_install': False, 'test_result_base': None}
[0.180s] Level 5:colcon.colcon_core.verb:set package 'ros_study_py' build argument 'cmake_args' from command line to 'None'
[0.180s] Level 5:colcon.colcon_core.verb:set package 'ros_study_py' build argument 'cmake_target' from command line to 'None'
[0.180s] Level 5:colcon.colcon_core.verb:set package 'ros_study_py' build argument 'cmake_target_skip_unavailable' from command line to 'False'
[0.180s] Level 5:colcon.colcon_core.verb:set package 'ros_study_py' build argument 'cmake_clean_cache' from command line to 'False'
[0.180s] Level 5:colcon.colcon_core.verb:set package 'ros_study_py' build argument 'cmake_clean_first' from command line to 'False'
[0.180s] Level 5:colcon.colcon_core.verb:set package 'ros_study_py' build argument 'cmake_force_configure' from command line to 'False'
[0.180s] Level 5:colcon.colcon_core.verb:set package 'ros_study_py' build argument 'ament_cmake_args' from command line to 'None'
[0.180s] Level 5:colcon.colcon_core.verb:set package 'ros_study_py' build argument 'catkin_cmake_args' from command line to 'None'
[0.180s] Level 5:colcon.colcon_core.verb:set package 'ros_study_py' build argument 'catkin_skip_building_tests' from command line to 'False'
[0.180s] DEBUG:colcon.colcon_core.verb:Building package 'ros_study_py' with the following arguments: {'ament_cmake_args': None, 'build_base': '/home/youngmo/ros2_ws/build/ros_study_py', 'catkin_cmake_args': None, 'catkin_skip_building_tests': False, 'cmake_args': None, 'cmake_clean_cache': False, 'cmake_clean_first': False, 'cmake_force_configure': False, 'cmake_target': None, 'cmake_target_skip_unavailable': False, 'install_base': '/home/youngmo/ros2_ws/install/ros_study_py', 'merge_install': False, 'path': '/home/youngmo/ros2_ws/src/ros_study_py', 'symlink_install': False, 'test_result_base': None}
[0.180s] INFO:colcon.colcon_core.executor:Executing jobs using 'parallel' executor
[0.181s] DEBUG:colcon.colcon_parallel_executor.executor.parallel:run_until_complete
[0.181s] INFO:colcon.colcon_ros.task.ament_cmake.build:Building ROS package in '/home/youngmo/ros2_ws/src/ros_study_msgs' with build type 'ament_cmake'
[0.181s] INFO:colcon.colcon_cmake.task.cmake.build:Building CMake package in '/home/youngmo/ros2_ws/src/ros_study_msgs'
[0.183s] INFO:colcon.colcon_core.plugin_system:Skipping extension 'colcon_core.shell.bat': Not used on non-Windows systems
[0.183s] INFO:colcon.colcon_core.shell:Skip shell extension 'powershell' for command environment: Not usable outside of PowerShell
[0.183s] DEBUG:colcon.colcon_core.shell:Skip shell extension 'dsv' for command environment
[0.184s] INFO:colcon.colcon_ros.task.ament_cmake.build:Building ROS package in '/home/youngmo/ros2_ws/src/hangman_interfaces' with build type 'ament_cmake'
[0.185s] INFO:colcon.colcon_cmake.task.cmake.build:Building CMake package in '/home/youngmo/ros2_ws/src/hangman_interfaces'
[0.185s] INFO:colcon.colcon_core.shell:Skip shell extension 'powershell' for command environment: Not usable outside of PowerShell
[0.185s] DEBUG:colcon.colcon_core.shell:Skip shell extension 'dsv' for command environment
[0.189s] DEBUG:colcon.colcon_core.event_handler.log_command:Invoking command in '/home/youngmo/ros2_ws/build/ros_study_msgs': CMAKE_PREFIX_PATH=${CMAKE_PREFIX_PATH}:/home/youngmo/ros2_ws/install/ros_study_py:/home/youngmo/ros2_ws/install/ex_calculator_py:/home/youngmo/ros2_ws/install/hangman_game:/opt/ros/humble /usr/bin/cmake --build /home/youngmo/ros2_ws/build/ros_study_msgs -- -j16 -l16
[0.191s] DEBUG:colcon.colcon_core.event_handler.log_command:Invoking command in '/home/youngmo/ros2_ws/build/hangman_interfaces': CMAKE_PREFIX_PATH=${CMAKE_PREFIX_PATH}:/home/youngmo/ros2_ws/install/ros_study_py:/home/youngmo/ros2_ws/install/ex_calculator_py:/home/youngmo/ros2_ws/install/hangman_game:/opt/ros/humble /usr/bin/cmake --build /home/youngmo/ros2_ws/build/hangman_interfaces -- -j16 -l16
[0.392s] DEBUG:colcon.colcon_core.event_handler.log_command:Invoked command in '/home/youngmo/ros2_ws/build/ros_study_msgs' returned '0': CMAKE_PREFIX_PATH=${CMAKE_PREFIX_PATH}:/home/youngmo/ros2_ws/install/ros_study_py:/home/youngmo/ros2_ws/install/ex_calculator_py:/home/youngmo/ros2_ws/install/hangman_game:/opt/ros/humble /usr/bin/cmake --build /home/youngmo/ros2_ws/build/ros_study_msgs -- -j16 -l16
[0.401s] DEBUG:colcon.colcon_core.event_handler.log_command:Invoking command in '/home/youngmo/ros2_ws/build/ros_study_msgs': CMAKE_PREFIX_PATH=${CMAKE_PREFIX_PATH}:/home/youngmo/ros2_ws/install/ros_study_py:/home/youngmo/ros2_ws/install/ex_calculator_py:/home/youngmo/ros2_ws/install/hangman_game:/opt/ros/humble /usr/bin/cmake --install /home/youngmo/ros2_ws/build/ros_study_msgs
[0.447s] Level 1:colcon.colcon_core.environment:create_environment_scripts_only(ros_study_msgs)
[0.448s] DEBUG:colcon.colcon_core.event_handler.log_command:Invoked command in '/home/youngmo/ros2_ws/build/ros_study_msgs' returned '0': CMAKE_PREFIX_PATH=${CMAKE_PREFIX_PATH}:/home/youngmo/ros2_ws/install/ros_study_py:/home/youngmo/ros2_ws/install/ex_calculator_py:/home/youngmo/ros2_ws/install/hangman_game:/opt/ros/humble /usr/bin/cmake --install /home/youngmo/ros2_ws/build/ros_study_msgs
[0.450s] Level 1:colcon.colcon_core.environment:checking '/home/youngmo/ros2_ws/install/ros_study_msgs' for CMake module files
[0.451s] Level 1:colcon.colcon_core.environment:checking '/home/youngmo/ros2_ws/install/ros_study_msgs' for CMake config files
[0.451s] Level 1:colcon.colcon_core.shell:create_environment_hook('ros_study_msgs', 'cmake_prefix_path')
[0.451s] INFO:colcon.colcon_core.shell:Creating environment hook '/home/youngmo/ros2_ws/install/ros_study_msgs/share/ros_study_msgs/hook/cmake_prefix_path.ps1'
[0.452s] INFO:colcon.colcon_core.shell:Creating environment descriptor '/home/youngmo/ros2_ws/install/ros_study_msgs/share/ros_study_msgs/hook/cmake_prefix_path.dsv'
[0.453s] INFO:colcon.colcon_core.shell:Creating environment hook '/home/youngmo/ros2_ws/install/ros_study_msgs/share/ros_study_msgs/hook/cmake_prefix_path.sh'
[0.454s] Level 1:colcon.colcon_core.environment:checking '/home/youngmo/ros2_ws/install/ros_study_msgs/lib'
[0.454s] Level 1:colcon.colcon_core.shell:create_environment_hook('ros_study_msgs', 'ld_library_path_lib')
[0.454s] INFO:colcon.colcon_core.shell:Creating environment hook '/home/youngmo/ros2_ws/install/ros_study_msgs/share/ros_study_msgs/hook/ld_library_path_lib.ps1'
[0.455s] INFO:colcon.colcon_core.shell:Creating environment descriptor '/home/youngmo/ros2_ws/install/ros_study_msgs/share/ros_study_msgs/hook/ld_library_path_lib.dsv'
[0.455s] INFO:colcon.colcon_core.shell:Creating environment hook '/home/youngmo/ros2_ws/install/ros_study_msgs/share/ros_study_msgs/hook/ld_library_path_lib.sh'
[0.455s] Level 1:colcon.colcon_core.environment:checking '/home/youngmo/ros2_ws/install/ros_study_msgs/bin'
[0.455s] Level 1:colcon.colcon_core.environment:checking '/home/youngmo/ros2_ws/install/ros_study_msgs/lib/pkgconfig/ros_study_msgs.pc'
[0.455s] Level 1:colcon.colcon_core.environment:checking '/home/youngmo/ros2_ws/install/ros_study_msgs/lib/python3.10/site-packages'
[0.456s] Level 1:colcon.colcon_core.environment:checking '/home/youngmo/ros2_ws/install/ros_study_msgs/bin'
[0.456s] INFO:colcon.colcon_core.shell:Creating package script '/home/youngmo/ros2_ws/install/ros_study_msgs/share/ros_study_msgs/package.ps1'
[0.457s] INFO:colcon.colcon_core.shell:Creating package descriptor '/home/youngmo/ros2_ws/install/ros_study_msgs/share/ros_study_msgs/package.dsv'
[0.457s] INFO:colcon.colcon_core.shell:Creating package script '/home/youngmo/ros2_ws/install/ros_study_msgs/share/ros_study_msgs/package.sh'
[0.458s] INFO:colcon.colcon_core.shell:Creating package script '/home/youngmo/ros2_ws/install/ros_study_msgs/share/ros_study_msgs/package.bash'
[0.458s] INFO:colcon.colcon_core.shell:Creating package script '/home/youngmo/ros2_ws/install/ros_study_msgs/share/ros_study_msgs/package.zsh'
[0.459s] Level 1:colcon.colcon_core.environment:create_file_with_runtime_dependencies(/home/youngmo/ros2_ws/install/ros_study_msgs/share/colcon-core/packages/ros_study_msgs)
[0.459s] Level 1:colcon.colcon_core.environment:create_environment_scripts_only(ros_study_msgs)
[0.459s] Level 1:colcon.colcon_core.environment:checking '/home/youngmo/ros2_ws/install/ros_study_msgs' for CMake module files
[0.460s] Level 1:colcon.colcon_core.environment:checking '/home/youngmo/ros2_ws/install/ros_study_msgs' for CMake config files
[0.460s] Level 1:colcon.colcon_core.shell:create_environment_hook('ros_study_msgs', 'cmake_prefix_path')
[0.460s] INFO:colcon.colcon_core.shell:Creating environment hook '/home/youngmo/ros2_ws/install/ros_study_msgs/share/ros_study_msgs/hook/cmake_prefix_path.ps1'
[0.460s] INFO:colcon.colcon_core.shell:Creating environment descriptor '/home/youngmo/ros2_ws/install/ros_study_msgs/share/ros_study_msgs/hook/cmake_prefix_path.dsv'
[0.461s] INFO:colcon.colcon_core.shell:Creating environment hook '/home/youngmo/ros2_ws/install/ros_study_msgs/share/ros_study_msgs/hook/cmake_prefix_path.sh'
[0.461s] Level 1:colcon.colcon_core.environment:checking '/home/youngmo/ros2_ws/install/ros_study_msgs/lib'
[0.461s] Level 1:colcon.colcon_core.shell:create_environment_hook('ros_study_msgs', 'ld_library_path_lib')
[0.461s] INFO:colcon.colcon_core.shell:Creating environment hook '/home/youngmo/ros2_ws/install/ros_study_msgs/share/ros_study_msgs/hook/ld_library_path_lib.ps1'
[0.461s] INFO:colcon.colcon_core.shell:Creating environment descriptor '/home/youngmo/ros2_ws/install/ros_study_msgs/share/ros_study_msgs/hook/ld_library_path_lib.dsv'
[0.461s] INFO:colcon.colcon_core.shell:Creating environment hook '/home/youngmo/ros2_ws/install/ros_study_msgs/share/ros_study_msgs/hook/ld_library_path_lib.sh'
[0.462s] Level 1:colcon.colcon_core.environment:checking '/home/youngmo/ros2_ws/install/ros_study_msgs/bin'
[0.462s] Level 1:colcon.colcon_core.environment:checking '/home/youngmo/ros2_ws/install/ros_study_msgs/lib/pkgconfig/ros_study_msgs.pc'
[0.462s] Level 1:colcon.colcon_core.environment:checking '/home/youngmo/ros2_ws/install/ros_study_msgs/lib/python3.10/site-packages'
[0.462s] Level 1:colcon.colcon_core.environment:checking '/home/youngmo/ros2_ws/install/ros_study_msgs/bin'
[0.462s] INFO:colcon.colcon_core.shell:Creating package script '/home/youngmo/ros2_ws/install/ros_study_msgs/share/ros_study_msgs/package.ps1'
[0.462s] INFO:colcon.colcon_core.shell:Creating package descriptor '/home/youngmo/ros2_ws/install/ros_study_msgs/share/ros_study_msgs/package.dsv'
[0.463s] INFO:colcon.colcon_core.shell:Creating package script '/home/youngmo/ros2_ws/install/ros_study_msgs/share/ros_study_msgs/package.sh'
[0.463s] INFO:colcon.colcon_core.shell:Creating package script '/home/youngmo/ros2_ws/install/ros_study_msgs/share/ros_study_msgs/package.bash'
[0.463s] INFO:colcon.colcon_core.shell:Creating package script '/home/youngmo/ros2_ws/install/ros_study_msgs/share/ros_study_msgs/package.zsh'
[0.463s] Level 1:colcon.colcon_core.environment:create_file_with_runtime_dependencies(/home/youngmo/ros2_ws/install/ros_study_msgs/share/colcon-core/packages/ros_study_msgs)
[0.463s] INFO:colcon.colcon_ros.task.ament_cmake.build:Building ROS package in '/home/youngmo/ros2_ws/src/cpp_excalculator' with build type 'ament_cmake'
[0.463s] INFO:colcon.colcon_cmake.task.cmake.build:Building CMake package in '/home/youngmo/ros2_ws/src/cpp_excalculator'
[0.464s] INFO:colcon.colcon_core.shell:Skip shell extension 'powershell' for command environment: Not usable outside of PowerShell
[0.464s] DEBUG:colcon.colcon_core.shell:Skip shell extension 'dsv' for command environment
[0.466s] INFO:colcon.colcon_ros.task.ament_python.build:Building ROS package in '/home/youngmo/ros2_ws/src/ex_calculator_py' with build type 'ament_python'
[0.466s] Level 1:colcon.colcon_core.shell:create_environment_hook('ex_calculator_py', 'ament_prefix_path')
[0.466s] INFO:colcon.colcon_core.shell:Creating environment hook '/home/youngmo/ros2_ws/install/ex_calculator_py/share/ex_calculator_py/hook/ament_prefix_path.ps1'
[0.466s] INFO:colcon.colcon_core.shell:Creating environment descriptor '/home/youngmo/ros2_ws/install/ex_calculator_py/share/ex_calculator_py/hook/ament_prefix_path.dsv'
[0.466s] INFO:colcon.colcon_core.shell:Creating environment hook '/home/youngmo/ros2_ws/install/ex_calculator_py/share/ex_calculator_py/hook/ament_prefix_path.sh'
[0.466s] INFO:colcon.colcon_core.shell:Skip shell extension 'powershell' for command environment: Not usable outside of PowerShell
[0.466s] DEBUG:colcon.colcon_core.shell:Skip shell extension 'dsv' for command environment
[0.468s] INFO:colcon.colcon_ros.task.ament_cmake.build:Building ROS package in '/home/youngmo/ros2_ws/src/ros_study_cpp' with build type 'ament_cmake'
[0.468s] INFO:colcon.colcon_cmake.task.cmake.build:Building CMake package in '/home/youngmo/ros2_ws/src/ros_study_cpp'
[0.468s] INFO:colcon.colcon_core.shell:Skip shell extension 'powershell' for command environment: Not usable outside of PowerShell
[0.468s] DEBUG:colcon.colcon_core.shell:Skip shell extension 'dsv' for command environment
[0.470s] INFO:colcon.colcon_ros.task.ament_python.build:Building ROS package in '/home/youngmo/ros2_ws/src/ros_study_py' with build type 'ament_python'
[0.470s] Level 1:colcon.colcon_core.shell:create_environment_hook('ros_study_py', 'ament_prefix_path')
[0.470s] INFO:colcon.colcon_core.shell:Creating environment hook '/home/youngmo/ros2_ws/install/ros_study_py/share/ros_study_py/hook/ament_prefix_path.ps1'
[0.471s] INFO:colcon.colcon_core.shell:Creating environment descriptor '/home/youngmo/ros2_ws/install/ros_study_py/share/ros_study_py/hook/ament_prefix_path.dsv'
[0.471s] INFO:colcon.colcon_core.shell:Creating environment hook '/home/youngmo/ros2_ws/install/ros_study_py/share/ros_study_py/hook/ament_prefix_path.sh'
[0.471s] INFO:colcon.colcon_core.shell:Skip shell extension 'powershell' for command environment: Not usable outside of PowerShell
[0.471s] DEBUG:colcon.colcon_core.shell:Skip shell extension 'dsv' for command environment
[0.477s] DEBUG:colcon.colcon_core.event_handler.log_command:Invoking command in '/home/youngmo/ros2_ws/build/cpp_excalculator': CMAKE_PREFIX_PATH=/home/youngmo/ros2_ws/install/ros_study_msgs:/home/youngmo/ros2_ws/install/ros_study_cpp:/home/youngmo/ros2_ws/install/cpp_excalculator:/home/youngmo/ros2_ws/install/hangman_interfaces:/home/youngmo/ros2_ws/install/ros_study_py:/home/youngmo/ros2_ws/install/ex_calculator_py:/home/youngmo/ros2_ws/install/hangman_game:/opt/ros/humble /usr/bin/cmake --build /home/youngmo/ros2_ws/build/cpp_excalculator -- -j16 -l16
[0.611s] INFO:colcon.colcon_core.task.python.build:Building Python package in '/home/youngmo/ros2_ws/src/ex_calculator_py'
[0.611s] INFO:colcon.colcon_core.shell:Skip shell extension 'powershell' for command environment: Not usable outside of PowerShell
[0.611s] DEBUG:colcon.colcon_core.shell:Skip shell extension 'dsv' for command environment
[0.624s] DEBUG:colcon.colcon_core.event_handler.log_command:Invoking command in '/home/youngmo/ros2_ws/build/ros_study_cpp': CMAKE_PREFIX_PATH=/home/youngmo/ros2_ws/install/ros_study_msgs:/home/youngmo/ros2_ws/install/ros_study_cpp:/home/youngmo/ros2_ws/install/cpp_excalculator:/home/youngmo/ros2_ws/install/hangman_interfaces:/home/youngmo/ros2_ws/install/ros_study_py:/home/youngmo/ros2_ws/install/ex_calculator_py:/home/youngmo/ros2_ws/install/hangman_game:/opt/ros/humble /usr/bin/cmake --build /home/youngmo/ros2_ws/build/ros_study_cpp -- -j16 -l16
[0.767s] INFO:colcon.colcon_core.task.python.build:Building Python package in '/home/youngmo/ros2_ws/src/ros_study_py'
[0.768s] INFO:colcon.colcon_core.shell:Skip shell extension 'powershell' for command environment: Not usable outside of PowerShell
[0.768s] DEBUG:colcon.colcon_core.shell:Skip shell extension 'dsv' for command environment
[0.771s] DEBUG:colcon.colcon_core.event_handler.log_command:Invoked command in '/home/youngmo/ros2_ws/build/cpp_excalculator' returned '0': CMAKE_PREFIX_PATH=/home/youngmo/ros2_ws/install/ros_study_msgs:/home/youngmo/ros2_ws/install/ros_study_cpp:/home/youngmo/ros2_ws/install/cpp_excalculator:/home/youngmo/ros2_ws/install/hangman_interfaces:/home/youngmo/ros2_ws/install/ros_study_py:/home/youngmo/ros2_ws/install/ex_calculator_py:/home/youngmo/ros2_ws/install/hangman_game:/opt/ros/humble /usr/bin/cmake --build /home/youngmo/ros2_ws/build/cpp_excalculator -- -j16 -l16
[0.772s] DEBUG:colcon.colcon_core.event_handler.log_command:Invoking command in '/home/youngmo/ros2_ws/build/cpp_excalculator': CMAKE_PREFIX_PATH=/home/youngmo/ros2_ws/install/ros_study_msgs:/home/youngmo/ros2_ws/install/ros_study_cpp:/home/youngmo/ros2_ws/install/cpp_excalculator:/home/youngmo/ros2_ws/install/hangman_interfaces:/home/youngmo/ros2_ws/install/ros_study_py:/home/youngmo/ros2_ws/install/ex_calculator_py:/home/youngmo/ros2_ws/install/hangman_game:/opt/ros/humble /usr/bin/cmake --install /home/youngmo/ros2_ws/build/cpp_excalculator
[0.773s] DEBUG:colcon.colcon_core.event_handler.log_command:Invoked command in '/home/youngmo/ros2_ws/build/ros_study_cpp' returned '0': CMAKE_PREFIX_PATH=/home/youngmo/ros2_ws/install/ros_study_msgs:/home/youngmo/ros2_ws/install/ros_study_cpp:/home/youngmo/ros2_ws/install/cpp_excalculator:/home/youngmo/ros2_ws/install/hangman_interfaces:/home/youngmo/ros2_ws/install/ros_study_py:/home/youngmo/ros2_ws/install/ex_calculator_py:/home/youngmo/ros2_ws/install/hangman_game:/opt/ros/humble /usr/bin/cmake --build /home/youngmo/ros2_ws/build/ros_study_cpp -- -j16 -l16
[0.774s] DEBUG:colcon.colcon_core.event_handler.log_command:Invoking command in '/home/youngmo/ros2_ws/build/ros_study_cpp': CMAKE_PREFIX_PATH=/home/youngmo/ros2_ws/install/ros_study_msgs:/home/youngmo/ros2_ws/install/ros_study_cpp:/home/youngmo/ros2_ws/install/cpp_excalculator:/home/youngmo/ros2_ws/install/hangman_interfaces:/home/youngmo/ros2_ws/install/ros_study_py:/home/youngmo/ros2_ws/install/ex_calculator_py:/home/youngmo/ros2_ws/install/hangman_game:/opt/ros/humble /usr/bin/cmake --install /home/youngmo/ros2_ws/build/ros_study_cpp
[0.785s] Level 1:colcon.colcon_core.environment:create_environment_scripts_only(cpp_excalculator)
[0.785s] Level 1:colcon.colcon_core.environment:checking '/home/youngmo/ros2_ws/install/cpp_excalculator' for CMake module files
[0.786s] DEBUG:colcon.colcon_core.event_handler.log_command:Invoked command in '/home/youngmo/ros2_ws/build/cpp_excalculator' returned '0': CMAKE_PREFIX_PATH=/home/youngmo/ros2_ws/install/ros_study_msgs:/home/youngmo/ros2_ws/install/ros_study_cpp:/home/youngmo/ros2_ws/install/cpp_excalculator:/home/youngmo/ros2_ws/install/hangman_interfaces:/home/youngmo/ros2_ws/install/ros_study_py:/home/youngmo/ros2_ws/install/ex_calculator_py:/home/youngmo/ros2_ws/install/hangman_game:/opt/ros/humble /usr/bin/cmake --install /home/youngmo/ros2_ws/build/cpp_excalculator
[0.786s] Level 1:colcon.colcon_core.environment:checking '/home/youngmo/ros2_ws/install/cpp_excalculator' for CMake config files
[0.787s] Level 1:colcon.colcon_core.shell:create_environment_hook('cpp_excalculator', 'cmake_prefix_path')
[0.787s] INFO:colcon.colcon_core.shell:Creating environment hook '/home/youngmo/ros2_ws/install/cpp_excalculator/share/cpp_excalculator/hook/cmake_prefix_path.ps1'
[0.787s] INFO:colcon.colcon_core.shell:Creating environment descriptor '/home/youngmo/ros2_ws/install/cpp_excalculator/share/cpp_excalculator/hook/cmake_prefix_path.dsv'
[0.788s] INFO:colcon.colcon_core.shell:Creating environment hook '/home/youngmo/ros2_ws/install/cpp_excalculator/share/cpp_excalculator/hook/cmake_prefix_path.sh'
[0.788s] Level 1:colcon.colcon_core.environment:checking '/home/youngmo/ros2_ws/install/cpp_excalculator/lib'
[0.788s] Level 1:colcon.colcon_core.environment:checking '/home/youngmo/ros2_ws/install/cpp_excalculator/bin'
[0.789s] Level 1:colcon.colcon_core.environment:checking '/home/youngmo/ros2_ws/install/cpp_excalculator/lib/pkgconfig/cpp_excalculator.pc'
[0.789s] Level 1:colcon.colcon_core.environment:checking '/home/youngmo/ros2_ws/install/cpp_excalculator/lib/python3.10/site-packages'
[0.789s] Level 1:colcon.colcon_core.environment:checking '/home/youngmo/ros2_ws/install/cpp_excalculator/bin'
[0.789s] INFO:colcon.colcon_core.shell:Creating package script '/home/youngmo/ros2_ws/install/cpp_excalculator/share/cpp_excalculator/package.ps1'
[0.789s] INFO:colcon.colcon_core.shell:Creating package descriptor '/home/youngmo/ros2_ws/install/cpp_excalculator/share/cpp_excalculator/package.dsv'
[0.790s] INFO:colcon.colcon_core.shell:Creating package script '/home/youngmo/ros2_ws/install/cpp_excalculator/share/cpp_excalculator/package.sh'
[0.790s] INFO:colcon.colcon_core.shell:Creating package script '/home/youngmo/ros2_ws/install/cpp_excalculator/share/cpp_excalculator/package.bash'
[0.790s] INFO:colcon.colcon_core.shell:Creating package script '/home/youngmo/ros2_ws/install/cpp_excalculator/share/cpp_excalculator/package.zsh'
[0.791s] Level 1:colcon.colcon_core.environment:create_file_with_runtime_dependencies(/home/youngmo/ros2_ws/install/cpp_excalculator/share/colcon-core/packages/cpp_excalculator)
[0.791s] Level 1:colcon.colcon_core.environment:create_environment_scripts_only(cpp_excalculator)
[0.791s] Level 1:colcon.colcon_core.environment:checking '/home/youngmo/ros2_ws/install/cpp_excalculator' for CMake module files
[0.791s] Level 1:colcon.colcon_core.environment:checking '/home/youngmo/ros2_ws/install/cpp_excalculator' for CMake config files
[0.792s] Level 1:colcon.colcon_core.shell:create_environment_hook('cpp_excalculator', 'cmake_prefix_path')
[0.792s] INFO:colcon.colcon_core.shell:Creating environment hook '/home/youngmo/ros2_ws/install/cpp_excalculator/share/cpp_excalculator/hook/cmake_prefix_path.ps1'
[0.792s] INFO:colcon.colcon_core.shell:Creating environment descriptor '/home/youngmo/ros2_ws/install/cpp_excalculator/share/cpp_excalculator/hook/cmake_prefix_path.dsv'
[0.792s] INFO:colcon.colcon_core.shell:Creating environment hook '/home/youngmo/ros2_ws/install/cpp_excalculator/share/cpp_excalculator/hook/cmake_prefix_path.sh'
[0.793s] Level 1:colcon.colcon_core.environment:checking '/home/youngmo/ros2_ws/install/cpp_excalculator/lib'
[0.793s] Level 1:colcon.colcon_core.environment:checking '/home/youngmo/ros2_ws/install/cpp_excalculator/bin'
[0.793s] Level 1:colcon.colcon_core.environment:checking '/home/youngmo/ros2_ws/install/cpp_excalculator/lib/pkgconfig/cpp_excalculator.pc'
[0.793s] Level 1:colcon.colcon_core.environment:checking '/home/youngmo/ros2_ws/install/cpp_excalculator/lib/python3.10/site-packages'
[0.793s] Level 1:colcon.colcon_core.environment:checking '/home/youngmo/ros2_ws/install/cpp_excalculator/bin'
[0.793s] INFO:colcon.colcon_core.shell:Creating package script '/home/youngmo/ros2_ws/install/cpp_excalculator/share/cpp_excalculator/package.ps1'
[0.794s] INFO:colcon.colcon_core.shell:Creating package descriptor '/home/youngmo/ros2_ws/install/cpp_excalculator/share/cpp_excalculator/package.dsv'
[0.794s] INFO:colcon.colcon_core.shell:Creating package script '/home/youngmo/ros2_ws/install/cpp_excalculator/share/cpp_excalculator/package.sh'
[0.794s] INFO:colcon.colcon_core.shell:Creating package script '/home/youngmo/ros2_ws/install/cpp_excalculator/share/cpp_excalculator/package.bash'
[0.794s] INFO:colcon.colcon_core.shell:Creating package script '/home/youngmo/ros2_ws/install/cpp_excalculator/share/cpp_excalculator/package.zsh'
[0.795s] Level 1:colcon.colcon_core.environment:create_file_with_runtime_dependencies(/home/youngmo/ros2_ws/install/cpp_excalculator/share/colcon-core/packages/cpp_excalculator)
[0.795s] Level 1:colcon.colcon_core.environment:create_environment_scripts_only(ros_study_cpp)
[0.796s] Level 1:colcon.colcon_core.environment:checking '/home/youngmo/ros2_ws/install/ros_study_cpp' for CMake module files
[0.796s] Level 1:colcon.colcon_core.environment:checking '/home/youngmo/ros2_ws/install/ros_study_cpp' for CMake config files
[0.796s] DEBUG:colcon.colcon_core.event_handler.log_command:Invoked command in '/home/youngmo/ros2_ws/build/ros_study_cpp' returned '0': CMAKE_PREFIX_PATH=/home/youngmo/ros2_ws/install/ros_study_msgs:/home/youngmo/ros2_ws/install/ros_study_cpp:/home/youngmo/ros2_ws/install/cpp_excalculator:/home/youngmo/ros2_ws/install/hangman_interfaces:/home/youngmo/ros2_ws/install/ros_study_py:/home/youngmo/ros2_ws/install/ex_calculator_py:/home/youngmo/ros2_ws/install/hangman_game:/opt/ros/humble /usr/bin/cmake --install /home/youngmo/ros2_ws/build/ros_study_cpp
[0.796s] Level 1:colcon.colcon_core.shell:create_environment_hook('ros_study_cpp', 'cmake_prefix_path')
[0.796s] INFO:colcon.colcon_core.shell:Creating environment hook '/home/youngmo/ros2_ws/install/ros_study_cpp/share/ros_study_cpp/hook/cmake_prefix_path.ps1'
[0.797s] INFO:colcon.colcon_core.shell:Creating environment descriptor '/home/youngmo/ros2_ws/install/ros_study_cpp/share/ros_study_cpp/hook/cmake_prefix_path.dsv'
[0.797s] INFO:colcon.colcon_core.shell:Creating environment hook '/home/youngmo/ros2_ws/install/ros_study_cpp/share/ros_study_cpp/hook/cmake_prefix_path.sh'
[0.797s] Level 1:colcon.colcon_core.environment:checking '/home/youngmo/ros2_ws/install/ros_study_cpp/lib'
[0.797s] Level 1:colcon.colcon_core.environment:checking '/home/youngmo/ros2_ws/install/ros_study_cpp/bin'
[0.797s] Level 1:colcon.colcon_core.environment:checking '/home/youngmo/ros2_ws/install/ros_study_cpp/lib/pkgconfig/ros_study_cpp.pc'
[0.797s] Level 1:colcon.colcon_core.environment:checking '/home/youngmo/ros2_ws/install/ros_study_cpp/lib/python3.10/site-packages'
[0.798s] Level 1:colcon.colcon_core.environment:checking '/home/youngmo/ros2_ws/install/ros_study_cpp/bin'
[0.798s] INFO:colcon.colcon_core.shell:Creating package script '/home/youngmo/ros2_ws/install/ros_study_cpp/share/ros_study_cpp/package.ps1'
[0.798s] INFO:colcon.colcon_core.shell:Creating package descriptor '/home/youngmo/ros2_ws/install/ros_study_cpp/share/ros_study_cpp/package.dsv'
[0.798s] INFO:colcon.colcon_core.shell:Creating package script '/home/youngmo/ros2_ws/install/ros_study_cpp/share/ros_study_cpp/package.sh'
[0.798s] INFO:colcon.colcon_core.shell:Creating package script '/home/youngmo/ros2_ws/install/ros_study_cpp/share/ros_study_cpp/package.bash'
[0.799s] INFO:colcon.colcon_core.shell:Creating package script '/home/youngmo/ros2_ws/install/ros_study_cpp/share/ros_study_cpp/package.zsh'
[0.799s] Level 1:colcon.colcon_core.environment:create_file_with_runtime_dependencies(/home/youngmo/ros2_ws/install/ros_study_cpp/share/colcon-core/packages/ros_study_cpp)
[0.799s] Level 1:colcon.colcon_core.environment:create_environment_scripts_only(ros_study_cpp)
[0.799s] Level 1:colcon.colcon_core.environment:checking '/home/youngmo/ros2_ws/install/ros_study_cpp' for CMake module files
[0.800s] Level 1:colcon.colcon_core.environment:checking '/home/youngmo/ros2_ws/install/ros_study_cpp' for CMake config files
[0.800s] Level 1:colcon.colcon_core.shell:create_environment_hook('ros_study_cpp', 'cmake_prefix_path')
[0.800s] INFO:colcon.colcon_core.shell:Creating environment hook '/home/youngmo/ros2_ws/install/ros_study_cpp/share/ros_study_cpp/hook/cmake_prefix_path.ps1'
[0.800s] INFO:colcon.colcon_core.shell:Creating environment descriptor '/home/youngmo/ros2_ws/install/ros_study_cpp/share/ros_study_cpp/hook/cmake_prefix_path.dsv'
[0.800s] INFO:colcon.colcon_core.shell:Creating environment hook '/home/youngmo/ros2_ws/install/ros_study_cpp/share/ros_study_cpp/hook/cmake_prefix_path.sh'
[0.800s] Level 1:colcon.colcon_core.environment:checking '/home/youngmo/ros2_ws/install/ros_study_cpp/lib'
[0.800s] Level 1:colcon.colcon_core.environment:checking '/home/youngmo/ros2_ws/install/ros_study_cpp/bin'
[0.800s] Level 1:colcon.colcon_core.environment:checking '/home/youngmo/ros2_ws/install/ros_study_cpp/lib/pkgconfig/ros_study_cpp.pc'
[0.801s] Level 1:colcon.colcon_core.environment:checking '/home/youngmo/ros2_ws/install/ros_study_cpp/lib/python3.10/site-packages'
[0.801s] Level 1:colcon.colcon_core.environment:checking '/home/youngmo/ros2_ws/install/ros_study_cpp/bin'
[0.801s] INFO:colcon.colcon_core.shell:Creating package script '/home/youngmo/ros2_ws/install/ros_study_cpp/share/ros_study_cpp/package.ps1'
[0.801s] INFO:colcon.colcon_core.shell:Creating package descriptor '/home/youngmo/ros2_ws/install/ros_study_cpp/share/ros_study_cpp/package.dsv'
[0.801s] INFO:colcon.colcon_core.shell:Creating package script '/home/youngmo/ros2_ws/install/ros_study_cpp/share/ros_study_cpp/package.sh'
[0.801s] INFO:colcon.colcon_core.shell:Creating package script '/home/youngmo/ros2_ws/install/ros_study_cpp/share/ros_study_cpp/package.bash'
[0.802s] INFO:colcon.colcon_core.shell:Creating package script '/home/youngmo/ros2_ws/install/ros_study_cpp/share/ros_study_cpp/package.zsh'
[0.802s] Level 1:colcon.colcon_core.environment:create_file_with_runtime_dependencies(/home/youngmo/ros2_ws/install/ros_study_cpp/share/colcon-core/packages/ros_study_cpp)
[0.930s] DEBUG:colcon.colcon_core.event_handler.log_command:Invoking command in '/home/youngmo/ros2_ws/src/ex_calculator_py': CMAKE_PREFIX_PATH=/home/youngmo/ros2_ws/install/ros_study_msgs:/home/youngmo/ros2_ws/install/ros_study_cpp:/home/youngmo/ros2_ws/install/cpp_excalculator:/home/youngmo/ros2_ws/install/hangman_interfaces PYTHONPATH=/home/youngmo/ros2_ws/build/ex_calculator_py/prefix_override:/usr/lib/python3/dist-packages/colcon_core/task/python/colcon_distutils_commands:/home/youngmo/ros2_ws/install/ex_calculator_py/lib/python3.10/site-packages:${PYTHONPATH} /usr/bin/python3 -W ignore:setup.py install is deprecated -W ignore:easy_install command is deprecated setup.py egg_info --egg-base ../../build/ex_calculator_py build --build-base /home/youngmo/ros2_ws/build/ex_calculator_py/build install --record /home/youngmo/ros2_ws/build/ex_calculator_py/install.log --single-version-externally-managed install_data
[0.932s] DEBUG:colcon.colcon_core.event_handler.log_command:Invoking command in '/home/youngmo/ros2_ws/src/ros_study_py': CMAKE_PREFIX_PATH=/home/youngmo/ros2_ws/install/ros_study_msgs:/home/youngmo/ros2_ws/install/ros_study_cpp:/home/youngmo/ros2_ws/install/cpp_excalculator:/home/youngmo/ros2_ws/install/hangman_interfaces PYTHONPATH=/home/youngmo/ros2_ws/build/ros_study_py/prefix_override:/usr/lib/python3/dist-packages/colcon_core/task/python/colcon_distutils_commands:/home/youngmo/ros2_ws/install/ros_study_py/lib/python3.10/site-packages:${PYTHONPATH} /usr/bin/python3 -W ignore:setup.py install is deprecated -W ignore:easy_install command is deprecated setup.py egg_info --egg-base ../../build/ros_study_py build --build-base /home/youngmo/ros2_ws/build/ros_study_py/build install --record /home/youngmo/ros2_ws/build/ros_study_py/install.log --single-version-externally-managed install_data
[1.118s] Level 1:colcon.colcon_core.environment:checking '/home/youngmo/ros2_ws/install/ex_calculator_py' for CMake module files
[1.119s] Level 1:colcon.colcon_core.environment:checking '/home/youngmo/ros2_ws/install/ex_calculator_py' for CMake config files
[1.119s] Level 1:colcon.colcon_core.environment:checking '/home/youngmo/ros2_ws/install/ex_calculator_py/lib'
[1.119s] Level 1:colcon.colcon_core.environment:checking '/home/youngmo/ros2_ws/install/ex_calculator_py/bin'
[1.119s] Level 1:colcon.colcon_core.environment:checking '/home/youngmo/ros2_ws/install/ex_calculator_py/lib/pkgconfig/ex_calculator_py.pc'
[1.120s] Level 1:colcon.colcon_core.environment:checking '/home/youngmo/ros2_ws/install/ex_calculator_py/lib/python3.10/site-packages'
[1.120s] Level 1:colcon.colcon_core.shell:create_environment_hook('ex_calculator_py', 'pythonpath')
[1.120s] INFO:colcon.colcon_core.shell:Creating environment hook '/home/youngmo/ros2_ws/install/ex_calculator_py/share/ex_calculator_py/hook/pythonpath.ps1'
[1.123s] DEBUG:colcon.colcon_core.event_handler.log_command:Invoked command in '/home/youngmo/ros2_ws/src/ex_calculator_py' returned '0': CMAKE_PREFIX_PATH=/home/youngmo/ros2_ws/install/ros_study_msgs:/home/youngmo/ros2_ws/install/ros_study_cpp:/home/youngmo/ros2_ws/install/cpp_excalculator:/home/youngmo/ros2_ws/install/hangman_interfaces PYTHONPATH=/home/youngmo/ros2_ws/build/ex_calculator_py/prefix_override:/usr/lib/python3/dist-packages/colcon_core/task/python/colcon_distutils_commands:/home/youngmo/ros2_ws/install/ex_calculator_py/lib/python3.10/site-packages:${PYTHONPATH} /usr/bin/python3 -W ignore:setup.py install is deprecated -W ignore:easy_install command is deprecated setup.py egg_info --egg-base ../../build/ex_calculator_py build --build-base /home/youngmo/ros2_ws/build/ex_calculator_py/build install --record /home/youngmo/ros2_ws/build/ex_calculator_py/install.log --single-version-externally-managed install_data
[1.124s] INFO:colcon.colcon_core.shell:Creating environment descriptor '/home/youngmo/ros2_ws/install/ex_calculator_py/share/ex_calculator_py/hook/pythonpath.dsv'
[1.124s] INFO:colcon.colcon_core.shell:Creating environment hook '/home/youngmo/ros2_ws/install/ex_calculator_py/share/ex_calculator_py/hook/pythonpath.sh'
[1.124s] Level 1:colcon.colcon_core.environment:checking '/home/youngmo/ros2_ws/install/ex_calculator_py/bin'
[1.124s] Level 1:colcon.colcon_core.environment:create_environment_scripts_only(ex_calculator_py)
[1.125s] INFO:colcon.colcon_core.shell:Creating package script '/home/youngmo/ros2_ws/install/ex_calculator_py/share/ex_calculator_py/package.ps1'
[1.125s] INFO:colcon.colcon_core.shell:Creating package descriptor '/home/youngmo/ros2_ws/install/ex_calculator_py/share/ex_calculator_py/package.dsv'
[1.126s] INFO:colcon.colcon_core.shell:Creating package script '/home/youngmo/ros2_ws/install/ex_calculator_py/share/ex_calculator_py/package.sh'
[1.126s] INFO:colcon.colcon_core.shell:Creating package script '/home/youngmo/ros2_ws/install/ex_calculator_py/share/ex_calculator_py/package.bash'
[1.126s] INFO:colcon.colcon_core.shell:Creating package script '/home/youngmo/ros2_ws/install/ex_calculator_py/share/ex_calculator_py/package.zsh'
[1.126s] Level 1:colcon.colcon_core.environment:create_file_with_runtime_dependencies(/home/youngmo/ros2_ws/install/ex_calculator_py/share/colcon-core/packages/ex_calculator_py)
[1.135s] Level 1:colcon.colcon_core.environment:checking '/home/youngmo/ros2_ws/install/ros_study_py' for CMake module files
[1.136s] DEBUG:colcon.colcon_core.event_handler.log_command:Invoked command in '/home/youngmo/ros2_ws/src/ros_study_py' returned '0': CMAKE_PREFIX_PATH=/home/youngmo/ros2_ws/install/ros_study_msgs:/home/youngmo/ros2_ws/install/ros_study_cpp:/home/youngmo/ros2_ws/install/cpp_excalculator:/home/youngmo/ros2_ws/install/hangman_interfaces PYTHONPATH=/home/youngmo/ros2_ws/build/ros_study_py/prefix_override:/usr/lib/python3/dist-packages/colcon_core/task/python/colcon_distutils_commands:/home/youngmo/ros2_ws/install/ros_study_py/lib/python3.10/site-packages:${PYTHONPATH} /usr/bin/python3 -W ignore:setup.py install is deprecated -W ignore:easy_install command is deprecated setup.py egg_info --egg-base ../../build/ros_study_py build --build-base /home/youngmo/ros2_ws/build/ros_study_py/build install --record /home/youngmo/ros2_ws/build/ros_study_py/install.log --single-version-externally-managed install_data
[1.137s] Level 1:colcon.colcon_core.environment:checking '/home/youngmo/ros2_ws/install/ros_study_py' for CMake config files
[1.138s] Level 1:colcon.colcon_core.environment:checking '/home/youngmo/ros2_ws/install/ros_study_py/lib'
[1.138s] Level 1:colcon.colcon_core.environment:checking '/home/youngmo/ros2_ws/install/ros_study_py/bin'
[1.138s] Level 1:colcon.colcon_core.environment:checking '/home/youngmo/ros2_ws/install/ros_study_py/lib/pkgconfig/ros_study_py.pc'
[1.138s] Level 1:colcon.colcon_core.environment:checking '/home/youngmo/ros2_ws/install/ros_study_py/lib/python3.10/site-packages'
[1.138s] Level 1:colcon.colcon_core.shell:create_environment_hook('ros_study_py', 'pythonpath')
[1.138s] INFO:colcon.colcon_core.shell:Creating environment hook '/home/youngmo/ros2_ws/install/ros_study_py/share/ros_study_py/hook/pythonpath.ps1'
[1.139s] INFO:colcon.colcon_core.shell:Creating environment descriptor '/home/youngmo/ros2_ws/install/ros_study_py/share/ros_study_py/hook/pythonpath.dsv'
[1.139s] INFO:colcon.colcon_core.shell:Creating environment hook '/home/youngmo/ros2_ws/install/ros_study_py/share/ros_study_py/hook/pythonpath.sh'
[1.140s] Level 1:colcon.colcon_core.environment:checking '/home/youngmo/ros2_ws/install/ros_study_py/bin'
[1.140s] Level 1:colcon.colcon_core.environment:create_environment_scripts_only(ros_study_py)
[1.141s] INFO:colcon.colcon_core.shell:Creating package script '/home/youngmo/ros2_ws/install/ros_study_py/share/ros_study_py/package.ps1'
[1.142s] INFO:colcon.colcon_core.shell:Creating package descriptor '/home/youngmo/ros2_ws/install/ros_study_py/share/ros_study_py/package.dsv'
[1.142s] INFO:colcon.colcon_core.shell:Creating package script '/home/youngmo/ros2_ws/install/ros_study_py/share/ros_study_py/package.sh'
[1.143s] INFO:colcon.colcon_core.shell:Creating package script '/home/youngmo/ros2_ws/install/ros_study_py/share/ros_study_py/package.bash'
[1.143s] INFO:colcon.colcon_core.shell:Creating package script '/home/youngmo/ros2_ws/install/ros_study_py/share/ros_study_py/package.zsh'
[1.143s] Level 1:colcon.colcon_core.environment:create_file_with_runtime_dependencies(/home/youngmo/ros2_ws/install/ros_study_py/share/colcon-core/packages/ros_study_py)
[1.333s] DEBUG:colcon.colcon_core.event_handler.log_command:Invoked command in '/home/youngmo/ros2_ws/build/hangman_interfaces' returned '0': CMAKE_PREFIX_PATH=${CMAKE_PREFIX_PATH}:/home/youngmo/ros2_ws/install/ros_study_py:/home/youngmo/ros2_ws/install/ex_calculator_py:/home/youngmo/ros2_ws/install/hangman_game:/opt/ros/humble /usr/bin/cmake --build /home/youngmo/ros2_ws/build/hangman_interfaces -- -j16 -l16
[1.335s] DEBUG:colcon.colcon_core.event_handler.log_command:Invoking command in '/home/youngmo/ros2_ws/build/hangman_interfaces': CMAKE_PREFIX_PATH=${CMAKE_PREFIX_PATH}:/home/youngmo/ros2_ws/install/ros_study_py:/home/youngmo/ros2_ws/install/ex_calculator_py:/home/youngmo/ros2_ws/install/hangman_game:/opt/ros/humble /usr/bin/cmake --install /home/youngmo/ros2_ws/build/hangman_interfaces
[1.400s] Level 1:colcon.colcon_core.environment:create_environment_scripts_only(hangman_interfaces)
[1.400s] Level 1:colcon.colcon_core.environment:checking '/home/youngmo/ros2_ws/install/hangman_interfaces' for CMake module files
[1.401s] DEBUG:colcon.colcon_core.event_handler.log_command:Invoked command in '/home/youngmo/ros2_ws/build/hangman_interfaces' returned '0': CMAKE_PREFIX_PATH=${CMAKE_PREFIX_PATH}:/home/youngmo/ros2_ws/install/ros_study_py:/home/youngmo/ros2_ws/install/ex_calculator_py:/home/youngmo/ros2_ws/install/hangman_game:/opt/ros/humble /usr/bin/cmake --install /home/youngmo/ros2_ws/build/hangman_interfaces
[1.401s] Level 1:colcon.colcon_core.environment:checking '/home/youngmo/ros2_ws/install/hangman_interfaces' for CMake config files
[1.402s] Level 1:colcon.colcon_core.shell:create_environment_hook('hangman_interfaces', 'cmake_prefix_path')
[1.402s] INFO:colcon.colcon_core.shell:Creating environment hook '/home/youngmo/ros2_ws/install/hangman_interfaces/share/hangman_interfaces/hook/cmake_prefix_path.ps1'
[1.403s] INFO:colcon.colcon_core.shell:Creating environment descriptor '/home/youngmo/ros2_ws/install/hangman_interfaces/share/hangman_interfaces/hook/cmake_prefix_path.dsv'
[1.403s] INFO:colcon.colcon_core.shell:Creating environment hook '/home/youngmo/ros2_ws/install/hangman_interfaces/share/hangman_interfaces/hook/cmake_prefix_path.sh'
[1.404s] Level 1:colcon.colcon_core.environment:checking '/home/youngmo/ros2_ws/install/hangman_interfaces/lib'
[1.404s] Level 1:colcon.colcon_core.shell:create_environment_hook('hangman_interfaces', 'ld_library_path_lib')
[1.404s] INFO:colcon.colcon_core.shell:Creating environment hook '/home/youngmo/ros2_ws/install/hangman_interfaces/share/hangman_interfaces/hook/ld_library_path_lib.ps1'
[1.405s] INFO:colcon.colcon_core.shell:Creating environment descriptor '/home/youngmo/ros2_ws/install/hangman_interfaces/share/hangman_interfaces/hook/ld_library_path_lib.dsv'
[1.405s] INFO:colcon.colcon_core.shell:Creating environment hook '/home/youngmo/ros2_ws/install/hangman_interfaces/share/hangman_interfaces/hook/ld_library_path_lib.sh'
[1.406s] Level 1:colcon.colcon_core.environment:checking '/home/youngmo/ros2_ws/install/hangman_interfaces/bin'
[1.406s] Level 1:colcon.colcon_core.environment:checking '/home/youngmo/ros2_ws/install/hangman_interfaces/lib/pkgconfig/hangman_interfaces.pc'
[1.406s] Level 1:colcon.colcon_core.environment:checking '/home/youngmo/ros2_ws/install/hangman_interfaces/lib/python3.10/site-packages'
[1.406s] Level 1:colcon.colcon_core.environment:checking '/home/youngmo/ros2_ws/install/hangman_interfaces/bin'
[1.407s] INFO:colcon.colcon_core.shell:Creating package script '/home/youngmo/ros2_ws/install/hangman_interfaces/share/hangman_interfaces/package.ps1'
[1.407s] INFO:colcon.colcon_core.shell:Creating package descriptor '/home/youngmo/ros2_ws/install/hangman_interfaces/share/hangman_interfaces/package.dsv'
[1.408s] INFO:colcon.colcon_core.shell:Creating package script '/home/youngmo/ros2_ws/install/hangman_interfaces/share/hangman_interfaces/package.sh'
[1.408s] INFO:colcon.colcon_core.shell:Creating package script '/home/youngmo/ros2_ws/install/hangman_interfaces/share/hangman_interfaces/package.bash'
[1.409s] INFO:colcon.colcon_core.shell:Creating package script '/home/youngmo/ros2_ws/install/hangman_interfaces/share/hangman_interfaces/package.zsh'
[1.409s] Level 1:colcon.colcon_core.environment:create_file_with_runtime_dependencies(/home/youngmo/ros2_ws/install/hangman_interfaces/share/colcon-core/packages/hangman_interfaces)
[1.410s] Level 1:colcon.colcon_core.environment:create_environment_scripts_only(hangman_interfaces)
[1.410s] Level 1:colcon.colcon_core.environment:checking '/home/youngmo/ros2_ws/install/hangman_interfaces' for CMake module files
[1.411s] Level 1:colcon.colcon_core.environment:checking '/home/youngmo/ros2_ws/install/hangman_interfaces' for CMake config files
[1.411s] Level 1:colcon.colcon_core.shell:create_environment_hook('hangman_interfaces', 'cmake_prefix_path')
[1.412s] INFO:colcon.colcon_core.shell:Creating environment hook '/home/youngmo/ros2_ws/install/hangman_interfaces/share/hangman_interfaces/hook/cmake_prefix_path.ps1'
[1.412s] INFO:colcon.colcon_core.shell:Creating environment descriptor '/home/youngmo/ros2_ws/install/hangman_interfaces/share/hangman_interfaces/hook/cmake_prefix_path.dsv'
[1.412s] INFO:colcon.colcon_core.shell:Creating environment hook '/home/youngmo/ros2_ws/install/hangman_interfaces/share/hangman_interfaces/hook/cmake_prefix_path.sh'
[1.413s] Level 1:colcon.colcon_core.environment:checking '/home/youngmo/ros2_ws/install/hangman_interfaces/lib'
[1.413s] Level 1:colcon.colcon_core.shell:create_environment_hook('hangman_interfaces', 'ld_library_path_lib')
[1.413s] INFO:colcon.colcon_core.shell:Creating environment hook '/home/youngmo/ros2_ws/install/hangman_interfaces/share/hangman_interfaces/hook/ld_library_path_lib.ps1'
[1.414s] INFO:colcon.colcon_core.shell:Creating environment descriptor '/home/youngmo/ros2_ws/install/hangman_interfaces/share/hangman_interfaces/hook/ld_library_path_lib.dsv'
[1.414s] INFO:colcon.colcon_core.shell:Creating environment hook '/home/youngmo/ros2_ws/install/hangman_interfaces/share/hangman_interfaces/hook/ld_library_path_lib.sh'
[1.414s] Level 1:colcon.colcon_core.environment:checking '/home/youngmo/ros2_ws/install/hangman_interfaces/bin'
[1.415s] Level 1:colcon.colcon_core.environment:checking '/home/youngmo/ros2_ws/install/hangman_interfaces/lib/pkgconfig/hangman_interfaces.pc'
[1.415s] Level 1:colcon.colcon_core.environment:checking '/home/youngmo/ros2_ws/install/hangman_interfaces/lib/python3.10/site-packages'
[1.415s] Level 1:colcon.colcon_core.environment:checking '/home/youngmo/ros2_ws/install/hangman_interfaces/bin'
[1.415s] INFO:colcon.colcon_core.shell:Creating package script '/home/youngmo/ros2_ws/install/hangman_interfaces/share/hangman_interfaces/package.ps1'
[1.416s] INFO:colcon.colcon_core.shell:Creating package descriptor '/home/youngmo/ros2_ws/install/hangman_interfaces/share/hangman_interfaces/package.dsv'
[1.416s] INFO:colcon.colcon_core.shell:Creating package script '/home/youngmo/ros2_ws/install/hangman_interfaces/share/hangman_interfaces/package.sh'
[1.417s] INFO:colcon.colcon_core.shell:Creating package script '/home/youngmo/ros2_ws/install/hangman_interfaces/share/hangman_interfaces/package.bash'
[1.417s] INFO:colcon.colcon_core.shell:Creating package script '/home/youngmo/ros2_ws/install/hangman_interfaces/share/hangman_interfaces/package.zsh'
[1.418s] Level 1:colcon.colcon_core.environment:create_file_with_runtime_dependencies(/home/youngmo/ros2_ws/install/hangman_interfaces/share/colcon-core/packages/hangman_interfaces)
[1.418s] INFO:colcon.colcon_ros.task.ament_python.build:Building ROS package in '/home/youngmo/ros2_ws/src/hangman_game' with build type 'ament_python'
[1.418s] Level 1:colcon.colcon_core.shell:create_environment_hook('hangman_game', 'ament_prefix_path')
[1.419s] INFO:colcon.colcon_core.shell:Creating environment hook '/home/youngmo/ros2_ws/install/hangman_game/share/hangman_game/hook/ament_prefix_path.ps1'
[1.419s] INFO:colcon.colcon_core.shell:Creating environment descriptor '/home/youngmo/ros2_ws/install/hangman_game/share/hangman_game/hook/ament_prefix_path.dsv'
[1.420s] INFO:colcon.colcon_core.shell:Creating environment hook '/home/youngmo/ros2_ws/install/hangman_game/share/hangman_game/hook/ament_prefix_path.sh'
[1.420s] INFO:colcon.colcon_core.shell:Skip shell extension 'powershell' for command environment: Not usable outside of PowerShell
[1.421s] DEBUG:colcon.colcon_core.shell:Skip shell extension 'dsv' for command environment
[1.661s] INFO:colcon.colcon_core.task.python.build:Building Python package in '/home/youngmo/ros2_ws/src/hangman_game'
[1.661s] INFO:colcon.colcon_core.shell:Skip shell extension 'powershell' for command environment: Not usable outside of PowerShell
[1.661s] DEBUG:colcon.colcon_core.shell:Skip shell extension 'dsv' for command environment
[1.951s] DEBUG:colcon.colcon_core.event_handler.log_command:Invoking command in '/home/youngmo/ros2_ws/src/hangman_game': CMAKE_PREFIX_PATH=/home/youngmo/ros2_ws/install/hangman_interfaces:/home/youngmo/ros2_ws/install/ros_study_cpp:/home/youngmo/ros2_ws/install/cpp_excalculator:/home/youngmo/ros2_ws/install/ros_study_msgs LD_LIBRARY_PATH=/home/youngmo/ros2_ws/install/hangman_interfaces/lib:/home/youngmo/ros2_ws/install/ros_study_msgs/lib:/opt/ros/humble/opt/rviz_ogre_vendor/lib:/opt/ros/humble/lib/x86_64-linux-gnu:/opt/ros/humble/lib PYTHONPATH=/home/youngmo/ros2_ws/build/hangman_game/prefix_override:/usr/lib/python3/dist-packages/colcon_core/task/python/colcon_distutils_commands:/home/youngmo/ros2_ws/install/hangman_game/lib/python3.10/site-packages:${PYTHONPATH} /usr/bin/python3 -W ignore:setup.py install is deprecated -W ignore:easy_install command is deprecated setup.py egg_info --egg-base ../../build/hangman_game build --build-base /home/youngmo/ros2_ws/build/hangman_game/build install --record /home/youngmo/ros2_ws/build/hangman_game/install.log --single-version-externally-managed install_data
[2.210s] Level 1:colcon.colcon_core.environment:checking '/home/youngmo/ros2_ws/install/hangman_game' for CMake module files
[2.211s] DEBUG:colcon.colcon_core.event_handler.log_command:Invoked command in '/home/youngmo/ros2_ws/src/hangman_game' returned '0': CMAKE_PREFIX_PATH=/home/youngmo/ros2_ws/install/hangman_interfaces:/home/youngmo/ros2_ws/install/ros_study_cpp:/home/youngmo/ros2_ws/install/cpp_excalculator:/home/youngmo/ros2_ws/install/ros_study_msgs LD_LIBRARY_PATH=/home/youngmo/ros2_ws/install/hangman_interfaces/lib:/home/youngmo/ros2_ws/install/ros_study_msgs/lib:/opt/ros/humble/opt/rviz_ogre_vendor/lib:/opt/ros/humble/lib/x86_64-linux-gnu:/opt/ros/humble/lib PYTHONPATH=/home/youngmo/ros2_ws/build/hangman_game/prefix_override:/usr/lib/python3/dist-packages/colcon_core/task/python/colcon_distutils_commands:/home/youngmo/ros2_ws/install/hangman_game/lib/python3.10/site-packages:${PYTHONPATH} /usr/bin/python3 -W ignore:setup.py install is deprecated -W ignore:easy_install command is deprecated setup.py egg_info --egg-base ../../build/hangman_game build --build-base /home/youngmo/ros2_ws/build/hangman_game/build install --record /home/youngmo/ros2_ws/build/hangman_game/install.log --single-version-externally-managed install_data
[2.211s] Level 1:colcon.colcon_core.environment:checking '/home/youngmo/ros2_ws/install/hangman_game' for CMake config files
[2.212s] Level 1:colcon.colcon_core.environment:checking '/home/youngmo/ros2_ws/install/hangman_game/lib'
[2.212s] Level 1:colcon.colcon_core.environment:checking '/home/youngmo/ros2_ws/install/hangman_game/bin'
[2.212s] Level 1:colcon.colcon_core.environment:checking '/home/youngmo/ros2_ws/install/hangman_game/lib/pkgconfig/hangman_game.pc'
[2.212s] Level 1:colcon.colcon_core.environment:checking '/home/youngmo/ros2_ws/install/hangman_game/lib/python3.10/site-packages'
[2.212s] Level 1:colcon.colcon_core.shell:create_environment_hook('hangman_game', 'pythonpath')
[2.213s] INFO:colcon.colcon_core.shell:Creating environment hook '/home/youngmo/ros2_ws/install/hangman_game/share/hangman_game/hook/pythonpath.ps1'
[2.213s] INFO:colcon.colcon_core.shell:Creating environment descriptor '/home/youngmo/ros2_ws/install/hangman_game/share/hangman_game/hook/pythonpath.dsv'
[2.214s] INFO:colcon.colcon_core.shell:Creating environment hook '/home/youngmo/ros2_ws/install/hangman_game/share/hangman_game/hook/pythonpath.sh'
[2.215s] Level 1:colcon.colcon_core.environment:checking '/home/youngmo/ros2_ws/install/hangman_game/bin'
[2.215s] Level 1:colcon.colcon_core.environment:create_environment_scripts_only(hangman_game)
[2.215s] INFO:colcon.colcon_core.shell:Creating package script '/home/youngmo/ros2_ws/install/hangman_game/share/hangman_game/package.ps1'
[2.216s] INFO:colcon.colcon_core.shell:Creating package descriptor '/home/youngmo/ros2_ws/install/hangman_game/share/hangman_game/package.dsv'
[2.216s] INFO:colcon.colcon_core.shell:Creating package script '/home/youngmo/ros2_ws/install/hangman_game/share/hangman_game/package.sh'
[2.217s] INFO:colcon.colcon_core.shell:Creating package script '/home/youngmo/ros2_ws/install/hangman_game/share/hangman_game/package.bash'
[2.217s] INFO:colcon.colcon_core.shell:Creating package script '/home/youngmo/ros2_ws/install/hangman_game/share/hangman_game/package.zsh'
[2.218s] Level 1:colcon.colcon_core.environment:create_file_with_runtime_dependencies(/home/youngmo/ros2_ws/install/hangman_game/share/colcon-core/packages/hangman_game)
[2.218s] DEBUG:colcon.colcon_parallel_executor.executor.parallel:closing loop
[2.218s] DEBUG:colcon.colcon_parallel_executor.executor.parallel:loop closed
[2.218s] DEBUG:colcon.colcon_parallel_executor.executor.parallel:run_until_complete finished with '0'
[2.218s] DEBUG:colcon.colcon_core.event_reactor:joining thread
[2.227s] INFO:colcon.colcon_core.plugin_system:Skipping extension 'colcon_notification.desktop_notification.terminal_notifier': Not used on non-Darwin systems
[2.227s] INFO:colcon.colcon_core.plugin_system:Skipping extension 'colcon_notification.desktop_notification.win32': Not used on non-Windows systems
[2.227s] INFO:colcon.colcon_notification.desktop_notification:Sending desktop notification using 'notify2'
[2.251s] DEBUG:colcon.colcon_core.event_reactor:joined thread
[2.252s] INFO:colcon.colcon_core.shell:Creating prefix script '/home/youngmo/ros2_ws/install/local_setup.ps1'
[2.253s] INFO:colcon.colcon_core.shell:Creating prefix util module '/home/youngmo/ros2_ws/install/_local_setup_util_ps1.py'
[2.255s] INFO:colcon.colcon_core.shell:Creating prefix chain script '/home/youngmo/ros2_ws/install/setup.ps1'
[2.256s] INFO:colcon.colcon_core.shell:Creating prefix script '/home/youngmo/ros2_ws/install/local_setup.sh'
[2.257s] INFO:colcon.colcon_core.shell:Creating prefix util module '/home/youngmo/ros2_ws/install/_local_setup_util_sh.py'
[2.257s] INFO:colcon.colcon_core.shell:Creating prefix chain script '/home/youngmo/ros2_ws/install/setup.sh'
[2.260s] INFO:colcon.colcon_core.shell:Creating prefix script '/home/youngmo/ros2_ws/install/local_setup.bash'
[2.260s] INFO:colcon.colcon_core.shell:Creating prefix chain script '/home/youngmo/ros2_ws/install/setup.bash'
[2.262s] INFO:colcon.colcon_core.shell:Creating prefix script '/home/youngmo/ros2_ws/install/local_setup.zsh'
[2.262s] INFO:colcon.colcon_core.shell:Creating prefix chain script '/home/youngmo/ros2_ws/install/setup.zsh'
