[0.633s] Invoking command in '/home/youngmo/ros2_ws/src/ros_study_py': CMAKE_PREFIX_PATH=/home/youngmo/ros2_ws/install/ros_study_msgs:/home/youngmo/ros2_ws/install/ros_study_cpp:/home/youngmo/ros2_ws/install/cpp_excalculator:/home/youngmo/ros2_ws/install/hangman_game_cpp:/home/youngmo/ros2_ws/install/hangman_interfaces LD_LIBRARY_PATH=/home/youngmo/ros2_ws/install/ros_study_msgs/lib:/home/youngmo/ros2_ws/install/hangman_interfaces/lib:/opt/ros/humble/opt/rviz_ogre_vendor/lib:/opt/ros/humble/lib/x86_64-linux-gnu:/opt/ros/humble/lib:/tmp/.mount_CursorXLnvvw/usr/lib/:/tmp/.mount_CursorXLnvvw/usr/lib32/:/tmp/.mount_CursorXLnvvw/usr/lib64/:/tmp/.mount_CursorXLnvvw/lib/:/tmp/.mount_CursorXLnvvw/lib/i386-linux-gnu/:/tmp/.mount_CursorXLnvvw/lib/x86_64-linux-gnu/:/tmp/.mount_CursorXLnvvw/lib/aarch64-linux-gnu/:/tmp/.mount_CursorXLnvvw/lib32/:/tmp/.mount_CursorXLnvvw/lib64/ PYTHONPATH=/home/youngmo/ros2_ws/build/ros_study_py/prefix_override:/usr/lib/python3/dist-packages/colcon_core/task/python/colcon_distutils_commands:/home/youngmo/ros2_ws/install/ros_study_py/lib/python3.10/site-packages:${PYTHONPATH} /usr/bin/python3 -W ignore:setup.py install is deprecated -W ignore:easy_install command is deprecated setup.py egg_info --egg-base ../../build/ros_study_py build --build-base /home/youngmo/ros2_ws/build/ros_study_py/build install --record /home/youngmo/ros2_ws/build/ros_study_py/install.log --single-version-externally-managed install_data
[0.760s] running egg_info
[0.760s] writing ../../build/ros_study_py/ros_study_py.egg-info/PKG-INFO
[0.760s] writing dependency_links to ../../build/ros_study_py/ros_study_py.egg-info/dependency_links.txt
[0.760s] writing entry points to ../../build/ros_study_py/ros_study_py.egg-info/entry_points.txt
[0.760s] writing requirements to ../../build/ros_study_py/ros_study_py.egg-info/requires.txt
[0.760s] writing top-level names to ../../build/ros_study_py/ros_study_py.egg-info/top_level.txt
[0.762s] reading manifest file '../../build/ros_study_py/ros_study_py.egg-info/SOURCES.txt'
[0.762s] writing manifest file '../../build/ros_study_py/ros_study_py.egg-info/SOURCES.txt'
[0.762s] running build
[0.762s] running build_py
[0.762s] running install
[0.762s] running install_lib
[0.763s] running install_data
[0.763s] running install_egg_info
[0.764s] removing '/home/youngmo/ros2_ws/install/ros_study_py/lib/python3.10/site-packages/ros_study_py-0.0.0-py3.10.egg-info' (and everything under it)
[0.766s] Copying ../../build/ros_study_py/ros_study_py.egg-info to /home/youngmo/ros2_ws/install/ros_study_py/lib/python3.10/site-packages/ros_study_py-0.0.0-py3.10.egg-info
[0.766s] running install_scripts
[0.780s] Installing my_action_client script to /home/youngmo/ros2_ws/install/ros_study_py/lib/ros_study_py
[0.780s] Installing my_action_server script to /home/youngmo/ros2_ws/install/ros_study_py/lib/ros_study_py
[0.780s] Installing my_msg_subscriber script to /home/youngmo/ros2_ws/install/ros_study_py/lib/ros_study_py
[0.780s] Installing my_msg_test script to /home/youngmo/ros2_ws/install/ros_study_py/lib/ros_study_py
[0.780s] Installing my_service_client script to /home/youngmo/ros2_ws/install/ros_study_py/lib/ros_study_py
[0.780s] Installing my_service_server script to /home/youngmo/ros2_ws/install/ros_study_py/lib/ros_study_py
[0.780s] writing list of installed files to '/home/youngmo/ros2_ws/build/ros_study_py/install.log'
[0.800s] Invoked command in '/home/youngmo/ros2_ws/src/ros_study_py' returned '0': CMAKE_PREFIX_PATH=/home/youngmo/ros2_ws/install/ros_study_msgs:/home/youngmo/ros2_ws/install/ros_study_cpp:/home/youngmo/ros2_ws/install/cpp_excalculator:/home/youngmo/ros2_ws/install/hangman_game_cpp:/home/youngmo/ros2_ws/install/hangman_interfaces LD_LIBRARY_PATH=/home/youngmo/ros2_ws/install/ros_study_msgs/lib:/home/youngmo/ros2_ws/install/hangman_interfaces/lib:/opt/ros/humble/opt/rviz_ogre_vendor/lib:/opt/ros/humble/lib/x86_64-linux-gnu:/opt/ros/humble/lib:/tmp/.mount_CursorXLnvvw/usr/lib/:/tmp/.mount_CursorXLnvvw/usr/lib32/:/tmp/.mount_CursorXLnvvw/usr/lib64/:/tmp/.mount_CursorXLnvvw/lib/:/tmp/.mount_CursorXLnvvw/lib/i386-linux-gnu/:/tmp/.mount_CursorXLnvvw/lib/x86_64-linux-gnu/:/tmp/.mount_CursorXLnvvw/lib/aarch64-linux-gnu/:/tmp/.mount_CursorXLnvvw/lib32/:/tmp/.mount_CursorXLnvvw/lib64/ PYTHONPATH=/home/youngmo/ros2_ws/build/ros_study_py/prefix_override:/usr/lib/python3/dist-packages/colcon_core/task/python/colcon_distutils_commands:/home/youngmo/ros2_ws/install/ros_study_py/lib/python3.10/site-packages:${PYTHONPATH} /usr/bin/python3 -W ignore:setup.py install is deprecated -W ignore:easy_install command is deprecated setup.py egg_info --egg-base ../../build/ros_study_py build --build-base /home/youngmo/ros2_ws/build/ros_study_py/build install --record /home/youngmo/ros2_ws/build/ros_study_py/install.log --single-version-externally-managed install_data
