[0.475s] Invoking command in '/home/youngmo/ros2_ws/build/hangman_game_cpp': CMAKE_PREFIX_PATH=/home/youngmo/ros2_ws/install/hangman_interfaces:/home/youngmo/ros2_ws/install/ros_study_cpp:/home/youngmo/ros2_ws/install/cpp_excalculator:/home/youngmo/ros2_ws/install/ros_study_msgs:/home/youngmo/ros2_ws/install/hangman_game_cpp:/home/youngmo/ros2_ws/install/ros_study_py:/home/youngmo/ros2_ws/install/ex_calculator_py:/home/youngmo/ros2_ws/install/opencv_py:/home/youngmo/ros2_ws/install/hangman_game:/opt/ros/humble LD_LIBRARY_PATH=/home/youngmo/ros2_ws/install/hangman_interfaces/lib:/home/youngmo/ros2_ws/install/ros_study_msgs/lib:/opt/ros/humble/opt/rviz_ogre_vendor/lib:/opt/ros/humble/lib/x86_64-linux-gnu:/opt/ros/humble/lib /usr/bin/cmake --build /home/youngmo/ros2_ws/build/hangman_game_cpp -- -j16 -l16
[0.529s] [ 20%] Built target progress_action_server
[0.536s] [ 40%] Built target user_input
[0.540s] [ 60%] Built target word_service
[0.543s] [ 80%] Built target progress_action_client
[0.552s] [100%] Built target letter_publisher
[0.567s] Invoked command in '/home/youngmo/ros2_ws/build/hangman_game_cpp' returned '0': CMAKE_PREFIX_PATH=/home/youngmo/ros2_ws/install/hangman_interfaces:/home/youngmo/ros2_ws/install/ros_study_cpp:/home/youngmo/ros2_ws/install/cpp_excalculator:/home/youngmo/ros2_ws/install/ros_study_msgs:/home/youngmo/ros2_ws/install/hangman_game_cpp:/home/youngmo/ros2_ws/install/ros_study_py:/home/youngmo/ros2_ws/install/ex_calculator_py:/home/youngmo/ros2_ws/install/opencv_py:/home/youngmo/ros2_ws/install/hangman_game:/opt/ros/humble LD_LIBRARY_PATH=/home/youngmo/ros2_ws/install/hangman_interfaces/lib:/home/youngmo/ros2_ws/install/ros_study_msgs/lib:/opt/ros/humble/opt/rviz_ogre_vendor/lib:/opt/ros/humble/lib/x86_64-linux-gnu:/opt/ros/humble/lib /usr/bin/cmake --build /home/youngmo/ros2_ws/build/hangman_game_cpp -- -j16 -l16
[0.572s] Invoking command in '/home/youngmo/ros2_ws/build/hangman_game_cpp': CMAKE_PREFIX_PATH=/home/youngmo/ros2_ws/install/hangman_interfaces:/home/youngmo/ros2_ws/install/ros_study_cpp:/home/youngmo/ros2_ws/install/cpp_excalculator:/home/youngmo/ros2_ws/install/ros_study_msgs:/home/youngmo/ros2_ws/install/hangman_game_cpp:/home/youngmo/ros2_ws/install/ros_study_py:/home/youngmo/ros2_ws/install/ex_calculator_py:/home/youngmo/ros2_ws/install/opencv_py:/home/youngmo/ros2_ws/install/hangman_game:/opt/ros/humble LD_LIBRARY_PATH=/home/youngmo/ros2_ws/install/hangman_interfaces/lib:/home/youngmo/ros2_ws/install/ros_study_msgs/lib:/opt/ros/humble/opt/rviz_ogre_vendor/lib:/opt/ros/humble/lib/x86_64-linux-gnu:/opt/ros/humble/lib /usr/bin/cmake --install /home/youngmo/ros2_ws/build/hangman_game_cpp
[0.578s] -- Install configuration: ""
[0.578s] -- Up-to-date: /home/youngmo/ros2_ws/install/hangman_game_cpp/lib/hangman_game_cpp/letter_publisher
[0.579s] -- Up-to-date: /home/youngmo/ros2_ws/install/hangman_game_cpp/lib/hangman_game_cpp/progress_action_client
[0.579s] -- Up-to-date: /home/youngmo/ros2_ws/install/hangman_game_cpp/lib/hangman_game_cpp/progress_action_server
[0.580s] -- Up-to-date: /home/youngmo/ros2_ws/install/hangman_game_cpp/lib/hangman_game_cpp/user_input
[0.580s] -- Up-to-date: /home/youngmo/ros2_ws/install/hangman_game_cpp/lib/hangman_game_cpp/word_service
[0.580s] -- Up-to-date: /home/youngmo/ros2_ws/install/hangman_game_cpp/share/ament_index/resource_index/package_run_dependencies/hangman_game_cpp
[0.580s] -- Up-to-date: /home/youngmo/ros2_ws/install/hangman_game_cpp/share/ament_index/resource_index/parent_prefix_path/hangman_game_cpp
[0.580s] -- Up-to-date: /home/youngmo/ros2_ws/install/hangman_game_cpp/share/hangman_game_cpp/environment/ament_prefix_path.sh
[0.580s] -- Up-to-date: /home/youngmo/ros2_ws/install/hangman_game_cpp/share/hangman_game_cpp/environment/ament_prefix_path.dsv
[0.580s] -- Up-to-date: /home/youngmo/ros2_ws/install/hangman_game_cpp/share/hangman_game_cpp/environment/path.sh
[0.580s] -- Up-to-date: /home/youngmo/ros2_ws/install/hangman_game_cpp/share/hangman_game_cpp/environment/path.dsv
[0.581s] -- Up-to-date: /home/youngmo/ros2_ws/install/hangman_game_cpp/share/hangman_game_cpp/local_setup.bash
[0.581s] -- Up-to-date: /home/youngmo/ros2_ws/install/hangman_game_cpp/share/hangman_game_cpp/local_setup.sh
[0.581s] -- Up-to-date: /home/youngmo/ros2_ws/install/hangman_game_cpp/share/hangman_game_cpp/local_setup.zsh
[0.581s] -- Up-to-date: /home/youngmo/ros2_ws/install/hangman_game_cpp/share/hangman_game_cpp/local_setup.dsv
[0.581s] -- Installing: /home/youngmo/ros2_ws/install/hangman_game_cpp/share/hangman_game_cpp/package.dsv
[0.582s] -- Up-to-date: /home/youngmo/ros2_ws/install/hangman_game_cpp/share/ament_index/resource_index/packages/hangman_game_cpp
[0.582s] -- Up-to-date: /home/youngmo/ros2_ws/install/hangman_game_cpp/share/hangman_game_cpp/cmake/hangman_game_cppConfig.cmake
[0.582s] -- Up-to-date: /home/youngmo/ros2_ws/install/hangman_game_cpp/share/hangman_game_cpp/cmake/hangman_game_cppConfig-version.cmake
[0.582s] -- Up-to-date: /home/youngmo/ros2_ws/install/hangman_game_cpp/share/hangman_game_cpp/package.xml
[0.582s] Invoked command in '/home/youngmo/ros2_ws/build/hangman_game_cpp' returned '0': CMAKE_PREFIX_PATH=/home/youngmo/ros2_ws/install/hangman_interfaces:/home/youngmo/ros2_ws/install/ros_study_cpp:/home/youngmo/ros2_ws/install/cpp_excalculator:/home/youngmo/ros2_ws/install/ros_study_msgs:/home/youngmo/ros2_ws/install/hangman_game_cpp:/home/youngmo/ros2_ws/install/ros_study_py:/home/youngmo/ros2_ws/install/ex_calculator_py:/home/youngmo/ros2_ws/install/opencv_py:/home/youngmo/ros2_ws/install/hangman_game:/opt/ros/humble LD_LIBRARY_PATH=/home/youngmo/ros2_ws/install/hangman_interfaces/lib:/home/youngmo/ros2_ws/install/ros_study_msgs/lib:/opt/ros/humble/opt/rviz_ogre_vendor/lib:/opt/ros/humble/lib/x86_64-linux-gnu:/opt/ros/humble/lib /usr/bin/cmake --install /home/youngmo/ros2_ws/build/hangman_game_cpp
