[0.298s] Invoking command in '/home/youngmo/ros2_ws/src/ros_study_py': CMAKE_PREFIX_PATH=/home/youngmo/ros2_ws/install/ros_study_msgs:/home/youngmo/ros2_ws/install/ros_study_cpp PYTHONPATH=/home/youngmo/ros2_ws/build/ros_study_py/prefix_override:/usr/lib/python3/dist-packages/colcon_core/task/python/colcon_distutils_commands:/home/youngmo/ros2_ws/install/ros_study_py/lib/python3.10/site-packages:${PYTHONPATH} /usr/bin/python3 -W ignore:setup.py install is deprecated -W ignore:easy_install command is deprecated setup.py egg_info --egg-base ../../build/ros_study_py build --build-base /home/youngmo/ros2_ws/build/ros_study_py/build install --record /home/youngmo/ros2_ws/build/ros_study_py/install.log --single-version-externally-managed install_data
[0.406s] running egg_info
[0.406s] writing ../../build/ros_study_py/ros_study_py.egg-info/PKG-INFO
[0.407s] writing dependency_links to ../../build/ros_study_py/ros_study_py.egg-info/dependency_links.txt
[0.407s] writing entry points to ../../build/ros_study_py/ros_study_py.egg-info/entry_points.txt
[0.407s] writing requirements to ../../build/ros_study_py/ros_study_py.egg-info/requires.txt
[0.407s] writing top-level names to ../../build/ros_study_py/ros_study_py.egg-info/top_level.txt
[0.408s] reading manifest file '../../build/ros_study_py/ros_study_py.egg-info/SOURCES.txt'
[0.408s] writing manifest file '../../build/ros_study_py/ros_study_py.egg-info/SOURCES.txt'
[0.408s] running build
[0.408s] running build_py
[0.408s] running install
[0.408s] running install_lib
[0.409s] running install_data
[0.409s] running install_egg_info
[0.410s] removing '/home/youngmo/ros2_ws/install/ros_study_py/lib/python3.10/site-packages/ros_study_py-0.0.0-py3.10.egg-info' (and everything under it)
[0.410s] Copying ../../build/ros_study_py/ros_study_py.egg-info to /home/youngmo/ros2_ws/install/ros_study_py/lib/python3.10/site-packages/ros_study_py-0.0.0-py3.10.egg-info
[0.410s] running install_scripts
[0.431s] Installing my_msg_subscriber script to /home/youngmo/ros2_ws/install/ros_study_py/lib/ros_study_py
[0.431s] Installing my_msg_test script to /home/youngmo/ros2_ws/install/ros_study_py/lib/ros_study_py
[0.431s] writing list of installed files to '/home/youngmo/ros2_ws/build/ros_study_py/install.log'
