[0.328s] Invoking command in '/home/youngmo/ros2_ws/build/ros_study_cpp': AMENT_PREFIX_PATH=/home/youngmo/ros2_ws/install/ros_study_msgs:${AMENT_PREFIX_PATH} CMAKE_PREFIX_PATH=/home/youngmo/ros2_ws/install/ros_study_msgs:/opt/ros/humble LD_LIBRARY_PATH=/home/youngmo/ros2_ws/install/ros_study_msgs/lib:${LD_LIBRARY_PATH} PYTHONPATH=/home/youngmo/ros2_ws/install/ros_study_msgs/local/lib/python3.10/dist-packages:${PYTHONPATH} /usr/bin/cmake /home/youngmo/ros2_ws/src/ros_study_cpp -DCMAKE_INSTALL_PREFIX=/home/youngmo/ros2_ws/install/ros_study_cpp
[0.405s] -- The C compiler identification is GNU 11.4.0
[0.475s] -- The CXX compiler identification is GNU 11.4.0
[0.496s] -- Detecting C compiler ABI info
[0.594s] -- Detecting C compiler ABI info - done
[0.607s] -- Check for working C compiler: /usr/bin/cc - skipped
[0.607s] -- Detecting C compile features
[0.607s] -- Detecting C compile features - done
[0.612s] -- Detecting CXX compiler ABI info
[0.746s] -- Detecting CXX compiler ABI info - done
[0.756s] -- Check for working CXX compiler: /usr/bin/c++ - skipped
[0.757s] -- Detecting CXX compile features
[0.757s] -- Detecting CXX compile features - done
[0.759s] -- Found ament_cmake: 1.3.11 (/opt/ros/humble/share/ament_cmake/cmake)
[1.032s] -- Found Python3: /usr/bin/python3 (found version "3.10.12") found components: Interpreter 
[1.160s] -- Found rclcpp: 16.0.12 (/opt/ros/humble/share/rclcpp/cmake)
[1.206s] -- Found rosidl_generator_c: 3.1.6 (/opt/ros/humble/share/rosidl_generator_c/cmake)
[1.213s] -- Found rosidl_adapter: 3.1.6 (/opt/ros/humble/share/rosidl_adapter/cmake)
[1.227s] -- Found rosidl_generator_cpp: 3.1.6 (/opt/ros/humble/share/rosidl_generator_cpp/cmake)
[1.239s] -- Using all available rosidl_typesupport_c: rosidl_typesupport_fastrtps_c;rosidl_typesupport_introspection_c
[1.263s] -- Using all available rosidl_typesupport_cpp: rosidl_typesupport_fastrtps_cpp;rosidl_typesupport_introspection_cpp
[1.318s] -- Found rmw_implementation_cmake: 6.1.2 (/opt/ros/humble/share/rmw_implementation_cmake/cmake)
[1.318s] -- Found rmw_fastrtps_cpp: 6.2.7 (/opt/ros/humble/share/rmw_fastrtps_cpp/cmake)
[1.432s] -- Found OpenSSL: /usr/lib/x86_64-linux-gnu/libcrypto.so (found version "3.0.2")  
[1.476s] -- Found FastRTPS: /opt/ros/humble/include  
[1.531s] -- Using RMW implementation 'rmw_fastrtps_cpp' as default
[1.541s] -- Looking for pthread.h
[1.647s] -- Looking for pthread.h - found
[1.647s] -- Performing Test CMAKE_HAVE_LIBC_PTHREAD
[1.791s] -- Performing Test CMAKE_HAVE_LIBC_PTHREAD - Success
[1.800s] -- Found Threads: TRUE  
[1.896s] -- Found ros_study_msgs: 0.0.0 (/home/youngmo/ros2_ws/install/ros_study_msgs/share/ros_study_msgs/cmake)
[1.964s] -- Found rclcpp_action: 16.0.12 (/opt/ros/humble/share/rclcpp_action/cmake)
[1.981s] -- Found ament_lint_auto: 0.12.12 (/opt/ros/humble/share/ament_lint_auto/cmake)
[2.108s] -- Added test 'cppcheck' to perform static code analysis on C / C++ code
[2.108s] -- Configured cppcheck include dirs: 
[2.108s] -- Configured cppcheck exclude dirs and/or files: 
[2.109s] -- Added test 'lint_cmake' to check CMake code style
[2.109s] -- Added test 'uncrustify' to check C / C++ code style
[2.110s] -- Configured uncrustify additional arguments: 
[2.111s] -- Added test 'xmllint' to check XML markup files
[2.111s] -- Configuring done
[2.140s] -- Generating done
[2.153s] -- Build files have been written to: /home/youngmo/ros2_ws/build/ros_study_cpp
