[0.292s] Invoking command in '/home/youngmo/ros2_ws/src/ros_study_py': CMAKE_PREFIX_PATH=/home/youngmo/ros2_ws/install/ros_study_msgs:/home/youngmo/ros2_ws/install/ros_study_cpp PYTHONPATH=/home/youngmo/ros2_ws/build/ros_study_py/prefix_override:/usr/lib/python3/dist-packages/colcon_core/task/python/colcon_distutils_commands:/home/youngmo/ros2_ws/install/ros_study_py/lib/python3.10/site-packages:${PYTHONPATH} /usr/bin/python3 -W ignore:setup.py install is deprecated -W ignore:easy_install command is deprecated setup.py egg_info --egg-base ../../build/ros_study_py build --build-base /home/youngmo/ros2_ws/build/ros_study_py/build install --record /home/youngmo/ros2_ws/build/ros_study_py/install.log --single-version-externally-managed install_data
[0.420s] running egg_info
[0.420s] creating ../../build/ros_study_py/ros_study_py.egg-info
[0.420s] writing ../../build/ros_study_py/ros_study_py.egg-info/PKG-INFO
[0.420s] writing dependency_links to ../../build/ros_study_py/ros_study_py.egg-info/dependency_links.txt
[0.420s] writing entry points to ../../build/ros_study_py/ros_study_py.egg-info/entry_points.txt
[0.420s] writing requirements to ../../build/ros_study_py/ros_study_py.egg-info/requires.txt
[0.420s] writing top-level names to ../../build/ros_study_py/ros_study_py.egg-info/top_level.txt
[0.420s] writing manifest file '../../build/ros_study_py/ros_study_py.egg-info/SOURCES.txt'
[0.420s] reading manifest file '../../build/ros_study_py/ros_study_py.egg-info/SOURCES.txt'
[0.420s] writing manifest file '../../build/ros_study_py/ros_study_py.egg-info/SOURCES.txt'
[0.420s] running build
[0.420s] running build_py
[0.420s] creating /home/youngmo/ros2_ws/build/ros_study_py/build
[0.420s] creating /home/youngmo/ros2_ws/build/ros_study_py/build/lib
[0.420s] creating /home/youngmo/ros2_ws/build/ros_study_py/build/lib/ros_study_py
[0.420s] copying ros_study_py/my_msg_test.py -> /home/youngmo/ros2_ws/build/ros_study_py/build/lib/ros_study_py
[0.420s] copying ros_study_py/my_msg_subscriber.py -> /home/youngmo/ros2_ws/build/ros_study_py/build/lib/ros_study_py
[0.420s] copying ros_study_py/__init__.py -> /home/youngmo/ros2_ws/build/ros_study_py/build/lib/ros_study_py
[0.420s] running install
[0.420s] running install_lib
[0.420s] creating /home/youngmo/ros2_ws/install/ros_study_py/lib/python3.10/site-packages/ros_study_py
[0.420s] copying /home/youngmo/ros2_ws/build/ros_study_py/build/lib/ros_study_py/my_msg_test.py -> /home/youngmo/ros2_ws/install/ros_study_py/lib/python3.10/site-packages/ros_study_py
[0.420s] copying /home/youngmo/ros2_ws/build/ros_study_py/build/lib/ros_study_py/my_msg_subscriber.py -> /home/youngmo/ros2_ws/install/ros_study_py/lib/python3.10/site-packages/ros_study_py
[0.420s] copying /home/youngmo/ros2_ws/build/ros_study_py/build/lib/ros_study_py/__init__.py -> /home/youngmo/ros2_ws/install/ros_study_py/lib/python3.10/site-packages/ros_study_py
[0.420s] byte-compiling /home/youngmo/ros2_ws/install/ros_study_py/lib/python3.10/site-packages/ros_study_py/my_msg_test.py to my_msg_test.cpython-310.pyc
[0.420s] byte-compiling /home/youngmo/ros2_ws/install/ros_study_py/lib/python3.10/site-packages/ros_study_py/my_msg_subscriber.py to my_msg_subscriber.cpython-310.pyc
[0.420s] byte-compiling /home/youngmo/ros2_ws/install/ros_study_py/lib/python3.10/site-packages/ros_study_py/__init__.py to __init__.cpython-310.pyc
[0.420s] running install_data
[0.420s] creating /home/youngmo/ros2_ws/install/ros_study_py/share/ament_index
[0.420s] creating /home/youngmo/ros2_ws/install/ros_study_py/share/ament_index/resource_index
[0.420s] creating /home/youngmo/ros2_ws/install/ros_study_py/share/ament_index/resource_index/packages
[0.420s] copying resource/ros_study_py -> /home/youngmo/ros2_ws/install/ros_study_py/share/ament_index/resource_index/packages
[0.420s] copying package.xml -> /home/youngmo/ros2_ws/install/ros_study_py/share/ros_study_py
[0.420s] running install_egg_info
[0.421s] Copying ../../build/ros_study_py/ros_study_py.egg-info to /home/youngmo/ros2_ws/install/ros_study_py/lib/python3.10/site-packages/ros_study_py-0.0.0-py3.10.egg-info
[0.421s] running install_scripts
[0.433s] Installing my_msg_subscriber script to /home/youngmo/ros2_ws/install/ros_study_py/lib/ros_study_py
[0.433s] Installing my_msg_test script to /home/youngmo/ros2_ws/install/ros_study_py/lib/ros_study_py
[0.433s] writing list of installed files to '/home/youngmo/ros2_ws/build/ros_study_py/install.log'
[0.442s] Invoked command in '/home/youngmo/ros2_ws/src/ros_study_py' returned '0': CMAKE_PREFIX_PATH=/home/youngmo/ros2_ws/install/ros_study_msgs:/home/youngmo/ros2_ws/install/ros_study_cpp PYTHONPATH=/home/youngmo/ros2_ws/build/ros_study_py/prefix_override:/usr/lib/python3/dist-packages/colcon_core/task/python/colcon_distutils_commands:/home/youngmo/ros2_ws/install/ros_study_py/lib/python3.10/site-packages:${PYTHONPATH} /usr/bin/python3 -W ignore:setup.py install is deprecated -W ignore:easy_install command is deprecated setup.py egg_info --egg-base ../../build/ros_study_py build --build-base /home/youngmo/ros2_ws/build/ros_study_py/build install --record /home/youngmo/ros2_ws/build/ros_study_py/install.log --single-version-externally-managed install_data
