[0.074s] DEBUG:colcon:Command line arguments: ['/usr/bin/colcon', 'build']
[0.074s] DEBUG:colcon:Parsed command line arguments: Namespace(log_base=None, log_level=None, verb_name='build', build_base='build', install_base='install', merge_install=False, symlink_install=False, test_result_base=None, continue_on_error=False, executor='parallel', parallel_workers=16, event_handlers=None, ignore_user_meta=False, metas=['./colcon.meta'], base_paths=['.'], packages_ignore=None, packages_ignore_regex=None, paths=None, packages_up_to=None, packages_up_to_regex=None, packages_above=None, packages_above_and_dependencies=None, packages_above_depth=None, packages_select_by_dep=None, packages_skip_by_dep=None, packages_skip_up_to=None, packages_select_build_failed=False, packages_skip_build_finished=False, packages_select_test_failures=False, packages_skip_test_passed=False, packages_select=None, packages_skip=None, packages_select_regex=None, packages_skip_regex=None, packages_start=None, packages_end=None, allow_overriding=[], cmake_args=None, cmake_target=None, cmake_target_skip_unavailable=False, cmake_clean_cache=False, cmake_clean_first=False, cmake_force_configure=False, ament_cmake_args=None, catkin_cmake_args=None, catkin_skip_building_tests=False, verb_parser=<colcon_defaults.argument_parser.defaults.DefaultArgumentsDecorator object at 0x7841a6bd7340>, verb_extension=<colcon_core.verb.build.BuildVerb object at 0x7841a6df0af0>, main=<bound method BuildVerb.main of <colcon_core.verb.build.BuildVerb object at 0x7841a6df0af0>>)
[0.159s] Level 1:colcon.colcon_core.package_discovery:discover_packages(colcon_meta) check parameters
[0.159s] Level 1:colcon.colcon_core.package_discovery:discover_packages(recursive) check parameters
[0.159s] Level 1:colcon.colcon_core.package_discovery:discover_packages(ignore) check parameters
[0.159s] Level 1:colcon.colcon_core.package_discovery:discover_packages(path) check parameters
[0.159s] Level 1:colcon.colcon_core.package_discovery:discover_packages(colcon_meta) discover
[0.159s] Level 1:colcon.colcon_core.package_discovery:discover_packages(recursive) discover
[0.159s] INFO:colcon.colcon_core.package_discovery:Crawling recursively for packages in '/home/youngmo/ros2_ws'
[0.159s] Level 1:colcon.colcon_core.package_identification:_identify(.) by extensions ['ignore', 'ignore_ament_install']
[0.159s] Level 1:colcon.colcon_core.package_identification:_identify(.) by extension 'ignore'
[0.159s] Level 1:colcon.colcon_core.package_identification:_identify(.) by extension 'ignore_ament_install'
[0.159s] Level 1:colcon.colcon_core.package_identification:_identify(.) by extensions ['colcon_pkg']
[0.159s] Level 1:colcon.colcon_core.package_identification:_identify(.) by extension 'colcon_pkg'
[0.159s] Level 1:colcon.colcon_core.package_identification:_identify(.) by extensions ['colcon_meta']
[0.159s] Level 1:colcon.colcon_core.package_identification:_identify(.) by extension 'colcon_meta'
[0.159s] Level 1:colcon.colcon_core.package_identification:_identify(.) by extensions ['ros']
[0.159s] Level 1:colcon.colcon_core.package_identification:_identify(.) by extension 'ros'
[0.167s] Level 1:colcon.colcon_core.package_identification:_identify(.) by extensions ['cmake', 'python']
[0.167s] Level 1:colcon.colcon_core.package_identification:_identify(.) by extension 'cmake'
[0.167s] Level 1:colcon.colcon_core.package_identification:_identify(.) by extension 'python'
[0.167s] Level 1:colcon.colcon_core.package_identification:_identify(.) by extensions ['python_setup_py']
[0.167s] Level 1:colcon.colcon_core.package_identification:_identify(.) by extension 'python_setup_py'
[0.167s] Level 1:colcon.colcon_core.package_identification:_identify(build) by extensions ['ignore', 'ignore_ament_install']
[0.167s] Level 1:colcon.colcon_core.package_identification:_identify(build) by extension 'ignore'
[0.167s] Level 1:colcon.colcon_core.package_identification:_identify(build) ignored
[0.167s] Level 1:colcon.colcon_core.package_identification:_identify(install) by extensions ['ignore', 'ignore_ament_install']
[0.167s] Level 1:colcon.colcon_core.package_identification:_identify(install) by extension 'ignore'
[0.167s] Level 1:colcon.colcon_core.package_identification:_identify(install) ignored
[0.167s] Level 1:colcon.colcon_core.package_identification:_identify(log) by extensions ['ignore', 'ignore_ament_install']
[0.167s] Level 1:colcon.colcon_core.package_identification:_identify(log) by extension 'ignore'
[0.167s] Level 1:colcon.colcon_core.package_identification:_identify(log) ignored
[0.167s] Level 1:colcon.colcon_core.package_identification:_identify(src) by extensions ['ignore', 'ignore_ament_install']
[0.168s] Level 1:colcon.colcon_core.package_identification:_identify(src) by extension 'ignore'
[0.168s] Level 1:colcon.colcon_core.package_identification:_identify(src) by extension 'ignore_ament_install'
[0.168s] Level 1:colcon.colcon_core.package_identification:_identify(src) by extensions ['colcon_pkg']
[0.168s] Level 1:colcon.colcon_core.package_identification:_identify(src) by extension 'colcon_pkg'
[0.168s] Level 1:colcon.colcon_core.package_identification:_identify(src) by extensions ['colcon_meta']
[0.168s] Level 1:colcon.colcon_core.package_identification:_identify(src) by extension 'colcon_meta'
[0.168s] Level 1:colcon.colcon_core.package_identification:_identify(src) by extensions ['ros']
[0.168s] Level 1:colcon.colcon_core.package_identification:_identify(src) by extension 'ros'
[0.168s] Level 1:colcon.colcon_core.package_identification:_identify(src) by extensions ['cmake', 'python']
[0.168s] Level 1:colcon.colcon_core.package_identification:_identify(src) by extension 'cmake'
[0.168s] Level 1:colcon.colcon_core.package_identification:_identify(src) by extension 'python'
[0.168s] Level 1:colcon.colcon_core.package_identification:_identify(src) by extensions ['python_setup_py']
[0.168s] Level 1:colcon.colcon_core.package_identification:_identify(src) by extension 'python_setup_py'
[0.168s] Level 1:colcon.colcon_core.package_identification:_identify(src/ex_calculator_py) by extensions ['ignore', 'ignore_ament_install']
[0.168s] Level 1:colcon.colcon_core.package_identification:_identify(src/ex_calculator_py) by extension 'ignore'
[0.168s] Level 1:colcon.colcon_core.package_identification:_identify(src/ex_calculator_py) by extension 'ignore_ament_install'
[0.168s] Level 1:colcon.colcon_core.package_identification:_identify(src/ex_calculator_py) by extensions ['colcon_pkg']
[0.168s] Level 1:colcon.colcon_core.package_identification:_identify(src/ex_calculator_py) by extension 'colcon_pkg'
[0.168s] Level 1:colcon.colcon_core.package_identification:_identify(src/ex_calculator_py) by extensions ['colcon_meta']
[0.168s] Level 1:colcon.colcon_core.package_identification:_identify(src/ex_calculator_py) by extension 'colcon_meta'
[0.168s] Level 1:colcon.colcon_core.package_identification:_identify(src/ex_calculator_py) by extensions ['ros']
[0.168s] Level 1:colcon.colcon_core.package_identification:_identify(src/ex_calculator_py) by extension 'ros'
[0.170s] DEBUG:colcon.colcon_core.package_identification:Package 'src/ex_calculator_py' with type 'ros.ament_python' and name 'ex_calculator_py'
[0.170s] Level 1:colcon.colcon_core.package_identification:_identify(src/ros_study_cpp) by extensions ['ignore', 'ignore_ament_install']
[0.170s] Level 1:colcon.colcon_core.package_identification:_identify(src/ros_study_cpp) by extension 'ignore'
[0.170s] Level 1:colcon.colcon_core.package_identification:_identify(src/ros_study_cpp) by extension 'ignore_ament_install'
[0.170s] Level 1:colcon.colcon_core.package_identification:_identify(src/ros_study_cpp) by extensions ['colcon_pkg']
[0.170s] Level 1:colcon.colcon_core.package_identification:_identify(src/ros_study_cpp) by extension 'colcon_pkg'
[0.170s] Level 1:colcon.colcon_core.package_identification:_identify(src/ros_study_cpp) by extensions ['colcon_meta']
[0.170s] Level 1:colcon.colcon_core.package_identification:_identify(src/ros_study_cpp) by extension 'colcon_meta'
[0.170s] Level 1:colcon.colcon_core.package_identification:_identify(src/ros_study_cpp) by extensions ['ros']
[0.170s] Level 1:colcon.colcon_core.package_identification:_identify(src/ros_study_cpp) by extension 'ros'
[0.176s] DEBUG:colcon.colcon_core.package_identification:Package 'src/ros_study_cpp' with type 'ros.ament_cmake' and name 'ros_study_cpp'
[0.176s] Level 1:colcon.colcon_core.package_identification:_identify(src/ros_study_msgs) by extensions ['ignore', 'ignore_ament_install']
[0.176s] Level 1:colcon.colcon_core.package_identification:_identify(src/ros_study_msgs) by extension 'ignore'
[0.176s] Level 1:colcon.colcon_core.package_identification:_identify(src/ros_study_msgs) by extension 'ignore_ament_install'
[0.176s] Level 1:colcon.colcon_core.package_identification:_identify(src/ros_study_msgs) by extensions ['colcon_pkg']
[0.176s] Level 1:colcon.colcon_core.package_identification:_identify(src/ros_study_msgs) by extension 'colcon_pkg'
[0.176s] Level 1:colcon.colcon_core.package_identification:_identify(src/ros_study_msgs) by extensions ['colcon_meta']
[0.176s] Level 1:colcon.colcon_core.package_identification:_identify(src/ros_study_msgs) by extension 'colcon_meta'
[0.176s] Level 1:colcon.colcon_core.package_identification:_identify(src/ros_study_msgs) by extensions ['ros']
[0.176s] Level 1:colcon.colcon_core.package_identification:_identify(src/ros_study_msgs) by extension 'ros'
[0.177s] DEBUG:colcon.colcon_core.package_identification:Package 'src/ros_study_msgs' with type 'ros.ament_cmake' and name 'ros_study_msgs'
[0.177s] Level 1:colcon.colcon_core.package_identification:_identify(src/ros_study_py) by extensions ['ignore', 'ignore_ament_install']
[0.177s] Level 1:colcon.colcon_core.package_identification:_identify(src/ros_study_py) by extension 'ignore'
[0.177s] Level 1:colcon.colcon_core.package_identification:_identify(src/ros_study_py) by extension 'ignore_ament_install'
[0.177s] Level 1:colcon.colcon_core.package_identification:_identify(src/ros_study_py) by extensions ['colcon_pkg']
[0.177s] Level 1:colcon.colcon_core.package_identification:_identify(src/ros_study_py) by extension 'colcon_pkg'
[0.177s] Level 1:colcon.colcon_core.package_identification:_identify(src/ros_study_py) by extensions ['colcon_meta']
[0.177s] Level 1:colcon.colcon_core.package_identification:_identify(src/ros_study_py) by extension 'colcon_meta'
[0.177s] Level 1:colcon.colcon_core.package_identification:_identify(src/ros_study_py) by extensions ['ros']
[0.177s] Level 1:colcon.colcon_core.package_identification:_identify(src/ros_study_py) by extension 'ros'
[0.177s] DEBUG:colcon.colcon_core.package_identification:Package 'src/ros_study_py' with type 'ros.ament_python' and name 'ros_study_py'
[0.177s] Level 1:colcon.colcon_core.package_discovery:discover_packages(recursive) using defaults
[0.177s] Level 1:colcon.colcon_core.package_discovery:discover_packages(ignore) discover
[0.177s] Level 1:colcon.colcon_core.package_discovery:discover_packages(ignore) using defaults
[0.177s] Level 1:colcon.colcon_core.package_discovery:discover_packages(path) discover
[0.177s] Level 1:colcon.colcon_core.package_discovery:discover_packages(path) using defaults
[0.189s] Level 1:colcon.colcon_core.package_discovery:discover_packages(prefix_path) check parameters
[0.189s] Level 1:colcon.colcon_core.package_discovery:discover_packages(prefix_path) discover
[0.191s] DEBUG:colcon.colcon_installed_package_information.package_discovery:Found 271 installed packages in /opt/ros/humble
[0.191s] Level 1:colcon.colcon_core.package_discovery:discover_packages(prefix_path) using defaults
[0.210s] Level 5:colcon.colcon_core.verb:set package 'ros_study_msgs' build argument 'cmake_args' from command line to 'None'
[0.210s] Level 5:colcon.colcon_core.verb:set package 'ros_study_msgs' build argument 'cmake_target' from command line to 'None'
[0.210s] Level 5:colcon.colcon_core.verb:set package 'ros_study_msgs' build argument 'cmake_target_skip_unavailable' from command line to 'False'
[0.210s] Level 5:colcon.colcon_core.verb:set package 'ros_study_msgs' build argument 'cmake_clean_cache' from command line to 'False'
[0.210s] Level 5:colcon.colcon_core.verb:set package 'ros_study_msgs' build argument 'cmake_clean_first' from command line to 'False'
[0.210s] Level 5:colcon.colcon_core.verb:set package 'ros_study_msgs' build argument 'cmake_force_configure' from command line to 'False'
[0.210s] Level 5:colcon.colcon_core.verb:set package 'ros_study_msgs' build argument 'ament_cmake_args' from command line to 'None'
[0.210s] Level 5:colcon.colcon_core.verb:set package 'ros_study_msgs' build argument 'catkin_cmake_args' from command line to 'None'
[0.210s] Level 5:colcon.colcon_core.verb:set package 'ros_study_msgs' build argument 'catkin_skip_building_tests' from command line to 'False'
[0.210s] DEBUG:colcon.colcon_core.verb:Building package 'ros_study_msgs' with the following arguments: {'ament_cmake_args': None, 'build_base': '/home/youngmo/ros2_ws/build/ros_study_msgs', 'catkin_cmake_args': None, 'catkin_skip_building_tests': False, 'cmake_args': None, 'cmake_clean_cache': False, 'cmake_clean_first': False, 'cmake_force_configure': False, 'cmake_target': None, 'cmake_target_skip_unavailable': False, 'install_base': '/home/youngmo/ros2_ws/install/ros_study_msgs', 'merge_install': False, 'path': '/home/youngmo/ros2_ws/src/ros_study_msgs', 'symlink_install': False, 'test_result_base': None}
[0.211s] Level 5:colcon.colcon_core.verb:set package 'ex_calculator_py' build argument 'cmake_args' from command line to 'None'
[0.211s] Level 5:colcon.colcon_core.verb:set package 'ex_calculator_py' build argument 'cmake_target' from command line to 'None'
[0.211s] Level 5:colcon.colcon_core.verb:set package 'ex_calculator_py' build argument 'cmake_target_skip_unavailable' from command line to 'False'
[0.211s] Level 5:colcon.colcon_core.verb:set package 'ex_calculator_py' build argument 'cmake_clean_cache' from command line to 'False'
[0.211s] Level 5:colcon.colcon_core.verb:set package 'ex_calculator_py' build argument 'cmake_clean_first' from command line to 'False'
[0.211s] Level 5:colcon.colcon_core.verb:set package 'ex_calculator_py' build argument 'cmake_force_configure' from command line to 'False'
[0.211s] Level 5:colcon.colcon_core.verb:set package 'ex_calculator_py' build argument 'ament_cmake_args' from command line to 'None'
[0.211s] Level 5:colcon.colcon_core.verb:set package 'ex_calculator_py' build argument 'catkin_cmake_args' from command line to 'None'
[0.211s] Level 5:colcon.colcon_core.verb:set package 'ex_calculator_py' build argument 'catkin_skip_building_tests' from command line to 'False'
[0.211s] DEBUG:colcon.colcon_core.verb:Building package 'ex_calculator_py' with the following arguments: {'ament_cmake_args': None, 'build_base': '/home/youngmo/ros2_ws/build/ex_calculator_py', 'catkin_cmake_args': None, 'catkin_skip_building_tests': False, 'cmake_args': None, 'cmake_clean_cache': False, 'cmake_clean_first': False, 'cmake_force_configure': False, 'cmake_target': None, 'cmake_target_skip_unavailable': False, 'install_base': '/home/youngmo/ros2_ws/install/ex_calculator_py', 'merge_install': False, 'path': '/home/youngmo/ros2_ws/src/ex_calculator_py', 'symlink_install': False, 'test_result_base': None}
[0.211s] Level 5:colcon.colcon_core.verb:set package 'ros_study_cpp' build argument 'cmake_args' from command line to 'None'
[0.211s] Level 5:colcon.colcon_core.verb:set package 'ros_study_cpp' build argument 'cmake_target' from command line to 'None'
[0.211s] Level 5:colcon.colcon_core.verb:set package 'ros_study_cpp' build argument 'cmake_target_skip_unavailable' from command line to 'False'
[0.211s] Level 5:colcon.colcon_core.verb:set package 'ros_study_cpp' build argument 'cmake_clean_cache' from command line to 'False'
[0.211s] Level 5:colcon.colcon_core.verb:set package 'ros_study_cpp' build argument 'cmake_clean_first' from command line to 'False'
[0.211s] Level 5:colcon.colcon_core.verb:set package 'ros_study_cpp' build argument 'cmake_force_configure' from command line to 'False'
[0.211s] Level 5:colcon.colcon_core.verb:set package 'ros_study_cpp' build argument 'ament_cmake_args' from command line to 'None'
[0.211s] Level 5:colcon.colcon_core.verb:set package 'ros_study_cpp' build argument 'catkin_cmake_args' from command line to 'None'
[0.211s] Level 5:colcon.colcon_core.verb:set package 'ros_study_cpp' build argument 'catkin_skip_building_tests' from command line to 'False'
[0.211s] DEBUG:colcon.colcon_core.verb:Building package 'ros_study_cpp' with the following arguments: {'ament_cmake_args': None, 'build_base': '/home/youngmo/ros2_ws/build/ros_study_cpp', 'catkin_cmake_args': None, 'catkin_skip_building_tests': False, 'cmake_args': None, 'cmake_clean_cache': False, 'cmake_clean_first': False, 'cmake_force_configure': False, 'cmake_target': None, 'cmake_target_skip_unavailable': False, 'install_base': '/home/youngmo/ros2_ws/install/ros_study_cpp', 'merge_install': False, 'path': '/home/youngmo/ros2_ws/src/ros_study_cpp', 'symlink_install': False, 'test_result_base': None}
[0.211s] Level 5:colcon.colcon_core.verb:set package 'ros_study_py' build argument 'cmake_args' from command line to 'None'
[0.211s] Level 5:colcon.colcon_core.verb:set package 'ros_study_py' build argument 'cmake_target' from command line to 'None'
[0.211s] Level 5:colcon.colcon_core.verb:set package 'ros_study_py' build argument 'cmake_target_skip_unavailable' from command line to 'False'
[0.211s] Level 5:colcon.colcon_core.verb:set package 'ros_study_py' build argument 'cmake_clean_cache' from command line to 'False'
[0.211s] Level 5:colcon.colcon_core.verb:set package 'ros_study_py' build argument 'cmake_clean_first' from command line to 'False'
[0.211s] Level 5:colcon.colcon_core.verb:set package 'ros_study_py' build argument 'cmake_force_configure' from command line to 'False'
[0.211s] Level 5:colcon.colcon_core.verb:set package 'ros_study_py' build argument 'ament_cmake_args' from command line to 'None'
[0.211s] Level 5:colcon.colcon_core.verb:set package 'ros_study_py' build argument 'catkin_cmake_args' from command line to 'None'
[0.211s] Level 5:colcon.colcon_core.verb:set package 'ros_study_py' build argument 'catkin_skip_building_tests' from command line to 'False'
[0.211s] DEBUG:colcon.colcon_core.verb:Building package 'ros_study_py' with the following arguments: {'ament_cmake_args': None, 'build_base': '/home/youngmo/ros2_ws/build/ros_study_py', 'catkin_cmake_args': None, 'catkin_skip_building_tests': False, 'cmake_args': None, 'cmake_clean_cache': False, 'cmake_clean_first': False, 'cmake_force_configure': False, 'cmake_target': None, 'cmake_target_skip_unavailable': False, 'install_base': '/home/youngmo/ros2_ws/install/ros_study_py', 'merge_install': False, 'path': '/home/youngmo/ros2_ws/src/ros_study_py', 'symlink_install': False, 'test_result_base': None}
[0.211s] INFO:colcon.colcon_core.executor:Executing jobs using 'parallel' executor
[0.213s] DEBUG:colcon.colcon_parallel_executor.executor.parallel:run_until_complete
[0.213s] INFO:colcon.colcon_ros.task.ament_cmake.build:Building ROS package in '/home/youngmo/ros2_ws/src/ros_study_msgs' with build type 'ament_cmake'
[0.213s] INFO:colcon.colcon_cmake.task.cmake.build:Building CMake package in '/home/youngmo/ros2_ws/src/ros_study_msgs'
[0.214s] INFO:colcon.colcon_core.plugin_system:Skipping extension 'colcon_core.shell.bat': Not used on non-Windows systems
[0.214s] INFO:colcon.colcon_core.shell:Skip shell extension 'powershell' for command environment: Not usable outside of PowerShell
[0.214s] DEBUG:colcon.colcon_core.shell:Skip shell extension 'dsv' for command environment
[0.222s] DEBUG:colcon.colcon_core.event_handler.log_command:Invoking command in '/home/youngmo/ros2_ws/build/ros_study_msgs': CMAKE_PREFIX_PATH=/opt/ros/humble /usr/bin/cmake /home/youngmo/ros2_ws/src/ros_study_msgs -DCMAKE_INSTALL_PREFIX=/home/youngmo/ros2_ws/install/ros_study_msgs
[1.546s] DEBUG:colcon.colcon_core.event_handler.log_command:Invoked command in '/home/youngmo/ros2_ws/build/ros_study_msgs' returned '0': CMAKE_PREFIX_PATH=/opt/ros/humble /usr/bin/cmake /home/youngmo/ros2_ws/src/ros_study_msgs -DCMAKE_INSTALL_PREFIX=/home/youngmo/ros2_ws/install/ros_study_msgs
[1.548s] DEBUG:colcon.colcon_core.event_handler.log_command:Invoking command in '/home/youngmo/ros2_ws/build/ros_study_msgs': CMAKE_PREFIX_PATH=/opt/ros/humble /usr/bin/cmake --build /home/youngmo/ros2_ws/build/ros_study_msgs -- -j16 -l16
[6.814s] DEBUG:colcon.colcon_core.event_handler.log_command:Invoked command in '/home/youngmo/ros2_ws/build/ros_study_msgs' returned '0': CMAKE_PREFIX_PATH=/opt/ros/humble /usr/bin/cmake --build /home/youngmo/ros2_ws/build/ros_study_msgs -- -j16 -l16
[6.835s] DEBUG:colcon.colcon_core.event_handler.log_command:Invoking command in '/home/youngmo/ros2_ws/build/ros_study_msgs': CMAKE_PREFIX_PATH=/opt/ros/humble /usr/bin/cmake --install /home/youngmo/ros2_ws/build/ros_study_msgs
[6.954s] Level 1:colcon.colcon_core.environment:create_environment_scripts_only(ros_study_msgs)
[6.954s] DEBUG:colcon.colcon_core.event_handler.log_command:Invoked command in '/home/youngmo/ros2_ws/build/ros_study_msgs' returned '0': CMAKE_PREFIX_PATH=/opt/ros/humble /usr/bin/cmake --install /home/youngmo/ros2_ws/build/ros_study_msgs
[6.957s] Level 1:colcon.colcon_core.environment:checking '/home/youngmo/ros2_ws/install/ros_study_msgs' for CMake module files
[6.958s] Level 1:colcon.colcon_core.environment:checking '/home/youngmo/ros2_ws/install/ros_study_msgs' for CMake config files
[6.961s] Level 1:colcon.colcon_core.shell:create_environment_hook('ros_study_msgs', 'cmake_prefix_path')
[6.961s] INFO:colcon.colcon_core.shell:Creating environment hook '/home/youngmo/ros2_ws/install/ros_study_msgs/share/ros_study_msgs/hook/cmake_prefix_path.ps1'
[6.962s] INFO:colcon.colcon_core.shell:Creating environment descriptor '/home/youngmo/ros2_ws/install/ros_study_msgs/share/ros_study_msgs/hook/cmake_prefix_path.dsv'
[6.963s] INFO:colcon.colcon_core.shell:Creating environment hook '/home/youngmo/ros2_ws/install/ros_study_msgs/share/ros_study_msgs/hook/cmake_prefix_path.sh'
[6.965s] Level 1:colcon.colcon_core.environment:checking '/home/youngmo/ros2_ws/install/ros_study_msgs/lib'
[6.965s] Level 1:colcon.colcon_core.shell:create_environment_hook('ros_study_msgs', 'ld_library_path_lib')
[6.966s] INFO:colcon.colcon_core.shell:Creating environment hook '/home/youngmo/ros2_ws/install/ros_study_msgs/share/ros_study_msgs/hook/ld_library_path_lib.ps1'
[6.966s] INFO:colcon.colcon_core.shell:Creating environment descriptor '/home/youngmo/ros2_ws/install/ros_study_msgs/share/ros_study_msgs/hook/ld_library_path_lib.dsv'
[6.966s] INFO:colcon.colcon_core.shell:Creating environment hook '/home/youngmo/ros2_ws/install/ros_study_msgs/share/ros_study_msgs/hook/ld_library_path_lib.sh'
[6.967s] Level 1:colcon.colcon_core.environment:checking '/home/youngmo/ros2_ws/install/ros_study_msgs/bin'
[6.967s] Level 1:colcon.colcon_core.environment:checking '/home/youngmo/ros2_ws/install/ros_study_msgs/lib/pkgconfig/ros_study_msgs.pc'
[6.967s] Level 1:colcon.colcon_core.environment:checking '/home/youngmo/ros2_ws/install/ros_study_msgs/lib/python3.10/site-packages'
[6.968s] Level 1:colcon.colcon_core.environment:checking '/home/youngmo/ros2_ws/install/ros_study_msgs/bin'
[6.968s] INFO:colcon.colcon_core.shell:Creating package script '/home/youngmo/ros2_ws/install/ros_study_msgs/share/ros_study_msgs/package.ps1'
[6.969s] INFO:colcon.colcon_core.shell:Creating package descriptor '/home/youngmo/ros2_ws/install/ros_study_msgs/share/ros_study_msgs/package.dsv'
[6.971s] INFO:colcon.colcon_core.shell:Creating package script '/home/youngmo/ros2_ws/install/ros_study_msgs/share/ros_study_msgs/package.sh'
[6.972s] INFO:colcon.colcon_core.shell:Creating package script '/home/youngmo/ros2_ws/install/ros_study_msgs/share/ros_study_msgs/package.bash'
[6.972s] INFO:colcon.colcon_core.shell:Creating package script '/home/youngmo/ros2_ws/install/ros_study_msgs/share/ros_study_msgs/package.zsh'
[6.973s] Level 1:colcon.colcon_core.environment:create_file_with_runtime_dependencies(/home/youngmo/ros2_ws/install/ros_study_msgs/share/colcon-core/packages/ros_study_msgs)
[6.974s] Level 1:colcon.colcon_core.environment:create_environment_scripts_only(ros_study_msgs)
[6.974s] Level 1:colcon.colcon_core.environment:checking '/home/youngmo/ros2_ws/install/ros_study_msgs' for CMake module files
[6.975s] Level 1:colcon.colcon_core.environment:checking '/home/youngmo/ros2_ws/install/ros_study_msgs' for CMake config files
[6.979s] Level 1:colcon.colcon_core.shell:create_environment_hook('ros_study_msgs', 'cmake_prefix_path')
[6.979s] INFO:colcon.colcon_core.shell:Creating environment hook '/home/youngmo/ros2_ws/install/ros_study_msgs/share/ros_study_msgs/hook/cmake_prefix_path.ps1'
[6.980s] INFO:colcon.colcon_core.shell:Creating environment descriptor '/home/youngmo/ros2_ws/install/ros_study_msgs/share/ros_study_msgs/hook/cmake_prefix_path.dsv'
[6.980s] INFO:colcon.colcon_core.shell:Creating environment hook '/home/youngmo/ros2_ws/install/ros_study_msgs/share/ros_study_msgs/hook/cmake_prefix_path.sh'
[6.981s] Level 1:colcon.colcon_core.environment:checking '/home/youngmo/ros2_ws/install/ros_study_msgs/lib'
[6.981s] Level 1:colcon.colcon_core.shell:create_environment_hook('ros_study_msgs', 'ld_library_path_lib')
[6.981s] INFO:colcon.colcon_core.shell:Creating environment hook '/home/youngmo/ros2_ws/install/ros_study_msgs/share/ros_study_msgs/hook/ld_library_path_lib.ps1'
[6.982s] INFO:colcon.colcon_core.shell:Creating environment descriptor '/home/youngmo/ros2_ws/install/ros_study_msgs/share/ros_study_msgs/hook/ld_library_path_lib.dsv'
[6.982s] INFO:colcon.colcon_core.shell:Creating environment hook '/home/youngmo/ros2_ws/install/ros_study_msgs/share/ros_study_msgs/hook/ld_library_path_lib.sh'
[6.982s] Level 1:colcon.colcon_core.environment:checking '/home/youngmo/ros2_ws/install/ros_study_msgs/bin'
[6.982s] Level 1:colcon.colcon_core.environment:checking '/home/youngmo/ros2_ws/install/ros_study_msgs/lib/pkgconfig/ros_study_msgs.pc'
[6.983s] Level 1:colcon.colcon_core.environment:checking '/home/youngmo/ros2_ws/install/ros_study_msgs/lib/python3.10/site-packages'
[6.983s] Level 1:colcon.colcon_core.environment:checking '/home/youngmo/ros2_ws/install/ros_study_msgs/bin'
[6.983s] INFO:colcon.colcon_core.shell:Creating package script '/home/youngmo/ros2_ws/install/ros_study_msgs/share/ros_study_msgs/package.ps1'
[6.984s] INFO:colcon.colcon_core.shell:Creating package descriptor '/home/youngmo/ros2_ws/install/ros_study_msgs/share/ros_study_msgs/package.dsv'
[6.984s] INFO:colcon.colcon_core.shell:Creating package script '/home/youngmo/ros2_ws/install/ros_study_msgs/share/ros_study_msgs/package.sh'
[6.985s] INFO:colcon.colcon_core.shell:Creating package script '/home/youngmo/ros2_ws/install/ros_study_msgs/share/ros_study_msgs/package.bash'
[6.985s] INFO:colcon.colcon_core.shell:Creating package script '/home/youngmo/ros2_ws/install/ros_study_msgs/share/ros_study_msgs/package.zsh'
[6.986s] Level 1:colcon.colcon_core.environment:create_file_with_runtime_dependencies(/home/youngmo/ros2_ws/install/ros_study_msgs/share/colcon-core/packages/ros_study_msgs)
[6.986s] INFO:colcon.colcon_ros.task.ament_python.build:Building ROS package in '/home/youngmo/ros2_ws/src/ex_calculator_py' with build type 'ament_python'
[6.986s] Level 1:colcon.colcon_core.shell:create_environment_hook('ex_calculator_py', 'ament_prefix_path')
[6.986s] INFO:colcon.colcon_core.shell:Creating environment hook '/home/youngmo/ros2_ws/install/ex_calculator_py/share/ex_calculator_py/hook/ament_prefix_path.ps1'
[6.989s] INFO:colcon.colcon_core.shell:Creating environment descriptor '/home/youngmo/ros2_ws/install/ex_calculator_py/share/ex_calculator_py/hook/ament_prefix_path.dsv'
[6.989s] INFO:colcon.colcon_core.shell:Creating environment hook '/home/youngmo/ros2_ws/install/ex_calculator_py/share/ex_calculator_py/hook/ament_prefix_path.sh'
[6.990s] INFO:colcon.colcon_core.shell:Skip shell extension 'powershell' for command environment: Not usable outside of PowerShell
[6.990s] DEBUG:colcon.colcon_core.shell:Skip shell extension 'dsv' for command environment
[6.996s] INFO:colcon.colcon_ros.task.ament_cmake.build:Building ROS package in '/home/youngmo/ros2_ws/src/ros_study_cpp' with build type 'ament_cmake'
[6.998s] INFO:colcon.colcon_cmake.task.cmake.build:Building CMake package in '/home/youngmo/ros2_ws/src/ros_study_cpp'
[6.998s] INFO:colcon.colcon_core.shell:Skip shell extension 'powershell' for command environment: Not usable outside of PowerShell
[6.998s] DEBUG:colcon.colcon_core.shell:Skip shell extension 'dsv' for command environment
[7.006s] INFO:colcon.colcon_ros.task.ament_python.build:Building ROS package in '/home/youngmo/ros2_ws/src/ros_study_py' with build type 'ament_python'
[7.006s] Level 1:colcon.colcon_core.shell:create_environment_hook('ros_study_py', 'ament_prefix_path')
[7.007s] INFO:colcon.colcon_core.shell:Creating environment hook '/home/youngmo/ros2_ws/install/ros_study_py/share/ros_study_py/hook/ament_prefix_path.ps1'
[7.008s] INFO:colcon.colcon_core.shell:Creating environment descriptor '/home/youngmo/ros2_ws/install/ros_study_py/share/ros_study_py/hook/ament_prefix_path.dsv'
[7.009s] INFO:colcon.colcon_core.shell:Creating environment hook '/home/youngmo/ros2_ws/install/ros_study_py/share/ros_study_py/hook/ament_prefix_path.sh'
[7.010s] INFO:colcon.colcon_core.shell:Skip shell extension 'powershell' for command environment: Not usable outside of PowerShell
[7.010s] DEBUG:colcon.colcon_core.shell:Skip shell extension 'dsv' for command environment
[7.313s] WARNING:colcon.colcon_ros.task.ament_python.build:Package 'ex_calculator_py' doesn't explicitly install a marker in the package index (colcon-ros currently does it implicitly but that fallback will be removed in the future)
[7.313s] WARNING:colcon.colcon_ros.task.ament_python.build:Package 'ex_calculator_py' doesn't explicitly install the 'package.xml' file (colcon-ros currently does it implicitly but that fallback will be removed in the future)
[7.314s] INFO:colcon.colcon_core.task.python.build:Building Python package in '/home/youngmo/ros2_ws/src/ex_calculator_py'
[7.314s] INFO:colcon.colcon_core.shell:Skip shell extension 'powershell' for command environment: Not usable outside of PowerShell
[7.314s] DEBUG:colcon.colcon_core.shell:Skip shell extension 'dsv' for command environment
[7.333s] DEBUG:colcon.colcon_core.event_handler.log_command:Invoking command in '/home/youngmo/ros2_ws/build/ros_study_cpp': AMENT_PREFIX_PATH=/home/youngmo/ros2_ws/install/ros_study_msgs:${AMENT_PREFIX_PATH} CMAKE_PREFIX_PATH=/home/youngmo/ros2_ws/install/ros_study_msgs:/opt/ros/humble LD_LIBRARY_PATH=/home/youngmo/ros2_ws/install/ros_study_msgs/lib:${LD_LIBRARY_PATH} PYTHONPATH=/home/youngmo/ros2_ws/install/ros_study_msgs/local/lib/python3.10/dist-packages:${PYTHONPATH} /usr/bin/cmake /home/youngmo/ros2_ws/src/ros_study_cpp -DCMAKE_INSTALL_PREFIX=/home/youngmo/ros2_ws/install/ros_study_cpp
[7.649s] INFO:colcon.colcon_core.task.python.build:Building Python package in '/home/youngmo/ros2_ws/src/ros_study_py'
[7.650s] INFO:colcon.colcon_core.shell:Skip shell extension 'powershell' for command environment: Not usable outside of PowerShell
[7.650s] DEBUG:colcon.colcon_core.shell:Skip shell extension 'dsv' for command environment
[8.104s] DEBUG:colcon.colcon_core.event_handler.log_command:Invoking command in '/home/youngmo/ros2_ws/src/ros_study_py': AMENT_PREFIX_PATH=/home/youngmo/ros2_ws/install/ros_study_msgs:${AMENT_PREFIX_PATH} CMAKE_PREFIX_PATH=/home/youngmo/ros2_ws/install/ros_study_msgs LD_LIBRARY_PATH=/home/youngmo/ros2_ws/install/ros_study_msgs/lib:${LD_LIBRARY_PATH} PYTHONPATH=/home/youngmo/ros2_ws/build/ros_study_py/prefix_override:/usr/lib/python3/dist-packages/colcon_core/task/python/colcon_distutils_commands:/home/youngmo/ros2_ws/install/ros_study_py/lib/python3.10/site-packages:/home/youngmo/ros2_ws/install/ros_study_msgs/local/lib/python3.10/dist-packages:${PYTHONPATH} /usr/bin/python3 -W ignore:setup.py install is deprecated -W ignore:easy_install command is deprecated setup.py egg_info --egg-base ../../build/ros_study_py build --build-base /home/youngmo/ros2_ws/build/ros_study_py/build install --record /home/youngmo/ros2_ws/build/ros_study_py/install.log --single-version-externally-managed install_data
[8.145s] DEBUG:colcon.colcon_core.event_handler.log_command:Invoking command in '/home/youngmo/ros2_ws/src/ex_calculator_py': AMENT_PREFIX_PATH=/home/youngmo/ros2_ws/install/ros_study_msgs:${AMENT_PREFIX_PATH} CMAKE_PREFIX_PATH=/home/youngmo/ros2_ws/install/ros_study_msgs LD_LIBRARY_PATH=/home/youngmo/ros2_ws/install/ros_study_msgs/lib:${LD_LIBRARY_PATH} PYTHONPATH=/home/youngmo/ros2_ws/build/ex_calculator_py/prefix_override:/usr/lib/python3/dist-packages/colcon_core/task/python/colcon_distutils_commands:/home/youngmo/ros2_ws/install/ex_calculator_py/lib/python3.10/site-packages:/home/youngmo/ros2_ws/install/ros_study_msgs/local/lib/python3.10/dist-packages:${PYTHONPATH} /usr/bin/python3 -W ignore:setup.py install is deprecated -W ignore:easy_install command is deprecated setup.py egg_info --egg-base ../../build/ex_calculator_py build --build-base /home/youngmo/ros2_ws/build/ex_calculator_py/build install --record /home/youngmo/ros2_ws/build/ex_calculator_py/install.log --single-version-externally-managed install_data
[8.471s] Level 1:colcon.colcon_core.environment:checking '/home/youngmo/ros2_ws/install/ros_study_py' for CMake module files
[8.472s] DEBUG:colcon.colcon_core.event_handler.log_command:Invoked command in '/home/youngmo/ros2_ws/src/ros_study_py' returned '0': AMENT_PREFIX_PATH=/home/youngmo/ros2_ws/install/ros_study_msgs:${AMENT_PREFIX_PATH} CMAKE_PREFIX_PATH=/home/youngmo/ros2_ws/install/ros_study_msgs LD_LIBRARY_PATH=/home/youngmo/ros2_ws/install/ros_study_msgs/lib:${LD_LIBRARY_PATH} PYTHONPATH=/home/youngmo/ros2_ws/build/ros_study_py/prefix_override:/usr/lib/python3/dist-packages/colcon_core/task/python/colcon_distutils_commands:/home/youngmo/ros2_ws/install/ros_study_py/lib/python3.10/site-packages:/home/youngmo/ros2_ws/install/ros_study_msgs/local/lib/python3.10/dist-packages:${PYTHONPATH} /usr/bin/python3 -W ignore:setup.py install is deprecated -W ignore:easy_install command is deprecated setup.py egg_info --egg-base ../../build/ros_study_py build --build-base /home/youngmo/ros2_ws/build/ros_study_py/build install --record /home/youngmo/ros2_ws/build/ros_study_py/install.log --single-version-externally-managed install_data
[8.475s] Level 1:colcon.colcon_core.environment:checking '/home/youngmo/ros2_ws/install/ros_study_py' for CMake config files
[8.476s] Level 1:colcon.colcon_core.environment:checking '/home/youngmo/ros2_ws/install/ros_study_py/lib'
[8.476s] Level 1:colcon.colcon_core.environment:checking '/home/youngmo/ros2_ws/install/ros_study_py/bin'
[8.476s] Level 1:colcon.colcon_core.environment:checking '/home/youngmo/ros2_ws/install/ros_study_py/lib/pkgconfig/ros_study_py.pc'
[8.476s] Level 1:colcon.colcon_core.environment:checking '/home/youngmo/ros2_ws/install/ros_study_py/lib/python3.10/site-packages'
[8.477s] Level 1:colcon.colcon_core.shell:create_environment_hook('ros_study_py', 'pythonpath')
[8.477s] INFO:colcon.colcon_core.shell:Creating environment hook '/home/youngmo/ros2_ws/install/ros_study_py/share/ros_study_py/hook/pythonpath.ps1'
[8.478s] INFO:colcon.colcon_core.shell:Creating environment descriptor '/home/youngmo/ros2_ws/install/ros_study_py/share/ros_study_py/hook/pythonpath.dsv'
[8.478s] INFO:colcon.colcon_core.shell:Creating environment hook '/home/youngmo/ros2_ws/install/ros_study_py/share/ros_study_py/hook/pythonpath.sh'
[8.479s] Level 1:colcon.colcon_core.environment:checking '/home/youngmo/ros2_ws/install/ros_study_py/bin'
[8.479s] Level 1:colcon.colcon_core.environment:create_environment_scripts_only(ros_study_py)
[8.479s] INFO:colcon.colcon_core.shell:Creating package script '/home/youngmo/ros2_ws/install/ros_study_py/share/ros_study_py/package.ps1'
[8.480s] INFO:colcon.colcon_core.shell:Creating package descriptor '/home/youngmo/ros2_ws/install/ros_study_py/share/ros_study_py/package.dsv'
[8.480s] INFO:colcon.colcon_core.shell:Creating package script '/home/youngmo/ros2_ws/install/ros_study_py/share/ros_study_py/package.sh'
[8.481s] INFO:colcon.colcon_core.shell:Creating package script '/home/youngmo/ros2_ws/install/ros_study_py/share/ros_study_py/package.bash'
[8.483s] INFO:colcon.colcon_core.shell:Creating package script '/home/youngmo/ros2_ws/install/ros_study_py/share/ros_study_py/package.zsh'
[8.484s] Level 1:colcon.colcon_core.environment:create_file_with_runtime_dependencies(/home/youngmo/ros2_ws/install/ros_study_py/share/colcon-core/packages/ros_study_py)
[8.531s] DEBUG:colcon.colcon_core.event_handler.log_command:Invoked command in '/home/youngmo/ros2_ws/src/ex_calculator_py' returned '1': AMENT_PREFIX_PATH=/home/youngmo/ros2_ws/install/ros_study_msgs:${AMENT_PREFIX_PATH} CMAKE_PREFIX_PATH=/home/youngmo/ros2_ws/install/ros_study_msgs LD_LIBRARY_PATH=/home/youngmo/ros2_ws/install/ros_study_msgs/lib:${LD_LIBRARY_PATH} PYTHONPATH=/home/youngmo/ros2_ws/build/ex_calculator_py/prefix_override:/usr/lib/python3/dist-packages/colcon_core/task/python/colcon_distutils_commands:/home/youngmo/ros2_ws/install/ex_calculator_py/lib/python3.10/site-packages:/home/youngmo/ros2_ws/install/ros_study_msgs/local/lib/python3.10/dist-packages:${PYTHONPATH} /usr/bin/python3 -W ignore:setup.py install is deprecated -W ignore:easy_install command is deprecated setup.py egg_info --egg-base ../../build/ex_calculator_py build --build-base /home/youngmo/ros2_ws/build/ex_calculator_py/build install --record /home/youngmo/ros2_ws/build/ex_calculator_py/install.log --single-version-externally-managed install_data
[9.172s] DEBUG:colcon.colcon_parallel_executor.executor.parallel:closing loop
[9.174s] DEBUG:colcon.colcon_parallel_executor.executor.parallel:loop closed
[9.174s] DEBUG:colcon.colcon_parallel_executor.executor.parallel:run_until_complete finished with '1'
[9.174s] DEBUG:colcon.colcon_core.event_reactor:joining thread
[9.187s] INFO:colcon.colcon_core.plugin_system:Skipping extension 'colcon_notification.desktop_notification.terminal_notifier': Not used on non-Darwin systems
[9.187s] INFO:colcon.colcon_core.plugin_system:Skipping extension 'colcon_notification.desktop_notification.win32': Not used on non-Windows systems
[9.187s] INFO:colcon.colcon_notification.desktop_notification:Sending desktop notification using 'notify2'
[9.224s] DEBUG:colcon.colcon_core.event_reactor:joined thread
[9.224s] INFO:colcon.colcon_core.shell:Creating prefix script '/home/youngmo/ros2_ws/install/local_setup.ps1'
[9.225s] INFO:colcon.colcon_core.shell:Creating prefix util module '/home/youngmo/ros2_ws/install/_local_setup_util_ps1.py'
[9.227s] INFO:colcon.colcon_core.shell:Creating prefix chain script '/home/youngmo/ros2_ws/install/setup.ps1'
[9.230s] INFO:colcon.colcon_core.shell:Creating prefix script '/home/youngmo/ros2_ws/install/local_setup.sh'
[9.230s] INFO:colcon.colcon_core.shell:Creating prefix util module '/home/youngmo/ros2_ws/install/_local_setup_util_sh.py'
[9.231s] INFO:colcon.colcon_core.shell:Creating prefix chain script '/home/youngmo/ros2_ws/install/setup.sh'
[9.232s] INFO:colcon.colcon_core.shell:Creating prefix script '/home/youngmo/ros2_ws/install/local_setup.bash'
[9.233s] INFO:colcon.colcon_core.shell:Creating prefix chain script '/home/youngmo/ros2_ws/install/setup.bash'
[9.234s] INFO:colcon.colcon_core.shell:Creating prefix script '/home/youngmo/ros2_ws/install/local_setup.zsh'
[9.235s] INFO:colcon.colcon_core.shell:Creating prefix chain script '/home/youngmo/ros2_ws/install/setup.zsh'
