[1.093s] Invoking command in '/home/youngmo/ros2_ws/src/ros_study_py': AMENT_PREFIX_PATH=/home/youngmo/ros2_ws/install/ros_study_msgs:${AMENT_PREFIX_PATH} CMAKE_PREFIX_PATH=/home/youngmo/ros2_ws/install/ros_study_msgs LD_LIBRARY_PATH=/home/youngmo/ros2_ws/install/ros_study_msgs/lib:${LD_LIBRARY_PATH} PYTHONPATH=/home/youngmo/ros2_ws/build/ros_study_py/prefix_override:/usr/lib/python3/dist-packages/colcon_core/task/python/colcon_distutils_commands:/home/youngmo/ros2_ws/install/ros_study_py/lib/python3.10/site-packages:/home/youngmo/ros2_ws/install/ros_study_msgs/local/lib/python3.10/dist-packages:${PYTHONPATH} /usr/bin/python3 -W ignore:setup.py install is deprecated -W ignore:easy_install command is deprecated setup.py egg_info --egg-base ../../build/ros_study_py build --build-base /home/youngmo/ros2_ws/build/ros_study_py/build install --record /home/youngmo/ros2_ws/build/ros_study_py/install.log --single-version-externally-managed install_data
[1.382s] running egg_info
[1.384s] creating ../../build/ros_study_py/ros_study_py.egg-info
[1.385s] writing ../../build/ros_study_py/ros_study_py.egg-info/PKG-INFO
[1.385s] writing dependency_links to ../../build/ros_study_py/ros_study_py.egg-info/dependency_links.txt
[1.385s] writing entry points to ../../build/ros_study_py/ros_study_py.egg-info/entry_points.txt
[1.385s] writing requirements to ../../build/ros_study_py/ros_study_py.egg-info/requires.txt
[1.385s] writing top-level names to ../../build/ros_study_py/ros_study_py.egg-info/top_level.txt
[1.385s] writing manifest file '../../build/ros_study_py/ros_study_py.egg-info/SOURCES.txt'
[1.385s] reading manifest file '../../build/ros_study_py/ros_study_py.egg-info/SOURCES.txt'
[1.386s] writing manifest file '../../build/ros_study_py/ros_study_py.egg-info/SOURCES.txt'
[1.386s] running build
[1.386s] running build_py
[1.387s] creating /home/youngmo/ros2_ws/build/ros_study_py/build
[1.388s] creating /home/youngmo/ros2_ws/build/ros_study_py/build/lib
[1.388s] creating /home/youngmo/ros2_ws/build/ros_study_py/build/lib/ros_study_py
[1.388s] copying ros_study_py/my_msg_test.py -> /home/youngmo/ros2_ws/build/ros_study_py/build/lib/ros_study_py
[1.388s] copying ros_study_py/my_msg_subscriber.py -> /home/youngmo/ros2_ws/build/ros_study_py/build/lib/ros_study_py
[1.388s] copying ros_study_py/my_action_server.py -> /home/youngmo/ros2_ws/build/ros_study_py/build/lib/ros_study_py
[1.388s] copying ros_study_py/__init__.py -> /home/youngmo/ros2_ws/build/ros_study_py/build/lib/ros_study_py
[1.388s] copying ros_study_py/my_service_client.py -> /home/youngmo/ros2_ws/build/ros_study_py/build/lib/ros_study_py
[1.388s] copying ros_study_py/my_service_server.py -> /home/youngmo/ros2_ws/build/ros_study_py/build/lib/ros_study_py
[1.388s] copying ros_study_py/my_action_client.py -> /home/youngmo/ros2_ws/build/ros_study_py/build/lib/ros_study_py
[1.390s] running install
[1.390s] running install_lib
[1.391s] creating /home/youngmo/ros2_ws/install/ros_study_py/lib/python3.10/site-packages/ros_study_py
[1.391s] copying /home/youngmo/ros2_ws/build/ros_study_py/build/lib/ros_study_py/my_msg_test.py -> /home/youngmo/ros2_ws/install/ros_study_py/lib/python3.10/site-packages/ros_study_py
[1.391s] copying /home/youngmo/ros2_ws/build/ros_study_py/build/lib/ros_study_py/my_msg_subscriber.py -> /home/youngmo/ros2_ws/install/ros_study_py/lib/python3.10/site-packages/ros_study_py
[1.391s] copying /home/youngmo/ros2_ws/build/ros_study_py/build/lib/ros_study_py/my_action_server.py -> /home/youngmo/ros2_ws/install/ros_study_py/lib/python3.10/site-packages/ros_study_py
[1.391s] copying /home/youngmo/ros2_ws/build/ros_study_py/build/lib/ros_study_py/__init__.py -> /home/youngmo/ros2_ws/install/ros_study_py/lib/python3.10/site-packages/ros_study_py
[1.391s] copying /home/youngmo/ros2_ws/build/ros_study_py/build/lib/ros_study_py/my_service_client.py -> /home/youngmo/ros2_ws/install/ros_study_py/lib/python3.10/site-packages/ros_study_py
[1.391s] copying /home/youngmo/ros2_ws/build/ros_study_py/build/lib/ros_study_py/my_service_server.py -> /home/youngmo/ros2_ws/install/ros_study_py/lib/python3.10/site-packages/ros_study_py
[1.391s] copying /home/youngmo/ros2_ws/build/ros_study_py/build/lib/ros_study_py/my_action_client.py -> /home/youngmo/ros2_ws/install/ros_study_py/lib/python3.10/site-packages/ros_study_py
[1.392s] byte-compiling /home/youngmo/ros2_ws/install/ros_study_py/lib/python3.10/site-packages/ros_study_py/my_msg_test.py to my_msg_test.cpython-310.pyc
[1.392s] byte-compiling /home/youngmo/ros2_ws/install/ros_study_py/lib/python3.10/site-packages/ros_study_py/my_msg_subscriber.py to my_msg_subscriber.cpython-310.pyc
[1.392s] byte-compiling /home/youngmo/ros2_ws/install/ros_study_py/lib/python3.10/site-packages/ros_study_py/my_action_server.py to my_action_server.cpython-310.pyc
[1.392s] byte-compiling /home/youngmo/ros2_ws/install/ros_study_py/lib/python3.10/site-packages/ros_study_py/__init__.py to __init__.cpython-310.pyc
[1.392s] byte-compiling /home/youngmo/ros2_ws/install/ros_study_py/lib/python3.10/site-packages/ros_study_py/my_service_client.py to my_service_client.cpython-310.pyc
[1.392s] byte-compiling /home/youngmo/ros2_ws/install/ros_study_py/lib/python3.10/site-packages/ros_study_py/my_service_server.py to my_service_server.cpython-310.pyc
[1.393s] byte-compiling /home/youngmo/ros2_ws/install/ros_study_py/lib/python3.10/site-packages/ros_study_py/my_action_client.py to my_action_client.cpython-310.pyc
[1.396s] running install_data
[1.396s] creating /home/youngmo/ros2_ws/install/ros_study_py/share/ament_index
[1.396s] creating /home/youngmo/ros2_ws/install/ros_study_py/share/ament_index/resource_index
[1.396s] creating /home/youngmo/ros2_ws/install/ros_study_py/share/ament_index/resource_index/packages
[1.396s] copying resource/ros_study_py -> /home/youngmo/ros2_ws/install/ros_study_py/share/ament_index/resource_index/packages
[1.396s] copying package.xml -> /home/youngmo/ros2_ws/install/ros_study_py/share/ros_study_py
[1.396s] running install_egg_info
[1.396s] Copying ../../build/ros_study_py/ros_study_py.egg-info to /home/youngmo/ros2_ws/install/ros_study_py/lib/python3.10/site-packages/ros_study_py-0.0.0-py3.10.egg-info
[1.397s] running install_scripts
[1.427s] Installing my_action_client script to /home/youngmo/ros2_ws/install/ros_study_py/lib/ros_study_py
[1.427s] Installing my_action_server script to /home/youngmo/ros2_ws/install/ros_study_py/lib/ros_study_py
[1.427s] Installing my_msg_subscriber script to /home/youngmo/ros2_ws/install/ros_study_py/lib/ros_study_py
[1.427s] Installing my_msg_test script to /home/youngmo/ros2_ws/install/ros_study_py/lib/ros_study_py
[1.427s] Installing my_service_client script to /home/youngmo/ros2_ws/install/ros_study_py/lib/ros_study_py
[1.427s] Installing my_service_server script to /home/youngmo/ros2_ws/install/ros_study_py/lib/ros_study_py
[1.427s] writing list of installed files to '/home/youngmo/ros2_ws/build/ros_study_py/install.log'
[1.462s] Invoked command in '/home/youngmo/ros2_ws/src/ros_study_py' returned '0': AMENT_PREFIX_PATH=/home/youngmo/ros2_ws/install/ros_study_msgs:${AMENT_PREFIX_PATH} CMAKE_PREFIX_PATH=/home/youngmo/ros2_ws/install/ros_study_msgs LD_LIBRARY_PATH=/home/youngmo/ros2_ws/install/ros_study_msgs/lib:${LD_LIBRARY_PATH} PYTHONPATH=/home/youngmo/ros2_ws/build/ros_study_py/prefix_override:/usr/lib/python3/dist-packages/colcon_core/task/python/colcon_distutils_commands:/home/youngmo/ros2_ws/install/ros_study_py/lib/python3.10/site-packages:/home/youngmo/ros2_ws/install/ros_study_msgs/local/lib/python3.10/dist-packages:${PYTHONPATH} /usr/bin/python3 -W ignore:setup.py install is deprecated -W ignore:easy_install command is deprecated setup.py egg_info --egg-base ../../build/ros_study_py build --build-base /home/youngmo/ros2_ws/build/ros_study_py/build install --record /home/youngmo/ros2_ws/build/ros_study_py/install.log --single-version-externally-managed install_data
