[0.331s] Invoking command in '/home/youngmo/ros2_ws/src/opencv_py': PYTHONPATH=/home/youngmo/ros2_ws/build/opencv_py/prefix_override:/usr/lib/python3/dist-packages/colcon_core/task/python/colcon_distutils_commands:/home/youngmo/ros2_ws/install/opencv_py/lib/python3.10/site-packages:${PYTHONPATH} /usr/bin/python3 -W ignore:setup.py install is deprecated -W ignore:easy_install command is deprecated setup.py egg_info --egg-base ../../build/opencv_py build --build-base /home/youngmo/ros2_ws/build/opencv_py/build install --record /home/youngmo/ros2_ws/build/opencv_py/install.log --single-version-externally-managed install_data
[0.485s] running egg_info
[0.485s] writing ../../build/opencv_py/opencv_py.egg-info/PKG-INFO
[0.485s] writing dependency_links to ../../build/opencv_py/opencv_py.egg-info/dependency_links.txt
[0.485s] writing entry points to ../../build/opencv_py/opencv_py.egg-info/entry_points.txt
[0.485s] writing requirements to ../../build/opencv_py/opencv_py.egg-info/requires.txt
[0.485s] writing top-level names to ../../build/opencv_py/opencv_py.egg-info/top_level.txt
[0.485s] reading manifest file '../../build/opencv_py/opencv_py.egg-info/SOURCES.txt'
[0.485s] writing manifest file '../../build/opencv_py/opencv_py.egg-info/SOURCES.txt'
[0.485s] running build
[0.485s] running build_py
[0.485s] copying source/molu.py -> /home/youngmo/ros2_ws/build/opencv_py/build/lib/source
[0.485s] running install
[0.485s] running install_lib
[0.485s] copying /home/youngmo/ros2_ws/build/opencv_py/build/lib/source/molu.py -> /home/youngmo/ros2_ws/install/opencv_py/lib/python3.10/site-packages/source
[0.485s] byte-compiling /home/youngmo/ros2_ws/install/opencv_py/lib/python3.10/site-packages/source/molu.py to molu.cpython-310.pyc
[0.486s] running install_data
[0.486s] running install_egg_info
[0.486s] removing '/home/youngmo/ros2_ws/install/opencv_py/lib/python3.10/site-packages/opencv_py-0.0.0-py3.10.egg-info' (and everything under it)
[0.486s] Copying ../../build/opencv_py/opencv_py.egg-info to /home/youngmo/ros2_ws/install/opencv_py/lib/python3.10/site-packages/opencv_py-0.0.0-py3.10.egg-info
[0.486s] running install_scripts
[0.486s] Installing grayscale script to /home/youngmo/ros2_ws/install/opencv_py/lib/opencv_py
[0.486s] Installing hough_transform script to /home/youngmo/ros2_ws/install/opencv_py/lib/opencv_py
[0.486s] Installing image_publisher script to /home/youngmo/ros2_ws/install/opencv_py/lib/opencv_py
[0.486s] Installing imageconverter script to /home/youngmo/ros2_ws/install/opencv_py/lib/opencv_py
[0.487s] Installing molu script to /home/youngmo/ros2_ws/install/opencv_py/lib/opencv_py
[0.487s] Installing moluya script to /home/youngmo/ros2_ws/install/opencv_py/lib/opencv_py
[0.487s] Installing personmosaic script to /home/youngmo/ros2_ws/install/opencv_py/lib/opencv_py
[0.487s] Installing saveimg script to /home/youngmo/ros2_ws/install/opencv_py/lib/opencv_py
[0.487s] Installing yolo8 script to /home/youngmo/ros2_ws/install/opencv_py/lib/opencv_py
[0.487s] writing list of installed files to '/home/youngmo/ros2_ws/build/opencv_py/install.log'
[0.769s] Invoked command in '/home/youngmo/ros2_ws/src/opencv_py' returned '0': PYTHONPATH=/home/youngmo/ros2_ws/build/opencv_py/prefix_override:/usr/lib/python3/dist-packages/colcon_core/task/python/colcon_distutils_commands:/home/youngmo/ros2_ws/install/opencv_py/lib/python3.10/site-packages:${PYTHONPATH} /usr/bin/python3 -W ignore:setup.py install is deprecated -W ignore:easy_install command is deprecated setup.py egg_info --egg-base ../../build/opencv_py build --build-base /home/youngmo/ros2_ws/build/opencv_py/build install --record /home/youngmo/ros2_ws/build/opencv_py/install.log --single-version-externally-managed install_data
