[0.353s] Invoking command in '/home/youngmo/ros2_ws/build/ros_study_cpp': CMAKE_PREFIX_PATH=/home/youngmo/ros2_ws/install/ros_study_msgs:/home/youngmo/ros2_ws/install/ros_study_cpp:/home/youngmo/ros2_ws/install/cpp_excalculator:/home/youngmo/ros2_ws/install/hangman_game_cpp:/home/youngmo/ros2_ws/install/hangman_interfaces:/home/youngmo/ros2_ws/install/ros_study_py:/home/youngmo/ros2_ws/install/ex_calculator_py:/home/youngmo/ros2_ws/install/opencv_py:/home/youngmo/ros2_ws/install/hangman_game:/opt/ros/humble LD_LIBRARY_PATH=/home/youngmo/ros2_ws/install/ros_study_msgs/lib:/home/youngmo/ros2_ws/install/hangman_interfaces/lib:/opt/ros/humble/opt/rviz_ogre_vendor/lib:/opt/ros/humble/lib/x86_64-linux-gnu:/opt/ros/humble/lib:/tmp/.mount_CursorXLnvvw/usr/lib/:/tmp/.mount_CursorXLnvvw/usr/lib32/:/tmp/.mount_CursorXLnvvw/usr/lib64/:/tmp/.mount_CursorXLnvvw/lib/:/tmp/.mount_CursorXLnvvw/lib/i386-linux-gnu/:/tmp/.mount_CursorXLnvvw/lib/x86_64-linux-gnu/:/tmp/.mount_CursorXLnvvw/lib/aarch64-linux-gnu/:/tmp/.mount_CursorXLnvvw/lib32/:/tmp/.mount_CursorXLnvvw/lib64/ /usr/bin/cmake --build /home/youngmo/ros2_ws/build/ros_study_cpp -- -j16 -l16
[0.521s] [ 16%] Built target my_msg_test
[0.521s] [ 33%] Built target my_service_client
[0.521s] [ 50%] Built target my_msg_subscriber
[0.521s] [ 66%] Built target my_action_client
[0.521s] [ 83%] Built target my_action_server
[0.521s] [100%] Built target my_service_server
[0.527s] Invoked command in '/home/youngmo/ros2_ws/build/ros_study_cpp' returned '0': CMAKE_PREFIX_PATH=/home/youngmo/ros2_ws/install/ros_study_msgs:/home/youngmo/ros2_ws/install/ros_study_cpp:/home/youngmo/ros2_ws/install/cpp_excalculator:/home/youngmo/ros2_ws/install/hangman_game_cpp:/home/youngmo/ros2_ws/install/hangman_interfaces:/home/youngmo/ros2_ws/install/ros_study_py:/home/youngmo/ros2_ws/install/ex_calculator_py:/home/youngmo/ros2_ws/install/opencv_py:/home/youngmo/ros2_ws/install/hangman_game:/opt/ros/humble LD_LIBRARY_PATH=/home/youngmo/ros2_ws/install/ros_study_msgs/lib:/home/youngmo/ros2_ws/install/hangman_interfaces/lib:/opt/ros/humble/opt/rviz_ogre_vendor/lib:/opt/ros/humble/lib/x86_64-linux-gnu:/opt/ros/humble/lib:/tmp/.mount_CursorXLnvvw/usr/lib/:/tmp/.mount_CursorXLnvvw/usr/lib32/:/tmp/.mount_CursorXLnvvw/usr/lib64/:/tmp/.mount_CursorXLnvvw/lib/:/tmp/.mount_CursorXLnvvw/lib/i386-linux-gnu/:/tmp/.mount_CursorXLnvvw/lib/x86_64-linux-gnu/:/tmp/.mount_CursorXLnvvw/lib/aarch64-linux-gnu/:/tmp/.mount_CursorXLnvvw/lib32/:/tmp/.mount_CursorXLnvvw/lib64/ /usr/bin/cmake --build /home/youngmo/ros2_ws/build/ros_study_cpp -- -j16 -l16
[0.527s] Invoking command in '/home/youngmo/ros2_ws/build/ros_study_cpp': CMAKE_PREFIX_PATH=/home/youngmo/ros2_ws/install/ros_study_msgs:/home/youngmo/ros2_ws/install/ros_study_cpp:/home/youngmo/ros2_ws/install/cpp_excalculator:/home/youngmo/ros2_ws/install/hangman_game_cpp:/home/youngmo/ros2_ws/install/hangman_interfaces:/home/youngmo/ros2_ws/install/ros_study_py:/home/youngmo/ros2_ws/install/ex_calculator_py:/home/youngmo/ros2_ws/install/opencv_py:/home/youngmo/ros2_ws/install/hangman_game:/opt/ros/humble LD_LIBRARY_PATH=/home/youngmo/ros2_ws/install/ros_study_msgs/lib:/home/youngmo/ros2_ws/install/hangman_interfaces/lib:/opt/ros/humble/opt/rviz_ogre_vendor/lib:/opt/ros/humble/lib/x86_64-linux-gnu:/opt/ros/humble/lib:/tmp/.mount_CursorXLnvvw/usr/lib/:/tmp/.mount_CursorXLnvvw/usr/lib32/:/tmp/.mount_CursorXLnvvw/usr/lib64/:/tmp/.mount_CursorXLnvvw/lib/:/tmp/.mount_CursorXLnvvw/lib/i386-linux-gnu/:/tmp/.mount_CursorXLnvvw/lib/x86_64-linux-gnu/:/tmp/.mount_CursorXLnvvw/lib/aarch64-linux-gnu/:/tmp/.mount_CursorXLnvvw/lib32/:/tmp/.mount_CursorXLnvvw/lib64/ /usr/bin/cmake --install /home/youngmo/ros2_ws/build/ros_study_cpp
[0.542s] -- Install configuration: ""
[0.542s] -- Up-to-date: /home/youngmo/ros2_ws/install/ros_study_cpp/lib/ros_study_cpp/my_msg_test
[0.542s] -- Up-to-date: /home/youngmo/ros2_ws/install/ros_study_cpp/lib/ros_study_cpp/my_msg_subscriber
[0.542s] -- Up-to-date: /home/youngmo/ros2_ws/install/ros_study_cpp/lib/ros_study_cpp/my_service_client
[0.542s] -- Up-to-date: /home/youngmo/ros2_ws/install/ros_study_cpp/lib/ros_study_cpp/my_service_server
[0.542s] -- Up-to-date: /home/youngmo/ros2_ws/install/ros_study_cpp/lib/ros_study_cpp/my_action_client
[0.542s] -- Up-to-date: /home/youngmo/ros2_ws/install/ros_study_cpp/lib/ros_study_cpp/my_action_server
[0.542s] -- Up-to-date: /home/youngmo/ros2_ws/install/ros_study_cpp/share/ament_index/resource_index/package_run_dependencies/ros_study_cpp
[0.543s] -- Up-to-date: /home/youngmo/ros2_ws/install/ros_study_cpp/share/ament_index/resource_index/parent_prefix_path/ros_study_cpp
[0.543s] -- Up-to-date: /home/youngmo/ros2_ws/install/ros_study_cpp/share/ros_study_cpp/environment/ament_prefix_path.sh
[0.543s] -- Up-to-date: /home/youngmo/ros2_ws/install/ros_study_cpp/share/ros_study_cpp/environment/ament_prefix_path.dsv
[0.543s] -- Up-to-date: /home/youngmo/ros2_ws/install/ros_study_cpp/share/ros_study_cpp/environment/path.sh
[0.543s] -- Up-to-date: /home/youngmo/ros2_ws/install/ros_study_cpp/share/ros_study_cpp/environment/path.dsv
[0.543s] -- Up-to-date: /home/youngmo/ros2_ws/install/ros_study_cpp/share/ros_study_cpp/local_setup.bash
[0.543s] -- Up-to-date: /home/youngmo/ros2_ws/install/ros_study_cpp/share/ros_study_cpp/local_setup.sh
[0.543s] -- Up-to-date: /home/youngmo/ros2_ws/install/ros_study_cpp/share/ros_study_cpp/local_setup.zsh
[0.543s] -- Up-to-date: /home/youngmo/ros2_ws/install/ros_study_cpp/share/ros_study_cpp/local_setup.dsv
[0.543s] -- Installing: /home/youngmo/ros2_ws/install/ros_study_cpp/share/ros_study_cpp/package.dsv
[0.543s] -- Up-to-date: /home/youngmo/ros2_ws/install/ros_study_cpp/share/ament_index/resource_index/packages/ros_study_cpp
[0.543s] -- Up-to-date: /home/youngmo/ros2_ws/install/ros_study_cpp/share/ros_study_cpp/cmake/ros_study_cppConfig.cmake
[0.543s] -- Up-to-date: /home/youngmo/ros2_ws/install/ros_study_cpp/share/ros_study_cpp/cmake/ros_study_cppConfig-version.cmake
[0.543s] -- Up-to-date: /home/youngmo/ros2_ws/install/ros_study_cpp/share/ros_study_cpp/package.xml
[0.543s] Invoked command in '/home/youngmo/ros2_ws/build/ros_study_cpp' returned '0': CMAKE_PREFIX_PATH=/home/youngmo/ros2_ws/install/ros_study_msgs:/home/youngmo/ros2_ws/install/ros_study_cpp:/home/youngmo/ros2_ws/install/cpp_excalculator:/home/youngmo/ros2_ws/install/hangman_game_cpp:/home/youngmo/ros2_ws/install/hangman_interfaces:/home/youngmo/ros2_ws/install/ros_study_py:/home/youngmo/ros2_ws/install/ex_calculator_py:/home/youngmo/ros2_ws/install/opencv_py:/home/youngmo/ros2_ws/install/hangman_game:/opt/ros/humble LD_LIBRARY_PATH=/home/youngmo/ros2_ws/install/ros_study_msgs/lib:/home/youngmo/ros2_ws/install/hangman_interfaces/lib:/opt/ros/humble/opt/rviz_ogre_vendor/lib:/opt/ros/humble/lib/x86_64-linux-gnu:/opt/ros/humble/lib:/tmp/.mount_CursorXLnvvw/usr/lib/:/tmp/.mount_CursorXLnvvw/usr/lib32/:/tmp/.mount_CursorXLnvvw/usr/lib64/:/tmp/.mount_CursorXLnvvw/lib/:/tmp/.mount_CursorXLnvvw/lib/i386-linux-gnu/:/tmp/.mount_CursorXLnvvw/lib/x86_64-linux-gnu/:/tmp/.mount_CursorXLnvvw/lib/aarch64-linux-gnu/:/tmp/.mount_CursorXLnvvw/lib32/:/tmp/.mount_CursorXLnvvw/lib64/ /usr/bin/cmake --install /home/youngmo/ros2_ws/build/ros_study_cpp
