/home/youngmo/ros2_ws/install/hangman_game/lib/python3.10/site-packages/hangman_game/user_input.py
/home/youngmo/ros2_ws/install/hangman_game/lib/python3.10/site-packages/hangman_game/letter_publisher.py
/home/youngmo/ros2_ws/install/hangman_game/lib/python3.10/site-packages/hangman_game/progress_action_client.py
/home/youngmo/ros2_ws/install/hangman_game/lib/python3.10/site-packages/hangman_game/__init__.py
/home/youngmo/ros2_ws/install/hangman_game/lib/python3.10/site-packages/hangman_game/word_service.py
/home/youngmo/ros2_ws/install/hangman_game/lib/python3.10/site-packages/hangman_game/progress_action_server.py
/home/youngmo/ros2_ws/install/hangman_game/lib/python3.10/site-packages/hangman_game/__pycache__/user_input.cpython-310.pyc
/home/youngmo/ros2_ws/install/hangman_game/lib/python3.10/site-packages/hangman_game/__pycache__/letter_publisher.cpython-310.pyc
/home/youngmo/ros2_ws/install/hangman_game/lib/python3.10/site-packages/hangman_game/__pycache__/progress_action_client.cpython-310.pyc
/home/youngmo/ros2_ws/install/hangman_game/lib/python3.10/site-packages/hangman_game/__pycache__/__init__.cpython-310.pyc
/home/youngmo/ros2_ws/install/hangman_game/lib/python3.10/site-packages/hangman_game/__pycache__/word_service.cpython-310.pyc
/home/youngmo/ros2_ws/install/hangman_game/lib/python3.10/site-packages/hangman_game/__pycache__/progress_action_server.cpython-310.pyc
/home/youngmo/ros2_ws/install/hangman_game/share/ament_index/resource_index/packages/hangman_game
/home/youngmo/ros2_ws/install/hangman_game/share/hangman_game/package.xml
/home/youngmo/ros2_ws/install/hangman_game/share/hangman_game/launch/hangman.launch.py
/home/youngmo/ros2_ws/install/hangman_game/share/hangman_game/param/word.yaml
/home/youngmo/ros2_ws/install/hangman_game/lib/python3.10/site-packages/hangman_game-0.0.0-py3.10.egg-info/requires.txt
/home/youngmo/ros2_ws/install/hangman_game/lib/python3.10/site-packages/hangman_game-0.0.0-py3.10.egg-info/dependency_links.txt
/home/youngmo/ros2_ws/install/hangman_game/lib/python3.10/site-packages/hangman_game-0.0.0-py3.10.egg-info/zip-safe
/home/youngmo/ros2_ws/install/hangman_game/lib/python3.10/site-packages/hangman_game-0.0.0-py3.10.egg-info/top_level.txt
/home/youngmo/ros2_ws/install/hangman_game/lib/python3.10/site-packages/hangman_game-0.0.0-py3.10.egg-info/entry_points.txt
/home/youngmo/ros2_ws/install/hangman_game/lib/python3.10/site-packages/hangman_game-0.0.0-py3.10.egg-info/SOURCES.txt
/home/youngmo/ros2_ws/install/hangman_game/lib/python3.10/site-packages/hangman_game-0.0.0-py3.10.egg-info/PKG-INFO
/home/youngmo/ros2_ws/install/hangman_game/lib/hangman_game/letter_publisher
/home/youngmo/ros2_ws/install/hangman_game/lib/hangman_game/progress_action_client
/home/youngmo/ros2_ws/install/hangman_game/lib/hangman_game/progress_action_server
/home/youngmo/ros2_ws/install/hangman_game/lib/hangman_game/user_input
/home/youngmo/ros2_ws/install/hangman_game/lib/hangman_game/word_service
