[0.007s] Invoking command in '/home/youngmo/ros2_ws/build/ros_study_cpp': CMAKE_PREFIX_PATH=/home/youngmo/ros2_ws/install/ros_study_msgs:/home/youngmo/ros2_ws/install/ros_study_cpp:/home/youngmo/ros2_ws/install/ros_study_py:/opt/ros/humble /usr/bin/cmake --build /home/youngmo/ros2_ws/build/ros_study_cpp -- -j16 -l16
[0.032s] -- Found ament_cmake: 1.3.11 (/opt/ros/humble/share/ament_cmake/cmake)
[0.136s] -- Found rclcpp: 16.0.12 (/opt/ros/humble/share/rclcpp/cmake)
[0.157s] -- Found rosidl_generator_c: 3.1.6 (/opt/ros/humble/share/rosidl_generator_c/cmake)
[0.160s] -- Found rosidl_adapter: 3.1.6 (/opt/ros/humble/share/rosidl_adapter/cmake)
[0.166s] -- Found rosidl_generator_cpp: 3.1.6 (/opt/ros/humble/share/rosidl_generator_cpp/cmake)
[0.173s] -- Using all available rosidl_typesupport_c: rosidl_typesupport_fastrtps_c;rosidl_typesupport_introspection_c
[0.178s] -- Using all available rosidl_typesupport_cpp: rosidl_typesupport_fastrtps_cpp;rosidl_typesupport_introspection_cpp
[0.192s] -- Found rmw_implementation_cmake: 6.1.2 (/opt/ros/humble/share/rmw_implementation_cmake/cmake)
[0.193s] -- Found rmw_fastrtps_cpp: 6.2.7 (/opt/ros/humble/share/rmw_fastrtps_cpp/cmake)
[0.278s] -- Using RMW implementation 'rmw_fastrtps_cpp' as default
[0.303s] -- Found ros_study_msgs: 0.0.0 (/home/youngmo/ros2_ws/install/ros_study_msgs/share/ros_study_msgs/cmake)
[0.328s] -- Found rclcpp_action: 16.0.12 (/opt/ros/humble/share/rclcpp_action/cmake)
[0.336s] -- Found ament_lint_auto: 0.12.12 (/opt/ros/humble/share/ament_lint_auto/cmake)
[0.423s] -- Added test 'cppcheck' to perform static code analysis on C / C++ code
[0.423s] -- Configured cppcheck include dirs: 
[0.423s] -- Configured cppcheck exclude dirs and/or files: 
[0.423s] -- Added test 'lint_cmake' to check CMake code style
[0.424s] -- Added test 'uncrustify' to check C / C++ code style
[0.424s] -- Configured uncrustify additional arguments: 
[0.424s] -- Added test 'xmllint' to check XML markup files
[0.425s] -- Configuring done
[0.450s] -- Generating done
[0.461s] -- Build files have been written to: /home/youngmo/ros2_ws/build/ros_study_cpp
[0.493s] [35m[1mConsolidate compiler generated dependencies of target my_msg_subscriber[0m
[0.494s] [35m[1mConsolidate compiler generated dependencies of target my_msg_test[0m
[0.494s] [35m[1mConsolidate compiler generated dependencies of target my_service_server[0m
[0.498s] [35m[1mConsolidate compiler generated dependencies of target my_service_client[0m
[0.502s] [  8%] [32mBuilding CXX object CMakeFiles/my_action_client.dir/src/my_action_client.cpp.o[0m
[0.502s] [ 25%] Built target my_msg_test
[0.506s] [ 41%] Built target my_service_server
[0.511s] [ 50%] [32mBuilding CXX object CMakeFiles/my_action_server.dir/src/my_action_server.cpp.o[0m
[0.512s] [ 66%] Built target my_msg_subscriber
[0.533s] [ 83%] Built target my_service_client
[3.930s] [ 91%] [32m[1mLinking CXX executable my_action_server[0m
[4.013s] [100%] [32m[1mLinking CXX executable my_action_client[0m
[4.106s] [100%] Built target my_action_server
[4.186s] [100%] Built target my_action_client
[4.199s] Invoked command in '/home/youngmo/ros2_ws/build/ros_study_cpp' returned '0': CMAKE_PREFIX_PATH=/home/youngmo/ros2_ws/install/ros_study_msgs:/home/youngmo/ros2_ws/install/ros_study_cpp:/home/youngmo/ros2_ws/install/ros_study_py:/opt/ros/humble /usr/bin/cmake --build /home/youngmo/ros2_ws/build/ros_study_cpp -- -j16 -l16
[4.200s] Invoking command in '/home/youngmo/ros2_ws/build/ros_study_cpp': CMAKE_PREFIX_PATH=/home/youngmo/ros2_ws/install/ros_study_msgs:/home/youngmo/ros2_ws/install/ros_study_cpp:/home/youngmo/ros2_ws/install/ros_study_py:/opt/ros/humble /usr/bin/cmake --install /home/youngmo/ros2_ws/build/ros_study_cpp
[4.208s] -- Install configuration: ""
[4.208s] -- Up-to-date: /home/youngmo/ros2_ws/install/ros_study_cpp/lib/ros_study_cpp/my_msg_test
[4.208s] -- Up-to-date: /home/youngmo/ros2_ws/install/ros_study_cpp/lib/ros_study_cpp/my_msg_subscriber
[4.209s] -- Up-to-date: /home/youngmo/ros2_ws/install/ros_study_cpp/lib/ros_study_cpp/my_service_client
[4.209s] -- Up-to-date: /home/youngmo/ros2_ws/install/ros_study_cpp/lib/ros_study_cpp/my_service_server
[4.209s] -- Installing: /home/youngmo/ros2_ws/install/ros_study_cpp/lib/ros_study_cpp/my_action_client
[4.210s] -- Set runtime path of "/home/youngmo/ros2_ws/install/ros_study_cpp/lib/ros_study_cpp/my_action_client" to ""
[4.211s] -- Installing: /home/youngmo/ros2_ws/install/ros_study_cpp/lib/ros_study_cpp/my_action_server
[4.211s] -- Set runtime path of "/home/youngmo/ros2_ws/install/ros_study_cpp/lib/ros_study_cpp/my_action_server" to ""
[4.211s] -- Installing: /home/youngmo/ros2_ws/install/ros_study_cpp/share/ament_index/resource_index/package_run_dependencies/ros_study_cpp
[4.211s] -- Installing: /home/youngmo/ros2_ws/install/ros_study_cpp/share/ament_index/resource_index/parent_prefix_path/ros_study_cpp
[4.211s] -- Up-to-date: /home/youngmo/ros2_ws/install/ros_study_cpp/share/ros_study_cpp/environment/ament_prefix_path.sh
[4.211s] -- Installing: /home/youngmo/ros2_ws/install/ros_study_cpp/share/ros_study_cpp/environment/ament_prefix_path.dsv
[4.212s] -- Up-to-date: /home/youngmo/ros2_ws/install/ros_study_cpp/share/ros_study_cpp/environment/path.sh
[4.212s] -- Installing: /home/youngmo/ros2_ws/install/ros_study_cpp/share/ros_study_cpp/environment/path.dsv
[4.212s] -- Up-to-date: /home/youngmo/ros2_ws/install/ros_study_cpp/share/ros_study_cpp/local_setup.bash
[4.212s] -- Up-to-date: /home/youngmo/ros2_ws/install/ros_study_cpp/share/ros_study_cpp/local_setup.sh
[4.212s] -- Up-to-date: /home/youngmo/ros2_ws/install/ros_study_cpp/share/ros_study_cpp/local_setup.zsh
[4.212s] -- Installing: /home/youngmo/ros2_ws/install/ros_study_cpp/share/ros_study_cpp/local_setup.dsv
[4.212s] -- Installing: /home/youngmo/ros2_ws/install/ros_study_cpp/share/ros_study_cpp/package.dsv
[4.212s] -- Up-to-date: /home/youngmo/ros2_ws/install/ros_study_cpp/share/ament_index/resource_index/packages/ros_study_cpp
[4.212s] -- Up-to-date: /home/youngmo/ros2_ws/install/ros_study_cpp/share/ros_study_cpp/cmake/ros_study_cppConfig.cmake
[4.212s] -- Up-to-date: /home/youngmo/ros2_ws/install/ros_study_cpp/share/ros_study_cpp/cmake/ros_study_cppConfig-version.cmake
[4.212s] -- Installing: /home/youngmo/ros2_ws/install/ros_study_cpp/share/ros_study_cpp/package.xml
[4.214s] Invoked command in '/home/youngmo/ros2_ws/build/ros_study_cpp' returned '0': CMAKE_PREFIX_PATH=/home/youngmo/ros2_ws/install/ros_study_msgs:/home/youngmo/ros2_ws/install/ros_study_cpp:/home/youngmo/ros2_ws/install/ros_study_py:/opt/ros/humble /usr/bin/cmake --install /home/youngmo/ros2_ws/build/ros_study_cpp
